[1.179s] Invoking command in '/home/mtrn/4231/A2_Project/Computer_Vision/packages/src/yolo_ros/yolov8_ros': PYTHONPATH=/home/mtrn/4231/A2_Project/Computer_Vision/packages/build/yolov8_ros/prefix_override:/home/mtrn/4231/A2_Project/Computer_Vision/packages/install/yolov8_ros/lib/python3.10/site-packages:${PYTHONPATH} /usr/bin/python3 setup.py egg_info --egg-base ../../../build/yolov8_ros build --build-base /home/mtrn/4231/A2_Project/Computer_Vision/packages/build/yolov8_ros/build install --record /home/mtrn/4231/A2_Project/Computer_Vision/packages/build/yolov8_ros/install.log --single-version-externally-managed
[1.597s] running egg_info
[1.598s] writing ../../../build/yolov8_ros/yolov8_ros.egg-info/PKG-INFO
[1.598s] writing dependency_links to ../../../build/yolov8_ros/yolov8_ros.egg-info/dependency_links.txt
[1.599s] writing entry points to ../../../build/yolov8_ros/yolov8_ros.egg-info/entry_points.txt
[1.599s] writing requirements to ../../../build/yolov8_ros/yolov8_ros.egg-info/requires.txt
[1.599s] writing top-level names to ../../../build/yolov8_ros/yolov8_ros.egg-info/top_level.txt
[1.602s] reading manifest file '../../../build/yolov8_ros/yolov8_ros.egg-info/SOURCES.txt'
[1.603s] writing manifest file '../../../build/yolov8_ros/yolov8_ros.egg-info/SOURCES.txt'
[1.604s] running build
[1.604s] running build_py
[1.605s] running install
[1.605s] running install_lib
[1.608s] running install_data
[1.609s] running install_egg_info
[1.613s] removing '/home/mtrn/4231/A2_Project/Computer_Vision/packages/install/yolov8_ros/lib/python3.10/site-packages/yolov8_ros-0.0.0-py3.10.egg-info' (and everything under it)
[1.614s] Copying ../../../build/yolov8_ros/yolov8_ros.egg-info to /home/mtrn/4231/A2_Project/Computer_Vision/packages/install/yolov8_ros/lib/python3.10/site-packages/yolov8_ros-0.0.0-py3.10.egg-info
[1.616s] running install_scripts
[1.649s] Installing debug_node script to /home/mtrn/4231/A2_Project/Computer_Vision/packages/install/yolov8_ros/lib/yolov8_ros
[1.649s] Installing detect_3d_node script to /home/mtrn/4231/A2_Project/Computer_Vision/packages/install/yolov8_ros/lib/yolov8_ros
[1.649s] Installing tracking_node script to /home/mtrn/4231/A2_Project/Computer_Vision/packages/install/yolov8_ros/lib/yolov8_ros
[1.650s] Installing yolov8_node script to /home/mtrn/4231/A2_Project/Computer_Vision/packages/install/yolov8_ros/lib/yolov8_ros
[1.650s] writing list of installed files to '/home/mtrn/4231/A2_Project/Computer_Vision/packages/build/yolov8_ros/install.log'
[1.707s] Invoked command in '/home/mtrn/4231/A2_Project/Computer_Vision/packages/src/yolo_ros/yolov8_ros' returned '0': PYTHONPATH=/home/mtrn/4231/A2_Project/Computer_Vision/packages/build/yolov8_ros/prefix_override:/home/mtrn/4231/A2_Project/Computer_Vision/packages/install/yolov8_ros/lib/python3.10/site-packages:${PYTHONPATH} /usr/bin/python3 setup.py egg_info --egg-base ../../../build/yolov8_ros build --build-base /home/mtrn/4231/A2_Project/Computer_Vision/packages/build/yolov8_ros/build install --record /home/mtrn/4231/A2_Project/Computer_Vision/packages/build/yolov8_ros/install.log --single-version-externally-managed
