[0.834s] Invoking command in '/home/mtrn/A2_project/A2_Project/build/yolov8_msgs': CMAKE_PREFIX_PATH=${CMAKE_PREFIX_PATH}:/home/mtrn/4231/ws_moveit2/install/moveit_configs_utils:/home/mtrn/4231/ws_moveit2/install/launch_param_builder:/opt/ros/humble /home/mtrn/.local/bin/cmake /home/mtrn/A2_project/A2_Project/Computer_Vision/packages/src/yolo_ros/yolov8_msgs -DCMAKE_INSTALL_PREFIX=/home/mtrn/A2_project/A2_Project/install/yolov8_msgs
[0.982s] -- The C compiler identification is GNU 11.4.0
[1.098s] -- The CXX compiler identification is GNU 11.4.0
[1.138s] -- Detecting C compiler ABI info
[1.295s] -- Detecting C compiler ABI info - done
[1.311s] -- Check for working C compiler: /usr/bin/cc - skipped
[1.312s] -- Detecting C compile features
[1.313s] -- Detecting C compile features - done
[1.334s] -- Detecting CXX compiler ABI info
[1.514s] -- Detecting CXX compiler ABI info - done
[1.542s] -- Check for working CXX compiler: /usr/bin/c++ - skipped
[1.542s] -- Detecting CXX compile features
[1.542s] -- Detecting CXX compile features - done
[1.553s] -- Found ament_cmake: 1.3.5 (/opt/ros/humble/share/ament_cmake/cmake)
[2.516s] -- Found Python3: /usr/bin/python3.10 (found version "3.10.12") found components: Interpreter 
[2.815s] -- Found rosidl_default_generators: 1.2.0 (/opt/ros/humble/share/rosidl_default_generators/cmake)
[2.850s] -- Using all available rosidl_typesupport_c: rosidl_typesupport_fastrtps_c;rosidl_typesupport_introspection_c
[2.886s] -- Found rosidl_adapter: 3.1.5 (/opt/ros/humble/share/rosidl_adapter/cmake)
[3.059s] -- Using all available rosidl_typesupport_cpp: rosidl_typesupport_fastrtps_cpp;rosidl_typesupport_introspection_cpp
[3.219s] -- Found std_msgs: 4.2.3 (/opt/ros/humble/share/std_msgs/cmake)
[3.395s] -- Found geometry_msgs: 4.2.3 (/opt/ros/humble/share/geometry_msgs/cmake)
[4.404s] -- Found ament_cmake_ros: 0.10.0 (/opt/ros/humble/share/ament_cmake_ros/cmake)
[5.361s] -- Using all available rosidl_typesupport_c: rosidl_typesupport_fastrtps_c;rosidl_typesupport_introspection_c
[6.643s] -- Using all available rosidl_typesupport_cpp: rosidl_typesupport_fastrtps_cpp;rosidl_typesupport_introspection_cpp
[6.648s] [33mCMake Warning (dev) at /opt/ros/humble/share/rosidl_generator_py/cmake/rosidl_generator_py_generate_interfaces.cmake:20 (find_package):
[6.649s]   Policy CMP0148 is not set: The FindPythonInterp and FindPythonLibs modules
[6.649s]   are removed.  Run "cmake --help-policy CMP0148" for policy details.  Use
[6.649s]   the cmake_policy command to set the policy and suppress this warning.
[6.649s] 
[6.649s] Call Stack (most recent call first):
[6.649s]   /opt/ros/humble/share/ament_cmake_core/cmake/core/ament_execute_extensions.cmake:48 (include)
[6.650s]   /opt/ros/humble/share/rosidl_cmake/cmake/rosidl_generate_interfaces.cmake:286 (ament_execute_extensions)
[6.650s]   CMakeLists.txt:10 (rosidl_generate_interfaces)
[6.650s] This warning is for project developers.  Use -Wno-dev to suppress it.
[6.650s] [0m
[6.713s] -- Found PythonInterp: /usr/bin/python3 (found suitable version "3.10.12", minimum required is "3.6") 
[6.742s] -- Found python_cmake_module: 0.10.0 (/opt/ros/humble/share/python_cmake_module/cmake)
[6.744s] [33mCMake Warning (dev) at /opt/ros/humble/share/python_cmake_module/cmake/Modules/FindPythonExtra.cmake:52 (find_package):
[6.744s]   Policy CMP0148 is not set: The FindPythonInterp and FindPythonLibs modules
[6.744s]   are removed.  Run "cmake --help-policy CMP0148" for policy details.  Use
[6.745s]   the cmake_policy command to set the policy and suppress this warning.
[6.745s] 
[6.745s] Call Stack (most recent call first):
[6.746s]   /opt/ros/humble/share/rosidl_generator_py/cmake/rosidl_generator_py_generate_interfaces.cmake:23 (find_package)
[6.746s]   /opt/ros/humble/share/ament_cmake_core/cmake/core/ament_execute_extensions.cmake:48 (include)
[6.746s]   /opt/ros/humble/share/rosidl_cmake/cmake/rosidl_generate_interfaces.cmake:286 (ament_execute_extensions)
[6.746s]   CMakeLists.txt:10 (rosidl_generate_interfaces)
[6.747s] This warning is for project developers.  Use -Wno-dev to suppress it.
[6.747s] [0m
[6.782s] [33mCMake Warning (dev) at /opt/ros/humble/share/python_cmake_module/cmake/Modules/FindPythonExtra.cmake:140 (find_package):
[6.782s]   Policy CMP0148 is not set: The FindPythonInterp and FindPythonLibs modules
[6.782s]   are removed.  Run "cmake --help-policy CMP0148" for policy details.  Use
[6.782s]   the cmake_policy command to set the policy and suppress this warning.
[6.782s] 
[6.782s] Call Stack (most recent call first):
[6.782s]   /opt/ros/humble/share/rosidl_generator_py/cmake/rosidl_generator_py_generate_interfaces.cmake:23 (find_package)
[6.782s]   /opt/ros/humble/share/ament_cmake_core/cmake/core/ament_execute_extensions.cmake:48 (include)
[6.782s]   /opt/ros/humble/share/rosidl_cmake/cmake/rosidl_generate_interfaces.cmake:286 (ament_execute_extensions)
[6.783s]   CMakeLists.txt:10 (rosidl_generate_interfaces)
[6.783s] This warning is for project developers.  Use -Wno-dev to suppress it.
[6.783s] [0m
[6.799s] -- Found PythonLibs: /usr/lib/x86_64-linux-gnu/libpython3.10.so (found suitable version "3.10.12", minimum required is "3.5") 
[6.799s] -- Using PYTHON_EXECUTABLE: /usr/bin/python3
[6.799s] -- Using PYTHON_INCLUDE_DIRS: /usr/include/python3.10
[6.799s] -- Using PYTHON_LIBRARIES: /usr/lib/x86_64-linux-gnu/libpython3.10.so
[6.841s] -- Found PythonExtra: .so  
[7.109s] -- Configuring done (6.2s)
[7.225s] -- Generating done (0.1s)
[7.229s] -- Build files have been written to: /home/mtrn/A2_project/A2_Project/build/yolov8_msgs
