[1.472s] Invoking command in '/home/mtrn/4231/A2_Project/Computer_Vision/src/image_warper': PYTHONPATH=/home/mtrn/4231/A2_Project/Computer_Vision/src/build/image_warper/prefix_override:/home/mtrn/4231/A2_Project/Computer_Vision/src/install/image_warper/lib/python3.10/site-packages:${PYTHONPATH} /usr/bin/python3 setup.py egg_info --egg-base ../build/image_warper build --build-base /home/mtrn/4231/A2_Project/Computer_Vision/src/build/image_warper/build install --record /home/mtrn/4231/A2_Project/Computer_Vision/src/build/image_warper/install.log --single-version-externally-managed
[1.962s] running egg_info
[1.964s] writing ../build/image_warper/image_warper.egg-info/PKG-INFO
[1.964s] writing dependency_links to ../build/image_warper/image_warper.egg-info/dependency_links.txt
[1.965s] writing entry points to ../build/image_warper/image_warper.egg-info/entry_points.txt
[1.965s] writing requirements to ../build/image_warper/image_warper.egg-info/requires.txt
[1.966s] writing top-level names to ../build/image_warper/image_warper.egg-info/top_level.txt
[1.970s] reading manifest file '../build/image_warper/image_warper.egg-info/SOURCES.txt'
[1.973s] writing manifest file '../build/image_warper/image_warper.egg-info/SOURCES.txt'
[1.973s] running build
[1.973s] running build_py
[1.974s] copying image_warper/image_warper.py -> /home/mtrn/4231/A2_Project/Computer_Vision/src/build/image_warper/build/lib/image_warper
[1.975s] running install
[1.975s] /usr/lib/python3/dist-packages/setuptools/command/install.py:34: SetuptoolsDeprecationWarning: setup.py install is deprecated. Use build and pip and other standards-based tools.
[1.975s]   warnings.warn(
[1.975s] running install_lib
[1.979s] copying /home/mtrn/4231/A2_Project/Computer_Vision/src/build/image_warper/build/lib/image_warper/image_warper.py -> /home/mtrn/4231/A2_Project/Computer_Vision/src/install/image_warper/lib/python3.10/site-packages/image_warper
[1.980s] byte-compiling /home/mtrn/4231/A2_Project/Computer_Vision/src/install/image_warper/lib/python3.10/site-packages/image_warper/image_warper.py to image_warper.cpython-310.pyc
[1.982s] running install_data
[1.983s] running install_egg_info
[1.987s] removing '/home/mtrn/4231/A2_Project/Computer_Vision/src/install/image_warper/lib/python3.10/site-packages/image_warper-0.0.0-py3.10.egg-info' (and everything under it)
[1.987s] Copying ../build/image_warper/image_warper.egg-info to /home/mtrn/4231/A2_Project/Computer_Vision/src/install/image_warper/lib/python3.10/site-packages/image_warper-0.0.0-py3.10.egg-info
[1.988s] running install_scripts
[2.031s] Installing ImagePublisher script to /home/mtrn/4231/A2_Project/Computer_Vision/src/install/image_warper/lib/image_warper
[2.031s] Installing image_warper script to /home/mtrn/4231/A2_Project/Computer_Vision/src/install/image_warper/lib/image_warper
[2.031s] writing list of installed files to '/home/mtrn/4231/A2_Project/Computer_Vision/src/build/image_warper/install.log'
[2.099s] Invoked command in '/home/mtrn/4231/A2_Project/Computer_Vision/src/image_warper' returned '0': PYTHONPATH=/home/mtrn/4231/A2_Project/Computer_Vision/src/build/image_warper/prefix_override:/home/mtrn/4231/A2_Project/Computer_Vision/src/install/image_warper/lib/python3.10/site-packages:${PYTHONPATH} /usr/bin/python3 setup.py egg_info --egg-base ../build/image_warper build --build-base /home/mtrn/4231/A2_Project/Computer_Vision/src/build/image_warper/build install --record /home/mtrn/4231/A2_Project/Computer_Vision/src/build/image_warper/install.log --single-version-externally-managed
