running egg_info
creating ../../build/yolov8_node/yolov8_node.egg-info
writing ../../build/yolov8_node/yolov8_node.egg-info/PKG-INFO
writing dependency_links to ../../build/yolov8_node/yolov8_node.egg-info/dependency_links.txt
writing entry points to ../../build/yolov8_node/yolov8_node.egg-info/entry_points.txt
writing requirements to ../../build/yolov8_node/yolov8_node.egg-info/requires.txt
writing top-level names to ../../build/yolov8_node/yolov8_node.egg-info/top_level.txt
writing manifest file '../../build/yolov8_node/yolov8_node.egg-info/SOURCES.txt'
reading manifest file '../../build/yolov8_node/yolov8_node.egg-info/SOURCES.txt'
writing manifest file '../../build/yolov8_node/yolov8_node.egg-info/SOURCES.txt'
running build
running build_py
creating /home/mtrn/4231/A2_Project/Computer_Vision/packages/build/yolov8_node/build
creating /home/mtrn/4231/A2_Project/Computer_Vision/packages/build/yolov8_node/build/lib
creating /home/mtrn/4231/A2_Project/Computer_Vision/packages/build/yolov8_node/build/lib/yolov8_node
copying yolov8_node/__init__.py -> /home/mtrn/4231/A2_Project/Computer_Vision/packages/build/yolov8_node/build/lib/yolov8_node
running install
/usr/lib/python3/dist-packages/setuptools/command/install.py:34: SetuptoolsDeprecationWarning: setup.py install is deprecated. Use build and pip and other standards-based tools.
  warnings.warn(
running install_lib
creating /home/mtrn/4231/A2_Project/Computer_Vision/packages/install/yolov8_node/lib/python3.10/site-packages/yolov8_node
copying /home/mtrn/4231/A2_Project/Computer_Vision/packages/build/yolov8_node/build/lib/yolov8_node/__init__.py -> /home/mtrn/4231/A2_Project/Computer_Vision/packages/install/yolov8_node/lib/python3.10/site-packages/yolov8_node
byte-compiling /home/mtrn/4231/A2_Project/Computer_Vision/packages/install/yolov8_node/lib/python3.10/site-packages/yolov8_node/__init__.py to __init__.cpython-310.pyc
running install_data
creating /home/mtrn/4231/A2_Project/Computer_Vision/packages/install/yolov8_node/share/ament_index
creating /home/mtrn/4231/A2_Project/Computer_Vision/packages/install/yolov8_node/share/ament_index/resource_index
creating /home/mtrn/4231/A2_Project/Computer_Vision/packages/install/yolov8_node/share/ament_index/resource_index/packages
copying resource/yolov8_node -> /home/mtrn/4231/A2_Project/Computer_Vision/packages/install/yolov8_node/share/ament_index/resource_index/packages
copying package.xml -> /home/mtrn/4231/A2_Project/Computer_Vision/packages/install/yolov8_node/share/yolov8_node
running install_egg_info
Copying ../../build/yolov8_node/yolov8_node.egg-info to /home/mtrn/4231/A2_Project/Computer_Vision/packages/install/yolov8_node/lib/python3.10/site-packages/yolov8_node-0.0.0-py3.10.egg-info
running install_scripts
writing list of installed files to '/home/mtrn/4231/A2_Project/Computer_Vision/packages/build/yolov8_node/install.log'
