[1.674s] Invoking command in '/home/mtrn/4231/A2_Project/Computer_Vision/packages/src/yolov8_node': PYTHONPATH=/home/mtrn/4231/A2_Project/Computer_Vision/packages/build/yolov8_node/prefix_override:/home/mtrn/4231/A2_Project/Computer_Vision/packages/install/yolov8_node/lib/python3.10/site-packages:${PYTHONPATH} /usr/bin/python3 setup.py egg_info --egg-base ../../build/yolov8_node build --build-base /home/mtrn/4231/A2_Project/Computer_Vision/packages/build/yolov8_node/build install --record /home/mtrn/4231/A2_Project/Computer_Vision/packages/build/yolov8_node/install.log --single-version-externally-managed
[2.077s] running egg_info
[2.078s] creating ../../build/yolov8_node/yolov8_node.egg-info
[2.078s] writing ../../build/yolov8_node/yolov8_node.egg-info/PKG-INFO
[2.078s] writing dependency_links to ../../build/yolov8_node/yolov8_node.egg-info/dependency_links.txt
[2.079s] writing entry points to ../../build/yolov8_node/yolov8_node.egg-info/entry_points.txt
[2.079s] writing requirements to ../../build/yolov8_node/yolov8_node.egg-info/requires.txt
[2.079s] writing top-level names to ../../build/yolov8_node/yolov8_node.egg-info/top_level.txt
[2.079s] writing manifest file '../../build/yolov8_node/yolov8_node.egg-info/SOURCES.txt'
[2.081s] reading manifest file '../../build/yolov8_node/yolov8_node.egg-info/SOURCES.txt'
[2.083s] writing manifest file '../../build/yolov8_node/yolov8_node.egg-info/SOURCES.txt'
[2.083s] running build
[2.083s] running build_py
[2.083s] creating /home/mtrn/4231/A2_Project/Computer_Vision/packages/build/yolov8_node/build
[2.083s] creating /home/mtrn/4231/A2_Project/Computer_Vision/packages/build/yolov8_node/build/lib
[2.084s] creating /home/mtrn/4231/A2_Project/Computer_Vision/packages/build/yolov8_node/build/lib/yolov8_node
[2.084s] copying yolov8_node/__init__.py -> /home/mtrn/4231/A2_Project/Computer_Vision/packages/build/yolov8_node/build/lib/yolov8_node
[2.084s] running install
[2.084s] /usr/lib/python3/dist-packages/setuptools/command/install.py:34: SetuptoolsDeprecationWarning: setup.py install is deprecated. Use build and pip and other standards-based tools.
[2.084s]   warnings.warn(
[2.084s] running install_lib
[2.086s] creating /home/mtrn/4231/A2_Project/Computer_Vision/packages/install/yolov8_node/lib/python3.10/site-packages/yolov8_node
[2.086s] copying /home/mtrn/4231/A2_Project/Computer_Vision/packages/build/yolov8_node/build/lib/yolov8_node/__init__.py -> /home/mtrn/4231/A2_Project/Computer_Vision/packages/install/yolov8_node/lib/python3.10/site-packages/yolov8_node
[2.087s] byte-compiling /home/mtrn/4231/A2_Project/Computer_Vision/packages/install/yolov8_node/lib/python3.10/site-packages/yolov8_node/__init__.py to __init__.cpython-310.pyc
[2.087s] running install_data
[2.088s] creating /home/mtrn/4231/A2_Project/Computer_Vision/packages/install/yolov8_node/share/ament_index
[2.088s] creating /home/mtrn/4231/A2_Project/Computer_Vision/packages/install/yolov8_node/share/ament_index/resource_index
[2.088s] creating /home/mtrn/4231/A2_Project/Computer_Vision/packages/install/yolov8_node/share/ament_index/resource_index/packages
[2.088s] copying resource/yolov8_node -> /home/mtrn/4231/A2_Project/Computer_Vision/packages/install/yolov8_node/share/ament_index/resource_index/packages
[2.089s] copying package.xml -> /home/mtrn/4231/A2_Project/Computer_Vision/packages/install/yolov8_node/share/yolov8_node
[2.089s] running install_egg_info
[2.093s] Copying ../../build/yolov8_node/yolov8_node.egg-info to /home/mtrn/4231/A2_Project/Computer_Vision/packages/install/yolov8_node/lib/python3.10/site-packages/yolov8_node-0.0.0-py3.10.egg-info
[2.096s] running install_scripts
[2.128s] writing list of installed files to '/home/mtrn/4231/A2_Project/Computer_Vision/packages/build/yolov8_node/install.log'
[2.161s] Invoked command in '/home/mtrn/4231/A2_Project/Computer_Vision/packages/src/yolov8_node' returned '0': PYTHONPATH=/home/mtrn/4231/A2_Project/Computer_Vision/packages/build/yolov8_node/prefix_override:/home/mtrn/4231/A2_Project/Computer_Vision/packages/install/yolov8_node/lib/python3.10/site-packages:${PYTHONPATH} /usr/bin/python3 setup.py egg_info --egg-base ../../build/yolov8_node build --build-base /home/mtrn/4231/A2_Project/Computer_Vision/packages/build/yolov8_node/build install --record /home/mtrn/4231/A2_Project/Computer_Vision/packages/build/yolov8_node/install.log --single-version-externally-managed
