[0.043s] Invoking command in '/home/mtrn/4231/A2_Project/Computer_Vision/packages/build/yolov8_msgs': CMAKE_PREFIX_PATH=${CMAKE_PREFIX_PATH}:/home/mtrn/4231/A2_Project/Computer_Vision/packages/install/yolov8_ros:/home/mtrn/4231/A2_Project/Computer_Vision/packages/install/yolov8_node:/home/mtrn/4231/A2_Project/Computer_Vision/packages/install/image_warper:/home/mtrn/4231/ws_moveit2/install/moveit_configs_utils:/home/mtrn/4231/ws_moveit2/install/launch_param_builder:/opt/ros/humble /usr/bin/cmake --build /home/mtrn/4231/A2_Project/Computer_Vision/packages/build/yolov8_msgs -- -j6 -l6
[0.158s] [  0%] Built target yolov8_msgs__cpp
[0.159s] [ 12%] Built target yolov8_msgs__rosidl_generator_c
[0.201s] [ 12%] Built target ament_cmake_python_copy_yolov8_msgs
[0.224s] [ 24%] Built target yolov8_msgs__rosidl_typesupport_cpp
[0.233s] [ 35%] Built target yolov8_msgs__rosidl_typesupport_fastrtps_cpp
[0.242s] [ 47%] Built target yolov8_msgs__rosidl_typesupport_fastrtps_c
[0.251s] [ 59%] Built target yolov8_msgs__rosidl_typesupport_introspection_cpp
[0.262s] [ 71%] Built target yolov8_msgs__rosidl_typesupport_c
[0.264s] [ 83%] Built target yolov8_msgs__rosidl_typesupport_introspection_c
[0.309s] [ 83%] Built target yolov8_msgs
[0.356s] [ 84%] Built target yolov8_msgs__py
[0.409s] [ 95%] Built target yolov8_msgs__rosidl_generator_py
[0.454s] [ 98%] Built target yolov8_msgs__rosidl_typesupport_introspection_c__pyext
[0.455s] [ 98%] Built target yolov8_msgs__rosidl_typesupport_c__pyext
[0.458s] [100%] Built target yolov8_msgs__rosidl_typesupport_fastrtps_c__pyext
[0.621s] running egg_info
[0.622s] writing yolov8_msgs.egg-info/PKG-INFO
[0.622s] writing dependency_links to yolov8_msgs.egg-info/dependency_links.txt
[0.623s] writing top-level names to yolov8_msgs.egg-info/top_level.txt
[0.626s] reading manifest file 'yolov8_msgs.egg-info/SOURCES.txt'
[0.627s] writing manifest file 'yolov8_msgs.egg-info/SOURCES.txt'
[0.678s] [100%] Built target ament_cmake_python_build_yolov8_msgs_egg
[0.700s] Invoked command in '/home/mtrn/4231/A2_Project/Computer_Vision/packages/build/yolov8_msgs' returned '0': CMAKE_PREFIX_PATH=${CMAKE_PREFIX_PATH}:/home/mtrn/4231/A2_Project/Computer_Vision/packages/install/yolov8_ros:/home/mtrn/4231/A2_Project/Computer_Vision/packages/install/yolov8_node:/home/mtrn/4231/A2_Project/Computer_Vision/packages/install/image_warper:/home/mtrn/4231/ws_moveit2/install/moveit_configs_utils:/home/mtrn/4231/ws_moveit2/install/launch_param_builder:/opt/ros/humble /usr/bin/cmake --build /home/mtrn/4231/A2_Project/Computer_Vision/packages/build/yolov8_msgs -- -j6 -l6
[1.426s] Invoking command in '/home/mtrn/4231/A2_Project/Computer_Vision/packages/build/yolov8_msgs': CMAKE_PREFIX_PATH=${CMAKE_PREFIX_PATH}:/home/mtrn/4231/A2_Project/Computer_Vision/packages/install/yolov8_ros:/home/mtrn/4231/A2_Project/Computer_Vision/packages/install/yolov8_node:/home/mtrn/4231/A2_Project/Computer_Vision/packages/install/image_warper:/home/mtrn/4231/ws_moveit2/install/moveit_configs_utils:/home/mtrn/4231/ws_moveit2/install/launch_param_builder:/opt/ros/humble /usr/bin/cmake --install /home/mtrn/4231/A2_Project/Computer_Vision/packages/build/yolov8_msgs
[1.441s] -- Install configuration: ""
[1.442s] -- Up-to-date: /home/mtrn/4231/A2_Project/Computer_Vision/packages/install/yolov8_msgs/share/ament_index/resource_index/rosidl_interfaces/yolov8_msgs
[1.442s] -- Up-to-date: /home/mtrn/4231/A2_Project/Computer_Vision/packages/install/yolov8_msgs/include/yolov8_msgs/yolov8_msgs
[1.442s] -- Up-to-date: /home/mtrn/4231/A2_Project/Computer_Vision/packages/install/yolov8_msgs/include/yolov8_msgs/yolov8_msgs/msg
[1.443s] -- Up-to-date: /home/mtrn/4231/A2_Project/Computer_Vision/packages/install/yolov8_msgs/include/yolov8_msgs/yolov8_msgs/msg/mask.h
[1.443s] -- Up-to-date: /home/mtrn/4231/A2_Project/Computer_Vision/packages/install/yolov8_msgs/include/yolov8_msgs/yolov8_msgs/msg/key_point3_d_array.h
[1.443s] -- Up-to-date: /home/mtrn/4231/A2_Project/Computer_Vision/packages/install/yolov8_msgs/include/yolov8_msgs/yolov8_msgs/msg/key_point2_d.h
[1.444s] -- Up-to-date: /home/mtrn/4231/A2_Project/Computer_Vision/packages/install/yolov8_msgs/include/yolov8_msgs/yolov8_msgs/msg/point2_d.h
[1.444s] -- Up-to-date: /home/mtrn/4231/A2_Project/Computer_Vision/packages/install/yolov8_msgs/include/yolov8_msgs/yolov8_msgs/msg/detection.h
[1.444s] -- Up-to-date: /home/mtrn/4231/A2_Project/Computer_Vision/packages/install/yolov8_msgs/include/yolov8_msgs/yolov8_msgs/msg/pose2_d.h
[1.444s] -- Up-to-date: /home/mtrn/4231/A2_Project/Computer_Vision/packages/install/yolov8_msgs/include/yolov8_msgs/yolov8_msgs/msg/bounding_box3_d.h
[1.445s] -- Up-to-date: /home/mtrn/4231/A2_Project/Computer_Vision/packages/install/yolov8_msgs/include/yolov8_msgs/yolov8_msgs/msg/bounding_box2_d.h
[1.445s] -- Up-to-date: /home/mtrn/4231/A2_Project/Computer_Vision/packages/install/yolov8_msgs/include/yolov8_msgs/yolov8_msgs/msg/rosidl_generator_c__visibility_control.h
[1.445s] -- Up-to-date: /home/mtrn/4231/A2_Project/Computer_Vision/packages/install/yolov8_msgs/include/yolov8_msgs/yolov8_msgs/msg/key_point2_d_array.h
[1.445s] -- Up-to-date: /home/mtrn/4231/A2_Project/Computer_Vision/packages/install/yolov8_msgs/include/yolov8_msgs/yolov8_msgs/msg/detection_array.h
[1.445s] -- Up-to-date: /home/mtrn/4231/A2_Project/Computer_Vision/packages/install/yolov8_msgs/include/yolov8_msgs/yolov8_msgs/msg/key_point3_d.h
[1.445s] -- Up-to-date: /home/mtrn/4231/A2_Project/Computer_Vision/packages/install/yolov8_msgs/include/yolov8_msgs/yolov8_msgs/msg/detail
[1.446s] -- Up-to-date: /home/mtrn/4231/A2_Project/Computer_Vision/packages/install/yolov8_msgs/include/yolov8_msgs/yolov8_msgs/msg/detail/key_point3_d_array__functions.h
[1.446s] -- Up-to-date: /home/mtrn/4231/A2_Project/Computer_Vision/packages/install/yolov8_msgs/include/yolov8_msgs/yolov8_msgs/msg/detail/detection_array__struct.h
[1.446s] -- Up-to-date: /home/mtrn/4231/A2_Project/Computer_Vision/packages/install/yolov8_msgs/include/yolov8_msgs/yolov8_msgs/msg/detail/mask__type_support.h
[1.446s] -- Up-to-date: /home/mtrn/4231/A2_Project/Computer_Vision/packages/install/yolov8_msgs/include/yolov8_msgs/yolov8_msgs/msg/detail/mask__functions.c
[1.446s] -- Up-to-date: /home/mtrn/4231/A2_Project/Computer_Vision/packages/install/yolov8_msgs/include/yolov8_msgs/yolov8_msgs/msg/detail/point2_d__functions.c
[1.446s] -- Up-to-date: /home/mtrn/4231/A2_Project/Computer_Vision/packages/install/yolov8_msgs/include/yolov8_msgs/yolov8_msgs/msg/detail/pose2_d__struct.h
[1.447s] -- Up-to-date: /home/mtrn/4231/A2_Project/Computer_Vision/packages/install/yolov8_msgs/include/yolov8_msgs/yolov8_msgs/msg/detail/key_point3_d__type_support.h
[1.447s] -- Up-to-date: /home/mtrn/4231/A2_Project/Computer_Vision/packages/install/yolov8_msgs/include/yolov8_msgs/yolov8_msgs/msg/detail/bounding_box3_d__functions.c
[1.447s] -- Up-to-date: /home/mtrn/4231/A2_Project/Computer_Vision/packages/install/yolov8_msgs/include/yolov8_msgs/yolov8_msgs/msg/detail/key_point2_d_array__type_support.h
[1.447s] -- Up-to-date: /home/mtrn/4231/A2_Project/Computer_Vision/packages/install/yolov8_msgs/include/yolov8_msgs/yolov8_msgs/msg/detail/key_point2_d__functions.c
[1.447s] -- Up-to-date: /home/mtrn/4231/A2_Project/Computer_Vision/packages/install/yolov8_msgs/include/yolov8_msgs/yolov8_msgs/msg/detail/bounding_box2_d__functions.c
[1.448s] -- Up-to-date: /home/mtrn/4231/A2_Project/Computer_Vision/packages/install/yolov8_msgs/include/yolov8_msgs/yolov8_msgs/msg/detail/point2_d__type_support.h
[1.448s] -- Up-to-date: /home/mtrn/4231/A2_Project/Computer_Vision/packages/install/yolov8_msgs/include/yolov8_msgs/yolov8_msgs/msg/detail/detection_array__type_support.h
[1.448s] -- Up-to-date: /home/mtrn/4231/A2_Project/Computer_Vision/packages/install/yolov8_msgs/include/yolov8_msgs/yolov8_msgs/msg/detail/bounding_box2_d__functions.h
[1.448s] -- Up-to-date: /home/mtrn/4231/A2_Project/Computer_Vision/packages/install/yolov8_msgs/include/yolov8_msgs/yolov8_msgs/msg/detail/key_point2_d__struct.h
[1.448s] -- Up-to-date: /home/mtrn/4231/A2_Project/Computer_Vision/packages/install/yolov8_msgs/include/yolov8_msgs/yolov8_msgs/msg/detail/key_point3_d__struct.h
[1.448s] -- Up-to-date: /home/mtrn/4231/A2_Project/Computer_Vision/packages/install/yolov8_msgs/include/yolov8_msgs/yolov8_msgs/msg/detail/bounding_box3_d__functions.h
[1.449s] -- Up-to-date: /home/mtrn/4231/A2_Project/Computer_Vision/packages/install/yolov8_msgs/include/yolov8_msgs/yolov8_msgs/msg/detail/vector2__functions.h
[1.449s] -- Up-to-date: /home/mtrn/4231/A2_Project/Computer_Vision/packages/install/yolov8_msgs/include/yolov8_msgs/yolov8_msgs/msg/detail/point2_d__functions.h
[1.449s] -- Up-to-date: /home/mtrn/4231/A2_Project/Computer_Vision/packages/install/yolov8_msgs/include/yolov8_msgs/yolov8_msgs/msg/detail/key_point3_d__functions.h
[1.449s] -- Up-to-date: /home/mtrn/4231/A2_Project/Computer_Vision/packages/install/yolov8_msgs/include/yolov8_msgs/yolov8_msgs/msg/detail/detection_array__functions.c
[1.449s] -- Up-to-date: /home/mtrn/4231/A2_Project/Computer_Vision/packages/install/yolov8_msgs/include/yolov8_msgs/yolov8_msgs/msg/detail/key_point2_d_array__functions.h
[1.449s] -- Up-to-date: /home/mtrn/4231/A2_Project/Computer_Vision/packages/install/yolov8_msgs/include/yolov8_msgs/yolov8_msgs/msg/detail/pose2_d__type_support.h
[1.450s] -- Up-to-date: /home/mtrn/4231/A2_Project/Computer_Vision/packages/install/yolov8_msgs/include/yolov8_msgs/yolov8_msgs/msg/detail/detection__struct.h
[1.450s] -- Up-to-date: /home/mtrn/4231/A2_Project/Computer_Vision/packages/install/yolov8_msgs/include/yolov8_msgs/yolov8_msgs/msg/detail/key_point3_d_array__type_support.h
[1.450s] -- Up-to-date: /home/mtrn/4231/A2_Project/Computer_Vision/packages/install/yolov8_msgs/include/yolov8_msgs/yolov8_msgs/msg/detail/key_point2_d_array__functions.c
[1.451s] -- Up-to-date: /home/mtrn/4231/A2_Project/Computer_Vision/packages/install/yolov8_msgs/include/yolov8_msgs/yolov8_msgs/msg/detail/bounding_box2_d__struct.h
[1.451s] -- Up-to-date: /home/mtrn/4231/A2_Project/Computer_Vision/packages/install/yolov8_msgs/include/yolov8_msgs/yolov8_msgs/msg/detail/detection__functions.c
[1.451s] -- Up-to-date: /home/mtrn/4231/A2_Project/Computer_Vision/packages/install/yolov8_msgs/include/yolov8_msgs/yolov8_msgs/msg/detail/detection__type_support.h
[1.451s] -- Up-to-date: /home/mtrn/4231/A2_Project/Computer_Vision/packages/install/yolov8_msgs/include/yolov8_msgs/yolov8_msgs/msg/detail/mask__struct.h
[1.451s] -- Up-to-date: /home/mtrn/4231/A2_Project/Computer_Vision/packages/install/yolov8_msgs/include/yolov8_msgs/yolov8_msgs/msg/detail/key_point3_d_array__struct.h
[1.451s] -- Up-to-date: /home/mtrn/4231/A2_Project/Computer_Vision/packages/install/yolov8_msgs/include/yolov8_msgs/yolov8_msgs/msg/detail/mask__functions.h
[1.452s] -- Up-to-date: /home/mtrn/4231/A2_Project/Computer_Vision/packages/install/yolov8_msgs/include/yolov8_msgs/yolov8_msgs/msg/detail/vector2__struct.h
[1.452s] -- Up-to-date: /home/mtrn/4231/A2_Project/Computer_Vision/packages/install/yolov8_msgs/include/yolov8_msgs/yolov8_msgs/msg/detail/key_point3_d_array__functions.c
[1.452s] -- Up-to-date: /home/mtrn/4231/A2_Project/Computer_Vision/packages/install/yolov8_msgs/include/yolov8_msgs/yolov8_msgs/msg/detail/bounding_box2_d__type_support.h
[1.452s] -- Up-to-date: /home/mtrn/4231/A2_Project/Computer_Vision/packages/install/yolov8_msgs/include/yolov8_msgs/yolov8_msgs/msg/detail/bounding_box3_d__struct.h
[1.452s] -- Up-to-date: /home/mtrn/4231/A2_Project/Computer_Vision/packages/install/yolov8_msgs/include/yolov8_msgs/yolov8_msgs/msg/detail/key_point2_d__functions.h
[1.453s] -- Up-to-date: /home/mtrn/4231/A2_Project/Computer_Vision/packages/install/yolov8_msgs/include/yolov8_msgs/yolov8_msgs/msg/detail/vector2__functions.c
[1.453s] -- Up-to-date: /home/mtrn/4231/A2_Project/Computer_Vision/packages/install/yolov8_msgs/include/yolov8_msgs/yolov8_msgs/msg/detail/bounding_box3_d__type_support.h
[1.453s] -- Up-to-date: /home/mtrn/4231/A2_Project/Computer_Vision/packages/install/yolov8_msgs/include/yolov8_msgs/yolov8_msgs/msg/detail/key_point2_d__type_support.h
[1.453s] -- Up-to-date: /home/mtrn/4231/A2_Project/Computer_Vision/packages/install/yolov8_msgs/include/yolov8_msgs/yolov8_msgs/msg/detail/detection__functions.h
[1.453s] -- Up-to-date: /home/mtrn/4231/A2_Project/Computer_Vision/packages/install/yolov8_msgs/include/yolov8_msgs/yolov8_msgs/msg/detail/key_point2_d_array__struct.h
[1.453s] -- Up-to-date: /home/mtrn/4231/A2_Project/Computer_Vision/packages/install/yolov8_msgs/include/yolov8_msgs/yolov8_msgs/msg/detail/key_point3_d__functions.c
[1.453s] -- Up-to-date: /home/mtrn/4231/A2_Project/Computer_Vision/packages/install/yolov8_msgs/include/yolov8_msgs/yolov8_msgs/msg/detail/detection_array__functions.h
[1.454s] -- Up-to-date: /home/mtrn/4231/A2_Project/Computer_Vision/packages/install/yolov8_msgs/include/yolov8_msgs/yolov8_msgs/msg/detail/pose2_d__functions.c
[1.454s] -- Up-to-date: /home/mtrn/4231/A2_Project/Computer_Vision/packages/install/yolov8_msgs/include/yolov8_msgs/yolov8_msgs/msg/detail/vector2__type_support.h
[1.454s] -- Up-to-date: /home/mtrn/4231/A2_Project/Computer_Vision/packages/install/yolov8_msgs/include/yolov8_msgs/yolov8_msgs/msg/detail/pose2_d__functions.h
[1.454s] -- Up-to-date: /home/mtrn/4231/A2_Project/Computer_Vision/packages/install/yolov8_msgs/include/yolov8_msgs/yolov8_msgs/msg/detail/point2_d__struct.h
[1.454s] -- Up-to-date: /home/mtrn/4231/A2_Project/Computer_Vision/packages/install/yolov8_msgs/include/yolov8_msgs/yolov8_msgs/msg/vector2.h
[1.455s] -- Up-to-date: /home/mtrn/4231/A2_Project/Computer_Vision/packages/install/yolov8_msgs/share/yolov8_msgs/environment/library_path.sh
[1.455s] -- Up-to-date: /home/mtrn/4231/A2_Project/Computer_Vision/packages/install/yolov8_msgs/share/yolov8_msgs/environment/library_path.dsv
[1.455s] -- Up-to-date: /home/mtrn/4231/A2_Project/Computer_Vision/packages/install/yolov8_msgs/lib/libyolov8_msgs__rosidl_generator_c.so
[1.455s] -- Up-to-date: /home/mtrn/4231/A2_Project/Computer_Vision/packages/install/yolov8_msgs/include/yolov8_msgs/yolov8_msgs
[1.455s] -- Up-to-date: /home/mtrn/4231/A2_Project/Computer_Vision/packages/install/yolov8_msgs/include/yolov8_msgs/yolov8_msgs/msg
[1.455s] -- Up-to-date: /home/mtrn/4231/A2_Project/Computer_Vision/packages/install/yolov8_msgs/include/yolov8_msgs/yolov8_msgs/msg/rosidl_typesupport_fastrtps_c__visibility_control.h
[1.456s] -- Up-to-date: /home/mtrn/4231/A2_Project/Computer_Vision/packages/install/yolov8_msgs/include/yolov8_msgs/yolov8_msgs/msg/detail
[1.456s] -- Up-to-date: /home/mtrn/4231/A2_Project/Computer_Vision/packages/install/yolov8_msgs/include/yolov8_msgs/yolov8_msgs/msg/detail/pose2_d__rosidl_typesupport_fastrtps_c.h
[1.456s] -- Up-to-date: /home/mtrn/4231/A2_Project/Computer_Vision/packages/install/yolov8_msgs/include/yolov8_msgs/yolov8_msgs/msg/detail/key_point3_d__rosidl_typesupport_fastrtps_c.h
[1.456s] -- Up-to-date: /home/mtrn/4231/A2_Project/Computer_Vision/packages/install/yolov8_msgs/include/yolov8_msgs/yolov8_msgs/msg/detail/mask__rosidl_typesupport_fastrtps_c.h
[1.456s] -- Up-to-date: /home/mtrn/4231/A2_Project/Computer_Vision/packages/install/yolov8_msgs/include/yolov8_msgs/yolov8_msgs/msg/detail/key_point3_d_array__rosidl_typesupport_fastrtps_c.h
[1.456s] -- Up-to-date: /home/mtrn/4231/A2_Project/Computer_Vision/packages/install/yolov8_msgs/include/yolov8_msgs/yolov8_msgs/msg/detail/vector2__rosidl_typesupport_fastrtps_c.h
[1.457s] -- Up-to-date: /home/mtrn/4231/A2_Project/Computer_Vision/packages/install/yolov8_msgs/include/yolov8_msgs/yolov8_msgs/msg/detail/key_point2_d_array__rosidl_typesupport_fastrtps_c.h
[1.457s] -- Up-to-date: /home/mtrn/4231/A2_Project/Computer_Vision/packages/install/yolov8_msgs/include/yolov8_msgs/yolov8_msgs/msg/detail/point2_d__rosidl_typesupport_fastrtps_c.h
[1.457s] -- Up-to-date: /home/mtrn/4231/A2_Project/Computer_Vision/packages/install/yolov8_msgs/include/yolov8_msgs/yolov8_msgs/msg/detail/detection_array__rosidl_typesupport_fastrtps_c.h
[1.457s] -- Up-to-date: /home/mtrn/4231/A2_Project/Computer_Vision/packages/install/yolov8_msgs/include/yolov8_msgs/yolov8_msgs/msg/detail/key_point2_d__rosidl_typesupport_fastrtps_c.h
[1.457s] -- Up-to-date: /home/mtrn/4231/A2_Project/Computer_Vision/packages/install/yolov8_msgs/include/yolov8_msgs/yolov8_msgs/msg/detail/detection__rosidl_typesupport_fastrtps_c.h
[1.457s] -- Up-to-date: /home/mtrn/4231/A2_Project/Computer_Vision/packages/install/yolov8_msgs/include/yolov8_msgs/yolov8_msgs/msg/detail/bounding_box2_d__rosidl_typesupport_fastrtps_c.h
[1.457s] -- Up-to-date: /home/mtrn/4231/A2_Project/Computer_Vision/packages/install/yolov8_msgs/include/yolov8_msgs/yolov8_msgs/msg/detail/bounding_box3_d__rosidl_typesupport_fastrtps_c.h
[1.457s] -- Up-to-date: /home/mtrn/4231/A2_Project/Computer_Vision/packages/install/yolov8_msgs/lib/libyolov8_msgs__rosidl_typesupport_fastrtps_c.so
[1.457s] -- Up-to-date: /home/mtrn/4231/A2_Project/Computer_Vision/packages/install/yolov8_msgs/include/yolov8_msgs/yolov8_msgs
[1.457s] -- Up-to-date: /home/mtrn/4231/A2_Project/Computer_Vision/packages/install/yolov8_msgs/include/yolov8_msgs/yolov8_msgs/msg
[1.458s] -- Up-to-date: /home/mtrn/4231/A2_Project/Computer_Vision/packages/install/yolov8_msgs/include/yolov8_msgs/yolov8_msgs/msg/rosidl_typesupport_introspection_c__visibility_control.h
[1.458s] -- Up-to-date: /home/mtrn/4231/A2_Project/Computer_Vision/packages/install/yolov8_msgs/include/yolov8_msgs/yolov8_msgs/msg/detail
[1.458s] -- Up-to-date: /home/mtrn/4231/A2_Project/Computer_Vision/packages/install/yolov8_msgs/include/yolov8_msgs/yolov8_msgs/msg/detail/key_point2_d_array__rosidl_typesupport_introspection_c.h
[1.458s] -- Up-to-date: /home/mtrn/4231/A2_Project/Computer_Vision/packages/install/yolov8_msgs/include/yolov8_msgs/yolov8_msgs/msg/detail/key_point3_d__type_support.c
[1.458s] -- Up-to-date: /home/mtrn/4231/A2_Project/Computer_Vision/packages/install/yolov8_msgs/include/yolov8_msgs/yolov8_msgs/msg/detail/mask__rosidl_typesupport_introspection_c.h
[1.458s] -- Up-to-date: /home/mtrn/4231/A2_Project/Computer_Vision/packages/install/yolov8_msgs/include/yolov8_msgs/yolov8_msgs/msg/detail/bounding_box2_d__rosidl_typesupport_introspection_c.h
[1.458s] -- Up-to-date: /home/mtrn/4231/A2_Project/Computer_Vision/packages/install/yolov8_msgs/include/yolov8_msgs/yolov8_msgs/msg/detail/mask__type_support.c
[1.458s] -- Up-to-date: /home/mtrn/4231/A2_Project/Computer_Vision/packages/install/yolov8_msgs/include/yolov8_msgs/yolov8_msgs/msg/detail/vector2__rosidl_typesupport_introspection_c.h
[1.458s] -- Up-to-date: /home/mtrn/4231/A2_Project/Computer_Vision/packages/install/yolov8_msgs/include/yolov8_msgs/yolov8_msgs/msg/detail/pose2_d__type_support.c
[1.458s] -- Up-to-date: /home/mtrn/4231/A2_Project/Computer_Vision/packages/install/yolov8_msgs/include/yolov8_msgs/yolov8_msgs/msg/detail/bounding_box3_d__rosidl_typesupport_introspection_c.h
[1.458s] -- Up-to-date: /home/mtrn/4231/A2_Project/Computer_Vision/packages/install/yolov8_msgs/include/yolov8_msgs/yolov8_msgs/msg/detail/key_point3_d_array__rosidl_typesupport_introspection_c.h
[1.459s] -- Up-to-date: /home/mtrn/4231/A2_Project/Computer_Vision/packages/install/yolov8_msgs/include/yolov8_msgs/yolov8_msgs/msg/detail/detection_array__type_support.c
[1.459s] -- Up-to-date: /home/mtrn/4231/A2_Project/Computer_Vision/packages/install/yolov8_msgs/include/yolov8_msgs/yolov8_msgs/msg/detail/detection__type_support.c
[1.459s] -- Up-to-date: /home/mtrn/4231/A2_Project/Computer_Vision/packages/install/yolov8_msgs/include/yolov8_msgs/yolov8_msgs/msg/detail/key_point2_d_array__type_support.c
[1.459s] -- Up-to-date: /home/mtrn/4231/A2_Project/Computer_Vision/packages/install/yolov8_msgs/include/yolov8_msgs/yolov8_msgs/msg/detail/key_point3_d_array__type_support.c
[1.459s] -- Up-to-date: /home/mtrn/4231/A2_Project/Computer_Vision/packages/install/yolov8_msgs/include/yolov8_msgs/yolov8_msgs/msg/detail/point2_d__type_support.c
[1.459s] -- Up-to-date: /home/mtrn/4231/A2_Project/Computer_Vision/packages/install/yolov8_msgs/include/yolov8_msgs/yolov8_msgs/msg/detail/bounding_box3_d__type_support.c
[1.459s] -- Up-to-date: /home/mtrn/4231/A2_Project/Computer_Vision/packages/install/yolov8_msgs/include/yolov8_msgs/yolov8_msgs/msg/detail/pose2_d__rosidl_typesupport_introspection_c.h
[1.459s] -- Up-to-date: /home/mtrn/4231/A2_Project/Computer_Vision/packages/install/yolov8_msgs/include/yolov8_msgs/yolov8_msgs/msg/detail/point2_d__rosidl_typesupport_introspection_c.h
[1.459s] -- Up-to-date: /home/mtrn/4231/A2_Project/Computer_Vision/packages/install/yolov8_msgs/include/yolov8_msgs/yolov8_msgs/msg/detail/key_point2_d__rosidl_typesupport_introspection_c.h
[1.459s] -- Up-to-date: /home/mtrn/4231/A2_Project/Computer_Vision/packages/install/yolov8_msgs/include/yolov8_msgs/yolov8_msgs/msg/detail/detection__rosidl_typesupport_introspection_c.h
[1.459s] -- Up-to-date: /home/mtrn/4231/A2_Project/Computer_Vision/packages/install/yolov8_msgs/include/yolov8_msgs/yolov8_msgs/msg/detail/vector2__type_support.c
[1.460s] -- Up-to-date: /home/mtrn/4231/A2_Project/Computer_Vision/packages/install/yolov8_msgs/include/yolov8_msgs/yolov8_msgs/msg/detail/detection_array__rosidl_typesupport_introspection_c.h
[1.460s] -- Up-to-date: /home/mtrn/4231/A2_Project/Computer_Vision/packages/install/yolov8_msgs/include/yolov8_msgs/yolov8_msgs/msg/detail/key_point3_d__rosidl_typesupport_introspection_c.h
[1.460s] -- Up-to-date: /home/mtrn/4231/A2_Project/Computer_Vision/packages/install/yolov8_msgs/include/yolov8_msgs/yolov8_msgs/msg/detail/bounding_box2_d__type_support.c
[1.460s] -- Up-to-date: /home/mtrn/4231/A2_Project/Computer_Vision/packages/install/yolov8_msgs/include/yolov8_msgs/yolov8_msgs/msg/detail/key_point2_d__type_support.c
[1.460s] -- Up-to-date: /home/mtrn/4231/A2_Project/Computer_Vision/packages/install/yolov8_msgs/lib/libyolov8_msgs__rosidl_typesupport_introspection_c.so
[1.460s] -- Up-to-date: /home/mtrn/4231/A2_Project/Computer_Vision/packages/install/yolov8_msgs/lib/libyolov8_msgs__rosidl_typesupport_c.so
[1.460s] -- Up-to-date: /home/mtrn/4231/A2_Project/Computer_Vision/packages/install/yolov8_msgs/include/yolov8_msgs/yolov8_msgs
[1.460s] -- Up-to-date: /home/mtrn/4231/A2_Project/Computer_Vision/packages/install/yolov8_msgs/include/yolov8_msgs/yolov8_msgs/msg
[1.460s] -- Up-to-date: /home/mtrn/4231/A2_Project/Computer_Vision/packages/install/yolov8_msgs/include/yolov8_msgs/yolov8_msgs/msg/vector2.hpp
[1.461s] -- Up-to-date: /home/mtrn/4231/A2_Project/Computer_Vision/packages/install/yolov8_msgs/include/yolov8_msgs/yolov8_msgs/msg/key_point2_d_array.hpp
[1.461s] -- Up-to-date: /home/mtrn/4231/A2_Project/Computer_Vision/packages/install/yolov8_msgs/include/yolov8_msgs/yolov8_msgs/msg/point2_d.hpp
[1.461s] -- Up-to-date: /home/mtrn/4231/A2_Project/Computer_Vision/packages/install/yolov8_msgs/include/yolov8_msgs/yolov8_msgs/msg/key_point2_d.hpp
[1.461s] -- Up-to-date: /home/mtrn/4231/A2_Project/Computer_Vision/packages/install/yolov8_msgs/include/yolov8_msgs/yolov8_msgs/msg/mask.hpp
[1.461s] -- Up-to-date: /home/mtrn/4231/A2_Project/Computer_Vision/packages/install/yolov8_msgs/include/yolov8_msgs/yolov8_msgs/msg/detection_array.hpp
[1.461s] -- Up-to-date: /home/mtrn/4231/A2_Project/Computer_Vision/packages/install/yolov8_msgs/include/yolov8_msgs/yolov8_msgs/msg/key_point3_d.hpp
[1.461s] -- Up-to-date: /home/mtrn/4231/A2_Project/Computer_Vision/packages/install/yolov8_msgs/include/yolov8_msgs/yolov8_msgs/msg/pose2_d.hpp
[1.461s] -- Up-to-date: /home/mtrn/4231/A2_Project/Computer_Vision/packages/install/yolov8_msgs/include/yolov8_msgs/yolov8_msgs/msg/detection.hpp
[1.461s] -- Up-to-date: /home/mtrn/4231/A2_Project/Computer_Vision/packages/install/yolov8_msgs/include/yolov8_msgs/yolov8_msgs/msg/key_point3_d_array.hpp
[1.461s] -- Up-to-date: /home/mtrn/4231/A2_Project/Computer_Vision/packages/install/yolov8_msgs/include/yolov8_msgs/yolov8_msgs/msg/bounding_box2_d.hpp
[1.461s] -- Up-to-date: /home/mtrn/4231/A2_Project/Computer_Vision/packages/install/yolov8_msgs/include/yolov8_msgs/yolov8_msgs/msg/detail
[1.462s] -- Up-to-date: /home/mtrn/4231/A2_Project/Computer_Vision/packages/install/yolov8_msgs/include/yolov8_msgs/yolov8_msgs/msg/detail/detection__struct.hpp
[1.462s] -- Up-to-date: /home/mtrn/4231/A2_Project/Computer_Vision/packages/install/yolov8_msgs/include/yolov8_msgs/yolov8_msgs/msg/detail/key_point2_d_array__traits.hpp
[1.462s] -- Up-to-date: /home/mtrn/4231/A2_Project/Computer_Vision/packages/install/yolov8_msgs/include/yolov8_msgs/yolov8_msgs/msg/detail/vector2__struct.hpp
[1.462s] -- Up-to-date: /home/mtrn/4231/A2_Project/Computer_Vision/packages/install/yolov8_msgs/include/yolov8_msgs/yolov8_msgs/msg/detail/bounding_box2_d__builder.hpp
[1.462s] -- Up-to-date: /home/mtrn/4231/A2_Project/Computer_Vision/packages/install/yolov8_msgs/include/yolov8_msgs/yolov8_msgs/msg/detail/mask__builder.hpp
[1.462s] -- Up-to-date: /home/mtrn/4231/A2_Project/Computer_Vision/packages/install/yolov8_msgs/include/yolov8_msgs/yolov8_msgs/msg/detail/key_point2_d__struct.hpp
[1.462s] -- Up-to-date: /home/mtrn/4231/A2_Project/Computer_Vision/packages/install/yolov8_msgs/include/yolov8_msgs/yolov8_msgs/msg/detail/key_point3_d_array__traits.hpp
[1.462s] -- Up-to-date: /home/mtrn/4231/A2_Project/Computer_Vision/packages/install/yolov8_msgs/include/yolov8_msgs/yolov8_msgs/msg/detail/bounding_box3_d__struct.hpp
[1.463s] -- Up-to-date: /home/mtrn/4231/A2_Project/Computer_Vision/packages/install/yolov8_msgs/include/yolov8_msgs/yolov8_msgs/msg/detail/bounding_box3_d__builder.hpp
[1.463s] -- Up-to-date: /home/mtrn/4231/A2_Project/Computer_Vision/packages/install/yolov8_msgs/include/yolov8_msgs/yolov8_msgs/msg/detail/key_point2_d__builder.hpp
[1.463s] -- Up-to-date: /home/mtrn/4231/A2_Project/Computer_Vision/packages/install/yolov8_msgs/include/yolov8_msgs/yolov8_msgs/msg/detail/mask__traits.hpp
[1.463s] -- Up-to-date: /home/mtrn/4231/A2_Project/Computer_Vision/packages/install/yolov8_msgs/include/yolov8_msgs/yolov8_msgs/msg/detail/detection_array__struct.hpp
[1.463s] -- Up-to-date: /home/mtrn/4231/A2_Project/Computer_Vision/packages/install/yolov8_msgs/include/yolov8_msgs/yolov8_msgs/msg/detail/key_point3_d_array__builder.hpp
[1.463s] -- Up-to-date: /home/mtrn/4231/A2_Project/Computer_Vision/packages/install/yolov8_msgs/include/yolov8_msgs/yolov8_msgs/msg/detail/detection__traits.hpp
[1.463s] -- Up-to-date: /home/mtrn/4231/A2_Project/Computer_Vision/packages/install/yolov8_msgs/include/yolov8_msgs/yolov8_msgs/msg/detail/detection__builder.hpp
[1.463s] -- Up-to-date: /home/mtrn/4231/A2_Project/Computer_Vision/packages/install/yolov8_msgs/include/yolov8_msgs/yolov8_msgs/msg/detail/detection_array__builder.hpp
[1.463s] -- Up-to-date: /home/mtrn/4231/A2_Project/Computer_Vision/packages/install/yolov8_msgs/include/yolov8_msgs/yolov8_msgs/msg/detail/mask__struct.hpp
[1.463s] -- Up-to-date: /home/mtrn/4231/A2_Project/Computer_Vision/packages/install/yolov8_msgs/include/yolov8_msgs/yolov8_msgs/msg/detail/key_point3_d_array__struct.hpp
[1.464s] -- Up-to-date: /home/mtrn/4231/A2_Project/Computer_Vision/packages/install/yolov8_msgs/include/yolov8_msgs/yolov8_msgs/msg/detail/detection_array__traits.hpp
[1.464s] -- Up-to-date: /home/mtrn/4231/A2_Project/Computer_Vision/packages/install/yolov8_msgs/include/yolov8_msgs/yolov8_msgs/msg/detail/point2_d__builder.hpp
[1.464s] -- Up-to-date: /home/mtrn/4231/A2_Project/Computer_Vision/packages/install/yolov8_msgs/include/yolov8_msgs/yolov8_msgs/msg/detail/vector2__builder.hpp
[1.464s] -- Up-to-date: /home/mtrn/4231/A2_Project/Computer_Vision/packages/install/yolov8_msgs/include/yolov8_msgs/yolov8_msgs/msg/detail/key_point3_d__builder.hpp
[1.464s] -- Up-to-date: /home/mtrn/4231/A2_Project/Computer_Vision/packages/install/yolov8_msgs/include/yolov8_msgs/yolov8_msgs/msg/detail/point2_d__struct.hpp
[1.464s] -- Up-to-date: /home/mtrn/4231/A2_Project/Computer_Vision/packages/install/yolov8_msgs/include/yolov8_msgs/yolov8_msgs/msg/detail/bounding_box2_d__struct.hpp
[1.464s] -- Up-to-date: /home/mtrn/4231/A2_Project/Computer_Vision/packages/install/yolov8_msgs/include/yolov8_msgs/yolov8_msgs/msg/detail/pose2_d__builder.hpp
[1.464s] -- Up-to-date: /home/mtrn/4231/A2_Project/Computer_Vision/packages/install/yolov8_msgs/include/yolov8_msgs/yolov8_msgs/msg/detail/pose2_d__struct.hpp
[1.464s] -- Up-to-date: /home/mtrn/4231/A2_Project/Computer_Vision/packages/install/yolov8_msgs/include/yolov8_msgs/yolov8_msgs/msg/detail/bounding_box2_d__traits.hpp
[1.464s] -- Up-to-date: /home/mtrn/4231/A2_Project/Computer_Vision/packages/install/yolov8_msgs/include/yolov8_msgs/yolov8_msgs/msg/detail/bounding_box3_d__traits.hpp
[1.464s] -- Up-to-date: /home/mtrn/4231/A2_Project/Computer_Vision/packages/install/yolov8_msgs/include/yolov8_msgs/yolov8_msgs/msg/detail/key_point3_d__struct.hpp
[1.465s] -- Up-to-date: /home/mtrn/4231/A2_Project/Computer_Vision/packages/install/yolov8_msgs/include/yolov8_msgs/yolov8_msgs/msg/detail/point2_d__traits.hpp
[1.465s] -- Up-to-date: /home/mtrn/4231/A2_Project/Computer_Vision/packages/install/yolov8_msgs/include/yolov8_msgs/yolov8_msgs/msg/detail/key_point2_d__traits.hpp
[1.465s] -- Up-to-date: /home/mtrn/4231/A2_Project/Computer_Vision/packages/install/yolov8_msgs/include/yolov8_msgs/yolov8_msgs/msg/detail/key_point2_d_array__builder.hpp
[1.465s] -- Up-to-date: /home/mtrn/4231/A2_Project/Computer_Vision/packages/install/yolov8_msgs/include/yolov8_msgs/yolov8_msgs/msg/detail/key_point3_d__traits.hpp
[1.465s] -- Up-to-date: /home/mtrn/4231/A2_Project/Computer_Vision/packages/install/yolov8_msgs/include/yolov8_msgs/yolov8_msgs/msg/detail/vector2__traits.hpp
[1.465s] -- Up-to-date: /home/mtrn/4231/A2_Project/Computer_Vision/packages/install/yolov8_msgs/include/yolov8_msgs/yolov8_msgs/msg/detail/pose2_d__traits.hpp
[1.465s] -- Up-to-date: /home/mtrn/4231/A2_Project/Computer_Vision/packages/install/yolov8_msgs/include/yolov8_msgs/yolov8_msgs/msg/detail/key_point2_d_array__struct.hpp
[1.465s] -- Up-to-date: /home/mtrn/4231/A2_Project/Computer_Vision/packages/install/yolov8_msgs/include/yolov8_msgs/yolov8_msgs/msg/bounding_box3_d.hpp
[1.465s] -- Up-to-date: /home/mtrn/4231/A2_Project/Computer_Vision/packages/install/yolov8_msgs/include/yolov8_msgs/yolov8_msgs
[1.465s] -- Up-to-date: /home/mtrn/4231/A2_Project/Computer_Vision/packages/install/yolov8_msgs/include/yolov8_msgs/yolov8_msgs/msg
[1.465s] -- Up-to-date: /home/mtrn/4231/A2_Project/Computer_Vision/packages/install/yolov8_msgs/include/yolov8_msgs/yolov8_msgs/msg/detail
[1.466s] -- Up-to-date: /home/mtrn/4231/A2_Project/Computer_Vision/packages/install/yolov8_msgs/include/yolov8_msgs/yolov8_msgs/msg/detail/bounding_box2_d__rosidl_typesupport_fastrtps_cpp.hpp
[1.466s] -- Up-to-date: /home/mtrn/4231/A2_Project/Computer_Vision/packages/install/yolov8_msgs/include/yolov8_msgs/yolov8_msgs/msg/detail/mask__rosidl_typesupport_fastrtps_cpp.hpp
[1.466s] -- Up-to-date: /home/mtrn/4231/A2_Project/Computer_Vision/packages/install/yolov8_msgs/include/yolov8_msgs/yolov8_msgs/msg/detail/bounding_box3_d__rosidl_typesupport_fastrtps_cpp.hpp
[1.466s] -- Up-to-date: /home/mtrn/4231/A2_Project/Computer_Vision/packages/install/yolov8_msgs/include/yolov8_msgs/yolov8_msgs/msg/detail/key_point2_d_array__rosidl_typesupport_fastrtps_cpp.hpp
[1.466s] -- Up-to-date: /home/mtrn/4231/A2_Project/Computer_Vision/packages/install/yolov8_msgs/include/yolov8_msgs/yolov8_msgs/msg/detail/pose2_d__rosidl_typesupport_fastrtps_cpp.hpp
[1.466s] -- Up-to-date: /home/mtrn/4231/A2_Project/Computer_Vision/packages/install/yolov8_msgs/include/yolov8_msgs/yolov8_msgs/msg/detail/detection__rosidl_typesupport_fastrtps_cpp.hpp
[1.466s] -- Up-to-date: /home/mtrn/4231/A2_Project/Computer_Vision/packages/install/yolov8_msgs/include/yolov8_msgs/yolov8_msgs/msg/detail/key_point2_d__rosidl_typesupport_fastrtps_cpp.hpp
[1.466s] -- Up-to-date: /home/mtrn/4231/A2_Project/Computer_Vision/packages/install/yolov8_msgs/include/yolov8_msgs/yolov8_msgs/msg/detail/key_point3_d__rosidl_typesupport_fastrtps_cpp.hpp
[1.466s] -- Up-to-date: /home/mtrn/4231/A2_Project/Computer_Vision/packages/install/yolov8_msgs/include/yolov8_msgs/yolov8_msgs/msg/detail/detection_array__rosidl_typesupport_fastrtps_cpp.hpp
[1.466s] -- Up-to-date: /home/mtrn/4231/A2_Project/Computer_Vision/packages/install/yolov8_msgs/include/yolov8_msgs/yolov8_msgs/msg/detail/dds_fastrtps
[1.467s] -- Up-to-date: /home/mtrn/4231/A2_Project/Computer_Vision/packages/install/yolov8_msgs/include/yolov8_msgs/yolov8_msgs/msg/detail/point2_d__rosidl_typesupport_fastrtps_cpp.hpp
[1.467s] -- Up-to-date: /home/mtrn/4231/A2_Project/Computer_Vision/packages/install/yolov8_msgs/include/yolov8_msgs/yolov8_msgs/msg/detail/key_point3_d_array__rosidl_typesupport_fastrtps_cpp.hpp
[1.467s] -- Up-to-date: /home/mtrn/4231/A2_Project/Computer_Vision/packages/install/yolov8_msgs/include/yolov8_msgs/yolov8_msgs/msg/detail/vector2__rosidl_typesupport_fastrtps_cpp.hpp
[1.467s] -- Up-to-date: /home/mtrn/4231/A2_Project/Computer_Vision/packages/install/yolov8_msgs/include/yolov8_msgs/yolov8_msgs/msg/rosidl_typesupport_fastrtps_cpp__visibility_control.h
[1.467s] -- Up-to-date: /home/mtrn/4231/A2_Project/Computer_Vision/packages/install/yolov8_msgs/lib/libyolov8_msgs__rosidl_typesupport_fastrtps_cpp.so
[1.467s] -- Up-to-date: /home/mtrn/4231/A2_Project/Computer_Vision/packages/install/yolov8_msgs/include/yolov8_msgs/yolov8_msgs
[1.467s] -- Up-to-date: /home/mtrn/4231/A2_Project/Computer_Vision/packages/install/yolov8_msgs/include/yolov8_msgs/yolov8_msgs/msg
[1.467s] -- Up-to-date: /home/mtrn/4231/A2_Project/Computer_Vision/packages/install/yolov8_msgs/include/yolov8_msgs/yolov8_msgs/msg/detail
[1.467s] -- Up-to-date: /home/mtrn/4231/A2_Project/Computer_Vision/packages/install/yolov8_msgs/include/yolov8_msgs/yolov8_msgs/msg/detail/key_point3_d__type_support.cpp
[1.467s] -- Up-to-date: /home/mtrn/4231/A2_Project/Computer_Vision/packages/install/yolov8_msgs/include/yolov8_msgs/yolov8_msgs/msg/detail/vector2__type_support.cpp
[1.468s] -- Up-to-date: /home/mtrn/4231/A2_Project/Computer_Vision/packages/install/yolov8_msgs/include/yolov8_msgs/yolov8_msgs/msg/detail/mask__rosidl_typesupport_introspection_cpp.hpp
[1.468s] -- Up-to-date: /home/mtrn/4231/A2_Project/Computer_Vision/packages/install/yolov8_msgs/include/yolov8_msgs/yolov8_msgs/msg/detail/key_point3_d_array__rosidl_typesupport_introspection_cpp.hpp
[1.468s] -- Up-to-date: /home/mtrn/4231/A2_Project/Computer_Vision/packages/install/yolov8_msgs/include/yolov8_msgs/yolov8_msgs/msg/detail/detection__rosidl_typesupport_introspection_cpp.hpp
[1.468s] -- Up-to-date: /home/mtrn/4231/A2_Project/Computer_Vision/packages/install/yolov8_msgs/include/yolov8_msgs/yolov8_msgs/msg/detail/point2_d__rosidl_typesupport_introspection_cpp.hpp
[1.468s] -- Up-to-date: /home/mtrn/4231/A2_Project/Computer_Vision/packages/install/yolov8_msgs/include/yolov8_msgs/yolov8_msgs/msg/detail/key_point3_d__rosidl_typesupport_introspection_cpp.hpp
[1.468s] -- Up-to-date: /home/mtrn/4231/A2_Project/Computer_Vision/packages/install/yolov8_msgs/include/yolov8_msgs/yolov8_msgs/msg/detail/detection_array__type_support.cpp
[1.469s] -- Up-to-date: /home/mtrn/4231/A2_Project/Computer_Vision/packages/install/yolov8_msgs/include/yolov8_msgs/yolov8_msgs/msg/detail/bounding_box3_d__type_support.cpp
[1.469s] -- Up-to-date: /home/mtrn/4231/A2_Project/Computer_Vision/packages/install/yolov8_msgs/include/yolov8_msgs/yolov8_msgs/msg/detail/key_point3_d_array__type_support.cpp
[1.469s] -- Up-to-date: /home/mtrn/4231/A2_Project/Computer_Vision/packages/install/yolov8_msgs/include/yolov8_msgs/yolov8_msgs/msg/detail/mask__type_support.cpp
[1.469s] -- Up-to-date: /home/mtrn/4231/A2_Project/Computer_Vision/packages/install/yolov8_msgs/include/yolov8_msgs/yolov8_msgs/msg/detail/key_point2_d_array__rosidl_typesupport_introspection_cpp.hpp
[1.469s] -- Up-to-date: /home/mtrn/4231/A2_Project/Computer_Vision/packages/install/yolov8_msgs/include/yolov8_msgs/yolov8_msgs/msg/detail/bounding_box2_d__type_support.cpp
[1.469s] -- Up-to-date: /home/mtrn/4231/A2_Project/Computer_Vision/packages/install/yolov8_msgs/include/yolov8_msgs/yolov8_msgs/msg/detail/pose2_d__rosidl_typesupport_introspection_cpp.hpp
[1.469s] -- Up-to-date: /home/mtrn/4231/A2_Project/Computer_Vision/packages/install/yolov8_msgs/include/yolov8_msgs/yolov8_msgs/msg/detail/detection__type_support.cpp
[1.469s] -- Up-to-date: /home/mtrn/4231/A2_Project/Computer_Vision/packages/install/yolov8_msgs/include/yolov8_msgs/yolov8_msgs/msg/detail/detection_array__rosidl_typesupport_introspection_cpp.hpp
[1.469s] -- Up-to-date: /home/mtrn/4231/A2_Project/Computer_Vision/packages/install/yolov8_msgs/include/yolov8_msgs/yolov8_msgs/msg/detail/pose2_d__type_support.cpp
[1.469s] -- Up-to-date: /home/mtrn/4231/A2_Project/Computer_Vision/packages/install/yolov8_msgs/include/yolov8_msgs/yolov8_msgs/msg/detail/vector2__rosidl_typesupport_introspection_cpp.hpp
[1.469s] -- Up-to-date: /home/mtrn/4231/A2_Project/Computer_Vision/packages/install/yolov8_msgs/include/yolov8_msgs/yolov8_msgs/msg/detail/key_point2_d__rosidl_typesupport_introspection_cpp.hpp
[1.470s] -- Up-to-date: /home/mtrn/4231/A2_Project/Computer_Vision/packages/install/yolov8_msgs/include/yolov8_msgs/yolov8_msgs/msg/detail/key_point2_d_array__type_support.cpp
[1.470s] -- Up-to-date: /home/mtrn/4231/A2_Project/Computer_Vision/packages/install/yolov8_msgs/include/yolov8_msgs/yolov8_msgs/msg/detail/bounding_box3_d__rosidl_typesupport_introspection_cpp.hpp
[1.470s] -- Up-to-date: /home/mtrn/4231/A2_Project/Computer_Vision/packages/install/yolov8_msgs/include/yolov8_msgs/yolov8_msgs/msg/detail/point2_d__type_support.cpp
[1.470s] -- Up-to-date: /home/mtrn/4231/A2_Project/Computer_Vision/packages/install/yolov8_msgs/include/yolov8_msgs/yolov8_msgs/msg/detail/bounding_box2_d__rosidl_typesupport_introspection_cpp.hpp
[1.470s] -- Up-to-date: /home/mtrn/4231/A2_Project/Computer_Vision/packages/install/yolov8_msgs/include/yolov8_msgs/yolov8_msgs/msg/detail/key_point2_d__type_support.cpp
[1.470s] -- Up-to-date: /home/mtrn/4231/A2_Project/Computer_Vision/packages/install/yolov8_msgs/lib/libyolov8_msgs__rosidl_typesupport_introspection_cpp.so
[1.470s] -- Up-to-date: /home/mtrn/4231/A2_Project/Computer_Vision/packages/install/yolov8_msgs/lib/libyolov8_msgs__rosidl_typesupport_cpp.so
[1.470s] -- Up-to-date: /home/mtrn/4231/A2_Project/Computer_Vision/packages/install/yolov8_msgs/share/yolov8_msgs/environment/pythonpath.sh
[1.470s] -- Up-to-date: /home/mtrn/4231/A2_Project/Computer_Vision/packages/install/yolov8_msgs/share/yolov8_msgs/environment/pythonpath.dsv
[1.470s] -- Up-to-date: /home/mtrn/4231/A2_Project/Computer_Vision/packages/install/yolov8_msgs/local/lib/python3.10/dist-packages/yolov8_msgs-0.0.0-py3.10.egg-info
[1.471s] -- Installing: /home/mtrn/4231/A2_Project/Computer_Vision/packages/install/yolov8_msgs/local/lib/python3.10/dist-packages/yolov8_msgs-0.0.0-py3.10.egg-info/top_level.txt
[1.471s] -- Installing: /home/mtrn/4231/A2_Project/Computer_Vision/packages/install/yolov8_msgs/local/lib/python3.10/dist-packages/yolov8_msgs-0.0.0-py3.10.egg-info/SOURCES.txt
[1.471s] -- Installing: /home/mtrn/4231/A2_Project/Computer_Vision/packages/install/yolov8_msgs/local/lib/python3.10/dist-packages/yolov8_msgs-0.0.0-py3.10.egg-info/PKG-INFO
[1.471s] -- Installing: /home/mtrn/4231/A2_Project/Computer_Vision/packages/install/yolov8_msgs/local/lib/python3.10/dist-packages/yolov8_msgs-0.0.0-py3.10.egg-info/dependency_links.txt
[1.471s] -- Up-to-date: /home/mtrn/4231/A2_Project/Computer_Vision/packages/install/yolov8_msgs/local/lib/python3.10/dist-packages/yolov8_msgs
[1.471s] -- Up-to-date: /home/mtrn/4231/A2_Project/Computer_Vision/packages/install/yolov8_msgs/local/lib/python3.10/dist-packages/yolov8_msgs/yolov8_msgs_s__rosidl_typesupport_introspection_c.cpython-310-x86_64-linux-gnu.so
[1.471s] -- Up-to-date: /home/mtrn/4231/A2_Project/Computer_Vision/packages/install/yolov8_msgs/local/lib/python3.10/dist-packages/yolov8_msgs/_yolov8_msgs_s.ep.rosidl_typesupport_c.c
[1.471s] -- Up-to-date: /home/mtrn/4231/A2_Project/Computer_Vision/packages/install/yolov8_msgs/local/lib/python3.10/dist-packages/yolov8_msgs/yolov8_msgs_s__rosidl_typesupport_fastrtps_c.cpython-310-x86_64-linux-gnu.so
[1.471s] -- Up-to-date: /home/mtrn/4231/A2_Project/Computer_Vision/packages/install/yolov8_msgs/local/lib/python3.10/dist-packages/yolov8_msgs/yolov8_msgs_s__rosidl_typesupport_c.cpython-310-x86_64-linux-gnu.so
[1.471s] -- Up-to-date: /home/mtrn/4231/A2_Project/Computer_Vision/packages/install/yolov8_msgs/local/lib/python3.10/dist-packages/yolov8_msgs/_yolov8_msgs_s.ep.rosidl_typesupport_fastrtps_c.c
[1.471s] -- Up-to-date: /home/mtrn/4231/A2_Project/Computer_Vision/packages/install/yolov8_msgs/local/lib/python3.10/dist-packages/yolov8_msgs/msg
[1.472s] -- Up-to-date: /home/mtrn/4231/A2_Project/Computer_Vision/packages/install/yolov8_msgs/local/lib/python3.10/dist-packages/yolov8_msgs/msg/_key_point3_d_array.py
[1.472s] -- Up-to-date: /home/mtrn/4231/A2_Project/Computer_Vision/packages/install/yolov8_msgs/local/lib/python3.10/dist-packages/yolov8_msgs/msg/_bounding_box3_d_s.c
[1.472s] -- Up-to-date: /home/mtrn/4231/A2_Project/Computer_Vision/packages/install/yolov8_msgs/local/lib/python3.10/dist-packages/yolov8_msgs/msg/_detection_s.c
[1.472s] -- Up-to-date: /home/mtrn/4231/A2_Project/Computer_Vision/packages/install/yolov8_msgs/local/lib/python3.10/dist-packages/yolov8_msgs/msg/_pose2_d_s.c
[1.472s] -- Up-to-date: /home/mtrn/4231/A2_Project/Computer_Vision/packages/install/yolov8_msgs/local/lib/python3.10/dist-packages/yolov8_msgs/msg/_mask_s.c
[1.472s] -- Up-to-date: /home/mtrn/4231/A2_Project/Computer_Vision/packages/install/yolov8_msgs/local/lib/python3.10/dist-packages/yolov8_msgs/msg/_key_point2_d_array.py
[1.472s] -- Up-to-date: /home/mtrn/4231/A2_Project/Computer_Vision/packages/install/yolov8_msgs/local/lib/python3.10/dist-packages/yolov8_msgs/msg/_detection_array.py
[1.472s] -- Up-to-date: /home/mtrn/4231/A2_Project/Computer_Vision/packages/install/yolov8_msgs/local/lib/python3.10/dist-packages/yolov8_msgs/msg/_key_point3_d_array_s.c
[1.472s] -- Up-to-date: /home/mtrn/4231/A2_Project/Computer_Vision/packages/install/yolov8_msgs/local/lib/python3.10/dist-packages/yolov8_msgs/msg/_key_point2_d_s.c
[1.472s] -- Up-to-date: /home/mtrn/4231/A2_Project/Computer_Vision/packages/install/yolov8_msgs/local/lib/python3.10/dist-packages/yolov8_msgs/msg/_detection_array_s.c
[1.472s] -- Up-to-date: /home/mtrn/4231/A2_Project/Computer_Vision/packages/install/yolov8_msgs/local/lib/python3.10/dist-packages/yolov8_msgs/msg/_vector2_s.c
[1.473s] -- Up-to-date: /home/mtrn/4231/A2_Project/Computer_Vision/packages/install/yolov8_msgs/local/lib/python3.10/dist-packages/yolov8_msgs/msg/_key_point2_d.py
[1.473s] -- Up-to-date: /home/mtrn/4231/A2_Project/Computer_Vision/packages/install/yolov8_msgs/local/lib/python3.10/dist-packages/yolov8_msgs/msg/_bounding_box2_d.py
[1.473s] -- Up-to-date: /home/mtrn/4231/A2_Project/Computer_Vision/packages/install/yolov8_msgs/local/lib/python3.10/dist-packages/yolov8_msgs/msg/_point2_d.py
[1.473s] -- Up-to-date: /home/mtrn/4231/A2_Project/Computer_Vision/packages/install/yolov8_msgs/local/lib/python3.10/dist-packages/yolov8_msgs/msg/_key_point3_d.py
[1.473s] -- Up-to-date: /home/mtrn/4231/A2_Project/Computer_Vision/packages/install/yolov8_msgs/local/lib/python3.10/dist-packages/yolov8_msgs/msg/_key_point3_d_s.c
[1.473s] -- Up-to-date: /home/mtrn/4231/A2_Project/Computer_Vision/packages/install/yolov8_msgs/local/lib/python3.10/dist-packages/yolov8_msgs/msg/_pose2_d.py
[1.473s] -- Up-to-date: /home/mtrn/4231/A2_Project/Computer_Vision/packages/install/yolov8_msgs/local/lib/python3.10/dist-packages/yolov8_msgs/msg/_detection.py
[1.473s] -- Up-to-date: /home/mtrn/4231/A2_Project/Computer_Vision/packages/install/yolov8_msgs/local/lib/python3.10/dist-packages/yolov8_msgs/msg/_vector2.py
[1.473s] -- Up-to-date: /home/mtrn/4231/A2_Project/Computer_Vision/packages/install/yolov8_msgs/local/lib/python3.10/dist-packages/yolov8_msgs/msg/_mask.py
[1.473s] -- Up-to-date: /home/mtrn/4231/A2_Project/Computer_Vision/packages/install/yolov8_msgs/local/lib/python3.10/dist-packages/yolov8_msgs/msg/_bounding_box2_d_s.c
[1.473s] -- Up-to-date: /home/mtrn/4231/A2_Project/Computer_Vision/packages/install/yolov8_msgs/local/lib/python3.10/dist-packages/yolov8_msgs/msg/__init__.py
[1.474s] -- Up-to-date: /home/mtrn/4231/A2_Project/Computer_Vision/packages/install/yolov8_msgs/local/lib/python3.10/dist-packages/yolov8_msgs/msg/_bounding_box3_d.py
[1.474s] -- Up-to-date: /home/mtrn/4231/A2_Project/Computer_Vision/packages/install/yolov8_msgs/local/lib/python3.10/dist-packages/yolov8_msgs/msg/_point2_d_s.c
[1.474s] -- Up-to-date: /home/mtrn/4231/A2_Project/Computer_Vision/packages/install/yolov8_msgs/local/lib/python3.10/dist-packages/yolov8_msgs/msg/_key_point2_d_array_s.c
[1.474s] -- Up-to-date: /home/mtrn/4231/A2_Project/Computer_Vision/packages/install/yolov8_msgs/local/lib/python3.10/dist-packages/yolov8_msgs/libyolov8_msgs__rosidl_generator_py.so
[1.474s] -- Up-to-date: /home/mtrn/4231/A2_Project/Computer_Vision/packages/install/yolov8_msgs/local/lib/python3.10/dist-packages/yolov8_msgs/__init__.py
[1.474s] -- Up-to-date: /home/mtrn/4231/A2_Project/Computer_Vision/packages/install/yolov8_msgs/local/lib/python3.10/dist-packages/yolov8_msgs/_yolov8_msgs_s.ep.rosidl_typesupport_introspection_c.c
[1.504s] Listing '/home/mtrn/4231/A2_Project/Computer_Vision/packages/install/yolov8_msgs/local/lib/python3.10/dist-packages/yolov8_msgs'...
[1.505s] Listing '/home/mtrn/4231/A2_Project/Computer_Vision/packages/install/yolov8_msgs/local/lib/python3.10/dist-packages/yolov8_msgs/msg'...
[1.509s] -- Up-to-date: /home/mtrn/4231/A2_Project/Computer_Vision/packages/install/yolov8_msgs/local/lib/python3.10/dist-packages/yolov8_msgs/yolov8_msgs_s__rosidl_typesupport_fastrtps_c.cpython-310-x86_64-linux-gnu.so
[1.510s] -- Up-to-date: /home/mtrn/4231/A2_Project/Computer_Vision/packages/install/yolov8_msgs/local/lib/python3.10/dist-packages/yolov8_msgs/yolov8_msgs_s__rosidl_typesupport_introspection_c.cpython-310-x86_64-linux-gnu.so
[1.510s] -- Up-to-date: /home/mtrn/4231/A2_Project/Computer_Vision/packages/install/yolov8_msgs/local/lib/python3.10/dist-packages/yolov8_msgs/yolov8_msgs_s__rosidl_typesupport_c.cpython-310-x86_64-linux-gnu.so
[1.511s] -- Up-to-date: /home/mtrn/4231/A2_Project/Computer_Vision/packages/install/yolov8_msgs/lib/libyolov8_msgs__rosidl_generator_py.so
[1.511s] -- Up-to-date: /home/mtrn/4231/A2_Project/Computer_Vision/packages/install/yolov8_msgs/share/yolov8_msgs/msg/Point2D.idl
[1.511s] -- Up-to-date: /home/mtrn/4231/A2_Project/Computer_Vision/packages/install/yolov8_msgs/share/yolov8_msgs/msg/Vector2.idl
[1.511s] -- Up-to-date: /home/mtrn/4231/A2_Project/Computer_Vision/packages/install/yolov8_msgs/share/yolov8_msgs/msg/Pose2D.idl
[1.512s] -- Up-to-date: /home/mtrn/4231/A2_Project/Computer_Vision/packages/install/yolov8_msgs/share/yolov8_msgs/msg/BoundingBox2D.idl
[1.512s] -- Up-to-date: /home/mtrn/4231/A2_Project/Computer_Vision/packages/install/yolov8_msgs/share/yolov8_msgs/msg/BoundingBox3D.idl
[1.512s] -- Up-to-date: /home/mtrn/4231/A2_Project/Computer_Vision/packages/install/yolov8_msgs/share/yolov8_msgs/msg/Mask.idl
[1.512s] -- Up-to-date: /home/mtrn/4231/A2_Project/Computer_Vision/packages/install/yolov8_msgs/share/yolov8_msgs/msg/KeyPoint2D.idl
[1.513s] -- Up-to-date: /home/mtrn/4231/A2_Project/Computer_Vision/packages/install/yolov8_msgs/share/yolov8_msgs/msg/KeyPoint2DArray.idl
[1.513s] -- Up-to-date: /home/mtrn/4231/A2_Project/Computer_Vision/packages/install/yolov8_msgs/share/yolov8_msgs/msg/KeyPoint3D.idl
[1.513s] -- Up-to-date: /home/mtrn/4231/A2_Project/Computer_Vision/packages/install/yolov8_msgs/share/yolov8_msgs/msg/KeyPoint3DArray.idl
[1.513s] -- Up-to-date: /home/mtrn/4231/A2_Project/Computer_Vision/packages/install/yolov8_msgs/share/yolov8_msgs/msg/Detection.idl
[1.514s] -- Up-to-date: /home/mtrn/4231/A2_Project/Computer_Vision/packages/install/yolov8_msgs/share/yolov8_msgs/msg/DetectionArray.idl
[1.514s] -- Up-to-date: /home/mtrn/4231/A2_Project/Computer_Vision/packages/install/yolov8_msgs/share/yolov8_msgs/msg/Point2D.msg
[1.514s] -- Up-to-date: /home/mtrn/4231/A2_Project/Computer_Vision/packages/install/yolov8_msgs/share/yolov8_msgs/msg/Vector2.msg
[1.514s] -- Up-to-date: /home/mtrn/4231/A2_Project/Computer_Vision/packages/install/yolov8_msgs/share/yolov8_msgs/msg/Pose2D.msg
[1.514s] -- Up-to-date: /home/mtrn/4231/A2_Project/Computer_Vision/packages/install/yolov8_msgs/share/yolov8_msgs/msg/BoundingBox2D.msg
[1.514s] -- Up-to-date: /home/mtrn/4231/A2_Project/Computer_Vision/packages/install/yolov8_msgs/share/yolov8_msgs/msg/BoundingBox3D.msg
[1.514s] -- Up-to-date: /home/mtrn/4231/A2_Project/Computer_Vision/packages/install/yolov8_msgs/share/yolov8_msgs/msg/Mask.msg
[1.515s] -- Up-to-date: /home/mtrn/4231/A2_Project/Computer_Vision/packages/install/yolov8_msgs/share/yolov8_msgs/msg/KeyPoint2D.msg
[1.515s] -- Up-to-date: /home/mtrn/4231/A2_Project/Computer_Vision/packages/install/yolov8_msgs/share/yolov8_msgs/msg/KeyPoint2DArray.msg
[1.515s] -- Up-to-date: /home/mtrn/4231/A2_Project/Computer_Vision/packages/install/yolov8_msgs/share/yolov8_msgs/msg/KeyPoint3D.msg
[1.515s] -- Up-to-date: /home/mtrn/4231/A2_Project/Computer_Vision/packages/install/yolov8_msgs/share/yolov8_msgs/msg/KeyPoint3DArray.msg
[1.515s] -- Up-to-date: /home/mtrn/4231/A2_Project/Computer_Vision/packages/install/yolov8_msgs/share/yolov8_msgs/msg/Detection.msg
[1.515s] -- Up-to-date: /home/mtrn/4231/A2_Project/Computer_Vision/packages/install/yolov8_msgs/share/yolov8_msgs/msg/DetectionArray.msg
[1.516s] -- Up-to-date: /home/mtrn/4231/A2_Project/Computer_Vision/packages/install/yolov8_msgs/share/ament_index/resource_index/package_run_dependencies/yolov8_msgs
[1.516s] -- Up-to-date: /home/mtrn/4231/A2_Project/Computer_Vision/packages/install/yolov8_msgs/share/ament_index/resource_index/parent_prefix_path/yolov8_msgs
[1.516s] -- Up-to-date: /home/mtrn/4231/A2_Project/Computer_Vision/packages/install/yolov8_msgs/share/yolov8_msgs/environment/ament_prefix_path.sh
[1.517s] -- Up-to-date: /home/mtrn/4231/A2_Project/Computer_Vision/packages/install/yolov8_msgs/share/yolov8_msgs/environment/ament_prefix_path.dsv
[1.517s] -- Up-to-date: /home/mtrn/4231/A2_Project/Computer_Vision/packages/install/yolov8_msgs/share/yolov8_msgs/environment/path.sh
[1.517s] -- Up-to-date: /home/mtrn/4231/A2_Project/Computer_Vision/packages/install/yolov8_msgs/share/yolov8_msgs/environment/path.dsv
[1.517s] -- Up-to-date: /home/mtrn/4231/A2_Project/Computer_Vision/packages/install/yolov8_msgs/share/yolov8_msgs/local_setup.bash
[1.517s] -- Up-to-date: /home/mtrn/4231/A2_Project/Computer_Vision/packages/install/yolov8_msgs/share/yolov8_msgs/local_setup.sh
[1.518s] -- Up-to-date: /home/mtrn/4231/A2_Project/Computer_Vision/packages/install/yolov8_msgs/share/yolov8_msgs/local_setup.zsh
[1.518s] -- Up-to-date: /home/mtrn/4231/A2_Project/Computer_Vision/packages/install/yolov8_msgs/share/yolov8_msgs/local_setup.dsv
[1.518s] -- Installing: /home/mtrn/4231/A2_Project/Computer_Vision/packages/install/yolov8_msgs/share/yolov8_msgs/package.dsv
[1.518s] -- Up-to-date: /home/mtrn/4231/A2_Project/Computer_Vision/packages/install/yolov8_msgs/share/ament_index/resource_index/packages/yolov8_msgs
[1.518s] -- Up-to-date: /home/mtrn/4231/A2_Project/Computer_Vision/packages/install/yolov8_msgs/share/yolov8_msgs/cmake/export_yolov8_msgs__rosidl_generator_cExport.cmake
[1.518s] -- Up-to-date: /home/mtrn/4231/A2_Project/Computer_Vision/packages/install/yolov8_msgs/share/yolov8_msgs/cmake/export_yolov8_msgs__rosidl_generator_cExport-noconfig.cmake
[1.518s] -- Up-to-date: /home/mtrn/4231/A2_Project/Computer_Vision/packages/install/yolov8_msgs/share/yolov8_msgs/cmake/export_yolov8_msgs__rosidl_typesupport_fastrtps_cExport.cmake
[1.519s] -- Up-to-date: /home/mtrn/4231/A2_Project/Computer_Vision/packages/install/yolov8_msgs/share/yolov8_msgs/cmake/export_yolov8_msgs__rosidl_typesupport_fastrtps_cExport-noconfig.cmake
[1.519s] -- Up-to-date: /home/mtrn/4231/A2_Project/Computer_Vision/packages/install/yolov8_msgs/share/yolov8_msgs/cmake/yolov8_msgs__rosidl_typesupport_introspection_cExport.cmake
[1.519s] -- Up-to-date: /home/mtrn/4231/A2_Project/Computer_Vision/packages/install/yolov8_msgs/share/yolov8_msgs/cmake/yolov8_msgs__rosidl_typesupport_introspection_cExport-noconfig.cmake
[1.519s] -- Up-to-date: /home/mtrn/4231/A2_Project/Computer_Vision/packages/install/yolov8_msgs/share/yolov8_msgs/cmake/yolov8_msgs__rosidl_typesupport_cExport.cmake
[1.522s] -- Up-to-date: /home/mtrn/4231/A2_Project/Computer_Vision/packages/install/yolov8_msgs/share/yolov8_msgs/cmake/yolov8_msgs__rosidl_typesupport_cExport-noconfig.cmake
[1.522s] -- Up-to-date: /home/mtrn/4231/A2_Project/Computer_Vision/packages/install/yolov8_msgs/share/yolov8_msgs/cmake/export_yolov8_msgs__rosidl_generator_cppExport.cmake
[1.522s] -- Up-to-date: /home/mtrn/4231/A2_Project/Computer_Vision/packages/install/yolov8_msgs/share/yolov8_msgs/cmake/export_yolov8_msgs__rosidl_typesupport_fastrtps_cppExport.cmake
[1.522s] -- Up-to-date: /home/mtrn/4231/A2_Project/Computer_Vision/packages/install/yolov8_msgs/share/yolov8_msgs/cmake/export_yolov8_msgs__rosidl_typesupport_fastrtps_cppExport-noconfig.cmake
[1.522s] -- Up-to-date: /home/mtrn/4231/A2_Project/Computer_Vision/packages/install/yolov8_msgs/share/yolov8_msgs/cmake/yolov8_msgs__rosidl_typesupport_introspection_cppExport.cmake
[1.523s] -- Up-to-date: /home/mtrn/4231/A2_Project/Computer_Vision/packages/install/yolov8_msgs/share/yolov8_msgs/cmake/yolov8_msgs__rosidl_typesupport_introspection_cppExport-noconfig.cmake
[1.523s] -- Up-to-date: /home/mtrn/4231/A2_Project/Computer_Vision/packages/install/yolov8_msgs/share/yolov8_msgs/cmake/yolov8_msgs__rosidl_typesupport_cppExport.cmake
[1.523s] -- Up-to-date: /home/mtrn/4231/A2_Project/Computer_Vision/packages/install/yolov8_msgs/share/yolov8_msgs/cmake/yolov8_msgs__rosidl_typesupport_cppExport-noconfig.cmake
[1.523s] -- Up-to-date: /home/mtrn/4231/A2_Project/Computer_Vision/packages/install/yolov8_msgs/share/yolov8_msgs/cmake/export_yolov8_msgs__rosidl_generator_pyExport.cmake
[1.525s] -- Up-to-date: /home/mtrn/4231/A2_Project/Computer_Vision/packages/install/yolov8_msgs/share/yolov8_msgs/cmake/export_yolov8_msgs__rosidl_generator_pyExport-noconfig.cmake
[1.525s] -- Up-to-date: /home/mtrn/4231/A2_Project/Computer_Vision/packages/install/yolov8_msgs/share/yolov8_msgs/cmake/rosidl_cmake-extras.cmake
[1.525s] -- Up-to-date: /home/mtrn/4231/A2_Project/Computer_Vision/packages/install/yolov8_msgs/share/yolov8_msgs/cmake/ament_cmake_export_dependencies-extras.cmake
[1.525s] -- Up-to-date: /home/mtrn/4231/A2_Project/Computer_Vision/packages/install/yolov8_msgs/share/yolov8_msgs/cmake/ament_cmake_export_include_directories-extras.cmake
[1.525s] -- Up-to-date: /home/mtrn/4231/A2_Project/Computer_Vision/packages/install/yolov8_msgs/share/yolov8_msgs/cmake/ament_cmake_export_libraries-extras.cmake
[1.525s] -- Up-to-date: /home/mtrn/4231/A2_Project/Computer_Vision/packages/install/yolov8_msgs/share/yolov8_msgs/cmake/ament_cmake_export_targets-extras.cmake
[1.526s] -- Up-to-date: /home/mtrn/4231/A2_Project/Computer_Vision/packages/install/yolov8_msgs/share/yolov8_msgs/cmake/rosidl_cmake_export_typesupport_targets-extras.cmake
[1.526s] -- Up-to-date: /home/mtrn/4231/A2_Project/Computer_Vision/packages/install/yolov8_msgs/share/yolov8_msgs/cmake/rosidl_cmake_export_typesupport_libraries-extras.cmake
[1.526s] -- Up-to-date: /home/mtrn/4231/A2_Project/Computer_Vision/packages/install/yolov8_msgs/share/yolov8_msgs/cmake/yolov8_msgsConfig.cmake
[1.526s] -- Up-to-date: /home/mtrn/4231/A2_Project/Computer_Vision/packages/install/yolov8_msgs/share/yolov8_msgs/cmake/yolov8_msgsConfig-version.cmake
[1.526s] -- Up-to-date: /home/mtrn/4231/A2_Project/Computer_Vision/packages/install/yolov8_msgs/share/yolov8_msgs/package.xml
[1.528s] Invoked command in '/home/mtrn/4231/A2_Project/Computer_Vision/packages/build/yolov8_msgs' returned '0': CMAKE_PREFIX_PATH=${CMAKE_PREFIX_PATH}:/home/mtrn/4231/A2_Project/Computer_Vision/packages/install/yolov8_ros:/home/mtrn/4231/A2_Project/Computer_Vision/packages/install/yolov8_node:/home/mtrn/4231/A2_Project/Computer_Vision/packages/install/image_warper:/home/mtrn/4231/ws_moveit2/install/moveit_configs_utils:/home/mtrn/4231/ws_moveit2/install/launch_param_builder:/opt/ros/humble /usr/bin/cmake --install /home/mtrn/4231/A2_Project/Computer_Vision/packages/build/yolov8_msgs
