[0.459s] DEBUG:colcon:Command line arguments: ['/usr/bin/colcon', 'build']
[0.459s] DEBUG:colcon:Parsed command line arguments: Namespace(log_base=None, log_level=None, verb_name='build', build_base='build', install_base='install', merge_install=False, symlink_install=False, test_result_base=None, continue_on_error=False, executor='parallel', parallel_workers=12, event_handlers=None, ignore_user_meta=False, metas=['./colcon.meta'], base_paths=['.'], packages_ignore=None, packages_ignore_regex=None, paths=None, packages_up_to=None, packages_up_to_regex=None, packages_above=None, packages_above_and_dependencies=None, packages_above_depth=None, packages_select_by_dep=None, packages_skip_by_dep=None, packages_skip_up_to=None, packages_select_build_failed=False, packages_skip_build_finished=False, packages_select_test_failures=False, packages_skip_test_passed=False, packages_select=None, packages_skip=None, packages_select_regex=None, packages_skip_regex=None, packages_start=None, packages_end=None, allow_overriding=[], cmake_args=None, cmake_target=None, cmake_target_skip_unavailable=False, cmake_clean_cache=False, cmake_clean_first=False, cmake_force_configure=False, ament_cmake_args=None, catkin_cmake_args=None, catkin_skip_building_tests=False, mixin_files=None, mixin=None, verb_parser=<colcon_mixin.mixin.mixin_argument.MixinArgumentDecorator object at 0x7f557ce09480>, verb_extension=<colcon_core.verb.build.BuildVerb object at 0x7f557d78f700>, main=<bound method BuildVerb.main of <colcon_core.verb.build.BuildVerb object at 0x7f557d78f700>>, mixin_verb=('build',))
[0.489s] Level 1:colcon.colcon_core.package_discovery:discover_packages(colcon_meta) check parameters
[0.489s] Level 1:colcon.colcon_core.package_discovery:discover_packages(recursive) check parameters
[0.489s] Level 1:colcon.colcon_core.package_discovery:discover_packages(ignore) check parameters
[0.489s] Level 1:colcon.colcon_core.package_discovery:discover_packages(path) check parameters
[0.490s] Level 1:colcon.colcon_core.package_discovery:discover_packages(colcon_meta) discover
[0.490s] Level 1:colcon.colcon_core.package_discovery:discover_packages(recursive) discover
[0.490s] INFO:colcon.colcon_core.package_discovery:Crawling recursively for packages in '/home/mtrn/A2_project/A2_Project/src/demo_moveit_ur'
[0.490s] Level 1:colcon.colcon_core.package_identification:_identify(.) by extensions ['ignore', 'ignore_ament_install']
[0.490s] Level 1:colcon.colcon_core.package_identification:_identify(.) by extension 'ignore'
[0.490s] Level 1:colcon.colcon_core.package_identification:_identify(.) by extension 'ignore_ament_install'
[0.490s] Level 1:colcon.colcon_core.package_identification:_identify(.) by extensions ['colcon_pkg']
[0.490s] Level 1:colcon.colcon_core.package_identification:_identify(.) by extension 'colcon_pkg'
[0.490s] Level 1:colcon.colcon_core.package_identification:_identify(.) by extensions ['colcon_meta']
[0.490s] Level 1:colcon.colcon_core.package_identification:_identify(.) by extension 'colcon_meta'
[0.490s] Level 1:colcon.colcon_core.package_identification:_identify(.) by extensions ['ros']
[0.490s] Level 1:colcon.colcon_core.package_identification:_identify(.) by extension 'ros'
[0.510s] DEBUG:colcon.colcon_core.package_identification:Package '.' with type 'ros.ament_cmake' and name 'demo_moveit_ur'
[0.511s] Level 1:colcon.colcon_core.package_discovery:discover_packages(recursive) using defaults
[0.511s] Level 1:colcon.colcon_core.package_discovery:discover_packages(ignore) discover
[0.511s] Level 1:colcon.colcon_core.package_discovery:discover_packages(ignore) using defaults
[0.511s] Level 1:colcon.colcon_core.package_discovery:discover_packages(path) discover
[0.511s] Level 1:colcon.colcon_core.package_discovery:discover_packages(path) using defaults
[0.542s] Level 1:colcon.colcon_core.package_discovery:discover_packages(prefix_path) check parameters
[0.542s] Level 1:colcon.colcon_core.package_discovery:discover_packages(prefix_path) discover
[0.549s] DEBUG:colcon.colcon_installed_package_information.package_discovery:Found 1 installed packages in /home/mtrn/A2_project/A2_Project/src/demo_moveit_ur/install
[0.553s] DEBUG:colcon.colcon_installed_package_information.package_discovery:Found 55 installed packages in /home/mtrn/4231/ws_moveit2/install
[0.555s] DEBUG:colcon.colcon_installed_package_information.package_discovery:Found 7 installed packages in /home/mtrn/4231/ros_ur_driver/install
[0.558s] DEBUG:colcon.colcon_installed_package_information.package_discovery:Found 338 installed packages in /opt/ros/humble
[0.564s] Level 1:colcon.colcon_core.package_discovery:discover_packages(prefix_path) using defaults
[0.673s] Level 5:colcon.colcon_core.verb:set package 'demo_moveit_ur' build argument 'cmake_args' from command line to 'None'
[0.673s] Level 5:colcon.colcon_core.verb:set package 'demo_moveit_ur' build argument 'cmake_target' from command line to 'None'
[0.673s] Level 5:colcon.colcon_core.verb:set package 'demo_moveit_ur' build argument 'cmake_target_skip_unavailable' from command line to 'False'
[0.674s] Level 5:colcon.colcon_core.verb:set package 'demo_moveit_ur' build argument 'cmake_clean_cache' from command line to 'False'
[0.674s] Level 5:colcon.colcon_core.verb:set package 'demo_moveit_ur' build argument 'cmake_clean_first' from command line to 'False'
[0.674s] Level 5:colcon.colcon_core.verb:set package 'demo_moveit_ur' build argument 'cmake_force_configure' from command line to 'False'
[0.674s] Level 5:colcon.colcon_core.verb:set package 'demo_moveit_ur' build argument 'ament_cmake_args' from command line to 'None'
[0.674s] Level 5:colcon.colcon_core.verb:set package 'demo_moveit_ur' build argument 'catkin_cmake_args' from command line to 'None'
[0.674s] Level 5:colcon.colcon_core.verb:set package 'demo_moveit_ur' build argument 'catkin_skip_building_tests' from command line to 'False'
[0.674s] DEBUG:colcon.colcon_core.verb:Building package 'demo_moveit_ur' with the following arguments: {'ament_cmake_args': None, 'build_base': '/home/mtrn/A2_project/A2_Project/src/demo_moveit_ur/build/demo_moveit_ur', 'catkin_cmake_args': None, 'catkin_skip_building_tests': False, 'cmake_args': None, 'cmake_clean_cache': False, 'cmake_clean_first': False, 'cmake_force_configure': False, 'cmake_target': None, 'cmake_target_skip_unavailable': False, 'install_base': '/home/mtrn/A2_project/A2_Project/src/demo_moveit_ur/install/demo_moveit_ur', 'merge_install': False, 'path': '/home/mtrn/A2_project/A2_Project/src/demo_moveit_ur', 'symlink_install': False, 'test_result_base': None}
[0.674s] INFO:colcon.colcon_core.executor:Executing jobs using 'parallel' executor
[0.677s] DEBUG:colcon.colcon_parallel_executor.executor.parallel:run_until_complete
[0.677s] INFO:colcon.colcon_ros.task.ament_cmake.build:Building ROS package in '/home/mtrn/A2_project/A2_Project/src/demo_moveit_ur' with build type 'ament_cmake'
[0.678s] INFO:colcon.colcon_cmake.task.cmake.build:Building CMake package in '/home/mtrn/A2_project/A2_Project/src/demo_moveit_ur'
[0.683s] INFO:colcon.colcon_core.plugin_system:Skipping extension 'colcon_core.shell.bat': Not used on non-Windows systems
[0.683s] INFO:colcon.colcon_core.shell:Skip shell extension 'powershell' for command environment: Not usable outside of PowerShell
[0.683s] DEBUG:colcon.colcon_core.shell:Skip shell extension 'dsv' for command environment
[0.727s] DEBUG:colcon.colcon_core.event_handler.log_command:Invoking command in '/home/mtrn/A2_project/A2_Project/src/demo_moveit_ur/build/demo_moveit_ur': CMAKE_PREFIX_PATH=${CMAKE_PREFIX_PATH}:/home/mtrn/4231/ws_moveit2/install/moveit_configs_utils:/home/mtrn/4231/ws_moveit2/install/launch_param_builder:/opt/ros/humble /home/mtrn/.local/bin/cmake --build /home/mtrn/A2_project/A2_Project/src/demo_moveit_ur/build/demo_moveit_ur -- -j12 -l12
[19.381s] DEBUG:colcon.colcon_core.event_handler.log_command:Invoked command in '/home/mtrn/A2_project/A2_Project/src/demo_moveit_ur/build/demo_moveit_ur' returned '0': CMAKE_PREFIX_PATH=${CMAKE_PREFIX_PATH}:/home/mtrn/4231/ws_moveit2/install/moveit_configs_utils:/home/mtrn/4231/ws_moveit2/install/launch_param_builder:/opt/ros/humble /home/mtrn/.local/bin/cmake --build /home/mtrn/A2_project/A2_Project/src/demo_moveit_ur/build/demo_moveit_ur -- -j12 -l12
[19.731s] DEBUG:colcon.colcon_core.event_handler.log_command:Invoking command in '/home/mtrn/A2_project/A2_Project/src/demo_moveit_ur/build/demo_moveit_ur': CMAKE_PREFIX_PATH=${CMAKE_PREFIX_PATH}:/home/mtrn/4231/ws_moveit2/install/moveit_configs_utils:/home/mtrn/4231/ws_moveit2/install/launch_param_builder:/opt/ros/humble /home/mtrn/.local/bin/cmake --install /home/mtrn/A2_project/A2_Project/src/demo_moveit_ur/build/demo_moveit_ur
[19.815s] Level 1:colcon.colcon_core.environment:create_environment_scripts_only(demo_moveit_ur)
[19.818s] DEBUG:colcon.colcon_core.event_handler.log_command:Invoked command in '/home/mtrn/A2_project/A2_Project/src/demo_moveit_ur/build/demo_moveit_ur' returned '0': CMAKE_PREFIX_PATH=${CMAKE_PREFIX_PATH}:/home/mtrn/4231/ws_moveit2/install/moveit_configs_utils:/home/mtrn/4231/ws_moveit2/install/launch_param_builder:/opt/ros/humble /home/mtrn/.local/bin/cmake --install /home/mtrn/A2_project/A2_Project/src/demo_moveit_ur/build/demo_moveit_ur
[19.826s] Level 1:colcon.colcon_core.environment:checking '/home/mtrn/A2_project/A2_Project/src/demo_moveit_ur/install/demo_moveit_ur' for CMake module files
[19.828s] Level 1:colcon.colcon_core.environment:checking '/home/mtrn/A2_project/A2_Project/src/demo_moveit_ur/install/demo_moveit_ur' for CMake config files
[19.829s] Level 1:colcon.colcon_core.shell:create_environment_hook('demo_moveit_ur', 'cmake_prefix_path')
[19.831s] INFO:colcon.colcon_core.shell:Creating environment hook '/home/mtrn/A2_project/A2_Project/src/demo_moveit_ur/install/demo_moveit_ur/share/demo_moveit_ur/hook/cmake_prefix_path.ps1'
[19.832s] INFO:colcon.colcon_core.shell:Creating environment descriptor '/home/mtrn/A2_project/A2_Project/src/demo_moveit_ur/install/demo_moveit_ur/share/demo_moveit_ur/hook/cmake_prefix_path.dsv'
[19.833s] INFO:colcon.colcon_core.shell:Creating environment hook '/home/mtrn/A2_project/A2_Project/src/demo_moveit_ur/install/demo_moveit_ur/share/demo_moveit_ur/hook/cmake_prefix_path.sh'
[19.834s] Level 1:colcon.colcon_core.environment:checking '/home/mtrn/A2_project/A2_Project/src/demo_moveit_ur/install/demo_moveit_ur/lib'
[19.835s] Level 1:colcon.colcon_core.environment:checking '/home/mtrn/A2_project/A2_Project/src/demo_moveit_ur/install/demo_moveit_ur/bin'
[19.835s] Level 1:colcon.colcon_core.environment:checking '/home/mtrn/A2_project/A2_Project/src/demo_moveit_ur/install/demo_moveit_ur/lib/pkgconfig/demo_moveit_ur.pc'
[19.835s] Level 1:colcon.colcon_core.environment:checking '/home/mtrn/A2_project/A2_Project/src/demo_moveit_ur/install/demo_moveit_ur/lib/python3.10/site-packages'
[19.836s] Level 1:colcon.colcon_core.environment:checking '/home/mtrn/A2_project/A2_Project/src/demo_moveit_ur/install/demo_moveit_ur/bin'
[19.838s] INFO:colcon.colcon_core.shell:Creating package script '/home/mtrn/A2_project/A2_Project/src/demo_moveit_ur/install/demo_moveit_ur/share/demo_moveit_ur/package.ps1'
[19.839s] INFO:colcon.colcon_core.shell:Creating package descriptor '/home/mtrn/A2_project/A2_Project/src/demo_moveit_ur/install/demo_moveit_ur/share/demo_moveit_ur/package.dsv'
[19.839s] INFO:colcon.colcon_core.shell:Creating package script '/home/mtrn/A2_project/A2_Project/src/demo_moveit_ur/install/demo_moveit_ur/share/demo_moveit_ur/package.sh'
[19.840s] INFO:colcon.colcon_core.shell:Creating package script '/home/mtrn/A2_project/A2_Project/src/demo_moveit_ur/install/demo_moveit_ur/share/demo_moveit_ur/package.bash'
[19.841s] INFO:colcon.colcon_core.shell:Creating package script '/home/mtrn/A2_project/A2_Project/src/demo_moveit_ur/install/demo_moveit_ur/share/demo_moveit_ur/package.zsh'
[19.842s] Level 1:colcon.colcon_core.environment:create_file_with_runtime_dependencies(/home/mtrn/A2_project/A2_Project/src/demo_moveit_ur/install/demo_moveit_ur/share/colcon-core/packages/demo_moveit_ur)
[20.100s] Level 1:colcon.colcon_core.environment:create_environment_scripts_only(demo_moveit_ur)
[20.108s] Level 1:colcon.colcon_core.environment:checking '/home/mtrn/A2_project/A2_Project/src/demo_moveit_ur/install/demo_moveit_ur' for CMake module files
[20.110s] Level 1:colcon.colcon_core.environment:checking '/home/mtrn/A2_project/A2_Project/src/demo_moveit_ur/install/demo_moveit_ur' for CMake config files
[20.111s] Level 1:colcon.colcon_core.shell:create_environment_hook('demo_moveit_ur', 'cmake_prefix_path')
[20.113s] INFO:colcon.colcon_core.shell:Creating environment hook '/home/mtrn/A2_project/A2_Project/src/demo_moveit_ur/install/demo_moveit_ur/share/demo_moveit_ur/hook/cmake_prefix_path.ps1'
[20.114s] INFO:colcon.colcon_core.shell:Creating environment descriptor '/home/mtrn/A2_project/A2_Project/src/demo_moveit_ur/install/demo_moveit_ur/share/demo_moveit_ur/hook/cmake_prefix_path.dsv'
[20.114s] INFO:colcon.colcon_core.shell:Creating environment hook '/home/mtrn/A2_project/A2_Project/src/demo_moveit_ur/install/demo_moveit_ur/share/demo_moveit_ur/hook/cmake_prefix_path.sh'
[20.115s] Level 1:colcon.colcon_core.environment:checking '/home/mtrn/A2_project/A2_Project/src/demo_moveit_ur/install/demo_moveit_ur/lib'
[20.115s] Level 1:colcon.colcon_core.environment:checking '/home/mtrn/A2_project/A2_Project/src/demo_moveit_ur/install/demo_moveit_ur/bin'
[20.115s] Level 1:colcon.colcon_core.environment:checking '/home/mtrn/A2_project/A2_Project/src/demo_moveit_ur/install/demo_moveit_ur/lib/pkgconfig/demo_moveit_ur.pc'
[20.116s] Level 1:colcon.colcon_core.environment:checking '/home/mtrn/A2_project/A2_Project/src/demo_moveit_ur/install/demo_moveit_ur/lib/python3.10/site-packages'
[20.117s] Level 1:colcon.colcon_core.environment:checking '/home/mtrn/A2_project/A2_Project/src/demo_moveit_ur/install/demo_moveit_ur/bin'
[20.120s] INFO:colcon.colcon_core.shell:Creating package script '/home/mtrn/A2_project/A2_Project/src/demo_moveit_ur/install/demo_moveit_ur/share/demo_moveit_ur/package.ps1'
[20.121s] INFO:colcon.colcon_core.shell:Creating package descriptor '/home/mtrn/A2_project/A2_Project/src/demo_moveit_ur/install/demo_moveit_ur/share/demo_moveit_ur/package.dsv'
[20.122s] INFO:colcon.colcon_core.shell:Creating package script '/home/mtrn/A2_project/A2_Project/src/demo_moveit_ur/install/demo_moveit_ur/share/demo_moveit_ur/package.sh'
[20.122s] INFO:colcon.colcon_core.shell:Creating package script '/home/mtrn/A2_project/A2_Project/src/demo_moveit_ur/install/demo_moveit_ur/share/demo_moveit_ur/package.bash'
[20.123s] INFO:colcon.colcon_core.shell:Creating package script '/home/mtrn/A2_project/A2_Project/src/demo_moveit_ur/install/demo_moveit_ur/share/demo_moveit_ur/package.zsh'
[20.124s] Level 1:colcon.colcon_core.environment:create_file_with_runtime_dependencies(/home/mtrn/A2_project/A2_Project/src/demo_moveit_ur/install/demo_moveit_ur/share/colcon-core/packages/demo_moveit_ur)
[20.124s] DEBUG:colcon.colcon_parallel_executor.executor.parallel:closing loop
[20.125s] DEBUG:colcon.colcon_parallel_executor.executor.parallel:loop closed
[20.125s] DEBUG:colcon.colcon_parallel_executor.executor.parallel:run_until_complete finished with '0'
[20.125s] DEBUG:colcon.colcon_core.event_reactor:joining thread
[20.144s] INFO:colcon.colcon_core.plugin_system:Skipping extension 'colcon_notification.desktop_notification.terminal_notifier': Not used on non-Darwin systems
[20.144s] INFO:colcon.colcon_core.plugin_system:Skipping extension 'colcon_notification.desktop_notification.win32': Not used on non-Windows systems
[20.144s] INFO:colcon.colcon_notification.desktop_notification:Sending desktop notification using 'notify2'
[20.166s] DEBUG:colcon.colcon_core.event_reactor:joined thread
[20.170s] INFO:colcon.colcon_core.shell:Creating prefix script '/home/mtrn/A2_project/A2_Project/src/demo_moveit_ur/install/local_setup.ps1'
[20.173s] INFO:colcon.colcon_core.shell:Creating prefix util module '/home/mtrn/A2_project/A2_Project/src/demo_moveit_ur/install/_local_setup_util_ps1.py'
[20.177s] INFO:colcon.colcon_core.shell:Creating prefix chain script '/home/mtrn/A2_project/A2_Project/src/demo_moveit_ur/install/setup.ps1'
[20.187s] INFO:colcon.colcon_core.shell:Creating prefix script '/home/mtrn/A2_project/A2_Project/src/demo_moveit_ur/install/local_setup.sh'
[20.188s] INFO:colcon.colcon_core.shell:Creating prefix util module '/home/mtrn/A2_project/A2_Project/src/demo_moveit_ur/install/_local_setup_util_sh.py'
[20.189s] INFO:colcon.colcon_core.shell:Creating prefix chain script '/home/mtrn/A2_project/A2_Project/src/demo_moveit_ur/install/setup.sh'
[20.196s] INFO:colcon.colcon_core.shell:Creating prefix script '/home/mtrn/A2_project/A2_Project/src/demo_moveit_ur/install/local_setup.bash'
[20.197s] INFO:colcon.colcon_core.shell:Creating prefix chain script '/home/mtrn/A2_project/A2_Project/src/demo_moveit_ur/install/setup.bash'
[20.202s] INFO:colcon.colcon_core.shell:Creating prefix script '/home/mtrn/A2_project/A2_Project/src/demo_moveit_ur/install/local_setup.zsh'
[20.202s] INFO:colcon.colcon_core.shell:Creating prefix chain script '/home/mtrn/A2_project/A2_Project/src/demo_moveit_ur/install/setup.zsh'
