[0.951s] Invoking command in '/home/mtrn/4231/A2_Project/Computer_Vision/packages/src/image_warper': PYTHONPATH=/home/mtrn/4231/A2_Project/Computer_Vision/packages/build/image_warper/prefix_override:/home/mtrn/4231/A2_Project/Computer_Vision/packages/install/image_warper/lib/python3.10/site-packages:${PYTHONPATH} /usr/bin/python3 setup.py egg_info --egg-base ../../build/image_warper build --build-base /home/mtrn/4231/A2_Project/Computer_Vision/packages/build/image_warper/build install --record /home/mtrn/4231/A2_Project/Computer_Vision/packages/build/image_warper/install.log --single-version-externally-managed
[1.304s] running egg_info
[1.305s] writing ../../build/image_warper/image_warper.egg-info/PKG-INFO
[1.306s] writing dependency_links to ../../build/image_warper/image_warper.egg-info/dependency_links.txt
[1.306s] writing entry points to ../../build/image_warper/image_warper.egg-info/entry_points.txt
[1.306s] writing requirements to ../../build/image_warper/image_warper.egg-info/requires.txt
[1.306s] writing top-level names to ../../build/image_warper/image_warper.egg-info/top_level.txt
[1.308s] reading manifest file '../../build/image_warper/image_warper.egg-info/SOURCES.txt'
[1.309s] writing manifest file '../../build/image_warper/image_warper.egg-info/SOURCES.txt'
[1.315s] running build
[1.315s] running build_py
[1.315s] copying image_warper/ImagePublisher.py -> /home/mtrn/4231/A2_Project/Computer_Vision/packages/build/image_warper/build/lib/image_warper
[1.315s] running install
[1.315s] /usr/lib/python3/dist-packages/setuptools/command/install.py:34: SetuptoolsDeprecationWarning: setup.py install is deprecated. Use build and pip and other standards-based tools.
[1.316s]   warnings.warn(
[1.316s] running install_lib
[1.316s] copying /home/mtrn/4231/A2_Project/Computer_Vision/packages/build/image_warper/build/lib/image_warper/ImagePublisher.py -> /home/mtrn/4231/A2_Project/Computer_Vision/packages/install/image_warper/lib/python3.10/site-packages/image_warper
[1.316s] byte-compiling /home/mtrn/4231/A2_Project/Computer_Vision/packages/install/image_warper/lib/python3.10/site-packages/image_warper/ImagePublisher.py to ImagePublisher.cpython-310.pyc
[1.316s]   File "/home/mtrn/4231/A2_Project/Computer_Vision/packages/install/image_warper/lib/python3.10/site-packages/image_warper/ImagePublisher.py", line 24
[1.316s]     def main(args=None):/home/mtrn/4231/A2_Project/Computer_Vision/packages/src/image_warper/image_warper/1.png
[1.316s]                                                                                                            ^
[1.316s] SyntaxError: invalid decimal literal
[1.316s] 
[1.316s] running install_data
[1.316s] running install_egg_info
[1.319s] removing '/home/mtrn/4231/A2_Project/Computer_Vision/packages/install/image_warper/lib/python3.10/site-packages/image_warper-0.0.0-py3.10.egg-info' (and everything under it)
[1.319s] Copying ../../build/image_warper/image_warper.egg-info to /home/mtrn/4231/A2_Project/Computer_Vision/packages/install/image_warper/lib/python3.10/site-packages/image_warper-0.0.0-py3.10.egg-info
[1.319s] running install_scripts
[1.346s] Installing ImagePublisher script to /home/mtrn/4231/A2_Project/Computer_Vision/packages/install/image_warper/lib/image_warper
[1.347s] Installing image_warper script to /home/mtrn/4231/A2_Project/Computer_Vision/packages/install/image_warper/lib/image_warper
[1.347s] writing list of installed files to '/home/mtrn/4231/A2_Project/Computer_Vision/packages/build/image_warper/install.log'
[1.392s] Invoked command in '/home/mtrn/4231/A2_Project/Computer_Vision/packages/src/image_warper' returned '0': PYTHONPATH=/home/mtrn/4231/A2_Project/Computer_Vision/packages/build/image_warper/prefix_override:/home/mtrn/4231/A2_Project/Computer_Vision/packages/install/image_warper/lib/python3.10/site-packages:${PYTHONPATH} /usr/bin/python3 setup.py egg_info --egg-base ../../build/image_warper build --build-base /home/mtrn/4231/A2_Project/Computer_Vision/packages/build/image_warper/build install --record /home/mtrn/4231/A2_Project/Computer_Vision/packages/build/image_warper/install.log --single-version-externally-managed
