[35m[1mConsolidate compiler generated dependencies of target subscriber_node[0m
[ 50%] [32mBuilding CXX object CMakeFiles/subscriber_node.dir/src/subscriber_node.cpp.o[0m
[100%] [32m[1mLinking CXX executable subscriber_node[0m
[100%] Built target subscriber_node
-- Install configuration: ""
-- Installing: /home/mtrn/4231/A2_Project/Computer_Vision/packages/install/pizza_pos/lib/pizza_pos/subscriber_node
-- Set runtime path of "/home/mtrn/4231/A2_Project/Computer_Vision/packages/install/pizza_pos/lib/pizza_pos/subscriber_node" to ""
-- Installing: /home/mtrn/4231/A2_Project/Computer_Vision/packages/install/pizza_pos/share/ament_index/resource_index/package_run_dependencies/pizza_pos
-- Installing: /home/mtrn/4231/A2_Project/Computer_Vision/packages/install/pizza_pos/share/ament_index/resource_index/parent_prefix_path/pizza_pos
-- Installing: /home/mtrn/4231/A2_Project/Computer_Vision/packages/install/pizza_pos/share/pizza_pos/environment/ament_prefix_path.sh
-- Installing: /home/mtrn/4231/A2_Project/Computer_Vision/packages/install/pizza_pos/share/pizza_pos/environment/ament_prefix_path.dsv
-- Installing: /home/mtrn/4231/A2_Project/Computer_Vision/packages/install/pizza_pos/share/pizza_pos/environment/path.sh
-- Installing: /home/mtrn/4231/A2_Project/Computer_Vision/packages/install/pizza_pos/share/pizza_pos/environment/path.dsv
-- Installing: /home/mtrn/4231/A2_Project/Computer_Vision/packages/install/pizza_pos/share/pizza_pos/local_setup.bash
-- Installing: /home/mtrn/4231/A2_Project/Computer_Vision/packages/install/pizza_pos/share/pizza_pos/local_setup.sh
-- Installing: /home/mtrn/4231/A2_Project/Computer_Vision/packages/install/pizza_pos/share/pizza_pos/local_setup.zsh
-- Installing: /home/mtrn/4231/A2_Project/Computer_Vision/packages/install/pizza_pos/share/pizza_pos/local_setup.dsv
-- Installing: /home/mtrn/4231/A2_Project/Computer_Vision/packages/install/pizza_pos/share/pizza_pos/package.dsv
-- Installing: /home/mtrn/4231/A2_Project/Computer_Vision/packages/install/pizza_pos/share/ament_index/resource_index/packages/pizza_pos
-- Installing: /home/mtrn/4231/A2_Project/Computer_Vision/packages/install/pizza_pos/share/pizza_pos/cmake/pizza_posConfig.cmake
-- Installing: /home/mtrn/4231/A2_Project/Computer_Vision/packages/install/pizza_pos/share/pizza_pos/cmake/pizza_posConfig-version.cmake
-- Installing: /home/mtrn/4231/A2_Project/Computer_Vision/packages/install/pizza_pos/share/pizza_pos/package.xml
