[1.159s] Invoking command in '/home/mtrn/A2_project/A2_Project/Computer_Vision/packages/src/image_warper': PYTHONPATH=/home/mtrn/A2_project/A2_Project/Computer_Vision/packages/build/image_warper/prefix_override:/home/mtrn/A2_project/A2_Project/Computer_Vision/packages/install/image_warper/lib/python3.10/site-packages:${PYTHONPATH} /usr/bin/python3 setup.py egg_info --egg-base ../../build/image_warper build --build-base /home/mtrn/A2_project/A2_Project/Computer_Vision/packages/build/image_warper/build install --record /home/mtrn/A2_project/A2_Project/Computer_Vision/packages/build/image_warper/install.log --single-version-externally-managed
[1.416s] running egg_info
[1.417s] writing ../../build/image_warper/image_warper.egg-info/PKG-INFO
[1.417s] writing dependency_links to ../../build/image_warper/image_warper.egg-info/dependency_links.txt
[1.417s] writing entry points to ../../build/image_warper/image_warper.egg-info/entry_points.txt
[1.417s] writing requirements to ../../build/image_warper/image_warper.egg-info/requires.txt
[1.418s] writing top-level names to ../../build/image_warper/image_warper.egg-info/top_level.txt
[1.421s] reading manifest file '../../build/image_warper/image_warper.egg-info/SOURCES.txt'
[1.421s] writing manifest file '../../build/image_warper/image_warper.egg-info/SOURCES.txt'
[1.421s] running build
[1.421s] running build_py
[1.421s] copying image_warper/image_warper.py -> /home/mtrn/A2_project/A2_Project/Computer_Vision/packages/build/image_warper/build/lib/image_warper
[1.422s] running install
[1.423s] /usr/lib/python3/dist-packages/setuptools/command/install.py:34: SetuptoolsDeprecationWarning: setup.py install is deprecated. Use build and pip and other standards-based tools.
[1.423s]   warnings.warn(
[1.424s] running install_lib
[1.424s] copying /home/mtrn/A2_project/A2_Project/Computer_Vision/packages/build/image_warper/build/lib/image_warper/image_warper.py -> /home/mtrn/A2_project/A2_Project/Computer_Vision/packages/install/image_warper/lib/python3.10/site-packages/image_warper
[1.424s] byte-compiling /home/mtrn/A2_project/A2_Project/Computer_Vision/packages/install/image_warper/lib/python3.10/site-packages/image_warper/image_warper.py to image_warper.cpython-310.pyc
[1.426s] running install_data
[1.427s] running install_egg_info
[1.430s] removing '/home/mtrn/A2_project/A2_Project/Computer_Vision/packages/install/image_warper/lib/python3.10/site-packages/image_warper-0.0.0-py3.10.egg-info' (and everything under it)
[1.431s] Copying ../../build/image_warper/image_warper.egg-info to /home/mtrn/A2_project/A2_Project/Computer_Vision/packages/install/image_warper/lib/python3.10/site-packages/image_warper-0.0.0-py3.10.egg-info
[1.431s] running install_scripts
[1.455s] Installing ImagePublisher script to /home/mtrn/A2_project/A2_Project/Computer_Vision/packages/install/image_warper/lib/image_warper
[1.456s] Installing image_warper script to /home/mtrn/A2_project/A2_Project/Computer_Vision/packages/install/image_warper/lib/image_warper
[1.456s] writing list of installed files to '/home/mtrn/A2_project/A2_Project/Computer_Vision/packages/build/image_warper/install.log'
[1.493s] Invoked command in '/home/mtrn/A2_project/A2_Project/Computer_Vision/packages/src/image_warper' returned '0': PYTHONPATH=/home/mtrn/A2_project/A2_Project/Computer_Vision/packages/build/image_warper/prefix_override:/home/mtrn/A2_project/A2_Project/Computer_Vision/packages/install/image_warper/lib/python3.10/site-packages:${PYTHONPATH} /usr/bin/python3 setup.py egg_info --egg-base ../../build/image_warper build --build-base /home/mtrn/A2_project/A2_Project/Computer_Vision/packages/build/image_warper/build install --record /home/mtrn/A2_project/A2_Project/Computer_Vision/packages/build/image_warper/install.log --single-version-externally-managed
