[2.318s] Invoking command in '/home/mtrn/A2_project/A2_Project/Computer_Vision/packages/src/yolo_ros/yolov8_ros': PYTHONPATH=/home/mtrn/A2_project/A2_Project/Computer_Vision/packages/build/yolov8_ros/prefix_override:/home/mtrn/A2_project/A2_Project/Computer_Vision/packages/install/yolov8_ros/lib/python3.10/site-packages:${PYTHONPATH} /usr/bin/python3 setup.py egg_info --egg-base ../../../build/yolov8_ros build --build-base /home/mtrn/A2_project/A2_Project/Computer_Vision/packages/build/yolov8_ros/build install --record /home/mtrn/A2_project/A2_Project/Computer_Vision/packages/build/yolov8_ros/install.log --single-version-externally-managed
[2.941s] running egg_info
[2.942s] creating ../../../build/yolov8_ros/yolov8_ros.egg-info
[2.943s] writing ../../../build/yolov8_ros/yolov8_ros.egg-info/PKG-INFO
[2.943s] writing dependency_links to ../../../build/yolov8_ros/yolov8_ros.egg-info/dependency_links.txt
[2.944s] writing entry points to ../../../build/yolov8_ros/yolov8_ros.egg-info/entry_points.txt
[2.944s] writing requirements to ../../../build/yolov8_ros/yolov8_ros.egg-info/requires.txt
[2.944s] writing top-level names to ../../../build/yolov8_ros/yolov8_ros.egg-info/top_level.txt
[2.944s] writing manifest file '../../../build/yolov8_ros/yolov8_ros.egg-info/SOURCES.txt'
[2.954s] reading manifest file '../../../build/yolov8_ros/yolov8_ros.egg-info/SOURCES.txt'
[2.956s] writing manifest file '../../../build/yolov8_ros/yolov8_ros.egg-info/SOURCES.txt'
[2.957s] running build
[2.957s] running build_py
[2.957s] creating /home/mtrn/A2_project/A2_Project/Computer_Vision/packages/build/yolov8_ros/build
[2.958s] creating /home/mtrn/A2_project/A2_Project/Computer_Vision/packages/build/yolov8_ros/build/lib
[2.958s] creating /home/mtrn/A2_project/A2_Project/Computer_Vision/packages/build/yolov8_ros/build/lib/yolov8_ros
[2.958s] copying yolov8_ros/__init__.py -> /home/mtrn/A2_project/A2_Project/Computer_Vision/packages/build/yolov8_ros/build/lib/yolov8_ros
[2.958s] copying yolov8_ros/debug_node.py -> /home/mtrn/A2_project/A2_Project/Computer_Vision/packages/build/yolov8_ros/build/lib/yolov8_ros
[2.958s] copying yolov8_ros/detect_3d_node.py -> /home/mtrn/A2_project/A2_Project/Computer_Vision/packages/build/yolov8_ros/build/lib/yolov8_ros
[2.958s] copying yolov8_ros/tracking_node.py -> /home/mtrn/A2_project/A2_Project/Computer_Vision/packages/build/yolov8_ros/build/lib/yolov8_ros
[2.958s] copying yolov8_ros/yolov8_node.py -> /home/mtrn/A2_project/A2_Project/Computer_Vision/packages/build/yolov8_ros/build/lib/yolov8_ros
[2.959s] running install
[2.960s] running install_lib
[2.961s] creating /home/mtrn/A2_project/A2_Project/Computer_Vision/packages/install/yolov8_ros/lib/python3.10/site-packages/yolov8_ros
[2.962s] copying /home/mtrn/A2_project/A2_Project/Computer_Vision/packages/build/yolov8_ros/build/lib/yolov8_ros/__init__.py -> /home/mtrn/A2_project/A2_Project/Computer_Vision/packages/install/yolov8_ros/lib/python3.10/site-packages/yolov8_ros
[2.962s] copying /home/mtrn/A2_project/A2_Project/Computer_Vision/packages/build/yolov8_ros/build/lib/yolov8_ros/debug_node.py -> /home/mtrn/A2_project/A2_Project/Computer_Vision/packages/install/yolov8_ros/lib/python3.10/site-packages/yolov8_ros
[2.962s] copying /home/mtrn/A2_project/A2_Project/Computer_Vision/packages/build/yolov8_ros/build/lib/yolov8_ros/detect_3d_node.py -> /home/mtrn/A2_project/A2_Project/Computer_Vision/packages/install/yolov8_ros/lib/python3.10/site-packages/yolov8_ros
[2.962s] copying /home/mtrn/A2_project/A2_Project/Computer_Vision/packages/build/yolov8_ros/build/lib/yolov8_ros/tracking_node.py -> /home/mtrn/A2_project/A2_Project/Computer_Vision/packages/install/yolov8_ros/lib/python3.10/site-packages/yolov8_ros
[2.963s] copying /home/mtrn/A2_project/A2_Project/Computer_Vision/packages/build/yolov8_ros/build/lib/yolov8_ros/yolov8_node.py -> /home/mtrn/A2_project/A2_Project/Computer_Vision/packages/install/yolov8_ros/lib/python3.10/site-packages/yolov8_ros
[2.964s] byte-compiling /home/mtrn/A2_project/A2_Project/Computer_Vision/packages/install/yolov8_ros/lib/python3.10/site-packages/yolov8_ros/__init__.py to __init__.cpython-310.pyc
[2.965s] byte-compiling /home/mtrn/A2_project/A2_Project/Computer_Vision/packages/install/yolov8_ros/lib/python3.10/site-packages/yolov8_ros/debug_node.py to debug_node.cpython-310.pyc
[2.969s] byte-compiling /home/mtrn/A2_project/A2_Project/Computer_Vision/packages/install/yolov8_ros/lib/python3.10/site-packages/yolov8_ros/detect_3d_node.py to detect_3d_node.cpython-310.pyc
[2.971s] byte-compiling /home/mtrn/A2_project/A2_Project/Computer_Vision/packages/install/yolov8_ros/lib/python3.10/site-packages/yolov8_ros/tracking_node.py to tracking_node.cpython-310.pyc
[2.973s] byte-compiling /home/mtrn/A2_project/A2_Project/Computer_Vision/packages/install/yolov8_ros/lib/python3.10/site-packages/yolov8_ros/yolov8_node.py to yolov8_node.cpython-310.pyc
[2.975s] running install_data
[2.977s] creating /home/mtrn/A2_project/A2_Project/Computer_Vision/packages/install/yolov8_ros/share/ament_index
[2.977s] creating /home/mtrn/A2_project/A2_Project/Computer_Vision/packages/install/yolov8_ros/share/ament_index/resource_index
[2.977s] creating /home/mtrn/A2_project/A2_Project/Computer_Vision/packages/install/yolov8_ros/share/ament_index/resource_index/packages
[2.977s] copying resource/yolov8_ros -> /home/mtrn/A2_project/A2_Project/Computer_Vision/packages/install/yolov8_ros/share/ament_index/resource_index/packages
[2.978s] copying package.xml -> /home/mtrn/A2_project/A2_Project/Computer_Vision/packages/install/yolov8_ros/share/yolov8_ros
[2.978s] running install_egg_info
[2.983s] Copying ../../../build/yolov8_ros/yolov8_ros.egg-info to /home/mtrn/A2_project/A2_Project/Computer_Vision/packages/install/yolov8_ros/lib/python3.10/site-packages/yolov8_ros-0.0.0-py3.10.egg-info
[2.984s] running install_scripts
[3.017s] Installing debug_node script to /home/mtrn/A2_project/A2_Project/Computer_Vision/packages/install/yolov8_ros/lib/yolov8_ros
[3.017s] Installing detect_3d_node script to /home/mtrn/A2_project/A2_Project/Computer_Vision/packages/install/yolov8_ros/lib/yolov8_ros
[3.018s] Installing tracking_node script to /home/mtrn/A2_project/A2_Project/Computer_Vision/packages/install/yolov8_ros/lib/yolov8_ros
[3.018s] Installing yolov8_node script to /home/mtrn/A2_project/A2_Project/Computer_Vision/packages/install/yolov8_ros/lib/yolov8_ros
[3.019s] writing list of installed files to '/home/mtrn/A2_project/A2_Project/Computer_Vision/packages/build/yolov8_ros/install.log'
[3.141s] Invoked command in '/home/mtrn/A2_project/A2_Project/Computer_Vision/packages/src/yolo_ros/yolov8_ros' returned '0': PYTHONPATH=/home/mtrn/A2_project/A2_Project/Computer_Vision/packages/build/yolov8_ros/prefix_override:/home/mtrn/A2_project/A2_Project/Computer_Vision/packages/install/yolov8_ros/lib/python3.10/site-packages:${PYTHONPATH} /usr/bin/python3 setup.py egg_info --egg-base ../../../build/yolov8_ros build --build-base /home/mtrn/A2_project/A2_Project/Computer_Vision/packages/build/yolov8_ros/build install --record /home/mtrn/A2_project/A2_Project/Computer_Vision/packages/build/yolov8_ros/install.log --single-version-externally-managed
