[0.074s] Invoking command in '/home/mtrn/4231/A2_Project/Computer_Vision/packages/build/pizza_pos': AMENT_PREFIX_PATH=/home/mtrn/4231/A2_Project/Computer_Vision/packages/install/yolov8_ros:${AMENT_PREFIX_PATH} CMAKE_PREFIX_PATH=${CMAKE_PREFIX_PATH}:/home/mtrn/4231/ws_moveit2/install/moveit_configs_utils:/home/mtrn/4231/ws_moveit2/install/launch_param_builder:/opt/ros/humble PYTHONPATH=/home/mtrn/4231/A2_Project/Computer_Vision/packages/install/yolov8_ros/lib/python3.10/site-packages:${PYTHONPATH} /usr/bin/cmake /home/mtrn/4231/A2_Project/Computer_Vision/packages/src/pizza_pos -DCMAKE_INSTALL_PREFIX=/home/mtrn/4231/A2_Project/Computer_Vision/packages/install/pizza_pos
[0.238s] -- The C compiler identification is GNU 11.4.0
[0.400s] -- The CXX compiler identification is GNU 11.4.0
[0.415s] -- Detecting C compiler ABI info
[0.551s] -- Detecting C compiler ABI info - done
[0.561s] -- Check for working C compiler: /usr/bin/cc - skipped
[0.562s] -- Detecting C compile features
[0.563s] -- Detecting C compile features - done
[0.569s] -- Detecting CXX compiler ABI info
[0.694s] -- Detecting CXX compiler ABI info - done
[0.707s] -- Check for working CXX compiler: /usr/bin/c++ - skipped
[0.707s] -- Detecting CXX compile features
[0.708s] -- Detecting CXX compile features - done
[0.722s] -- Found ament_cmake: 1.3.5 (/opt/ros/humble/share/ament_cmake/cmake)
[1.031s] -- Found Python3: /usr/bin/python3.10 (found version "3.10.12") found components: Interpreter 
[1.289s] -- Found rclcpp: 16.0.5 (/opt/ros/humble/share/rclcpp/cmake)
[1.453s] -- Found rosidl_generator_c: 3.1.5 (/opt/ros/humble/share/rosidl_generator_c/cmake)
[1.478s] -- Found rosidl_adapter: 3.1.5 (/opt/ros/humble/share/rosidl_adapter/cmake)
[1.509s] -- Found rosidl_generator_cpp: 3.1.5 (/opt/ros/humble/share/rosidl_generator_cpp/cmake)
[1.559s] -- Using all available rosidl_typesupport_c: rosidl_typesupport_fastrtps_c;rosidl_typesupport_introspection_c
[1.627s] -- Using all available rosidl_typesupport_cpp: rosidl_typesupport_fastrtps_cpp;rosidl_typesupport_introspection_cpp
[1.855s] -- Found rmw_implementation_cmake: 6.1.1 (/opt/ros/humble/share/rmw_implementation_cmake/cmake)
[1.874s] -- Found rmw_cyclonedds_cpp: 1.3.4 (/opt/ros/humble/share/rmw_cyclonedds_cpp/cmake)
[2.008s] -- Using RMW implementation 'rmw_cyclonedds_cpp' as default
[2.052s] -- Looking for pthread.h
[2.190s] -- Looking for pthread.h - found
[2.191s] -- Performing Test CMAKE_HAVE_LIBC_PTHREAD
[2.306s] -- Performing Test CMAKE_HAVE_LIBC_PTHREAD - Success
[2.307s] -- Found Threads: TRUE  
[2.622s] [31mCMake Error at CMakeLists.txt:11 (find_package):
[2.622s]   By not providing "Findyolov8_ros.cmake" in CMAKE_MODULE_PATH this project
[2.622s]   has asked CMake to find a package configuration file provided by
[2.622s]   "yolov8_ros", but CMake did not find one.
[2.622s] 
[2.623s]   Could not find a package configuration file provided by "yolov8_ros" with
[2.623s]   any of the following names:
[2.623s] 
[2.623s]     yolov8_rosConfig.cmake
[2.623s]     yolov8_ros-config.cmake
[2.623s] 
[2.623s]   Add the installation prefix of "yolov8_ros" to CMAKE_PREFIX_PATH or set
[2.623s]   "yolov8_ros_DIR" to a directory containing one of the above files.  If
[2.623s]   "yolov8_ros" provides a separate development package or SDK, be sure it has
[2.623s]   been installed.
[2.623s] 
[2.624s] [0m
[2.624s] -- Configuring incomplete, errors occurred!
[2.624s] See also "/home/mtrn/4231/A2_Project/Computer_Vision/packages/build/pizza_pos/CMakeFiles/CMakeOutput.log".
[2.630s] Invoked command in '/home/mtrn/4231/A2_Project/Computer_Vision/packages/build/pizza_pos' returned '1': AMENT_PREFIX_PATH=/home/mtrn/4231/A2_Project/Computer_Vision/packages/install/yolov8_ros:${AMENT_PREFIX_PATH} CMAKE_PREFIX_PATH=${CMAKE_PREFIX_PATH}:/home/mtrn/4231/ws_moveit2/install/moveit_configs_utils:/home/mtrn/4231/ws_moveit2/install/launch_param_builder:/opt/ros/humble PYTHONPATH=/home/mtrn/4231/A2_Project/Computer_Vision/packages/install/yolov8_ros/lib/python3.10/site-packages:${PYTHONPATH} /usr/bin/cmake /home/mtrn/4231/A2_Project/Computer_Vision/packages/src/pizza_pos -DCMAKE_INSTALL_PREFIX=/home/mtrn/4231/A2_Project/Computer_Vision/packages/install/pizza_pos
