[2.586s] Invoking command in '/home/mtrn/A2_project/A2_Project/Computer_Vision/packages/src/image_warper': PYTHONPATH=/home/mtrn/A2_project/A2_Project/Computer_Vision/packages/build/image_warper/prefix_override:/home/mtrn/A2_project/A2_Project/Computer_Vision/packages/install/image_warper/lib/python3.10/site-packages:${PYTHONPATH} /usr/bin/python3 setup.py egg_info --egg-base ../../build/image_warper build --build-base /home/mtrn/A2_project/A2_Project/Computer_Vision/packages/build/image_warper/build install --record /home/mtrn/A2_project/A2_Project/Computer_Vision/packages/build/image_warper/install.log --single-version-externally-managed
[3.123s] running egg_info
[3.124s] creating ../../build/image_warper/image_warper.egg-info
[3.125s] writing ../../build/image_warper/image_warper.egg-info/PKG-INFO
[3.125s] writing dependency_links to ../../build/image_warper/image_warper.egg-info/dependency_links.txt
[3.129s] writing entry points to ../../build/image_warper/image_warper.egg-info/entry_points.txt
[3.129s] writing requirements to ../../build/image_warper/image_warper.egg-info/requires.txt
[3.129s] writing top-level names to ../../build/image_warper/image_warper.egg-info/top_level.txt
[3.129s] writing manifest file '../../build/image_warper/image_warper.egg-info/SOURCES.txt'
[3.132s] reading manifest file '../../build/image_warper/image_warper.egg-info/SOURCES.txt'
[3.134s] writing manifest file '../../build/image_warper/image_warper.egg-info/SOURCES.txt'
[3.134s] running build
[3.134s] running build_py
[3.134s] creating /home/mtrn/A2_project/A2_Project/Computer_Vision/packages/build/image_warper/build
[3.134s] creating /home/mtrn/A2_project/A2_Project/Computer_Vision/packages/build/image_warper/build/lib
[3.134s] creating /home/mtrn/A2_project/A2_Project/Computer_Vision/packages/build/image_warper/build/lib/image_warper
[3.134s] copying image_warper/__init__.py -> /home/mtrn/A2_project/A2_Project/Computer_Vision/packages/build/image_warper/build/lib/image_warper
[3.134s] copying image_warper/ImagePublisher.py -> /home/mtrn/A2_project/A2_Project/Computer_Vision/packages/build/image_warper/build/lib/image_warper
[3.135s] copying image_warper/image_warper.py -> /home/mtrn/A2_project/A2_Project/Computer_Vision/packages/build/image_warper/build/lib/image_warper
[3.135s] running install
[3.135s] /usr/lib/python3/dist-packages/setuptools/command/install.py:34: SetuptoolsDeprecationWarning: setup.py install is deprecated. Use build and pip and other standards-based tools.
[3.135s]   warnings.warn(
[3.136s] running install_lib
[3.137s] creating /home/mtrn/A2_project/A2_Project/Computer_Vision/packages/install/image_warper/lib/python3.10/site-packages/image_warper
[3.137s] copying /home/mtrn/A2_project/A2_Project/Computer_Vision/packages/build/image_warper/build/lib/image_warper/__init__.py -> /home/mtrn/A2_project/A2_Project/Computer_Vision/packages/install/image_warper/lib/python3.10/site-packages/image_warper
[3.137s] copying /home/mtrn/A2_project/A2_Project/Computer_Vision/packages/build/image_warper/build/lib/image_warper/ImagePublisher.py -> /home/mtrn/A2_project/A2_Project/Computer_Vision/packages/install/image_warper/lib/python3.10/site-packages/image_warper
[3.138s] copying /home/mtrn/A2_project/A2_Project/Computer_Vision/packages/build/image_warper/build/lib/image_warper/image_warper.py -> /home/mtrn/A2_project/A2_Project/Computer_Vision/packages/install/image_warper/lib/python3.10/site-packages/image_warper
[3.140s] byte-compiling /home/mtrn/A2_project/A2_Project/Computer_Vision/packages/install/image_warper/lib/python3.10/site-packages/image_warper/__init__.py to __init__.cpython-310.pyc
[3.141s] byte-compiling /home/mtrn/A2_project/A2_Project/Computer_Vision/packages/install/image_warper/lib/python3.10/site-packages/image_warper/ImagePublisher.py to ImagePublisher.cpython-310.pyc
[3.141s] byte-compiling /home/mtrn/A2_project/A2_Project/Computer_Vision/packages/install/image_warper/lib/python3.10/site-packages/image_warper/image_warper.py to image_warper.cpython-310.pyc
[3.143s] running install_data
[3.144s] creating /home/mtrn/A2_project/A2_Project/Computer_Vision/packages/install/image_warper/share/ament_index
[3.145s] creating /home/mtrn/A2_project/A2_Project/Computer_Vision/packages/install/image_warper/share/ament_index/resource_index
[3.145s] creating /home/mtrn/A2_project/A2_Project/Computer_Vision/packages/install/image_warper/share/ament_index/resource_index/packages
[3.145s] copying resource/image_warper -> /home/mtrn/A2_project/A2_Project/Computer_Vision/packages/install/image_warper/share/ament_index/resource_index/packages
[3.146s] copying package.xml -> /home/mtrn/A2_project/A2_Project/Computer_Vision/packages/install/image_warper/share/image_warper
[3.146s] running install_egg_info
[3.154s] Copying ../../build/image_warper/image_warper.egg-info to /home/mtrn/A2_project/A2_Project/Computer_Vision/packages/install/image_warper/lib/python3.10/site-packages/image_warper-0.0.0-py3.10.egg-info
[3.156s] running install_scripts
[3.229s] Installing ImagePublisher script to /home/mtrn/A2_project/A2_Project/Computer_Vision/packages/install/image_warper/lib/image_warper
[3.230s] Installing image_warper script to /home/mtrn/A2_project/A2_Project/Computer_Vision/packages/install/image_warper/lib/image_warper
[3.230s] writing list of installed files to '/home/mtrn/A2_project/A2_Project/Computer_Vision/packages/build/image_warper/install.log'
[3.324s] Invoked command in '/home/mtrn/A2_project/A2_Project/Computer_Vision/packages/src/image_warper' returned '0': PYTHONPATH=/home/mtrn/A2_project/A2_Project/Computer_Vision/packages/build/image_warper/prefix_override:/home/mtrn/A2_project/A2_Project/Computer_Vision/packages/install/image_warper/lib/python3.10/site-packages:${PYTHONPATH} /usr/bin/python3 setup.py egg_info --egg-base ../../build/image_warper build --build-base /home/mtrn/A2_project/A2_Project/Computer_Vision/packages/build/image_warper/build install --record /home/mtrn/A2_project/A2_Project/Computer_Vision/packages/build/image_warper/install.log --single-version-externally-managed
