[0.773s] DEBUG:colcon:Command line arguments: ['/usr/bin/colcon', 'build']
[0.774s] DEBUG:colcon:Parsed command line arguments: Namespace(log_base=None, log_level=None, verb_name='build', build_base='build', install_base='install', merge_install=False, symlink_install=False, test_result_base=None, continue_on_error=False, executor='parallel', parallel_workers=12, event_handlers=None, ignore_user_meta=False, metas=['./colcon.meta'], base_paths=['.'], packages_ignore=None, packages_ignore_regex=None, paths=None, packages_up_to=None, packages_up_to_regex=None, packages_above=None, packages_above_and_dependencies=None, packages_above_depth=None, packages_select_by_dep=None, packages_skip_by_dep=None, packages_skip_up_to=None, packages_select_build_failed=False, packages_skip_build_finished=False, packages_select_test_failures=False, packages_skip_test_passed=False, packages_select=None, packages_skip=None, packages_select_regex=None, packages_skip_regex=None, packages_start=None, packages_end=None, allow_overriding=[], cmake_args=None, cmake_target=None, cmake_target_skip_unavailable=False, cmake_clean_cache=False, cmake_clean_first=False, cmake_force_configure=False, ament_cmake_args=None, catkin_cmake_args=None, catkin_skip_building_tests=False, mixin_files=None, mixin=None, verb_parser=<colcon_mixin.mixin.mixin_argument.MixinArgumentDecorator object at 0x7fe60a2e1060>, verb_extension=<colcon_core.verb.build.BuildVerb object at 0x7fe60ae16710>, main=<bound method BuildVerb.main of <colcon_core.verb.build.BuildVerb object at 0x7fe60ae16710>>, mixin_verb=('build',))
[0.824s] Level 1:colcon.colcon_core.package_discovery:discover_packages(colcon_meta) check parameters
[0.826s] Level 1:colcon.colcon_core.package_discovery:discover_packages(recursive) check parameters
[0.827s] Level 1:colcon.colcon_core.package_discovery:discover_packages(ignore) check parameters
[0.827s] Level 1:colcon.colcon_core.package_discovery:discover_packages(path) check parameters
[0.827s] Level 1:colcon.colcon_core.package_discovery:discover_packages(colcon_meta) discover
[0.827s] Level 1:colcon.colcon_core.package_discovery:discover_packages(recursive) discover
[0.827s] INFO:colcon.colcon_core.package_discovery:Crawling recursively for packages in '/home/mtrn/A2_project/A2_Project/Computer_Vision/packages'
[0.828s] Level 1:colcon.colcon_core.package_identification:_identify(.) by extensions ['ignore', 'ignore_ament_install']
[0.828s] Level 1:colcon.colcon_core.package_identification:_identify(.) by extension 'ignore'
[0.828s] Level 1:colcon.colcon_core.package_identification:_identify(.) by extension 'ignore_ament_install'
[0.828s] Level 1:colcon.colcon_core.package_identification:_identify(.) by extensions ['colcon_pkg']
[0.828s] Level 1:colcon.colcon_core.package_identification:_identify(.) by extension 'colcon_pkg'
[0.828s] Level 1:colcon.colcon_core.package_identification:_identify(.) by extensions ['colcon_meta']
[0.828s] Level 1:colcon.colcon_core.package_identification:_identify(.) by extension 'colcon_meta'
[0.828s] Level 1:colcon.colcon_core.package_identification:_identify(.) by extensions ['ros']
[0.828s] Level 1:colcon.colcon_core.package_identification:_identify(.) by extension 'ros'
[0.857s] Level 1:colcon.colcon_core.package_identification:_identify(.) by extensions ['cmake', 'python']
[0.857s] Level 1:colcon.colcon_core.package_identification:_identify(.) by extension 'cmake'
[0.857s] Level 1:colcon.colcon_core.package_identification:_identify(.) by extension 'python'
[0.857s] Level 1:colcon.colcon_core.package_identification:_identify(.) by extensions ['python_setup_py']
[0.858s] Level 1:colcon.colcon_core.package_identification:_identify(.) by extension 'python_setup_py'
[0.858s] Level 1:colcon.colcon_core.package_identification:_identify(build) by extensions ['ignore', 'ignore_ament_install']
[0.859s] Level 1:colcon.colcon_core.package_identification:_identify(build) by extension 'ignore'
[0.860s] Level 1:colcon.colcon_core.package_identification:_identify(build) ignored
[0.860s] Level 1:colcon.colcon_core.package_identification:_identify(install) by extensions ['ignore', 'ignore_ament_install']
[0.861s] Level 1:colcon.colcon_core.package_identification:_identify(install) by extension 'ignore'
[0.861s] Level 1:colcon.colcon_core.package_identification:_identify(install) ignored
[0.861s] Level 1:colcon.colcon_core.package_identification:_identify(log) by extensions ['ignore', 'ignore_ament_install']
[0.861s] Level 1:colcon.colcon_core.package_identification:_identify(log) by extension 'ignore'
[0.861s] Level 1:colcon.colcon_core.package_identification:_identify(log) ignored
[0.861s] Level 1:colcon.colcon_core.package_identification:_identify(src) by extensions ['ignore', 'ignore_ament_install']
[0.861s] Level 1:colcon.colcon_core.package_identification:_identify(src) by extension 'ignore'
[0.862s] Level 1:colcon.colcon_core.package_identification:_identify(src) by extension 'ignore_ament_install'
[0.862s] Level 1:colcon.colcon_core.package_identification:_identify(src) by extensions ['colcon_pkg']
[0.862s] Level 1:colcon.colcon_core.package_identification:_identify(src) by extension 'colcon_pkg'
[0.862s] Level 1:colcon.colcon_core.package_identification:_identify(src) by extensions ['colcon_meta']
[0.862s] Level 1:colcon.colcon_core.package_identification:_identify(src) by extension 'colcon_meta'
[0.862s] Level 1:colcon.colcon_core.package_identification:_identify(src) by extensions ['ros']
[0.862s] Level 1:colcon.colcon_core.package_identification:_identify(src) by extension 'ros'
[0.862s] Level 1:colcon.colcon_core.package_identification:_identify(src) by extensions ['cmake', 'python']
[0.862s] Level 1:colcon.colcon_core.package_identification:_identify(src) by extension 'cmake'
[0.862s] Level 1:colcon.colcon_core.package_identification:_identify(src) by extension 'python'
[0.862s] Level 1:colcon.colcon_core.package_identification:_identify(src) by extensions ['python_setup_py']
[0.862s] Level 1:colcon.colcon_core.package_identification:_identify(src) by extension 'python_setup_py'
[0.863s] Level 1:colcon.colcon_core.package_identification:_identify(src/image_warper) by extensions ['ignore', 'ignore_ament_install']
[0.863s] Level 1:colcon.colcon_core.package_identification:_identify(src/image_warper) by extension 'ignore'
[0.863s] Level 1:colcon.colcon_core.package_identification:_identify(src/image_warper) by extension 'ignore_ament_install'
[0.863s] Level 1:colcon.colcon_core.package_identification:_identify(src/image_warper) by extensions ['colcon_pkg']
[0.863s] Level 1:colcon.colcon_core.package_identification:_identify(src/image_warper) by extension 'colcon_pkg'
[0.863s] Level 1:colcon.colcon_core.package_identification:_identify(src/image_warper) by extensions ['colcon_meta']
[0.863s] Level 1:colcon.colcon_core.package_identification:_identify(src/image_warper) by extension 'colcon_meta'
[0.863s] Level 1:colcon.colcon_core.package_identification:_identify(src/image_warper) by extensions ['ros']
[0.863s] Level 1:colcon.colcon_core.package_identification:_identify(src/image_warper) by extension 'ros'
[0.870s] DEBUG:colcon.colcon_core.package_identification:Package 'src/image_warper' with type 'ros.ament_python' and name 'image_warper'
[0.871s] Level 1:colcon.colcon_core.package_identification:_identify(src/pizza_pos) by extensions ['ignore', 'ignore_ament_install']
[0.871s] Level 1:colcon.colcon_core.package_identification:_identify(src/pizza_pos) by extension 'ignore'
[0.871s] Level 1:colcon.colcon_core.package_identification:_identify(src/pizza_pos) by extension 'ignore_ament_install'
[0.871s] Level 1:colcon.colcon_core.package_identification:_identify(src/pizza_pos) by extensions ['colcon_pkg']
[0.871s] Level 1:colcon.colcon_core.package_identification:_identify(src/pizza_pos) by extension 'colcon_pkg'
[0.871s] Level 1:colcon.colcon_core.package_identification:_identify(src/pizza_pos) by extensions ['colcon_meta']
[0.871s] Level 1:colcon.colcon_core.package_identification:_identify(src/pizza_pos) by extension 'colcon_meta'
[0.871s] Level 1:colcon.colcon_core.package_identification:_identify(src/pizza_pos) by extensions ['ros']
[0.871s] Level 1:colcon.colcon_core.package_identification:_identify(src/pizza_pos) by extension 'ros'
[0.872s] DEBUG:colcon.colcon_core.package_identification:Package 'src/pizza_pos' with type 'ros.ament_cmake' and name 'pizza_pos'
[0.872s] Level 1:colcon.colcon_core.package_identification:_identify(src/yolo_ros) by extensions ['ignore', 'ignore_ament_install']
[0.872s] Level 1:colcon.colcon_core.package_identification:_identify(src/yolo_ros) by extension 'ignore'
[0.872s] Level 1:colcon.colcon_core.package_identification:_identify(src/yolo_ros) by extension 'ignore_ament_install'
[0.873s] Level 1:colcon.colcon_core.package_identification:_identify(src/yolo_ros) by extensions ['colcon_pkg']
[0.873s] Level 1:colcon.colcon_core.package_identification:_identify(src/yolo_ros) by extension 'colcon_pkg'
[0.873s] Level 1:colcon.colcon_core.package_identification:_identify(src/yolo_ros) by extensions ['colcon_meta']
[0.873s] Level 1:colcon.colcon_core.package_identification:_identify(src/yolo_ros) by extension 'colcon_meta'
[0.873s] Level 1:colcon.colcon_core.package_identification:_identify(src/yolo_ros) by extensions ['ros']
[0.873s] Level 1:colcon.colcon_core.package_identification:_identify(src/yolo_ros) by extension 'ros'
[0.873s] Level 1:colcon.colcon_core.package_identification:_identify(src/yolo_ros) by extensions ['cmake', 'python']
[0.873s] Level 1:colcon.colcon_core.package_identification:_identify(src/yolo_ros) by extension 'cmake'
[0.873s] Level 1:colcon.colcon_core.package_identification:_identify(src/yolo_ros) by extension 'python'
[0.873s] Level 1:colcon.colcon_core.package_identification:_identify(src/yolo_ros) by extensions ['python_setup_py']
[0.873s] Level 1:colcon.colcon_core.package_identification:_identify(src/yolo_ros) by extension 'python_setup_py'
[0.873s] Level 1:colcon.colcon_core.package_identification:_identify(src/yolo_ros/yolov8_bringup) by extensions ['ignore', 'ignore_ament_install']
[0.873s] Level 1:colcon.colcon_core.package_identification:_identify(src/yolo_ros/yolov8_bringup) by extension 'ignore'
[0.873s] Level 1:colcon.colcon_core.package_identification:_identify(src/yolo_ros/yolov8_bringup) by extension 'ignore_ament_install'
[0.873s] Level 1:colcon.colcon_core.package_identification:_identify(src/yolo_ros/yolov8_bringup) by extensions ['colcon_pkg']
[0.873s] Level 1:colcon.colcon_core.package_identification:_identify(src/yolo_ros/yolov8_bringup) by extension 'colcon_pkg'
[0.873s] Level 1:colcon.colcon_core.package_identification:_identify(src/yolo_ros/yolov8_bringup) by extensions ['colcon_meta']
[0.873s] Level 1:colcon.colcon_core.package_identification:_identify(src/yolo_ros/yolov8_bringup) by extension 'colcon_meta'
[0.873s] Level 1:colcon.colcon_core.package_identification:_identify(src/yolo_ros/yolov8_bringup) by extensions ['ros']
[0.873s] Level 1:colcon.colcon_core.package_identification:_identify(src/yolo_ros/yolov8_bringup) by extension 'ros'
[0.874s] DEBUG:colcon.colcon_core.package_identification:Package 'src/yolo_ros/yolov8_bringup' with type 'ros.ament_cmake' and name 'yolov8_bringup'
[0.874s] Level 1:colcon.colcon_core.package_identification:_identify(src/yolo_ros/yolov8_msgs) by extensions ['ignore', 'ignore_ament_install']
[0.874s] Level 1:colcon.colcon_core.package_identification:_identify(src/yolo_ros/yolov8_msgs) by extension 'ignore'
[0.874s] Level 1:colcon.colcon_core.package_identification:_identify(src/yolo_ros/yolov8_msgs) by extension 'ignore_ament_install'
[0.874s] Level 1:colcon.colcon_core.package_identification:_identify(src/yolo_ros/yolov8_msgs) by extensions ['colcon_pkg']
[0.874s] Level 1:colcon.colcon_core.package_identification:_identify(src/yolo_ros/yolov8_msgs) by extension 'colcon_pkg'
[0.874s] Level 1:colcon.colcon_core.package_identification:_identify(src/yolo_ros/yolov8_msgs) by extensions ['colcon_meta']
[0.874s] Level 1:colcon.colcon_core.package_identification:_identify(src/yolo_ros/yolov8_msgs) by extension 'colcon_meta'
[0.874s] Level 1:colcon.colcon_core.package_identification:_identify(src/yolo_ros/yolov8_msgs) by extensions ['ros']
[0.875s] Level 1:colcon.colcon_core.package_identification:_identify(src/yolo_ros/yolov8_msgs) by extension 'ros'
[0.875s] DEBUG:colcon.colcon_core.package_identification:Package 'src/yolo_ros/yolov8_msgs' with type 'ros.ament_cmake' and name 'yolov8_msgs'
[0.876s] Level 1:colcon.colcon_core.package_identification:_identify(src/yolo_ros/yolov8_ros) by extensions ['ignore', 'ignore_ament_install']
[0.876s] Level 1:colcon.colcon_core.package_identification:_identify(src/yolo_ros/yolov8_ros) by extension 'ignore'
[0.876s] Level 1:colcon.colcon_core.package_identification:_identify(src/yolo_ros/yolov8_ros) by extension 'ignore_ament_install'
[0.876s] Level 1:colcon.colcon_core.package_identification:_identify(src/yolo_ros/yolov8_ros) by extensions ['colcon_pkg']
[0.876s] Level 1:colcon.colcon_core.package_identification:_identify(src/yolo_ros/yolov8_ros) by extension 'colcon_pkg'
[0.876s] Level 1:colcon.colcon_core.package_identification:_identify(src/yolo_ros/yolov8_ros) by extensions ['colcon_meta']
[0.876s] Level 1:colcon.colcon_core.package_identification:_identify(src/yolo_ros/yolov8_ros) by extension 'colcon_meta'
[0.876s] Level 1:colcon.colcon_core.package_identification:_identify(src/yolo_ros/yolov8_ros) by extensions ['ros']
[0.876s] Level 1:colcon.colcon_core.package_identification:_identify(src/yolo_ros/yolov8_ros) by extension 'ros'
[0.877s] DEBUG:colcon.colcon_core.package_identification:Package 'src/yolo_ros/yolov8_ros' with type 'ros.ament_python' and name 'yolov8_ros'
[0.877s] Level 1:colcon.colcon_core.package_discovery:discover_packages(recursive) using defaults
[0.877s] Level 1:colcon.colcon_core.package_discovery:discover_packages(ignore) discover
[0.877s] Level 1:colcon.colcon_core.package_discovery:discover_packages(ignore) using defaults
[0.877s] Level 1:colcon.colcon_core.package_discovery:discover_packages(path) discover
[0.877s] Level 1:colcon.colcon_core.package_discovery:discover_packages(path) using defaults
[0.941s] Level 1:colcon.colcon_core.package_discovery:discover_packages(prefix_path) check parameters
[0.942s] Level 1:colcon.colcon_core.package_discovery:discover_packages(prefix_path) discover
[0.947s] WARNING:colcon.colcon_ros.prefix_path.ament:The path '/home/mtrn/A2_project/A2_Project/Computer_Vision/packages/install/yolov8_bringup' in the environment variable AMENT_PREFIX_PATH doesn't exist
[0.947s] WARNING:colcon.colcon_ros.prefix_path.ament:The path '/home/mtrn/A2_project/A2_Project/Computer_Vision/packages/install/pizza_pos' in the environment variable AMENT_PREFIX_PATH doesn't exist
[0.947s] WARNING:colcon.colcon_ros.prefix_path.ament:The path '/home/mtrn/A2_project/A2_Project/Computer_Vision/packages/install/yolov8_ros' in the environment variable AMENT_PREFIX_PATH doesn't exist
[0.948s] WARNING:colcon.colcon_ros.prefix_path.ament:The path '/home/mtrn/A2_project/A2_Project/Computer_Vision/packages/install/yolov8_node' in the environment variable AMENT_PREFIX_PATH doesn't exist
[0.948s] WARNING:colcon.colcon_ros.prefix_path.ament:The path '/home/mtrn/A2_project/A2_Project/Computer_Vision/packages/install/yolov8_msgs' in the environment variable AMENT_PREFIX_PATH doesn't exist
[0.948s] WARNING:colcon.colcon_ros.prefix_path.ament:The path '/home/mtrn/A2_project/A2_Project/Computer_Vision/packages/install/image_warper' in the environment variable AMENT_PREFIX_PATH doesn't exist
[0.952s] WARNING:colcon.colcon_ros.prefix_path.catkin:The path '/home/mtrn/A2_project/A2_Project/Computer_Vision/packages/install/yolov8_bringup' in the environment variable CMAKE_PREFIX_PATH doesn't exist
[0.953s] WARNING:colcon.colcon_ros.prefix_path.catkin:The path '/home/mtrn/A2_project/A2_Project/Computer_Vision/packages/install/pizza_pos' in the environment variable CMAKE_PREFIX_PATH doesn't exist
[0.953s] WARNING:colcon.colcon_ros.prefix_path.catkin:The path '/home/mtrn/A2_project/A2_Project/Computer_Vision/packages/install/yolov8_msgs' in the environment variable CMAKE_PREFIX_PATH doesn't exist
[0.959s] DEBUG:colcon.colcon_installed_package_information.package_discovery:Found 0 installed packages in /home/mtrn/A2_project/A2_Project/Computer_Vision/packages/install
[0.965s] DEBUG:colcon.colcon_installed_package_information.package_discovery:Found 55 installed packages in /home/mtrn/4231/ws_moveit2/install
[0.982s] DEBUG:colcon.colcon_installed_package_information.package_discovery:Found 7 installed packages in /home/mtrn/4231/ros_ur_driver/install
[0.991s] DEBUG:colcon.colcon_installed_package_information.package_discovery:Found 338 installed packages in /opt/ros/humble
[0.998s] Level 1:colcon.colcon_core.package_discovery:discover_packages(prefix_path) using defaults
[1.160s] Level 5:colcon.colcon_core.verb:set package 'image_warper' build argument 'cmake_args' from command line to 'None'
[1.160s] Level 5:colcon.colcon_core.verb:set package 'image_warper' build argument 'cmake_target' from command line to 'None'
[1.160s] Level 5:colcon.colcon_core.verb:set package 'image_warper' build argument 'cmake_target_skip_unavailable' from command line to 'False'
[1.160s] Level 5:colcon.colcon_core.verb:set package 'image_warper' build argument 'cmake_clean_cache' from command line to 'False'
[1.160s] Level 5:colcon.colcon_core.verb:set package 'image_warper' build argument 'cmake_clean_first' from command line to 'False'
[1.160s] Level 5:colcon.colcon_core.verb:set package 'image_warper' build argument 'cmake_force_configure' from command line to 'False'
[1.160s] Level 5:colcon.colcon_core.verb:set package 'image_warper' build argument 'ament_cmake_args' from command line to 'None'
[1.160s] Level 5:colcon.colcon_core.verb:set package 'image_warper' build argument 'catkin_cmake_args' from command line to 'None'
[1.160s] Level 5:colcon.colcon_core.verb:set package 'image_warper' build argument 'catkin_skip_building_tests' from command line to 'False'
[1.161s] DEBUG:colcon.colcon_core.verb:Building package 'image_warper' with the following arguments: {'ament_cmake_args': None, 'build_base': '/home/mtrn/A2_project/A2_Project/Computer_Vision/packages/build/image_warper', 'catkin_cmake_args': None, 'catkin_skip_building_tests': False, 'cmake_args': None, 'cmake_clean_cache': False, 'cmake_clean_first': False, 'cmake_force_configure': False, 'cmake_target': None, 'cmake_target_skip_unavailable': False, 'install_base': '/home/mtrn/A2_project/A2_Project/Computer_Vision/packages/install/image_warper', 'merge_install': False, 'path': '/home/mtrn/A2_project/A2_Project/Computer_Vision/packages/src/image_warper', 'symlink_install': False, 'test_result_base': None}
[1.163s] Level 5:colcon.colcon_core.verb:set package 'yolov8_msgs' build argument 'cmake_args' from command line to 'None'
[1.163s] Level 5:colcon.colcon_core.verb:set package 'yolov8_msgs' build argument 'cmake_target' from command line to 'None'
[1.163s] Level 5:colcon.colcon_core.verb:set package 'yolov8_msgs' build argument 'cmake_target_skip_unavailable' from command line to 'False'
[1.163s] Level 5:colcon.colcon_core.verb:set package 'yolov8_msgs' build argument 'cmake_clean_cache' from command line to 'False'
[1.163s] Level 5:colcon.colcon_core.verb:set package 'yolov8_msgs' build argument 'cmake_clean_first' from command line to 'False'
[1.163s] Level 5:colcon.colcon_core.verb:set package 'yolov8_msgs' build argument 'cmake_force_configure' from command line to 'False'
[1.163s] Level 5:colcon.colcon_core.verb:set package 'yolov8_msgs' build argument 'ament_cmake_args' from command line to 'None'
[1.163s] Level 5:colcon.colcon_core.verb:set package 'yolov8_msgs' build argument 'catkin_cmake_args' from command line to 'None'
[1.163s] Level 5:colcon.colcon_core.verb:set package 'yolov8_msgs' build argument 'catkin_skip_building_tests' from command line to 'False'
[1.163s] DEBUG:colcon.colcon_core.verb:Building package 'yolov8_msgs' with the following arguments: {'ament_cmake_args': None, 'build_base': '/home/mtrn/A2_project/A2_Project/Computer_Vision/packages/build/yolov8_msgs', 'catkin_cmake_args': None, 'catkin_skip_building_tests': False, 'cmake_args': None, 'cmake_clean_cache': False, 'cmake_clean_first': False, 'cmake_force_configure': False, 'cmake_target': None, 'cmake_target_skip_unavailable': False, 'install_base': '/home/mtrn/A2_project/A2_Project/Computer_Vision/packages/install/yolov8_msgs', 'merge_install': False, 'path': '/home/mtrn/A2_project/A2_Project/Computer_Vision/packages/src/yolo_ros/yolov8_msgs', 'symlink_install': False, 'test_result_base': None}
[1.165s] Level 5:colcon.colcon_core.verb:set package 'yolov8_ros' build argument 'cmake_args' from command line to 'None'
[1.165s] Level 5:colcon.colcon_core.verb:set package 'yolov8_ros' build argument 'cmake_target' from command line to 'None'
[1.165s] Level 5:colcon.colcon_core.verb:set package 'yolov8_ros' build argument 'cmake_target_skip_unavailable' from command line to 'False'
[1.165s] Level 5:colcon.colcon_core.verb:set package 'yolov8_ros' build argument 'cmake_clean_cache' from command line to 'False'
[1.165s] Level 5:colcon.colcon_core.verb:set package 'yolov8_ros' build argument 'cmake_clean_first' from command line to 'False'
[1.165s] Level 5:colcon.colcon_core.verb:set package 'yolov8_ros' build argument 'cmake_force_configure' from command line to 'False'
[1.165s] Level 5:colcon.colcon_core.verb:set package 'yolov8_ros' build argument 'ament_cmake_args' from command line to 'None'
[1.165s] Level 5:colcon.colcon_core.verb:set package 'yolov8_ros' build argument 'catkin_cmake_args' from command line to 'None'
[1.165s] Level 5:colcon.colcon_core.verb:set package 'yolov8_ros' build argument 'catkin_skip_building_tests' from command line to 'False'
[1.165s] DEBUG:colcon.colcon_core.verb:Building package 'yolov8_ros' with the following arguments: {'ament_cmake_args': None, 'build_base': '/home/mtrn/A2_project/A2_Project/Computer_Vision/packages/build/yolov8_ros', 'catkin_cmake_args': None, 'catkin_skip_building_tests': False, 'cmake_args': None, 'cmake_clean_cache': False, 'cmake_clean_first': False, 'cmake_force_configure': False, 'cmake_target': None, 'cmake_target_skip_unavailable': False, 'install_base': '/home/mtrn/A2_project/A2_Project/Computer_Vision/packages/install/yolov8_ros', 'merge_install': False, 'path': '/home/mtrn/A2_project/A2_Project/Computer_Vision/packages/src/yolo_ros/yolov8_ros', 'symlink_install': False, 'test_result_base': None}
[1.167s] Level 5:colcon.colcon_core.verb:set package 'pizza_pos' build argument 'cmake_args' from command line to 'None'
[1.167s] Level 5:colcon.colcon_core.verb:set package 'pizza_pos' build argument 'cmake_target' from command line to 'None'
[1.167s] Level 5:colcon.colcon_core.verb:set package 'pizza_pos' build argument 'cmake_target_skip_unavailable' from command line to 'False'
[1.168s] Level 5:colcon.colcon_core.verb:set package 'pizza_pos' build argument 'cmake_clean_cache' from command line to 'False'
[1.168s] Level 5:colcon.colcon_core.verb:set package 'pizza_pos' build argument 'cmake_clean_first' from command line to 'False'
[1.168s] Level 5:colcon.colcon_core.verb:set package 'pizza_pos' build argument 'cmake_force_configure' from command line to 'False'
[1.168s] Level 5:colcon.colcon_core.verb:set package 'pizza_pos' build argument 'ament_cmake_args' from command line to 'None'
[1.168s] Level 5:colcon.colcon_core.verb:set package 'pizza_pos' build argument 'catkin_cmake_args' from command line to 'None'
[1.168s] Level 5:colcon.colcon_core.verb:set package 'pizza_pos' build argument 'catkin_skip_building_tests' from command line to 'False'
[1.168s] DEBUG:colcon.colcon_core.verb:Building package 'pizza_pos' with the following arguments: {'ament_cmake_args': None, 'build_base': '/home/mtrn/A2_project/A2_Project/Computer_Vision/packages/build/pizza_pos', 'catkin_cmake_args': None, 'catkin_skip_building_tests': False, 'cmake_args': None, 'cmake_clean_cache': False, 'cmake_clean_first': False, 'cmake_force_configure': False, 'cmake_target': None, 'cmake_target_skip_unavailable': False, 'install_base': '/home/mtrn/A2_project/A2_Project/Computer_Vision/packages/install/pizza_pos', 'merge_install': False, 'path': '/home/mtrn/A2_project/A2_Project/Computer_Vision/packages/src/pizza_pos', 'symlink_install': False, 'test_result_base': None}
[1.171s] Level 5:colcon.colcon_core.verb:set package 'yolov8_bringup' build argument 'cmake_args' from command line to 'None'
[1.173s] Level 5:colcon.colcon_core.verb:set package 'yolov8_bringup' build argument 'cmake_target' from command line to 'None'
[1.173s] Level 5:colcon.colcon_core.verb:set package 'yolov8_bringup' build argument 'cmake_target_skip_unavailable' from command line to 'False'
[1.173s] Level 5:colcon.colcon_core.verb:set package 'yolov8_bringup' build argument 'cmake_clean_cache' from command line to 'False'
[1.173s] Level 5:colcon.colcon_core.verb:set package 'yolov8_bringup' build argument 'cmake_clean_first' from command line to 'False'
[1.173s] Level 5:colcon.colcon_core.verb:set package 'yolov8_bringup' build argument 'cmake_force_configure' from command line to 'False'
[1.173s] Level 5:colcon.colcon_core.verb:set package 'yolov8_bringup' build argument 'ament_cmake_args' from command line to 'None'
[1.173s] Level 5:colcon.colcon_core.verb:set package 'yolov8_bringup' build argument 'catkin_cmake_args' from command line to 'None'
[1.173s] Level 5:colcon.colcon_core.verb:set package 'yolov8_bringup' build argument 'catkin_skip_building_tests' from command line to 'False'
[1.173s] DEBUG:colcon.colcon_core.verb:Building package 'yolov8_bringup' with the following arguments: {'ament_cmake_args': None, 'build_base': '/home/mtrn/A2_project/A2_Project/Computer_Vision/packages/build/yolov8_bringup', 'catkin_cmake_args': None, 'catkin_skip_building_tests': False, 'cmake_args': None, 'cmake_clean_cache': False, 'cmake_clean_first': False, 'cmake_force_configure': False, 'cmake_target': None, 'cmake_target_skip_unavailable': False, 'install_base': '/home/mtrn/A2_project/A2_Project/Computer_Vision/packages/install/yolov8_bringup', 'merge_install': False, 'path': '/home/mtrn/A2_project/A2_Project/Computer_Vision/packages/src/yolo_ros/yolov8_bringup', 'symlink_install': False, 'test_result_base': None}
[1.175s] INFO:colcon.colcon_core.executor:Executing jobs using 'parallel' executor
[1.183s] DEBUG:colcon.colcon_parallel_executor.executor.parallel:run_until_complete
[1.185s] INFO:colcon.colcon_ros.task.ament_python.build:Building ROS package in '/home/mtrn/A2_project/A2_Project/Computer_Vision/packages/src/yolo_ros/yolov8_ros' with build type 'ament_python'
[1.186s] Level 1:colcon.colcon_core.shell:create_environment_hook('yolov8_ros', 'ament_prefix_path')
[1.196s] INFO:colcon.colcon_core.plugin_system:Skipping extension 'colcon_core.shell.bat': Not used on non-Windows systems
[1.197s] INFO:colcon.colcon_core.shell:Creating environment hook '/home/mtrn/A2_project/A2_Project/Computer_Vision/packages/install/yolov8_ros/share/yolov8_ros/hook/ament_prefix_path.ps1'
[1.198s] INFO:colcon.colcon_core.shell:Creating environment descriptor '/home/mtrn/A2_project/A2_Project/Computer_Vision/packages/install/yolov8_ros/share/yolov8_ros/hook/ament_prefix_path.dsv'
[1.199s] INFO:colcon.colcon_core.shell:Creating environment hook '/home/mtrn/A2_project/A2_Project/Computer_Vision/packages/install/yolov8_ros/share/yolov8_ros/hook/ament_prefix_path.sh'
[1.202s] INFO:colcon.colcon_core.shell:Skip shell extension 'powershell' for command environment: Not usable outside of PowerShell
[1.202s] DEBUG:colcon.colcon_core.shell:Skip shell extension 'dsv' for command environment
[1.231s] INFO:colcon.colcon_ros.task.ament_python.build:Building ROS package in '/home/mtrn/A2_project/A2_Project/Computer_Vision/packages/src/image_warper' with build type 'ament_python'
[1.231s] Level 1:colcon.colcon_core.shell:create_environment_hook('image_warper', 'ament_prefix_path')
[1.235s] INFO:colcon.colcon_core.shell:Creating environment hook '/home/mtrn/A2_project/A2_Project/Computer_Vision/packages/install/image_warper/share/image_warper/hook/ament_prefix_path.ps1'
[1.236s] INFO:colcon.colcon_core.shell:Creating environment descriptor '/home/mtrn/A2_project/A2_Project/Computer_Vision/packages/install/image_warper/share/image_warper/hook/ament_prefix_path.dsv'
[1.236s] INFO:colcon.colcon_core.shell:Creating environment hook '/home/mtrn/A2_project/A2_Project/Computer_Vision/packages/install/image_warper/share/image_warper/hook/ament_prefix_path.sh'
[1.239s] INFO:colcon.colcon_core.shell:Skip shell extension 'powershell' for command environment: Not usable outside of PowerShell
[1.239s] DEBUG:colcon.colcon_core.shell:Skip shell extension 'dsv' for command environment
[1.261s] INFO:colcon.colcon_ros.task.ament_cmake.build:Building ROS package in '/home/mtrn/A2_project/A2_Project/Computer_Vision/packages/src/yolo_ros/yolov8_msgs' with build type 'ament_cmake'
[1.262s] INFO:colcon.colcon_cmake.task.cmake.build:Building CMake package in '/home/mtrn/A2_project/A2_Project/Computer_Vision/packages/src/yolo_ros/yolov8_msgs'
[1.265s] INFO:colcon.colcon_core.shell:Skip shell extension 'powershell' for command environment: Not usable outside of PowerShell
[1.266s] DEBUG:colcon.colcon_core.shell:Skip shell extension 'dsv' for command environment
[2.057s] INFO:colcon.colcon_core.task.python.build:Building Python package in '/home/mtrn/A2_project/A2_Project/Computer_Vision/packages/src/yolo_ros/yolov8_ros'
[2.059s] INFO:colcon.colcon_core.shell:Skip shell extension 'powershell' for command environment: Not usable outside of PowerShell
[2.059s] DEBUG:colcon.colcon_core.shell:Skip shell extension 'dsv' for command environment
[2.647s] INFO:colcon.colcon_core.task.python.build:Building Python package in '/home/mtrn/A2_project/A2_Project/Computer_Vision/packages/src/image_warper'
[2.650s] INFO:colcon.colcon_core.shell:Skip shell extension 'powershell' for command environment: Not usable outside of PowerShell
[2.650s] DEBUG:colcon.colcon_core.shell:Skip shell extension 'dsv' for command environment
[2.674s] DEBUG:colcon.colcon_core.event_handler.log_command:Invoking command in '/home/mtrn/A2_project/A2_Project/Computer_Vision/packages/build/yolov8_msgs': CMAKE_PREFIX_PATH=${CMAKE_PREFIX_PATH}:/home/mtrn/A2_project/A2_Project/Computer_Vision/packages/install/yolov8_ros:/home/mtrn/A2_project/A2_Project/Computer_Vision/packages/install/yolov8_node:/home/mtrn/A2_project/A2_Project/Computer_Vision/packages/install/image_warper:/home/mtrn/4231/ws_moveit2/install/moveit_configs_utils:/home/mtrn/4231/ws_moveit2/install/launch_param_builder:/opt/ros/humble /home/mtrn/.local/bin/cmake /home/mtrn/A2_project/A2_Project/Computer_Vision/packages/src/yolo_ros/yolov8_msgs -DCMAKE_INSTALL_PREFIX=/home/mtrn/A2_project/A2_Project/Computer_Vision/packages/install/yolov8_msgs
[3.511s] DEBUG:colcon.colcon_core.event_handler.log_command:Invoking command in '/home/mtrn/A2_project/A2_Project/Computer_Vision/packages/src/yolo_ros/yolov8_ros': PYTHONPATH=/home/mtrn/A2_project/A2_Project/Computer_Vision/packages/build/yolov8_ros/prefix_override:/home/mtrn/A2_project/A2_Project/Computer_Vision/packages/install/yolov8_ros/lib/python3.10/site-packages:${PYTHONPATH} /usr/bin/python3 setup.py egg_info --egg-base ../../../build/yolov8_ros build --build-base /home/mtrn/A2_project/A2_Project/Computer_Vision/packages/build/yolov8_ros/build install --record /home/mtrn/A2_project/A2_Project/Computer_Vision/packages/build/yolov8_ros/install.log --single-version-externally-managed
[3.821s] DEBUG:colcon.colcon_core.event_handler.log_command:Invoking command in '/home/mtrn/A2_project/A2_Project/Computer_Vision/packages/src/image_warper': PYTHONPATH=/home/mtrn/A2_project/A2_Project/Computer_Vision/packages/build/image_warper/prefix_override:/home/mtrn/A2_project/A2_Project/Computer_Vision/packages/install/image_warper/lib/python3.10/site-packages:${PYTHONPATH} /usr/bin/python3 setup.py egg_info --egg-base ../../build/image_warper build --build-base /home/mtrn/A2_project/A2_Project/Computer_Vision/packages/build/image_warper/build install --record /home/mtrn/A2_project/A2_Project/Computer_Vision/packages/build/image_warper/install.log --single-version-externally-managed
[4.333s] DEBUG:colcon.colcon_core.event_handler.log_command:Invoked command in '/home/mtrn/A2_project/A2_Project/Computer_Vision/packages/src/yolo_ros/yolov8_ros' returned '0': PYTHONPATH=/home/mtrn/A2_project/A2_Project/Computer_Vision/packages/build/yolov8_ros/prefix_override:/home/mtrn/A2_project/A2_Project/Computer_Vision/packages/install/yolov8_ros/lib/python3.10/site-packages:${PYTHONPATH} /usr/bin/python3 setup.py egg_info --egg-base ../../../build/yolov8_ros build --build-base /home/mtrn/A2_project/A2_Project/Computer_Vision/packages/build/yolov8_ros/build install --record /home/mtrn/A2_project/A2_Project/Computer_Vision/packages/build/yolov8_ros/install.log --single-version-externally-managed
[4.342s] Level 1:colcon.colcon_core.environment:checking '/home/mtrn/A2_project/A2_Project/Computer_Vision/packages/install/yolov8_ros' for CMake module files
[4.343s] Level 1:colcon.colcon_core.environment:checking '/home/mtrn/A2_project/A2_Project/Computer_Vision/packages/install/yolov8_ros' for CMake config files
[4.344s] Level 1:colcon.colcon_core.environment:checking '/home/mtrn/A2_project/A2_Project/Computer_Vision/packages/install/yolov8_ros/lib'
[4.344s] Level 1:colcon.colcon_core.environment:checking '/home/mtrn/A2_project/A2_Project/Computer_Vision/packages/install/yolov8_ros/bin'
[4.344s] Level 1:colcon.colcon_core.environment:checking '/home/mtrn/A2_project/A2_Project/Computer_Vision/packages/install/yolov8_ros/lib/pkgconfig/yolov8_ros.pc'
[4.345s] Level 1:colcon.colcon_core.environment:checking '/home/mtrn/A2_project/A2_Project/Computer_Vision/packages/install/yolov8_ros/lib/python3.10/site-packages'
[4.345s] Level 1:colcon.colcon_core.shell:create_environment_hook('yolov8_ros', 'pythonpath')
[4.347s] INFO:colcon.colcon_core.shell:Creating environment hook '/home/mtrn/A2_project/A2_Project/Computer_Vision/packages/install/yolov8_ros/share/yolov8_ros/hook/pythonpath.ps1'
[4.348s] INFO:colcon.colcon_core.shell:Creating environment descriptor '/home/mtrn/A2_project/A2_Project/Computer_Vision/packages/install/yolov8_ros/share/yolov8_ros/hook/pythonpath.dsv'
[4.348s] INFO:colcon.colcon_core.shell:Creating environment hook '/home/mtrn/A2_project/A2_Project/Computer_Vision/packages/install/yolov8_ros/share/yolov8_ros/hook/pythonpath.sh'
[4.349s] Level 1:colcon.colcon_core.environment:checking '/home/mtrn/A2_project/A2_Project/Computer_Vision/packages/install/yolov8_ros/bin'
[4.349s] Level 1:colcon.colcon_core.environment:create_environment_scripts_only(yolov8_ros)
[4.351s] INFO:colcon.colcon_core.shell:Creating package script '/home/mtrn/A2_project/A2_Project/Computer_Vision/packages/install/yolov8_ros/share/yolov8_ros/package.ps1'
[4.353s] INFO:colcon.colcon_core.shell:Creating package descriptor '/home/mtrn/A2_project/A2_Project/Computer_Vision/packages/install/yolov8_ros/share/yolov8_ros/package.dsv'
[4.357s] INFO:colcon.colcon_core.shell:Creating package script '/home/mtrn/A2_project/A2_Project/Computer_Vision/packages/install/yolov8_ros/share/yolov8_ros/package.sh'
[4.366s] INFO:colcon.colcon_core.shell:Creating package script '/home/mtrn/A2_project/A2_Project/Computer_Vision/packages/install/yolov8_ros/share/yolov8_ros/package.bash'
[4.381s] INFO:colcon.colcon_core.shell:Creating package script '/home/mtrn/A2_project/A2_Project/Computer_Vision/packages/install/yolov8_ros/share/yolov8_ros/package.zsh'
[4.382s] Level 1:colcon.colcon_core.environment:create_file_with_runtime_dependencies(/home/mtrn/A2_project/A2_Project/Computer_Vision/packages/install/yolov8_ros/share/colcon-core/packages/yolov8_ros)
[4.383s] INFO:colcon.colcon_ros.task.ament_cmake.build:Building ROS package in '/home/mtrn/A2_project/A2_Project/Computer_Vision/packages/src/pizza_pos' with build type 'ament_cmake'
[4.383s] INFO:colcon.colcon_cmake.task.cmake.build:Building CMake package in '/home/mtrn/A2_project/A2_Project/Computer_Vision/packages/src/pizza_pos'
[4.386s] INFO:colcon.colcon_core.shell:Skip shell extension 'powershell' for command environment: Not usable outside of PowerShell
[4.386s] DEBUG:colcon.colcon_core.shell:Skip shell extension 'dsv' for command environment
[4.430s] INFO:colcon.colcon_ros.task.ament_cmake.build:Building ROS package in '/home/mtrn/A2_project/A2_Project/Computer_Vision/packages/src/yolo_ros/yolov8_bringup' with build type 'ament_cmake'
[4.435s] INFO:colcon.colcon_cmake.task.cmake.build:Building CMake package in '/home/mtrn/A2_project/A2_Project/Computer_Vision/packages/src/yolo_ros/yolov8_bringup'
[4.439s] INFO:colcon.colcon_core.shell:Skip shell extension 'powershell' for command environment: Not usable outside of PowerShell
[4.439s] DEBUG:colcon.colcon_core.shell:Skip shell extension 'dsv' for command environment
[4.464s] DEBUG:colcon.colcon_core.event_handler.log_command:Invoking command in '/home/mtrn/A2_project/A2_Project/Computer_Vision/packages/build/pizza_pos': AMENT_PREFIX_PATH=/home/mtrn/A2_project/A2_Project/Computer_Vision/packages/install/yolov8_ros:/home/mtrn/A2_project/A2_Project/Computer_Vision/packages/install/yolov8_bringup:/home/mtrn/A2_project/A2_Project/Computer_Vision/packages/install/pizza_pos:/home/mtrn/A2_project/A2_Project/Computer_Vision/packages/install/yolov8_node:/home/mtrn/A2_project/A2_Project/Computer_Vision/packages/install/yolov8_msgs:/home/mtrn/A2_project/A2_Project/Computer_Vision/packages/install/image_warper:/home/mtrn/4231/ws_moveit2/install/pilz_industrial_motion_planner_testutils:/home/mtrn/4231/ws_moveit2/install/moveit_runtime:/home/mtrn/4231/ws_moveit2/install/moveit2_tutorials:/home/mtrn/4231/ws_moveit2/install/moveit:/home/mtrn/4231/ws_moveit2/install/moveit_planners:/home/mtrn/4231/ws_moveit2/install/pilz_industrial_motion_planner:/home/mtrn/4231/ws_moveit2/install/moveit_visual_tools:/home/mtrn/4231/ws_moveit2/install/moveit_task_constructor_visualization:/home/mtrn/4231/ws_moveit2/install/moveit_task_constructor_demo:/home/mtrn/4231/ws_moveit2/install/moveit_task_constructor_capabilities:/home/mtrn/4231/ws_moveit2/install/moveit_task_constructor_core:/home/mtrn/4231/ws_moveit2/install/moveit_ros_control_interface:/home/mtrn/4231/ws_moveit2/install/moveit_plugins:/home/mtrn/4231/ws_moveit2/install/moveit_simple_controller_manager:/home/mtrn/4231/ws_moveit2/install/moveit_setup_assistant:/home/mtrn/4231/ws_moveit2/install/moveit_setup_srdf_plugins:/home/mtrn/4231/ws_moveit2/install/moveit_setup_core_plugins:/home/mtrn/4231/ws_moveit2/install/moveit_setup_controllers:/home/mtrn/4231/ws_moveit2/install/moveit_setup_app_plugins:/home/mtrn/4231/ws_moveit2/install/moveit_setup_framework:/home/mtrn/4231/ws_moveit2/install/moveit_servo:/home/mtrn/4231/ws_moveit2/install/moveit_ros:/home/mtrn/4231/ws_moveit2/install/moveit_ros_visualization:/home/mtrn/4231/ws_moveit2/install/moveit_hybrid_planning:/home/mtrn/4231/ws_moveit2/install/moveit_ros_planning_interface:/home/mtrn/4231/ws_moveit2/install/moveit_ros_benchmarks:/home/mtrn/4231/ws_moveit2/install/moveit_ros_warehouse:/home/mtrn/4231/ws_moveit2/install/moveit_ros_robot_interaction:/home/mtrn/4231/ws_moveit2/install/moveit_ros_perception:/home/mtrn/4231/ws_moveit2/install/moveit_resources_prbt_pg70_support:/home/mtrn/4231/ws_moveit2/install/moveit_resources_prbt_moveit_config:/home/mtrn/4231/ws_moveit2/install/moveit_ros_move_group:/home/mtrn/4231/ws_moveit2/install/moveit_planners_ompl:/home/mtrn/4231/ws_moveit2/install/moveit_ros_planning:/home/mtrn/4231/ws_moveit2/install/moveit_ros_occupancy_map_monitor:/home/mtrn/4231/ws_moveit2/install/moveit_resources_prbt_ikfast_manipulator_plugin:/home/mtrn/4231/ws_moveit2/install/moveit_planners_chomp:/home/mtrn/4231/ws_moveit2/install/moveit_kinematics:/home/mtrn/4231/ws_moveit2/install/moveit_chomp_optimizer_adapter:/home/mtrn/4231/ws_moveit2/install/chomp_motion_planner:/home/mtrn/4231/ws_moveit2/install/moveit_core:/home/mtrn/4231/ws_moveit2/install/moveit_configs_utils:/home/mtrn/4231/ws_moveit2/install/srdfdom:/home/mtrn/4231/ws_moveit2/install/rviz_marker_tools:/home/mtrn/4231/ws_moveit2/install/rosparam_shortcuts:/home/mtrn/4231/ws_moveit2/install/moveit_task_constructor_msgs:/home/mtrn/4231/ws_moveit2/install/moveit_resources_prbt_support:/home/mtrn/4231/ws_moveit2/install/moveit_resources:/home/mtrn/4231/ws_moveit2/install/moveit_resources_pr2_description:/home/mtrn/4231/ws_moveit2/install/moveit_resources_panda_moveit_config:/home/mtrn/4231/ws_moveit2/install/moveit_resources_panda_description:/home/mtrn/4231/ws_moveit2/install/moveit_resources_fanuc_moveit_config:/home/mtrn/4231/ws_moveit2/install/moveit_resources_fanuc_description:/home/mtrn/4231/ws_moveit2/install/moveit_common:/home/mtrn/4231/ws_moveit2/install/launch_param_builder:/home/mtrn/4231/ros_ur_driver/install/ur:/home/mtrn/4231/ros_ur_driver/install/ur_calibration:/home/mtrn/4231/ros_ur_driver/install/ur_robot_driver:/home/mtrn/4231/ros_ur_driver/install/ur_moveit_config:/home/mtrn/4231/ros_ur_driver/install/ur_bringup:/home/mtrn/4231/ros_ur_driver/install/ur_controllers:/home/mtrn/4231/ros_ur_driver/install/ur_dashboard_msgs:/opt/ros/humble CMAKE_PREFIX_PATH=${CMAKE_PREFIX_PATH}:/home/mtrn/A2_project/A2_Project/Computer_Vision/packages/install/yolov8_ros:/home/mtrn/A2_project/A2_Project/Computer_Vision/packages/install/yolov8_node:/home/mtrn/A2_project/A2_Project/Computer_Vision/packages/install/image_warper:/home/mtrn/4231/ws_moveit2/install/moveit_configs_utils:/home/mtrn/4231/ws_moveit2/install/launch_param_builder:/opt/ros/humble /home/mtrn/.local/bin/cmake /home/mtrn/A2_project/A2_Project/Computer_Vision/packages/src/pizza_pos -DCMAKE_INSTALL_PREFIX=/home/mtrn/A2_project/A2_Project/Computer_Vision/packages/install/pizza_pos
[4.501s] DEBUG:colcon.colcon_core.event_handler.log_command:Invoking command in '/home/mtrn/A2_project/A2_Project/Computer_Vision/packages/build/yolov8_bringup': AMENT_PREFIX_PATH=/home/mtrn/A2_project/A2_Project/Computer_Vision/packages/install/yolov8_ros:/home/mtrn/A2_project/A2_Project/Computer_Vision/packages/install/yolov8_bringup:/home/mtrn/A2_project/A2_Project/Computer_Vision/packages/install/pizza_pos:/home/mtrn/A2_project/A2_Project/Computer_Vision/packages/install/yolov8_node:/home/mtrn/A2_project/A2_Project/Computer_Vision/packages/install/yolov8_msgs:/home/mtrn/A2_project/A2_Project/Computer_Vision/packages/install/image_warper:/home/mtrn/4231/ws_moveit2/install/pilz_industrial_motion_planner_testutils:/home/mtrn/4231/ws_moveit2/install/moveit_runtime:/home/mtrn/4231/ws_moveit2/install/moveit2_tutorials:/home/mtrn/4231/ws_moveit2/install/moveit:/home/mtrn/4231/ws_moveit2/install/moveit_planners:/home/mtrn/4231/ws_moveit2/install/pilz_industrial_motion_planner:/home/mtrn/4231/ws_moveit2/install/moveit_visual_tools:/home/mtrn/4231/ws_moveit2/install/moveit_task_constructor_visualization:/home/mtrn/4231/ws_moveit2/install/moveit_task_constructor_demo:/home/mtrn/4231/ws_moveit2/install/moveit_task_constructor_capabilities:/home/mtrn/4231/ws_moveit2/install/moveit_task_constructor_core:/home/mtrn/4231/ws_moveit2/install/moveit_ros_control_interface:/home/mtrn/4231/ws_moveit2/install/moveit_plugins:/home/mtrn/4231/ws_moveit2/install/moveit_simple_controller_manager:/home/mtrn/4231/ws_moveit2/install/moveit_setup_assistant:/home/mtrn/4231/ws_moveit2/install/moveit_setup_srdf_plugins:/home/mtrn/4231/ws_moveit2/install/moveit_setup_core_plugins:/home/mtrn/4231/ws_moveit2/install/moveit_setup_controllers:/home/mtrn/4231/ws_moveit2/install/moveit_setup_app_plugins:/home/mtrn/4231/ws_moveit2/install/moveit_setup_framework:/home/mtrn/4231/ws_moveit2/install/moveit_servo:/home/mtrn/4231/ws_moveit2/install/moveit_ros:/home/mtrn/4231/ws_moveit2/install/moveit_ros_visualization:/home/mtrn/4231/ws_moveit2/install/moveit_hybrid_planning:/home/mtrn/4231/ws_moveit2/install/moveit_ros_planning_interface:/home/mtrn/4231/ws_moveit2/install/moveit_ros_benchmarks:/home/mtrn/4231/ws_moveit2/install/moveit_ros_warehouse:/home/mtrn/4231/ws_moveit2/install/moveit_ros_robot_interaction:/home/mtrn/4231/ws_moveit2/install/moveit_ros_perception:/home/mtrn/4231/ws_moveit2/install/moveit_resources_prbt_pg70_support:/home/mtrn/4231/ws_moveit2/install/moveit_resources_prbt_moveit_config:/home/mtrn/4231/ws_moveit2/install/moveit_ros_move_group:/home/mtrn/4231/ws_moveit2/install/moveit_planners_ompl:/home/mtrn/4231/ws_moveit2/install/moveit_ros_planning:/home/mtrn/4231/ws_moveit2/install/moveit_ros_occupancy_map_monitor:/home/mtrn/4231/ws_moveit2/install/moveit_resources_prbt_ikfast_manipulator_plugin:/home/mtrn/4231/ws_moveit2/install/moveit_planners_chomp:/home/mtrn/4231/ws_moveit2/install/moveit_kinematics:/home/mtrn/4231/ws_moveit2/install/moveit_chomp_optimizer_adapter:/home/mtrn/4231/ws_moveit2/install/chomp_motion_planner:/home/mtrn/4231/ws_moveit2/install/moveit_core:/home/mtrn/4231/ws_moveit2/install/moveit_configs_utils:/home/mtrn/4231/ws_moveit2/install/srdfdom:/home/mtrn/4231/ws_moveit2/install/rviz_marker_tools:/home/mtrn/4231/ws_moveit2/install/rosparam_shortcuts:/home/mtrn/4231/ws_moveit2/install/moveit_task_constructor_msgs:/home/mtrn/4231/ws_moveit2/install/moveit_resources_prbt_support:/home/mtrn/4231/ws_moveit2/install/moveit_resources:/home/mtrn/4231/ws_moveit2/install/moveit_resources_pr2_description:/home/mtrn/4231/ws_moveit2/install/moveit_resources_panda_moveit_config:/home/mtrn/4231/ws_moveit2/install/moveit_resources_panda_description:/home/mtrn/4231/ws_moveit2/install/moveit_resources_fanuc_moveit_config:/home/mtrn/4231/ws_moveit2/install/moveit_resources_fanuc_description:/home/mtrn/4231/ws_moveit2/install/moveit_common:/home/mtrn/4231/ws_moveit2/install/launch_param_builder:/home/mtrn/4231/ros_ur_driver/install/ur:/home/mtrn/4231/ros_ur_driver/install/ur_calibration:/home/mtrn/4231/ros_ur_driver/install/ur_robot_driver:/home/mtrn/4231/ros_ur_driver/install/ur_moveit_config:/home/mtrn/4231/ros_ur_driver/install/ur_bringup:/home/mtrn/4231/ros_ur_driver/install/ur_controllers:/home/mtrn/4231/ros_ur_driver/install/ur_dashboard_msgs:/opt/ros/humble CMAKE_PREFIX_PATH=${CMAKE_PREFIX_PATH}:/home/mtrn/A2_project/A2_Project/Computer_Vision/packages/install/yolov8_ros:/home/mtrn/A2_project/A2_Project/Computer_Vision/packages/install/yolov8_node:/home/mtrn/A2_project/A2_Project/Computer_Vision/packages/install/image_warper:/home/mtrn/4231/ws_moveit2/install/moveit_configs_utils:/home/mtrn/4231/ws_moveit2/install/launch_param_builder:/opt/ros/humble /home/mtrn/.local/bin/cmake /home/mtrn/A2_project/A2_Project/Computer_Vision/packages/src/yolo_ros/yolov8_bringup -DCMAKE_INSTALL_PREFIX=/home/mtrn/A2_project/A2_Project/Computer_Vision/packages/install/yolov8_bringup
[4.549s] Level 1:colcon.colcon_core.environment:checking '/home/mtrn/A2_project/A2_Project/Computer_Vision/packages/install/image_warper' for CMake module files
[4.549s] Level 1:colcon.colcon_core.environment:checking '/home/mtrn/A2_project/A2_Project/Computer_Vision/packages/install/image_warper' for CMake config files
[4.550s] Level 1:colcon.colcon_core.environment:checking '/home/mtrn/A2_project/A2_Project/Computer_Vision/packages/install/image_warper/lib'
[4.551s] Level 1:colcon.colcon_core.environment:checking '/home/mtrn/A2_project/A2_Project/Computer_Vision/packages/install/image_warper/bin'
[4.551s] Level 1:colcon.colcon_core.environment:checking '/home/mtrn/A2_project/A2_Project/Computer_Vision/packages/install/image_warper/lib/pkgconfig/image_warper.pc'
[4.551s] Level 1:colcon.colcon_core.environment:checking '/home/mtrn/A2_project/A2_Project/Computer_Vision/packages/install/image_warper/lib/python3.10/site-packages'
[4.551s] Level 1:colcon.colcon_core.shell:create_environment_hook('image_warper', 'pythonpath')
[4.559s] DEBUG:colcon.colcon_core.event_handler.log_command:Invoked command in '/home/mtrn/A2_project/A2_Project/Computer_Vision/packages/src/image_warper' returned '0': PYTHONPATH=/home/mtrn/A2_project/A2_Project/Computer_Vision/packages/build/image_warper/prefix_override:/home/mtrn/A2_project/A2_Project/Computer_Vision/packages/install/image_warper/lib/python3.10/site-packages:${PYTHONPATH} /usr/bin/python3 setup.py egg_info --egg-base ../../build/image_warper build --build-base /home/mtrn/A2_project/A2_Project/Computer_Vision/packages/build/image_warper/build install --record /home/mtrn/A2_project/A2_Project/Computer_Vision/packages/build/image_warper/install.log --single-version-externally-managed
[4.561s] INFO:colcon.colcon_core.shell:Creating environment hook '/home/mtrn/A2_project/A2_Project/Computer_Vision/packages/install/image_warper/share/image_warper/hook/pythonpath.ps1'
[4.562s] INFO:colcon.colcon_core.shell:Creating environment descriptor '/home/mtrn/A2_project/A2_Project/Computer_Vision/packages/install/image_warper/share/image_warper/hook/pythonpath.dsv'
[4.562s] INFO:colcon.colcon_core.shell:Creating environment hook '/home/mtrn/A2_project/A2_Project/Computer_Vision/packages/install/image_warper/share/image_warper/hook/pythonpath.sh'
[4.563s] Level 1:colcon.colcon_core.environment:checking '/home/mtrn/A2_project/A2_Project/Computer_Vision/packages/install/image_warper/bin'
[4.564s] Level 1:colcon.colcon_core.environment:create_environment_scripts_only(image_warper)
[4.567s] INFO:colcon.colcon_core.shell:Creating package script '/home/mtrn/A2_project/A2_Project/Computer_Vision/packages/install/image_warper/share/image_warper/package.ps1'
[4.567s] INFO:colcon.colcon_core.shell:Creating package descriptor '/home/mtrn/A2_project/A2_Project/Computer_Vision/packages/install/image_warper/share/image_warper/package.dsv'
[4.568s] INFO:colcon.colcon_core.shell:Creating package script '/home/mtrn/A2_project/A2_Project/Computer_Vision/packages/install/image_warper/share/image_warper/package.sh'
[4.569s] INFO:colcon.colcon_core.shell:Creating package script '/home/mtrn/A2_project/A2_Project/Computer_Vision/packages/install/image_warper/share/image_warper/package.bash'
[4.569s] INFO:colcon.colcon_core.shell:Creating package script '/home/mtrn/A2_project/A2_Project/Computer_Vision/packages/install/image_warper/share/image_warper/package.zsh'
[4.569s] Level 1:colcon.colcon_core.environment:create_file_with_runtime_dependencies(/home/mtrn/A2_project/A2_Project/Computer_Vision/packages/install/image_warper/share/colcon-core/packages/image_warper)
[8.065s] DEBUG:colcon.colcon_core.event_handler.log_command:Invoked command in '/home/mtrn/A2_project/A2_Project/Computer_Vision/packages/build/yolov8_bringup' returned '0': AMENT_PREFIX_PATH=/home/mtrn/A2_project/A2_Project/Computer_Vision/packages/install/yolov8_ros:/home/mtrn/A2_project/A2_Project/Computer_Vision/packages/install/yolov8_bringup:/home/mtrn/A2_project/A2_Project/Computer_Vision/packages/install/pizza_pos:/home/mtrn/A2_project/A2_Project/Computer_Vision/packages/install/yolov8_node:/home/mtrn/A2_project/A2_Project/Computer_Vision/packages/install/yolov8_msgs:/home/mtrn/A2_project/A2_Project/Computer_Vision/packages/install/image_warper:/home/mtrn/4231/ws_moveit2/install/pilz_industrial_motion_planner_testutils:/home/mtrn/4231/ws_moveit2/install/moveit_runtime:/home/mtrn/4231/ws_moveit2/install/moveit2_tutorials:/home/mtrn/4231/ws_moveit2/install/moveit:/home/mtrn/4231/ws_moveit2/install/moveit_planners:/home/mtrn/4231/ws_moveit2/install/pilz_industrial_motion_planner:/home/mtrn/4231/ws_moveit2/install/moveit_visual_tools:/home/mtrn/4231/ws_moveit2/install/moveit_task_constructor_visualization:/home/mtrn/4231/ws_moveit2/install/moveit_task_constructor_demo:/home/mtrn/4231/ws_moveit2/install/moveit_task_constructor_capabilities:/home/mtrn/4231/ws_moveit2/install/moveit_task_constructor_core:/home/mtrn/4231/ws_moveit2/install/moveit_ros_control_interface:/home/mtrn/4231/ws_moveit2/install/moveit_plugins:/home/mtrn/4231/ws_moveit2/install/moveit_simple_controller_manager:/home/mtrn/4231/ws_moveit2/install/moveit_setup_assistant:/home/mtrn/4231/ws_moveit2/install/moveit_setup_srdf_plugins:/home/mtrn/4231/ws_moveit2/install/moveit_setup_core_plugins:/home/mtrn/4231/ws_moveit2/install/moveit_setup_controllers:/home/mtrn/4231/ws_moveit2/install/moveit_setup_app_plugins:/home/mtrn/4231/ws_moveit2/install/moveit_setup_framework:/home/mtrn/4231/ws_moveit2/install/moveit_servo:/home/mtrn/4231/ws_moveit2/install/moveit_ros:/home/mtrn/4231/ws_moveit2/install/moveit_ros_visualization:/home/mtrn/4231/ws_moveit2/install/moveit_hybrid_planning:/home/mtrn/4231/ws_moveit2/install/moveit_ros_planning_interface:/home/mtrn/4231/ws_moveit2/install/moveit_ros_benchmarks:/home/mtrn/4231/ws_moveit2/install/moveit_ros_warehouse:/home/mtrn/4231/ws_moveit2/install/moveit_ros_robot_interaction:/home/mtrn/4231/ws_moveit2/install/moveit_ros_perception:/home/mtrn/4231/ws_moveit2/install/moveit_resources_prbt_pg70_support:/home/mtrn/4231/ws_moveit2/install/moveit_resources_prbt_moveit_config:/home/mtrn/4231/ws_moveit2/install/moveit_ros_move_group:/home/mtrn/4231/ws_moveit2/install/moveit_planners_ompl:/home/mtrn/4231/ws_moveit2/install/moveit_ros_planning:/home/mtrn/4231/ws_moveit2/install/moveit_ros_occupancy_map_monitor:/home/mtrn/4231/ws_moveit2/install/moveit_resources_prbt_ikfast_manipulator_plugin:/home/mtrn/4231/ws_moveit2/install/moveit_planners_chomp:/home/mtrn/4231/ws_moveit2/install/moveit_kinematics:/home/mtrn/4231/ws_moveit2/install/moveit_chomp_optimizer_adapter:/home/mtrn/4231/ws_moveit2/install/chomp_motion_planner:/home/mtrn/4231/ws_moveit2/install/moveit_core:/home/mtrn/4231/ws_moveit2/install/moveit_configs_utils:/home/mtrn/4231/ws_moveit2/install/srdfdom:/home/mtrn/4231/ws_moveit2/install/rviz_marker_tools:/home/mtrn/4231/ws_moveit2/install/rosparam_shortcuts:/home/mtrn/4231/ws_moveit2/install/moveit_task_constructor_msgs:/home/mtrn/4231/ws_moveit2/install/moveit_resources_prbt_support:/home/mtrn/4231/ws_moveit2/install/moveit_resources:/home/mtrn/4231/ws_moveit2/install/moveit_resources_pr2_description:/home/mtrn/4231/ws_moveit2/install/moveit_resources_panda_moveit_config:/home/mtrn/4231/ws_moveit2/install/moveit_resources_panda_description:/home/mtrn/4231/ws_moveit2/install/moveit_resources_fanuc_moveit_config:/home/mtrn/4231/ws_moveit2/install/moveit_resources_fanuc_description:/home/mtrn/4231/ws_moveit2/install/moveit_common:/home/mtrn/4231/ws_moveit2/install/launch_param_builder:/home/mtrn/4231/ros_ur_driver/install/ur:/home/mtrn/4231/ros_ur_driver/install/ur_calibration:/home/mtrn/4231/ros_ur_driver/install/ur_robot_driver:/home/mtrn/4231/ros_ur_driver/install/ur_moveit_config:/home/mtrn/4231/ros_ur_driver/install/ur_bringup:/home/mtrn/4231/ros_ur_driver/install/ur_controllers:/home/mtrn/4231/ros_ur_driver/install/ur_dashboard_msgs:/opt/ros/humble CMAKE_PREFIX_PATH=${CMAKE_PREFIX_PATH}:/home/mtrn/A2_project/A2_Project/Computer_Vision/packages/install/yolov8_ros:/home/mtrn/A2_project/A2_Project/Computer_Vision/packages/install/yolov8_node:/home/mtrn/A2_project/A2_Project/Computer_Vision/packages/install/image_warper:/home/mtrn/4231/ws_moveit2/install/moveit_configs_utils:/home/mtrn/4231/ws_moveit2/install/launch_param_builder:/opt/ros/humble /home/mtrn/.local/bin/cmake /home/mtrn/A2_project/A2_Project/Computer_Vision/packages/src/yolo_ros/yolov8_bringup -DCMAKE_INSTALL_PREFIX=/home/mtrn/A2_project/A2_Project/Computer_Vision/packages/install/yolov8_bringup
[8.066s] DEBUG:colcon.colcon_core.event_handler.log_command:Invoking command in '/home/mtrn/A2_project/A2_Project/Computer_Vision/packages/build/yolov8_bringup': AMENT_PREFIX_PATH=/home/mtrn/A2_project/A2_Project/Computer_Vision/packages/install/yolov8_ros:/home/mtrn/A2_project/A2_Project/Computer_Vision/packages/install/yolov8_bringup:/home/mtrn/A2_project/A2_Project/Computer_Vision/packages/install/pizza_pos:/home/mtrn/A2_project/A2_Project/Computer_Vision/packages/install/yolov8_node:/home/mtrn/A2_project/A2_Project/Computer_Vision/packages/install/yolov8_msgs:/home/mtrn/A2_project/A2_Project/Computer_Vision/packages/install/image_warper:/home/mtrn/4231/ws_moveit2/install/pilz_industrial_motion_planner_testutils:/home/mtrn/4231/ws_moveit2/install/moveit_runtime:/home/mtrn/4231/ws_moveit2/install/moveit2_tutorials:/home/mtrn/4231/ws_moveit2/install/moveit:/home/mtrn/4231/ws_moveit2/install/moveit_planners:/home/mtrn/4231/ws_moveit2/install/pilz_industrial_motion_planner:/home/mtrn/4231/ws_moveit2/install/moveit_visual_tools:/home/mtrn/4231/ws_moveit2/install/moveit_task_constructor_visualization:/home/mtrn/4231/ws_moveit2/install/moveit_task_constructor_demo:/home/mtrn/4231/ws_moveit2/install/moveit_task_constructor_capabilities:/home/mtrn/4231/ws_moveit2/install/moveit_task_constructor_core:/home/mtrn/4231/ws_moveit2/install/moveit_ros_control_interface:/home/mtrn/4231/ws_moveit2/install/moveit_plugins:/home/mtrn/4231/ws_moveit2/install/moveit_simple_controller_manager:/home/mtrn/4231/ws_moveit2/install/moveit_setup_assistant:/home/mtrn/4231/ws_moveit2/install/moveit_setup_srdf_plugins:/home/mtrn/4231/ws_moveit2/install/moveit_setup_core_plugins:/home/mtrn/4231/ws_moveit2/install/moveit_setup_controllers:/home/mtrn/4231/ws_moveit2/install/moveit_setup_app_plugins:/home/mtrn/4231/ws_moveit2/install/moveit_setup_framework:/home/mtrn/4231/ws_moveit2/install/moveit_servo:/home/mtrn/4231/ws_moveit2/install/moveit_ros:/home/mtrn/4231/ws_moveit2/install/moveit_ros_visualization:/home/mtrn/4231/ws_moveit2/install/moveit_hybrid_planning:/home/mtrn/4231/ws_moveit2/install/moveit_ros_planning_interface:/home/mtrn/4231/ws_moveit2/install/moveit_ros_benchmarks:/home/mtrn/4231/ws_moveit2/install/moveit_ros_warehouse:/home/mtrn/4231/ws_moveit2/install/moveit_ros_robot_interaction:/home/mtrn/4231/ws_moveit2/install/moveit_ros_perception:/home/mtrn/4231/ws_moveit2/install/moveit_resources_prbt_pg70_support:/home/mtrn/4231/ws_moveit2/install/moveit_resources_prbt_moveit_config:/home/mtrn/4231/ws_moveit2/install/moveit_ros_move_group:/home/mtrn/4231/ws_moveit2/install/moveit_planners_ompl:/home/mtrn/4231/ws_moveit2/install/moveit_ros_planning:/home/mtrn/4231/ws_moveit2/install/moveit_ros_occupancy_map_monitor:/home/mtrn/4231/ws_moveit2/install/moveit_resources_prbt_ikfast_manipulator_plugin:/home/mtrn/4231/ws_moveit2/install/moveit_planners_chomp:/home/mtrn/4231/ws_moveit2/install/moveit_kinematics:/home/mtrn/4231/ws_moveit2/install/moveit_chomp_optimizer_adapter:/home/mtrn/4231/ws_moveit2/install/chomp_motion_planner:/home/mtrn/4231/ws_moveit2/install/moveit_core:/home/mtrn/4231/ws_moveit2/install/moveit_configs_utils:/home/mtrn/4231/ws_moveit2/install/srdfdom:/home/mtrn/4231/ws_moveit2/install/rviz_marker_tools:/home/mtrn/4231/ws_moveit2/install/rosparam_shortcuts:/home/mtrn/4231/ws_moveit2/install/moveit_task_constructor_msgs:/home/mtrn/4231/ws_moveit2/install/moveit_resources_prbt_support:/home/mtrn/4231/ws_moveit2/install/moveit_resources:/home/mtrn/4231/ws_moveit2/install/moveit_resources_pr2_description:/home/mtrn/4231/ws_moveit2/install/moveit_resources_panda_moveit_config:/home/mtrn/4231/ws_moveit2/install/moveit_resources_panda_description:/home/mtrn/4231/ws_moveit2/install/moveit_resources_fanuc_moveit_config:/home/mtrn/4231/ws_moveit2/install/moveit_resources_fanuc_description:/home/mtrn/4231/ws_moveit2/install/moveit_common:/home/mtrn/4231/ws_moveit2/install/launch_param_builder:/home/mtrn/4231/ros_ur_driver/install/ur:/home/mtrn/4231/ros_ur_driver/install/ur_calibration:/home/mtrn/4231/ros_ur_driver/install/ur_robot_driver:/home/mtrn/4231/ros_ur_driver/install/ur_moveit_config:/home/mtrn/4231/ros_ur_driver/install/ur_bringup:/home/mtrn/4231/ros_ur_driver/install/ur_controllers:/home/mtrn/4231/ros_ur_driver/install/ur_dashboard_msgs:/opt/ros/humble CMAKE_PREFIX_PATH=${CMAKE_PREFIX_PATH}:/home/mtrn/A2_project/A2_Project/Computer_Vision/packages/install/yolov8_ros:/home/mtrn/A2_project/A2_Project/Computer_Vision/packages/install/yolov8_node:/home/mtrn/A2_project/A2_Project/Computer_Vision/packages/install/image_warper:/home/mtrn/4231/ws_moveit2/install/moveit_configs_utils:/home/mtrn/4231/ws_moveit2/install/launch_param_builder:/opt/ros/humble /home/mtrn/.local/bin/cmake --build /home/mtrn/A2_project/A2_Project/Computer_Vision/packages/build/yolov8_bringup -- -j12 -l12
[8.188s] DEBUG:colcon.colcon_core.event_handler.log_command:Invoked command in '/home/mtrn/A2_project/A2_Project/Computer_Vision/packages/build/yolov8_bringup' returned '0': AMENT_PREFIX_PATH=/home/mtrn/A2_project/A2_Project/Computer_Vision/packages/install/yolov8_ros:/home/mtrn/A2_project/A2_Project/Computer_Vision/packages/install/yolov8_bringup:/home/mtrn/A2_project/A2_Project/Computer_Vision/packages/install/pizza_pos:/home/mtrn/A2_project/A2_Project/Computer_Vision/packages/install/yolov8_node:/home/mtrn/A2_project/A2_Project/Computer_Vision/packages/install/yolov8_msgs:/home/mtrn/A2_project/A2_Project/Computer_Vision/packages/install/image_warper:/home/mtrn/4231/ws_moveit2/install/pilz_industrial_motion_planner_testutils:/home/mtrn/4231/ws_moveit2/install/moveit_runtime:/home/mtrn/4231/ws_moveit2/install/moveit2_tutorials:/home/mtrn/4231/ws_moveit2/install/moveit:/home/mtrn/4231/ws_moveit2/install/moveit_planners:/home/mtrn/4231/ws_moveit2/install/pilz_industrial_motion_planner:/home/mtrn/4231/ws_moveit2/install/moveit_visual_tools:/home/mtrn/4231/ws_moveit2/install/moveit_task_constructor_visualization:/home/mtrn/4231/ws_moveit2/install/moveit_task_constructor_demo:/home/mtrn/4231/ws_moveit2/install/moveit_task_constructor_capabilities:/home/mtrn/4231/ws_moveit2/install/moveit_task_constructor_core:/home/mtrn/4231/ws_moveit2/install/moveit_ros_control_interface:/home/mtrn/4231/ws_moveit2/install/moveit_plugins:/home/mtrn/4231/ws_moveit2/install/moveit_simple_controller_manager:/home/mtrn/4231/ws_moveit2/install/moveit_setup_assistant:/home/mtrn/4231/ws_moveit2/install/moveit_setup_srdf_plugins:/home/mtrn/4231/ws_moveit2/install/moveit_setup_core_plugins:/home/mtrn/4231/ws_moveit2/install/moveit_setup_controllers:/home/mtrn/4231/ws_moveit2/install/moveit_setup_app_plugins:/home/mtrn/4231/ws_moveit2/install/moveit_setup_framework:/home/mtrn/4231/ws_moveit2/install/moveit_servo:/home/mtrn/4231/ws_moveit2/install/moveit_ros:/home/mtrn/4231/ws_moveit2/install/moveit_ros_visualization:/home/mtrn/4231/ws_moveit2/install/moveit_hybrid_planning:/home/mtrn/4231/ws_moveit2/install/moveit_ros_planning_interface:/home/mtrn/4231/ws_moveit2/install/moveit_ros_benchmarks:/home/mtrn/4231/ws_moveit2/install/moveit_ros_warehouse:/home/mtrn/4231/ws_moveit2/install/moveit_ros_robot_interaction:/home/mtrn/4231/ws_moveit2/install/moveit_ros_perception:/home/mtrn/4231/ws_moveit2/install/moveit_resources_prbt_pg70_support:/home/mtrn/4231/ws_moveit2/install/moveit_resources_prbt_moveit_config:/home/mtrn/4231/ws_moveit2/install/moveit_ros_move_group:/home/mtrn/4231/ws_moveit2/install/moveit_planners_ompl:/home/mtrn/4231/ws_moveit2/install/moveit_ros_planning:/home/mtrn/4231/ws_moveit2/install/moveit_ros_occupancy_map_monitor:/home/mtrn/4231/ws_moveit2/install/moveit_resources_prbt_ikfast_manipulator_plugin:/home/mtrn/4231/ws_moveit2/install/moveit_planners_chomp:/home/mtrn/4231/ws_moveit2/install/moveit_kinematics:/home/mtrn/4231/ws_moveit2/install/moveit_chomp_optimizer_adapter:/home/mtrn/4231/ws_moveit2/install/chomp_motion_planner:/home/mtrn/4231/ws_moveit2/install/moveit_core:/home/mtrn/4231/ws_moveit2/install/moveit_configs_utils:/home/mtrn/4231/ws_moveit2/install/srdfdom:/home/mtrn/4231/ws_moveit2/install/rviz_marker_tools:/home/mtrn/4231/ws_moveit2/install/rosparam_shortcuts:/home/mtrn/4231/ws_moveit2/install/moveit_task_constructor_msgs:/home/mtrn/4231/ws_moveit2/install/moveit_resources_prbt_support:/home/mtrn/4231/ws_moveit2/install/moveit_resources:/home/mtrn/4231/ws_moveit2/install/moveit_resources_pr2_description:/home/mtrn/4231/ws_moveit2/install/moveit_resources_panda_moveit_config:/home/mtrn/4231/ws_moveit2/install/moveit_resources_panda_description:/home/mtrn/4231/ws_moveit2/install/moveit_resources_fanuc_moveit_config:/home/mtrn/4231/ws_moveit2/install/moveit_resources_fanuc_description:/home/mtrn/4231/ws_moveit2/install/moveit_common:/home/mtrn/4231/ws_moveit2/install/launch_param_builder:/home/mtrn/4231/ros_ur_driver/install/ur:/home/mtrn/4231/ros_ur_driver/install/ur_calibration:/home/mtrn/4231/ros_ur_driver/install/ur_robot_driver:/home/mtrn/4231/ros_ur_driver/install/ur_moveit_config:/home/mtrn/4231/ros_ur_driver/install/ur_bringup:/home/mtrn/4231/ros_ur_driver/install/ur_controllers:/home/mtrn/4231/ros_ur_driver/install/ur_dashboard_msgs:/opt/ros/humble CMAKE_PREFIX_PATH=${CMAKE_PREFIX_PATH}:/home/mtrn/A2_project/A2_Project/Computer_Vision/packages/install/yolov8_ros:/home/mtrn/A2_project/A2_Project/Computer_Vision/packages/install/yolov8_node:/home/mtrn/A2_project/A2_Project/Computer_Vision/packages/install/image_warper:/home/mtrn/4231/ws_moveit2/install/moveit_configs_utils:/home/mtrn/4231/ws_moveit2/install/launch_param_builder:/opt/ros/humble /home/mtrn/.local/bin/cmake --build /home/mtrn/A2_project/A2_Project/Computer_Vision/packages/build/yolov8_bringup -- -j12 -l12
[8.401s] DEBUG:colcon.colcon_core.event_handler.log_command:Invoking command in '/home/mtrn/A2_project/A2_Project/Computer_Vision/packages/build/yolov8_bringup': AMENT_PREFIX_PATH=/home/mtrn/A2_project/A2_Project/Computer_Vision/packages/install/yolov8_ros:/home/mtrn/A2_project/A2_Project/Computer_Vision/packages/install/yolov8_bringup:/home/mtrn/A2_project/A2_Project/Computer_Vision/packages/install/pizza_pos:/home/mtrn/A2_project/A2_Project/Computer_Vision/packages/install/yolov8_node:/home/mtrn/A2_project/A2_Project/Computer_Vision/packages/install/yolov8_msgs:/home/mtrn/A2_project/A2_Project/Computer_Vision/packages/install/image_warper:/home/mtrn/4231/ws_moveit2/install/pilz_industrial_motion_planner_testutils:/home/mtrn/4231/ws_moveit2/install/moveit_runtime:/home/mtrn/4231/ws_moveit2/install/moveit2_tutorials:/home/mtrn/4231/ws_moveit2/install/moveit:/home/mtrn/4231/ws_moveit2/install/moveit_planners:/home/mtrn/4231/ws_moveit2/install/pilz_industrial_motion_planner:/home/mtrn/4231/ws_moveit2/install/moveit_visual_tools:/home/mtrn/4231/ws_moveit2/install/moveit_task_constructor_visualization:/home/mtrn/4231/ws_moveit2/install/moveit_task_constructor_demo:/home/mtrn/4231/ws_moveit2/install/moveit_task_constructor_capabilities:/home/mtrn/4231/ws_moveit2/install/moveit_task_constructor_core:/home/mtrn/4231/ws_moveit2/install/moveit_ros_control_interface:/home/mtrn/4231/ws_moveit2/install/moveit_plugins:/home/mtrn/4231/ws_moveit2/install/moveit_simple_controller_manager:/home/mtrn/4231/ws_moveit2/install/moveit_setup_assistant:/home/mtrn/4231/ws_moveit2/install/moveit_setup_srdf_plugins:/home/mtrn/4231/ws_moveit2/install/moveit_setup_core_plugins:/home/mtrn/4231/ws_moveit2/install/moveit_setup_controllers:/home/mtrn/4231/ws_moveit2/install/moveit_setup_app_plugins:/home/mtrn/4231/ws_moveit2/install/moveit_setup_framework:/home/mtrn/4231/ws_moveit2/install/moveit_servo:/home/mtrn/4231/ws_moveit2/install/moveit_ros:/home/mtrn/4231/ws_moveit2/install/moveit_ros_visualization:/home/mtrn/4231/ws_moveit2/install/moveit_hybrid_planning:/home/mtrn/4231/ws_moveit2/install/moveit_ros_planning_interface:/home/mtrn/4231/ws_moveit2/install/moveit_ros_benchmarks:/home/mtrn/4231/ws_moveit2/install/moveit_ros_warehouse:/home/mtrn/4231/ws_moveit2/install/moveit_ros_robot_interaction:/home/mtrn/4231/ws_moveit2/install/moveit_ros_perception:/home/mtrn/4231/ws_moveit2/install/moveit_resources_prbt_pg70_support:/home/mtrn/4231/ws_moveit2/install/moveit_resources_prbt_moveit_config:/home/mtrn/4231/ws_moveit2/install/moveit_ros_move_group:/home/mtrn/4231/ws_moveit2/install/moveit_planners_ompl:/home/mtrn/4231/ws_moveit2/install/moveit_ros_planning:/home/mtrn/4231/ws_moveit2/install/moveit_ros_occupancy_map_monitor:/home/mtrn/4231/ws_moveit2/install/moveit_resources_prbt_ikfast_manipulator_plugin:/home/mtrn/4231/ws_moveit2/install/moveit_planners_chomp:/home/mtrn/4231/ws_moveit2/install/moveit_kinematics:/home/mtrn/4231/ws_moveit2/install/moveit_chomp_optimizer_adapter:/home/mtrn/4231/ws_moveit2/install/chomp_motion_planner:/home/mtrn/4231/ws_moveit2/install/moveit_core:/home/mtrn/4231/ws_moveit2/install/moveit_configs_utils:/home/mtrn/4231/ws_moveit2/install/srdfdom:/home/mtrn/4231/ws_moveit2/install/rviz_marker_tools:/home/mtrn/4231/ws_moveit2/install/rosparam_shortcuts:/home/mtrn/4231/ws_moveit2/install/moveit_task_constructor_msgs:/home/mtrn/4231/ws_moveit2/install/moveit_resources_prbt_support:/home/mtrn/4231/ws_moveit2/install/moveit_resources:/home/mtrn/4231/ws_moveit2/install/moveit_resources_pr2_description:/home/mtrn/4231/ws_moveit2/install/moveit_resources_panda_moveit_config:/home/mtrn/4231/ws_moveit2/install/moveit_resources_panda_description:/home/mtrn/4231/ws_moveit2/install/moveit_resources_fanuc_moveit_config:/home/mtrn/4231/ws_moveit2/install/moveit_resources_fanuc_description:/home/mtrn/4231/ws_moveit2/install/moveit_common:/home/mtrn/4231/ws_moveit2/install/launch_param_builder:/home/mtrn/4231/ros_ur_driver/install/ur:/home/mtrn/4231/ros_ur_driver/install/ur_calibration:/home/mtrn/4231/ros_ur_driver/install/ur_robot_driver:/home/mtrn/4231/ros_ur_driver/install/ur_moveit_config:/home/mtrn/4231/ros_ur_driver/install/ur_bringup:/home/mtrn/4231/ros_ur_driver/install/ur_controllers:/home/mtrn/4231/ros_ur_driver/install/ur_dashboard_msgs:/opt/ros/humble CMAKE_PREFIX_PATH=${CMAKE_PREFIX_PATH}:/home/mtrn/A2_project/A2_Project/Computer_Vision/packages/install/yolov8_ros:/home/mtrn/A2_project/A2_Project/Computer_Vision/packages/install/yolov8_node:/home/mtrn/A2_project/A2_Project/Computer_Vision/packages/install/image_warper:/home/mtrn/4231/ws_moveit2/install/moveit_configs_utils:/home/mtrn/4231/ws_moveit2/install/launch_param_builder:/opt/ros/humble /home/mtrn/.local/bin/cmake --install /home/mtrn/A2_project/A2_Project/Computer_Vision/packages/build/yolov8_bringup
[8.533s] Level 1:colcon.colcon_core.environment:create_environment_scripts_only(yolov8_bringup)
[8.537s] Level 1:colcon.colcon_core.environment:checking '/home/mtrn/A2_project/A2_Project/Computer_Vision/packages/install/yolov8_bringup' for CMake module files
[8.538s] DEBUG:colcon.colcon_core.event_handler.log_command:Invoked command in '/home/mtrn/A2_project/A2_Project/Computer_Vision/packages/build/yolov8_bringup' returned '0': AMENT_PREFIX_PATH=/home/mtrn/A2_project/A2_Project/Computer_Vision/packages/install/yolov8_ros:/home/mtrn/A2_project/A2_Project/Computer_Vision/packages/install/yolov8_bringup:/home/mtrn/A2_project/A2_Project/Computer_Vision/packages/install/pizza_pos:/home/mtrn/A2_project/A2_Project/Computer_Vision/packages/install/yolov8_node:/home/mtrn/A2_project/A2_Project/Computer_Vision/packages/install/yolov8_msgs:/home/mtrn/A2_project/A2_Project/Computer_Vision/packages/install/image_warper:/home/mtrn/4231/ws_moveit2/install/pilz_industrial_motion_planner_testutils:/home/mtrn/4231/ws_moveit2/install/moveit_runtime:/home/mtrn/4231/ws_moveit2/install/moveit2_tutorials:/home/mtrn/4231/ws_moveit2/install/moveit:/home/mtrn/4231/ws_moveit2/install/moveit_planners:/home/mtrn/4231/ws_moveit2/install/pilz_industrial_motion_planner:/home/mtrn/4231/ws_moveit2/install/moveit_visual_tools:/home/mtrn/4231/ws_moveit2/install/moveit_task_constructor_visualization:/home/mtrn/4231/ws_moveit2/install/moveit_task_constructor_demo:/home/mtrn/4231/ws_moveit2/install/moveit_task_constructor_capabilities:/home/mtrn/4231/ws_moveit2/install/moveit_task_constructor_core:/home/mtrn/4231/ws_moveit2/install/moveit_ros_control_interface:/home/mtrn/4231/ws_moveit2/install/moveit_plugins:/home/mtrn/4231/ws_moveit2/install/moveit_simple_controller_manager:/home/mtrn/4231/ws_moveit2/install/moveit_setup_assistant:/home/mtrn/4231/ws_moveit2/install/moveit_setup_srdf_plugins:/home/mtrn/4231/ws_moveit2/install/moveit_setup_core_plugins:/home/mtrn/4231/ws_moveit2/install/moveit_setup_controllers:/home/mtrn/4231/ws_moveit2/install/moveit_setup_app_plugins:/home/mtrn/4231/ws_moveit2/install/moveit_setup_framework:/home/mtrn/4231/ws_moveit2/install/moveit_servo:/home/mtrn/4231/ws_moveit2/install/moveit_ros:/home/mtrn/4231/ws_moveit2/install/moveit_ros_visualization:/home/mtrn/4231/ws_moveit2/install/moveit_hybrid_planning:/home/mtrn/4231/ws_moveit2/install/moveit_ros_planning_interface:/home/mtrn/4231/ws_moveit2/install/moveit_ros_benchmarks:/home/mtrn/4231/ws_moveit2/install/moveit_ros_warehouse:/home/mtrn/4231/ws_moveit2/install/moveit_ros_robot_interaction:/home/mtrn/4231/ws_moveit2/install/moveit_ros_perception:/home/mtrn/4231/ws_moveit2/install/moveit_resources_prbt_pg70_support:/home/mtrn/4231/ws_moveit2/install/moveit_resources_prbt_moveit_config:/home/mtrn/4231/ws_moveit2/install/moveit_ros_move_group:/home/mtrn/4231/ws_moveit2/install/moveit_planners_ompl:/home/mtrn/4231/ws_moveit2/install/moveit_ros_planning:/home/mtrn/4231/ws_moveit2/install/moveit_ros_occupancy_map_monitor:/home/mtrn/4231/ws_moveit2/install/moveit_resources_prbt_ikfast_manipulator_plugin:/home/mtrn/4231/ws_moveit2/install/moveit_planners_chomp:/home/mtrn/4231/ws_moveit2/install/moveit_kinematics:/home/mtrn/4231/ws_moveit2/install/moveit_chomp_optimizer_adapter:/home/mtrn/4231/ws_moveit2/install/chomp_motion_planner:/home/mtrn/4231/ws_moveit2/install/moveit_core:/home/mtrn/4231/ws_moveit2/install/moveit_configs_utils:/home/mtrn/4231/ws_moveit2/install/srdfdom:/home/mtrn/4231/ws_moveit2/install/rviz_marker_tools:/home/mtrn/4231/ws_moveit2/install/rosparam_shortcuts:/home/mtrn/4231/ws_moveit2/install/moveit_task_constructor_msgs:/home/mtrn/4231/ws_moveit2/install/moveit_resources_prbt_support:/home/mtrn/4231/ws_moveit2/install/moveit_resources:/home/mtrn/4231/ws_moveit2/install/moveit_resources_pr2_description:/home/mtrn/4231/ws_moveit2/install/moveit_resources_panda_moveit_config:/home/mtrn/4231/ws_moveit2/install/moveit_resources_panda_description:/home/mtrn/4231/ws_moveit2/install/moveit_resources_fanuc_moveit_config:/home/mtrn/4231/ws_moveit2/install/moveit_resources_fanuc_description:/home/mtrn/4231/ws_moveit2/install/moveit_common:/home/mtrn/4231/ws_moveit2/install/launch_param_builder:/home/mtrn/4231/ros_ur_driver/install/ur:/home/mtrn/4231/ros_ur_driver/install/ur_calibration:/home/mtrn/4231/ros_ur_driver/install/ur_robot_driver:/home/mtrn/4231/ros_ur_driver/install/ur_moveit_config:/home/mtrn/4231/ros_ur_driver/install/ur_bringup:/home/mtrn/4231/ros_ur_driver/install/ur_controllers:/home/mtrn/4231/ros_ur_driver/install/ur_dashboard_msgs:/opt/ros/humble CMAKE_PREFIX_PATH=${CMAKE_PREFIX_PATH}:/home/mtrn/A2_project/A2_Project/Computer_Vision/packages/install/yolov8_ros:/home/mtrn/A2_project/A2_Project/Computer_Vision/packages/install/yolov8_node:/home/mtrn/A2_project/A2_Project/Computer_Vision/packages/install/image_warper:/home/mtrn/4231/ws_moveit2/install/moveit_configs_utils:/home/mtrn/4231/ws_moveit2/install/launch_param_builder:/opt/ros/humble /home/mtrn/.local/bin/cmake --install /home/mtrn/A2_project/A2_Project/Computer_Vision/packages/build/yolov8_bringup
[8.539s] Level 1:colcon.colcon_core.environment:checking '/home/mtrn/A2_project/A2_Project/Computer_Vision/packages/install/yolov8_bringup' for CMake config files
[8.540s] Level 1:colcon.colcon_core.shell:create_environment_hook('yolov8_bringup', 'cmake_prefix_path')
[8.543s] INFO:colcon.colcon_core.shell:Creating environment hook '/home/mtrn/A2_project/A2_Project/Computer_Vision/packages/install/yolov8_bringup/share/yolov8_bringup/hook/cmake_prefix_path.ps1'
[8.544s] INFO:colcon.colcon_core.shell:Creating environment descriptor '/home/mtrn/A2_project/A2_Project/Computer_Vision/packages/install/yolov8_bringup/share/yolov8_bringup/hook/cmake_prefix_path.dsv'
[8.544s] INFO:colcon.colcon_core.shell:Creating environment hook '/home/mtrn/A2_project/A2_Project/Computer_Vision/packages/install/yolov8_bringup/share/yolov8_bringup/hook/cmake_prefix_path.sh'
[8.545s] Level 1:colcon.colcon_core.environment:checking '/home/mtrn/A2_project/A2_Project/Computer_Vision/packages/install/yolov8_bringup/bin'
[8.545s] Level 1:colcon.colcon_core.environment:checking '/home/mtrn/A2_project/A2_Project/Computer_Vision/packages/install/yolov8_bringup/lib/pkgconfig/yolov8_bringup.pc'
[8.545s] Level 1:colcon.colcon_core.environment:checking '/home/mtrn/A2_project/A2_Project/Computer_Vision/packages/install/yolov8_bringup/lib/python3.10/site-packages'
[8.546s] Level 1:colcon.colcon_core.environment:checking '/home/mtrn/A2_project/A2_Project/Computer_Vision/packages/install/yolov8_bringup/bin'
[8.549s] INFO:colcon.colcon_core.shell:Creating package script '/home/mtrn/A2_project/A2_Project/Computer_Vision/packages/install/yolov8_bringup/share/yolov8_bringup/package.ps1'
[8.550s] INFO:colcon.colcon_core.shell:Creating package descriptor '/home/mtrn/A2_project/A2_Project/Computer_Vision/packages/install/yolov8_bringup/share/yolov8_bringup/package.dsv'
[8.551s] INFO:colcon.colcon_core.shell:Creating package script '/home/mtrn/A2_project/A2_Project/Computer_Vision/packages/install/yolov8_bringup/share/yolov8_bringup/package.sh'
[8.552s] INFO:colcon.colcon_core.shell:Creating package script '/home/mtrn/A2_project/A2_Project/Computer_Vision/packages/install/yolov8_bringup/share/yolov8_bringup/package.bash'
[8.554s] INFO:colcon.colcon_core.shell:Creating package script '/home/mtrn/A2_project/A2_Project/Computer_Vision/packages/install/yolov8_bringup/share/yolov8_bringup/package.zsh'
[8.555s] Level 1:colcon.colcon_core.environment:create_file_with_runtime_dependencies(/home/mtrn/A2_project/A2_Project/Computer_Vision/packages/install/yolov8_bringup/share/colcon-core/packages/yolov8_bringup)
[8.814s] Level 1:colcon.colcon_core.environment:create_environment_scripts_only(yolov8_bringup)
[8.818s] Level 1:colcon.colcon_core.environment:checking '/home/mtrn/A2_project/A2_Project/Computer_Vision/packages/install/yolov8_bringup' for CMake module files
[8.819s] Level 1:colcon.colcon_core.environment:checking '/home/mtrn/A2_project/A2_Project/Computer_Vision/packages/install/yolov8_bringup' for CMake config files
[8.819s] Level 1:colcon.colcon_core.shell:create_environment_hook('yolov8_bringup', 'cmake_prefix_path')
[8.826s] INFO:colcon.colcon_core.shell:Creating environment hook '/home/mtrn/A2_project/A2_Project/Computer_Vision/packages/install/yolov8_bringup/share/yolov8_bringup/hook/cmake_prefix_path.ps1'
[8.827s] INFO:colcon.colcon_core.shell:Creating environment descriptor '/home/mtrn/A2_project/A2_Project/Computer_Vision/packages/install/yolov8_bringup/share/yolov8_bringup/hook/cmake_prefix_path.dsv'
[8.827s] INFO:colcon.colcon_core.shell:Creating environment hook '/home/mtrn/A2_project/A2_Project/Computer_Vision/packages/install/yolov8_bringup/share/yolov8_bringup/hook/cmake_prefix_path.sh'
[8.828s] Level 1:colcon.colcon_core.environment:checking '/home/mtrn/A2_project/A2_Project/Computer_Vision/packages/install/yolov8_bringup/bin'
[8.828s] Level 1:colcon.colcon_core.environment:checking '/home/mtrn/A2_project/A2_Project/Computer_Vision/packages/install/yolov8_bringup/lib/pkgconfig/yolov8_bringup.pc'
[8.828s] Level 1:colcon.colcon_core.environment:checking '/home/mtrn/A2_project/A2_Project/Computer_Vision/packages/install/yolov8_bringup/lib/python3.10/site-packages'
[8.828s] Level 1:colcon.colcon_core.environment:checking '/home/mtrn/A2_project/A2_Project/Computer_Vision/packages/install/yolov8_bringup/bin'
[8.831s] INFO:colcon.colcon_core.shell:Creating package script '/home/mtrn/A2_project/A2_Project/Computer_Vision/packages/install/yolov8_bringup/share/yolov8_bringup/package.ps1'
[8.832s] INFO:colcon.colcon_core.shell:Creating package descriptor '/home/mtrn/A2_project/A2_Project/Computer_Vision/packages/install/yolov8_bringup/share/yolov8_bringup/package.dsv'
[8.834s] INFO:colcon.colcon_core.shell:Creating package script '/home/mtrn/A2_project/A2_Project/Computer_Vision/packages/install/yolov8_bringup/share/yolov8_bringup/package.sh'
[8.835s] INFO:colcon.colcon_core.shell:Creating package script '/home/mtrn/A2_project/A2_Project/Computer_Vision/packages/install/yolov8_bringup/share/yolov8_bringup/package.bash'
[8.836s] INFO:colcon.colcon_core.shell:Creating package script '/home/mtrn/A2_project/A2_Project/Computer_Vision/packages/install/yolov8_bringup/share/yolov8_bringup/package.zsh'
[8.837s] Level 1:colcon.colcon_core.environment:create_file_with_runtime_dependencies(/home/mtrn/A2_project/A2_Project/Computer_Vision/packages/install/yolov8_bringup/share/colcon-core/packages/yolov8_bringup)
[10.544s] DEBUG:colcon.colcon_core.event_handler.log_command:Invoked command in '/home/mtrn/A2_project/A2_Project/Computer_Vision/packages/build/pizza_pos' returned '1': AMENT_PREFIX_PATH=/home/mtrn/A2_project/A2_Project/Computer_Vision/packages/install/yolov8_ros:/home/mtrn/A2_project/A2_Project/Computer_Vision/packages/install/yolov8_bringup:/home/mtrn/A2_project/A2_Project/Computer_Vision/packages/install/pizza_pos:/home/mtrn/A2_project/A2_Project/Computer_Vision/packages/install/yolov8_node:/home/mtrn/A2_project/A2_Project/Computer_Vision/packages/install/yolov8_msgs:/home/mtrn/A2_project/A2_Project/Computer_Vision/packages/install/image_warper:/home/mtrn/4231/ws_moveit2/install/pilz_industrial_motion_planner_testutils:/home/mtrn/4231/ws_moveit2/install/moveit_runtime:/home/mtrn/4231/ws_moveit2/install/moveit2_tutorials:/home/mtrn/4231/ws_moveit2/install/moveit:/home/mtrn/4231/ws_moveit2/install/moveit_planners:/home/mtrn/4231/ws_moveit2/install/pilz_industrial_motion_planner:/home/mtrn/4231/ws_moveit2/install/moveit_visual_tools:/home/mtrn/4231/ws_moveit2/install/moveit_task_constructor_visualization:/home/mtrn/4231/ws_moveit2/install/moveit_task_constructor_demo:/home/mtrn/4231/ws_moveit2/install/moveit_task_constructor_capabilities:/home/mtrn/4231/ws_moveit2/install/moveit_task_constructor_core:/home/mtrn/4231/ws_moveit2/install/moveit_ros_control_interface:/home/mtrn/4231/ws_moveit2/install/moveit_plugins:/home/mtrn/4231/ws_moveit2/install/moveit_simple_controller_manager:/home/mtrn/4231/ws_moveit2/install/moveit_setup_assistant:/home/mtrn/4231/ws_moveit2/install/moveit_setup_srdf_plugins:/home/mtrn/4231/ws_moveit2/install/moveit_setup_core_plugins:/home/mtrn/4231/ws_moveit2/install/moveit_setup_controllers:/home/mtrn/4231/ws_moveit2/install/moveit_setup_app_plugins:/home/mtrn/4231/ws_moveit2/install/moveit_setup_framework:/home/mtrn/4231/ws_moveit2/install/moveit_servo:/home/mtrn/4231/ws_moveit2/install/moveit_ros:/home/mtrn/4231/ws_moveit2/install/moveit_ros_visualization:/home/mtrn/4231/ws_moveit2/install/moveit_hybrid_planning:/home/mtrn/4231/ws_moveit2/install/moveit_ros_planning_interface:/home/mtrn/4231/ws_moveit2/install/moveit_ros_benchmarks:/home/mtrn/4231/ws_moveit2/install/moveit_ros_warehouse:/home/mtrn/4231/ws_moveit2/install/moveit_ros_robot_interaction:/home/mtrn/4231/ws_moveit2/install/moveit_ros_perception:/home/mtrn/4231/ws_moveit2/install/moveit_resources_prbt_pg70_support:/home/mtrn/4231/ws_moveit2/install/moveit_resources_prbt_moveit_config:/home/mtrn/4231/ws_moveit2/install/moveit_ros_move_group:/home/mtrn/4231/ws_moveit2/install/moveit_planners_ompl:/home/mtrn/4231/ws_moveit2/install/moveit_ros_planning:/home/mtrn/4231/ws_moveit2/install/moveit_ros_occupancy_map_monitor:/home/mtrn/4231/ws_moveit2/install/moveit_resources_prbt_ikfast_manipulator_plugin:/home/mtrn/4231/ws_moveit2/install/moveit_planners_chomp:/home/mtrn/4231/ws_moveit2/install/moveit_kinematics:/home/mtrn/4231/ws_moveit2/install/moveit_chomp_optimizer_adapter:/home/mtrn/4231/ws_moveit2/install/chomp_motion_planner:/home/mtrn/4231/ws_moveit2/install/moveit_core:/home/mtrn/4231/ws_moveit2/install/moveit_configs_utils:/home/mtrn/4231/ws_moveit2/install/srdfdom:/home/mtrn/4231/ws_moveit2/install/rviz_marker_tools:/home/mtrn/4231/ws_moveit2/install/rosparam_shortcuts:/home/mtrn/4231/ws_moveit2/install/moveit_task_constructor_msgs:/home/mtrn/4231/ws_moveit2/install/moveit_resources_prbt_support:/home/mtrn/4231/ws_moveit2/install/moveit_resources:/home/mtrn/4231/ws_moveit2/install/moveit_resources_pr2_description:/home/mtrn/4231/ws_moveit2/install/moveit_resources_panda_moveit_config:/home/mtrn/4231/ws_moveit2/install/moveit_resources_panda_description:/home/mtrn/4231/ws_moveit2/install/moveit_resources_fanuc_moveit_config:/home/mtrn/4231/ws_moveit2/install/moveit_resources_fanuc_description:/home/mtrn/4231/ws_moveit2/install/moveit_common:/home/mtrn/4231/ws_moveit2/install/launch_param_builder:/home/mtrn/4231/ros_ur_driver/install/ur:/home/mtrn/4231/ros_ur_driver/install/ur_calibration:/home/mtrn/4231/ros_ur_driver/install/ur_robot_driver:/home/mtrn/4231/ros_ur_driver/install/ur_moveit_config:/home/mtrn/4231/ros_ur_driver/install/ur_bringup:/home/mtrn/4231/ros_ur_driver/install/ur_controllers:/home/mtrn/4231/ros_ur_driver/install/ur_dashboard_msgs:/opt/ros/humble CMAKE_PREFIX_PATH=${CMAKE_PREFIX_PATH}:/home/mtrn/A2_project/A2_Project/Computer_Vision/packages/install/yolov8_ros:/home/mtrn/A2_project/A2_Project/Computer_Vision/packages/install/yolov8_node:/home/mtrn/A2_project/A2_Project/Computer_Vision/packages/install/image_warper:/home/mtrn/4231/ws_moveit2/install/moveit_configs_utils:/home/mtrn/4231/ws_moveit2/install/launch_param_builder:/opt/ros/humble /home/mtrn/.local/bin/cmake /home/mtrn/A2_project/A2_Project/Computer_Vision/packages/src/pizza_pos -DCMAKE_INSTALL_PREFIX=/home/mtrn/A2_project/A2_Project/Computer_Vision/packages/install/pizza_pos
[10.693s] Level 1:colcon.colcon_core.environment:create_environment_scripts_only(pizza_pos)
[10.697s] Level 1:colcon.colcon_core.environment:checking '/home/mtrn/A2_project/A2_Project/Computer_Vision/packages/install/pizza_pos' for CMake module files
[10.698s] Level 1:colcon.colcon_core.environment:checking '/home/mtrn/A2_project/A2_Project/Computer_Vision/packages/install/pizza_pos' for CMake config files
[10.699s] Level 1:colcon.colcon_core.environment:checking '/home/mtrn/A2_project/A2_Project/Computer_Vision/packages/install/pizza_pos/bin'
[10.700s] Level 1:colcon.colcon_core.environment:checking '/home/mtrn/A2_project/A2_Project/Computer_Vision/packages/install/pizza_pos/lib/pkgconfig/pizza_pos.pc'
[10.700s] Level 1:colcon.colcon_core.environment:checking '/home/mtrn/A2_project/A2_Project/Computer_Vision/packages/install/pizza_pos/lib/python3.10/site-packages'
[10.701s] Level 1:colcon.colcon_core.environment:checking '/home/mtrn/A2_project/A2_Project/Computer_Vision/packages/install/pizza_pos/bin'
[10.704s] INFO:colcon.colcon_core.shell:Creating package script '/home/mtrn/A2_project/A2_Project/Computer_Vision/packages/install/pizza_pos/share/pizza_pos/package.ps1'
[10.706s] INFO:colcon.colcon_core.shell:Creating package descriptor '/home/mtrn/A2_project/A2_Project/Computer_Vision/packages/install/pizza_pos/share/pizza_pos/package.dsv'
[10.708s] INFO:colcon.colcon_core.shell:Creating package script '/home/mtrn/A2_project/A2_Project/Computer_Vision/packages/install/pizza_pos/share/pizza_pos/package.sh'
[10.709s] INFO:colcon.colcon_core.shell:Creating package script '/home/mtrn/A2_project/A2_Project/Computer_Vision/packages/install/pizza_pos/share/pizza_pos/package.bash'
[10.710s] INFO:colcon.colcon_core.shell:Creating package script '/home/mtrn/A2_project/A2_Project/Computer_Vision/packages/install/pizza_pos/share/pizza_pos/package.zsh'
[10.710s] Level 1:colcon.colcon_core.environment:create_file_with_runtime_dependencies(/home/mtrn/A2_project/A2_Project/Computer_Vision/packages/install/pizza_pos/share/colcon-core/packages/pizza_pos)
[13.041s] DEBUG:colcon.colcon_parallel_executor.executor.parallel:closing loop
[13.042s] DEBUG:colcon.colcon_parallel_executor.executor.parallel:loop closed
[13.042s] DEBUG:colcon.colcon_parallel_executor.executor.parallel:run_until_complete finished with '1'
[13.042s] DEBUG:colcon.colcon_core.event_reactor:joining thread
[13.063s] INFO:colcon.colcon_core.plugin_system:Skipping extension 'colcon_notification.desktop_notification.terminal_notifier': Not used on non-Darwin systems
[13.064s] INFO:colcon.colcon_core.plugin_system:Skipping extension 'colcon_notification.desktop_notification.win32': Not used on non-Windows systems
[13.065s] INFO:colcon.colcon_notification.desktop_notification:Sending desktop notification using 'notify2'
[13.095s] DEBUG:colcon.colcon_core.event_reactor:joined thread
[13.099s] INFO:colcon.colcon_core.shell:Creating prefix script '/home/mtrn/A2_project/A2_Project/Computer_Vision/packages/install/local_setup.ps1'
[13.100s] INFO:colcon.colcon_core.shell:Creating prefix util module '/home/mtrn/A2_project/A2_Project/Computer_Vision/packages/install/_local_setup_util_ps1.py'
[13.103s] INFO:colcon.colcon_core.shell:Creating prefix chain script '/home/mtrn/A2_project/A2_Project/Computer_Vision/packages/install/setup.ps1'
[13.113s] INFO:colcon.colcon_core.shell:Creating prefix script '/home/mtrn/A2_project/A2_Project/Computer_Vision/packages/install/local_setup.sh'
[13.115s] INFO:colcon.colcon_core.shell:Creating prefix util module '/home/mtrn/A2_project/A2_Project/Computer_Vision/packages/install/_local_setup_util_sh.py'
[13.116s] INFO:colcon.colcon_core.shell:Creating prefix chain script '/home/mtrn/A2_project/A2_Project/Computer_Vision/packages/install/setup.sh'
[13.122s] INFO:colcon.colcon_core.shell:Creating prefix script '/home/mtrn/A2_project/A2_Project/Computer_Vision/packages/install/local_setup.bash'
[13.123s] INFO:colcon.colcon_core.shell:Creating prefix chain script '/home/mtrn/A2_project/A2_Project/Computer_Vision/packages/install/setup.bash'
[13.129s] INFO:colcon.colcon_core.shell:Creating prefix script '/home/mtrn/A2_project/A2_Project/Computer_Vision/packages/install/local_setup.zsh'
[13.130s] INFO:colcon.colcon_core.shell:Creating prefix chain script '/home/mtrn/A2_project/A2_Project/Computer_Vision/packages/install/setup.zsh'
