running egg_info
creating ../build/image_warper/image_warper.egg-info
writing ../build/image_warper/image_warper.egg-info/PKG-INFO
writing dependency_links to ../build/image_warper/image_warper.egg-info/dependency_links.txt
writing entry points to ../build/image_warper/image_warper.egg-info/entry_points.txt
writing requirements to ../build/image_warper/image_warper.egg-info/requires.txt
writing top-level names to ../build/image_warper/image_warper.egg-info/top_level.txt
writing manifest file '../build/image_warper/image_warper.egg-info/SOURCES.txt'
reading manifest file '../build/image_warper/image_warper.egg-info/SOURCES.txt'
writing manifest file '../build/image_warper/image_warper.egg-info/SOURCES.txt'
running build
running build_py
creating /home/mtrn/4231/A2_Project/Computer_Vision/src/build/image_warper/build
creating /home/mtrn/4231/A2_Project/Computer_Vision/src/build/image_warper/build/lib
creating /home/mtrn/4231/A2_Project/Computer_Vision/src/build/image_warper/build/lib/image_warper
copying image_warper/image_warper.py -> /home/mtrn/4231/A2_Project/Computer_Vision/src/build/image_warper/build/lib/image_warper
copying image_warper/__init__.py -> /home/mtrn/4231/A2_Project/Computer_Vision/src/build/image_warper/build/lib/image_warper
running install
running install_lib
creating /home/mtrn/4231/A2_Project/Computer_Vision/src/install/image_warper/lib/python3.10/site-packages/image_warper
copying /home/mtrn/4231/A2_Project/Computer_Vision/src/build/image_warper/build/lib/image_warper/image_warper.py -> /home/mtrn/4231/A2_Project/Computer_Vision/src/install/image_warper/lib/python3.10/site-packages/image_warper
copying /home/mtrn/4231/A2_Project/Computer_Vision/src/build/image_warper/build/lib/image_warper/__init__.py -> /home/mtrn/4231/A2_Project/Computer_Vision/src/install/image_warper/lib/python3.10/site-packages/image_warper
byte-compiling /home/mtrn/4231/A2_Project/Computer_Vision/src/install/image_warper/lib/python3.10/site-packages/image_warper/image_warper.py to image_warper.cpython-310.pyc
byte-compiling /home/mtrn/4231/A2_Project/Computer_Vision/src/install/image_warper/lib/python3.10/site-packages/image_warper/__init__.py to __init__.cpython-310.pyc
running install_data
creating /home/mtrn/4231/A2_Project/Computer_Vision/src/install/image_warper/share/ament_index
creating /home/mtrn/4231/A2_Project/Computer_Vision/src/install/image_warper/share/ament_index/resource_index
creating /home/mtrn/4231/A2_Project/Computer_Vision/src/install/image_warper/share/ament_index/resource_index/packages
copying resource/image_warper -> /home/mtrn/4231/A2_Project/Computer_Vision/src/install/image_warper/share/ament_index/resource_index/packages
copying package.xml -> /home/mtrn/4231/A2_Project/Computer_Vision/src/install/image_warper/share/image_warper
running install_egg_info
Copying ../build/image_warper/image_warper.egg-info to /home/mtrn/4231/A2_Project/Computer_Vision/src/install/image_warper/lib/python3.10/site-packages/image_warper-0.0.0-py3.10.egg-info
running install_scripts
Installing image_warper script to /home/mtrn/4231/A2_Project/Computer_Vision/src/install/image_warper/lib/image_warper
writing list of installed files to '/home/mtrn/4231/A2_Project/Computer_Vision/src/build/image_warper/install.log'
