[2.493s] Invoking command in '/home/mtrn/A2_project/A2_Project/Computer_Vision/packages/src/yolo_ros/yolov8_ros': PYTHONPATH=/home/mtrn/A2_project/A2_Project/Computer_Vision/packages/build/yolov8_ros/prefix_override:/home/mtrn/A2_project/A2_Project/Computer_Vision/packages/install/yolov8_ros/lib/python3.10/site-packages:${PYTHONPATH} /usr/bin/python3 setup.py egg_info --egg-base ../../../build/yolov8_ros build --build-base /home/mtrn/A2_project/A2_Project/Computer_Vision/packages/build/yolov8_ros/build install --record /home/mtrn/A2_project/A2_Project/Computer_Vision/packages/build/yolov8_ros/install.log --single-version-externally-managed
[3.234s] running egg_info
[3.236s] writing ../../../build/yolov8_ros/yolov8_ros.egg-info/PKG-INFO
[3.237s] writing dependency_links to ../../../build/yolov8_ros/yolov8_ros.egg-info/dependency_links.txt
[3.237s] writing entry points to ../../../build/yolov8_ros/yolov8_ros.egg-info/entry_points.txt
[3.237s] writing requirements to ../../../build/yolov8_ros/yolov8_ros.egg-info/requires.txt
[3.238s] writing top-level names to ../../../build/yolov8_ros/yolov8_ros.egg-info/top_level.txt
[3.242s] reading manifest file '../../../build/yolov8_ros/yolov8_ros.egg-info/SOURCES.txt'
[3.275s] writing manifest file '../../../build/yolov8_ros/yolov8_ros.egg-info/SOURCES.txt'
[3.275s] running build
[3.275s] running build_py
[3.277s] running install
[3.277s] running install_lib
[3.281s] running install_data
[3.282s] running install_egg_info
[3.291s] removing '/home/mtrn/A2_project/A2_Project/Computer_Vision/packages/install/yolov8_ros/lib/python3.10/site-packages/yolov8_ros-0.0.0-py3.10.egg-info' (and everything under it)
[3.293s] Copying ../../../build/yolov8_ros/yolov8_ros.egg-info to /home/mtrn/A2_project/A2_Project/Computer_Vision/packages/install/yolov8_ros/lib/python3.10/site-packages/yolov8_ros-0.0.0-py3.10.egg-info
[3.294s] running install_scripts
[3.405s] Installing debug_node script to /home/mtrn/A2_project/A2_Project/Computer_Vision/packages/install/yolov8_ros/lib/yolov8_ros
[3.406s] Installing detect_3d_node script to /home/mtrn/A2_project/A2_Project/Computer_Vision/packages/install/yolov8_ros/lib/yolov8_ros
[3.406s] Installing tracking_node script to /home/mtrn/A2_project/A2_Project/Computer_Vision/packages/install/yolov8_ros/lib/yolov8_ros
[3.406s] Installing yolov8_node script to /home/mtrn/A2_project/A2_Project/Computer_Vision/packages/install/yolov8_ros/lib/yolov8_ros
[3.406s] writing list of installed files to '/home/mtrn/A2_project/A2_Project/Computer_Vision/packages/build/yolov8_ros/install.log'
[3.557s] Invoked command in '/home/mtrn/A2_project/A2_Project/Computer_Vision/packages/src/yolo_ros/yolov8_ros' returned '0': PYTHONPATH=/home/mtrn/A2_project/A2_Project/Computer_Vision/packages/build/yolov8_ros/prefix_override:/home/mtrn/A2_project/A2_Project/Computer_Vision/packages/install/yolov8_ros/lib/python3.10/site-packages:${PYTHONPATH} /usr/bin/python3 setup.py egg_info --egg-base ../../../build/yolov8_ros build --build-base /home/mtrn/A2_project/A2_Project/Computer_Vision/packages/build/yolov8_ros/build install --record /home/mtrn/A2_project/A2_Project/Computer_Vision/packages/build/yolov8_ros/install.log --single-version-externally-managed
