[1.925s] Invoking command in '/home/mtrn/4231/A2_Project/Computer_Vision/packages/src/yolo_ros/yolov8_ros': PYTHONPATH=/home/mtrn/4231/A2_Project/Computer_Vision/packages/build/yolov8_ros/prefix_override:/home/mtrn/4231/A2_Project/Computer_Vision/packages/install/yolov8_ros/lib/python3.10/site-packages:${PYTHONPATH} /usr/bin/python3 setup.py egg_info --egg-base ../../../build/yolov8_ros build --build-base /home/mtrn/4231/A2_Project/Computer_Vision/packages/build/yolov8_ros/build install --record /home/mtrn/4231/A2_Project/Computer_Vision/packages/build/yolov8_ros/install.log --single-version-externally-managed
[2.380s] running egg_info
[2.382s] creating ../../../build/yolov8_ros/yolov8_ros.egg-info
[2.384s] writing ../../../build/yolov8_ros/yolov8_ros.egg-info/PKG-INFO
[2.385s] writing dependency_links to ../../../build/yolov8_ros/yolov8_ros.egg-info/dependency_links.txt
[2.386s] writing entry points to ../../../build/yolov8_ros/yolov8_ros.egg-info/entry_points.txt
[2.388s] writing requirements to ../../../build/yolov8_ros/yolov8_ros.egg-info/requires.txt
[2.389s] writing top-level names to ../../../build/yolov8_ros/yolov8_ros.egg-info/top_level.txt
[2.390s] writing manifest file '../../../build/yolov8_ros/yolov8_ros.egg-info/SOURCES.txt'
[2.394s] reading manifest file '../../../build/yolov8_ros/yolov8_ros.egg-info/SOURCES.txt'
[2.396s] writing manifest file '../../../build/yolov8_ros/yolov8_ros.egg-info/SOURCES.txt'
[2.397s] running build
[2.398s] running build_py
[2.399s] creating /home/mtrn/4231/A2_Project/Computer_Vision/packages/build/yolov8_ros/build
[2.399s] creating /home/mtrn/4231/A2_Project/Computer_Vision/packages/build/yolov8_ros/build/lib
[2.400s] creating /home/mtrn/4231/A2_Project/Computer_Vision/packages/build/yolov8_ros/build/lib/yolov8_ros
[2.401s] copying yolov8_ros/detect_3d_node.py -> /home/mtrn/4231/A2_Project/Computer_Vision/packages/build/yolov8_ros/build/lib/yolov8_ros
[2.403s] copying yolov8_ros/tracking_node.py -> /home/mtrn/4231/A2_Project/Computer_Vision/packages/build/yolov8_ros/build/lib/yolov8_ros
[2.404s] copying yolov8_ros/debug_node.py -> /home/mtrn/4231/A2_Project/Computer_Vision/packages/build/yolov8_ros/build/lib/yolov8_ros
[2.406s] copying yolov8_ros/yolov8_node.py -> /home/mtrn/4231/A2_Project/Computer_Vision/packages/build/yolov8_ros/build/lib/yolov8_ros
[2.408s] copying yolov8_ros/__init__.py -> /home/mtrn/4231/A2_Project/Computer_Vision/packages/build/yolov8_ros/build/lib/yolov8_ros
[2.414s] running install
[2.415s] /usr/lib/python3/dist-packages/setuptools/command/install.py:34: SetuptoolsDeprecationWarning: setup.py install is deprecated. Use build and pip and other standards-based tools.
[2.415s]   warnings.warn(
[2.417s] running install_lib
[2.423s] creating /home/mtrn/4231/A2_Project/Computer_Vision/packages/install/yolov8_ros/lib/python3.10/site-packages/yolov8_ros
[2.424s] copying /home/mtrn/4231/A2_Project/Computer_Vision/packages/build/yolov8_ros/build/lib/yolov8_ros/detect_3d_node.py -> /home/mtrn/4231/A2_Project/Computer_Vision/packages/install/yolov8_ros/lib/python3.10/site-packages/yolov8_ros
[2.424s] copying /home/mtrn/4231/A2_Project/Computer_Vision/packages/build/yolov8_ros/build/lib/yolov8_ros/tracking_node.py -> /home/mtrn/4231/A2_Project/Computer_Vision/packages/install/yolov8_ros/lib/python3.10/site-packages/yolov8_ros
[2.425s] copying /home/mtrn/4231/A2_Project/Computer_Vision/packages/build/yolov8_ros/build/lib/yolov8_ros/debug_node.py -> /home/mtrn/4231/A2_Project/Computer_Vision/packages/install/yolov8_ros/lib/python3.10/site-packages/yolov8_ros
[2.426s] copying /home/mtrn/4231/A2_Project/Computer_Vision/packages/build/yolov8_ros/build/lib/yolov8_ros/yolov8_node.py -> /home/mtrn/4231/A2_Project/Computer_Vision/packages/install/yolov8_ros/lib/python3.10/site-packages/yolov8_ros
[2.427s] copying /home/mtrn/4231/A2_Project/Computer_Vision/packages/build/yolov8_ros/build/lib/yolov8_ros/__init__.py -> /home/mtrn/4231/A2_Project/Computer_Vision/packages/install/yolov8_ros/lib/python3.10/site-packages/yolov8_ros
[2.428s] byte-compiling /home/mtrn/4231/A2_Project/Computer_Vision/packages/install/yolov8_ros/lib/python3.10/site-packages/yolov8_ros/detect_3d_node.py to detect_3d_node.cpython-310.pyc
[2.431s] byte-compiling /home/mtrn/4231/A2_Project/Computer_Vision/packages/install/yolov8_ros/lib/python3.10/site-packages/yolov8_ros/tracking_node.py to tracking_node.cpython-310.pyc
[2.432s] byte-compiling /home/mtrn/4231/A2_Project/Computer_Vision/packages/install/yolov8_ros/lib/python3.10/site-packages/yolov8_ros/debug_node.py to debug_node.cpython-310.pyc
[2.434s] byte-compiling /home/mtrn/4231/A2_Project/Computer_Vision/packages/install/yolov8_ros/lib/python3.10/site-packages/yolov8_ros/yolov8_node.py to yolov8_node.cpython-310.pyc
[2.436s] byte-compiling /home/mtrn/4231/A2_Project/Computer_Vision/packages/install/yolov8_ros/lib/python3.10/site-packages/yolov8_ros/__init__.py to __init__.cpython-310.pyc
[2.436s] running install_data
[2.437s] creating /home/mtrn/4231/A2_Project/Computer_Vision/packages/install/yolov8_ros/share/ament_index
[2.437s] creating /home/mtrn/4231/A2_Project/Computer_Vision/packages/install/yolov8_ros/share/ament_index/resource_index
[2.438s] creating /home/mtrn/4231/A2_Project/Computer_Vision/packages/install/yolov8_ros/share/ament_index/resource_index/packages
[2.438s] copying resource/yolov8_ros -> /home/mtrn/4231/A2_Project/Computer_Vision/packages/install/yolov8_ros/share/ament_index/resource_index/packages
[2.439s] copying package.xml -> /home/mtrn/4231/A2_Project/Computer_Vision/packages/install/yolov8_ros/share/yolov8_ros
[2.439s] running install_egg_info
[2.442s] Copying ../../../build/yolov8_ros/yolov8_ros.egg-info to /home/mtrn/4231/A2_Project/Computer_Vision/packages/install/yolov8_ros/lib/python3.10/site-packages/yolov8_ros-0.0.0-py3.10.egg-info
[2.444s] running install_scripts
[2.512s] Installing debug_node script to /home/mtrn/4231/A2_Project/Computer_Vision/packages/install/yolov8_ros/lib/yolov8_ros
[2.513s] Installing detect_3d_node script to /home/mtrn/4231/A2_Project/Computer_Vision/packages/install/yolov8_ros/lib/yolov8_ros
[2.514s] Installing tracking_node script to /home/mtrn/4231/A2_Project/Computer_Vision/packages/install/yolov8_ros/lib/yolov8_ros
[2.514s] Installing yolov8_node script to /home/mtrn/4231/A2_Project/Computer_Vision/packages/install/yolov8_ros/lib/yolov8_ros
[2.517s] writing list of installed files to '/home/mtrn/4231/A2_Project/Computer_Vision/packages/build/yolov8_ros/install.log'
[2.604s] Invoked command in '/home/mtrn/4231/A2_Project/Computer_Vision/packages/src/yolo_ros/yolov8_ros' returned '0': PYTHONPATH=/home/mtrn/4231/A2_Project/Computer_Vision/packages/build/yolov8_ros/prefix_override:/home/mtrn/4231/A2_Project/Computer_Vision/packages/install/yolov8_ros/lib/python3.10/site-packages:${PYTHONPATH} /usr/bin/python3 setup.py egg_info --egg-base ../../../build/yolov8_ros build --build-base /home/mtrn/4231/A2_Project/Computer_Vision/packages/build/yolov8_ros/build install --record /home/mtrn/4231/A2_Project/Computer_Vision/packages/build/yolov8_ros/install.log --single-version-externally-managed
