[1.572s] Invoking command in '/home/mtrn/A2_project/A2_Project/Computer_Vision/packages/src/image_warper': PYTHONPATH=/home/mtrn/A2_project/A2_Project/build/image_warper/prefix_override:/home/mtrn/A2_project/A2_Project/install/image_warper/lib/python3.10/site-packages:${PYTHONPATH} /usr/bin/python3 setup.py egg_info --egg-base ../../../../build/image_warper build --build-base /home/mtrn/A2_project/A2_Project/build/image_warper/build install --record /home/mtrn/A2_project/A2_Project/build/image_warper/install.log --single-version-externally-managed
[1.991s] running egg_info
[1.992s] creating ../../../../build/image_warper/image_warper.egg-info
[1.992s] writing ../../../../build/image_warper/image_warper.egg-info/PKG-INFO
[1.993s] writing dependency_links to ../../../../build/image_warper/image_warper.egg-info/dependency_links.txt
[1.993s] writing entry points to ../../../../build/image_warper/image_warper.egg-info/entry_points.txt
[1.993s] writing requirements to ../../../../build/image_warper/image_warper.egg-info/requires.txt
[1.993s] writing top-level names to ../../../../build/image_warper/image_warper.egg-info/top_level.txt
[1.993s] writing manifest file '../../../../build/image_warper/image_warper.egg-info/SOURCES.txt'
[1.997s] reading manifest file '../../../../build/image_warper/image_warper.egg-info/SOURCES.txt'
[1.999s] writing manifest file '../../../../build/image_warper/image_warper.egg-info/SOURCES.txt'
[1.999s] running build
[2.000s] running build_py
[2.000s] creating /home/mtrn/A2_project/A2_Project/build/image_warper/build
[2.000s] creating /home/mtrn/A2_project/A2_Project/build/image_warper/build/lib
[2.000s] creating /home/mtrn/A2_project/A2_Project/build/image_warper/build/lib/image_warper
[2.000s] copying image_warper/__init__.py -> /home/mtrn/A2_project/A2_Project/build/image_warper/build/lib/image_warper
[2.000s] copying image_warper/ImagePublisher.py -> /home/mtrn/A2_project/A2_Project/build/image_warper/build/lib/image_warper
[2.000s] copying image_warper/image_warper.py -> /home/mtrn/A2_project/A2_Project/build/image_warper/build/lib/image_warper
[2.000s] running install
[2.001s] /usr/lib/python3/dist-packages/setuptools/command/install.py:34: SetuptoolsDeprecationWarning: setup.py install is deprecated. Use build and pip and other standards-based tools.
[2.001s]   warnings.warn(
[2.001s] running install_lib
[2.002s] creating /home/mtrn/A2_project/A2_Project/install/image_warper/lib/python3.10/site-packages/image_warper
[2.002s] copying /home/mtrn/A2_project/A2_Project/build/image_warper/build/lib/image_warper/__init__.py -> /home/mtrn/A2_project/A2_Project/install/image_warper/lib/python3.10/site-packages/image_warper
[2.003s] copying /home/mtrn/A2_project/A2_Project/build/image_warper/build/lib/image_warper/ImagePublisher.py -> /home/mtrn/A2_project/A2_Project/install/image_warper/lib/python3.10/site-packages/image_warper
[2.003s] copying /home/mtrn/A2_project/A2_Project/build/image_warper/build/lib/image_warper/image_warper.py -> /home/mtrn/A2_project/A2_Project/install/image_warper/lib/python3.10/site-packages/image_warper
[2.003s] byte-compiling /home/mtrn/A2_project/A2_Project/install/image_warper/lib/python3.10/site-packages/image_warper/__init__.py to __init__.cpython-310.pyc
[2.004s] byte-compiling /home/mtrn/A2_project/A2_Project/install/image_warper/lib/python3.10/site-packages/image_warper/ImagePublisher.py to ImagePublisher.cpython-310.pyc
[2.005s] byte-compiling /home/mtrn/A2_project/A2_Project/install/image_warper/lib/python3.10/site-packages/image_warper/image_warper.py to image_warper.cpython-310.pyc
[2.006s] running install_data
[2.007s] creating /home/mtrn/A2_project/A2_Project/install/image_warper/share/ament_index
[2.007s] creating /home/mtrn/A2_project/A2_Project/install/image_warper/share/ament_index/resource_index
[2.008s] creating /home/mtrn/A2_project/A2_Project/install/image_warper/share/ament_index/resource_index/packages
[2.008s] copying resource/image_warper -> /home/mtrn/A2_project/A2_Project/install/image_warper/share/ament_index/resource_index/packages
[2.008s] copying package.xml -> /home/mtrn/A2_project/A2_Project/install/image_warper/share/image_warper
[2.008s] running install_egg_info
[2.013s] Copying ../../../../build/image_warper/image_warper.egg-info to /home/mtrn/A2_project/A2_Project/install/image_warper/lib/python3.10/site-packages/image_warper-0.0.0-py3.10.egg-info
[2.015s] running install_scripts
[2.047s] Installing ImagePublisher script to /home/mtrn/A2_project/A2_Project/install/image_warper/lib/image_warper
[2.047s] Installing image_warper script to /home/mtrn/A2_project/A2_Project/install/image_warper/lib/image_warper
[2.047s] writing list of installed files to '/home/mtrn/A2_project/A2_Project/build/image_warper/install.log'
[2.107s] Invoked command in '/home/mtrn/A2_project/A2_Project/Computer_Vision/packages/src/image_warper' returned '0': PYTHONPATH=/home/mtrn/A2_project/A2_Project/build/image_warper/prefix_override:/home/mtrn/A2_project/A2_Project/install/image_warper/lib/python3.10/site-packages:${PYTHONPATH} /usr/bin/python3 setup.py egg_info --egg-base ../../../../build/image_warper build --build-base /home/mtrn/A2_project/A2_Project/build/image_warper/build install --record /home/mtrn/A2_project/A2_Project/build/image_warper/install.log --single-version-externally-managed
