[0.931s] Invoking command in '/home/mtrn/4231/A2_Project/Computer_Vision/src/image_warper': PYTHONPATH=/home/mtrn/4231/A2_Project/Computer_Vision/src/build/image_warper/prefix_override:/home/mtrn/4231/A2_Project/Computer_Vision/src/install/image_warper/lib/python3.10/site-packages:${PYTHONPATH} /usr/bin/python3 setup.py egg_info --egg-base ../build/image_warper build --build-base /home/mtrn/4231/A2_Project/Computer_Vision/src/build/image_warper/build install --record /home/mtrn/4231/A2_Project/Computer_Vision/src/build/image_warper/install.log --single-version-externally-managed
[1.261s] running egg_info
[1.263s] writing ../build/image_warper/image_warper.egg-info/PKG-INFO
[1.263s] writing dependency_links to ../build/image_warper/image_warper.egg-info/dependency_links.txt
[1.263s] writing entry points to ../build/image_warper/image_warper.egg-info/entry_points.txt
[1.263s] writing requirements to ../build/image_warper/image_warper.egg-info/requires.txt
[1.263s] writing top-level names to ../build/image_warper/image_warper.egg-info/top_level.txt
[1.265s] reading manifest file '../build/image_warper/image_warper.egg-info/SOURCES.txt'
[1.266s] writing manifest file '../build/image_warper/image_warper.egg-info/SOURCES.txt'
[1.266s] running build
[1.266s] running build_py
[1.266s] copying image_warper/image_warper.py -> /home/mtrn/4231/A2_Project/Computer_Vision/src/build/image_warper/build/lib/image_warper
[1.267s] running install
[1.267s] /usr/lib/python3/dist-packages/setuptools/command/install.py:34: SetuptoolsDeprecationWarning: setup.py install is deprecated. Use build and pip and other standards-based tools.
[1.267s]   warnings.warn(
[1.267s] running install_lib
[1.269s] copying /home/mtrn/4231/A2_Project/Computer_Vision/src/build/image_warper/build/lib/image_warper/image_warper.py -> /home/mtrn/4231/A2_Project/Computer_Vision/src/install/image_warper/lib/python3.10/site-packages/image_warper
[1.270s] byte-compiling /home/mtrn/4231/A2_Project/Computer_Vision/src/install/image_warper/lib/python3.10/site-packages/image_warper/image_warper.py to image_warper.cpython-310.pyc
[1.271s] running install_data
[1.271s] running install_egg_info
[1.274s] removing '/home/mtrn/4231/A2_Project/Computer_Vision/src/install/image_warper/lib/python3.10/site-packages/image_warper-0.0.0-py3.10.egg-info' (and everything under it)
[1.274s] Copying ../build/image_warper/image_warper.egg-info to /home/mtrn/4231/A2_Project/Computer_Vision/src/install/image_warper/lib/python3.10/site-packages/image_warper-0.0.0-py3.10.egg-info
[1.275s] running install_scripts
[1.305s] Installing ImagePublisher script to /home/mtrn/4231/A2_Project/Computer_Vision/src/install/image_warper/lib/image_warper
[1.305s] Installing image_warper script to /home/mtrn/4231/A2_Project/Computer_Vision/src/install/image_warper/lib/image_warper
[1.306s] writing list of installed files to '/home/mtrn/4231/A2_Project/Computer_Vision/src/build/image_warper/install.log'
[1.339s] Invoked command in '/home/mtrn/4231/A2_Project/Computer_Vision/src/image_warper' returned '0': PYTHONPATH=/home/mtrn/4231/A2_Project/Computer_Vision/src/build/image_warper/prefix_override:/home/mtrn/4231/A2_Project/Computer_Vision/src/install/image_warper/lib/python3.10/site-packages:${PYTHONPATH} /usr/bin/python3 setup.py egg_info --egg-base ../build/image_warper build --build-base /home/mtrn/4231/A2_Project/Computer_Vision/src/build/image_warper/build install --record /home/mtrn/4231/A2_Project/Computer_Vision/src/build/image_warper/install.log --single-version-externally-managed
