[ 50%] [32mBuilding CXX object CMakeFiles/moveit_trajectory.dir/src/moveit_trajectory.cpp.o[0m
[01m[K/home/mtrn/A2_project/A2_Project/src/demo_moveit_ur/src/moveit_trajectory.cpp:[m[K In member function ‘[01m[Kvoid moveit_trajectory::move_callback(geometry_msgs::msg::Pose_<std::allocator<void> >::SharedPtr)[m[K’:
[01m[K/home/mtrn/A2_project/A2_Project/src/demo_moveit_ur/src/moveit_trajectory.cpp:269:81:[m[K [01;35m[Kwarning: [m[Kunused parameter ‘[01m[Kpose[m[K’ [[01;35m[K]8;;https://gcc.gnu.org/onlinedocs/gcc/Warning-Options.html#index-Wunused-parameter-Wunused-parameter]8;;[m[K]
  269 | void moveit_trajectory::move_callback([01;35m[Kconst geometry_msgs::msg::Pose::SharedPtr pose[m[K)
      |                                       [01;35m[K~~~~~~~~~~~~~~~~~~~~~~~~~~~~~~~~~~~~~~~~~~^~~~[m[K
[100%] [32m[1mLinking CXX executable moveit_trajectory[0m
[100%] Built target moveit_trajectory
-- Install configuration: ""
-- Installing: /home/mtrn/A2_project/A2_Project/src/demo_moveit_ur/install/demo_moveit_ur/lib/demo_moveit_ur/moveit_trajectory
-- Set runtime path of "/home/mtrn/A2_project/A2_Project/src/demo_moveit_ur/install/demo_moveit_ur/lib/demo_moveit_ur/moveit_trajectory" to ""
-- Up-to-date: /home/mtrn/A2_project/A2_Project/src/demo_moveit_ur/install/demo_moveit_ur/share/demo_moveit_ur//launch
-- Up-to-date: /home/mtrn/A2_project/A2_Project/src/demo_moveit_ur/install/demo_moveit_ur/share/demo_moveit_ur//launch/moveit_trajectory_launch.py
-- Up-to-date: /home/mtrn/A2_project/A2_Project/src/demo_moveit_ur/install/demo_moveit_ur/share/ament_index/resource_index/package_run_dependencies/demo_moveit_ur
-- Up-to-date: /home/mtrn/A2_project/A2_Project/src/demo_moveit_ur/install/demo_moveit_ur/share/ament_index/resource_index/parent_prefix_path/demo_moveit_ur
-- Up-to-date: /home/mtrn/A2_project/A2_Project/src/demo_moveit_ur/install/demo_moveit_ur/share/demo_moveit_ur/environment/ament_prefix_path.sh
-- Up-to-date: /home/mtrn/A2_project/A2_Project/src/demo_moveit_ur/install/demo_moveit_ur/share/demo_moveit_ur/environment/ament_prefix_path.dsv
-- Up-to-date: /home/mtrn/A2_project/A2_Project/src/demo_moveit_ur/install/demo_moveit_ur/share/demo_moveit_ur/environment/path.sh
-- Up-to-date: /home/mtrn/A2_project/A2_Project/src/demo_moveit_ur/install/demo_moveit_ur/share/demo_moveit_ur/environment/path.dsv
-- Up-to-date: /home/mtrn/A2_project/A2_Project/src/demo_moveit_ur/install/demo_moveit_ur/share/demo_moveit_ur/local_setup.bash
-- Up-to-date: /home/mtrn/A2_project/A2_Project/src/demo_moveit_ur/install/demo_moveit_ur/share/demo_moveit_ur/local_setup.sh
-- Up-to-date: /home/mtrn/A2_project/A2_Project/src/demo_moveit_ur/install/demo_moveit_ur/share/demo_moveit_ur/local_setup.zsh
-- Up-to-date: /home/mtrn/A2_project/A2_Project/src/demo_moveit_ur/install/demo_moveit_ur/share/demo_moveit_ur/local_setup.dsv
-- Installing: /home/mtrn/A2_project/A2_Project/src/demo_moveit_ur/install/demo_moveit_ur/share/demo_moveit_ur/package.dsv
-- Up-to-date: /home/mtrn/A2_project/A2_Project/src/demo_moveit_ur/install/demo_moveit_ur/share/ament_index/resource_index/packages/demo_moveit_ur
-- Up-to-date: /home/mtrn/A2_project/A2_Project/src/demo_moveit_ur/install/demo_moveit_ur/share/demo_moveit_ur/cmake/demo_moveit_urConfig.cmake
-- Up-to-date: /home/mtrn/A2_project/A2_Project/src/demo_moveit_ur/install/demo_moveit_ur/share/demo_moveit_ur/cmake/demo_moveit_urConfig-version.cmake
-- Up-to-date: /home/mtrn/A2_project/A2_Project/src/demo_moveit_ur/install/demo_moveit_ur/share/demo_moveit_ur/package.xml
