[ 50%] [32mBuilding CXX object CMakeFiles/moveit_trajectory.dir/src/moveit_trajectory.cpp.o[0m
[100%] [32m[1mLinking CXX executable moveit_trajectory[0m
[100%] Built target moveit_trajectory
-- Install configuration: ""
-- Installing: /home/mtrn/A2_project/A2_Project/src/demo_moveit_ur/install/demo_moveit_ur/lib/demo_moveit_ur/moveit_trajectory
-- Set runtime path of "/home/mtrn/A2_project/A2_Project/src/demo_moveit_ur/install/demo_moveit_ur/lib/demo_moveit_ur/moveit_trajectory" to ""
-- Up-to-date: /home/mtrn/A2_project/A2_Project/src/demo_moveit_ur/install/demo_moveit_ur/share/demo_moveit_ur//launch
-- Up-to-date: /home/mtrn/A2_project/A2_Project/src/demo_moveit_ur/install/demo_moveit_ur/share/demo_moveit_ur//launch/moveit_trajectory_launch.py
-- Up-to-date: /home/mtrn/A2_project/A2_Project/src/demo_moveit_ur/install/demo_moveit_ur/share/ament_index/resource_index/package_run_dependencies/demo_moveit_ur
-- Up-to-date: /home/mtrn/A2_project/A2_Project/src/demo_moveit_ur/install/demo_moveit_ur/share/ament_index/resource_index/parent_prefix_path/demo_moveit_ur
-- Up-to-date: /home/mtrn/A2_project/A2_Project/src/demo_moveit_ur/install/demo_moveit_ur/share/demo_moveit_ur/environment/ament_prefix_path.sh
-- Up-to-date: /home/mtrn/A2_project/A2_Project/src/demo_moveit_ur/install/demo_moveit_ur/share/demo_moveit_ur/environment/ament_prefix_path.dsv
-- Up-to-date: /home/mtrn/A2_project/A2_Project/src/demo_moveit_ur/install/demo_moveit_ur/share/demo_moveit_ur/environment/path.sh
-- Up-to-date: /home/mtrn/A2_project/A2_Project/src/demo_moveit_ur/install/demo_moveit_ur/share/demo_moveit_ur/environment/path.dsv
-- Up-to-date: /home/mtrn/A2_project/A2_Project/src/demo_moveit_ur/install/demo_moveit_ur/share/demo_moveit_ur/local_setup.bash
-- Up-to-date: /home/mtrn/A2_project/A2_Project/src/demo_moveit_ur/install/demo_moveit_ur/share/demo_moveit_ur/local_setup.sh
-- Up-to-date: /home/mtrn/A2_project/A2_Project/src/demo_moveit_ur/install/demo_moveit_ur/share/demo_moveit_ur/local_setup.zsh
-- Up-to-date: /home/mtrn/A2_project/A2_Project/src/demo_moveit_ur/install/demo_moveit_ur/share/demo_moveit_ur/local_setup.dsv
-- Installing: /home/mtrn/A2_project/A2_Project/src/demo_moveit_ur/install/demo_moveit_ur/share/demo_moveit_ur/package.dsv
-- Up-to-date: /home/mtrn/A2_project/A2_Project/src/demo_moveit_ur/install/demo_moveit_ur/share/ament_index/resource_index/packages/demo_moveit_ur
-- Up-to-date: /home/mtrn/A2_project/A2_Project/src/demo_moveit_ur/install/demo_moveit_ur/share/demo_moveit_ur/cmake/demo_moveit_urConfig.cmake
-- Up-to-date: /home/mtrn/A2_project/A2_Project/src/demo_moveit_ur/install/demo_moveit_ur/share/demo_moveit_ur/cmake/demo_moveit_urConfig-version.cmake
-- Up-to-date: /home/mtrn/A2_project/A2_Project/src/demo_moveit_ur/install/demo_moveit_ur/share/demo_moveit_ur/package.xml
