[3.073s] Invoking command in '/home/mtrn/A2_project/A2_Project/Computer_Vision/packages/src/image_warper': PYTHONPATH=/home/mtrn/A2_project/A2_Project/Computer_Vision/packages/build/image_warper/prefix_override:/home/mtrn/A2_project/A2_Project/Computer_Vision/packages/install/image_warper/lib/python3.10/site-packages:${PYTHONPATH} /usr/bin/python3 setup.py egg_info --egg-base ../../build/image_warper build --build-base /home/mtrn/A2_project/A2_Project/Computer_Vision/packages/build/image_warper/build install --record /home/mtrn/A2_project/A2_Project/Computer_Vision/packages/build/image_warper/install.log --single-version-externally-managed
[3.540s] running egg_info
[3.543s] writing ../../build/image_warper/image_warper.egg-info/PKG-INFO
[3.545s] writing dependency_links to ../../build/image_warper/image_warper.egg-info/dependency_links.txt
[3.546s] writing entry points to ../../build/image_warper/image_warper.egg-info/entry_points.txt
[3.548s] writing requirements to ../../build/image_warper/image_warper.egg-info/requires.txt
[3.549s] writing top-level names to ../../build/image_warper/image_warper.egg-info/top_level.txt
[3.558s] reading manifest file '../../build/image_warper/image_warper.egg-info/SOURCES.txt'
[3.560s] writing manifest file '../../build/image_warper/image_warper.egg-info/SOURCES.txt'
[3.561s] running build
[3.561s] running build_py
[3.562s] running install
[3.564s] /usr/lib/python3/dist-packages/setuptools/command/install.py:34: SetuptoolsDeprecationWarning: setup.py install is deprecated. Use build and pip and other standards-based tools.
[3.564s]   warnings.warn(
[3.567s] running install_lib
[3.577s] running install_data
[3.579s] running install_egg_info
[3.591s] removing '/home/mtrn/A2_project/A2_Project/Computer_Vision/packages/install/image_warper/lib/python3.10/site-packages/image_warper-0.0.0-py3.10.egg-info' (and everything under it)
[3.592s] Copying ../../build/image_warper/image_warper.egg-info to /home/mtrn/A2_project/A2_Project/Computer_Vision/packages/install/image_warper/lib/python3.10/site-packages/image_warper-0.0.0-py3.10.egg-info
[3.595s] running install_scripts
[3.647s] Installing ImagePublisher script to /home/mtrn/A2_project/A2_Project/Computer_Vision/packages/install/image_warper/lib/image_warper
[3.649s] Installing image_warper script to /home/mtrn/A2_project/A2_Project/Computer_Vision/packages/install/image_warper/lib/image_warper
[3.650s] writing list of installed files to '/home/mtrn/A2_project/A2_Project/Computer_Vision/packages/build/image_warper/install.log'
[3.786s] Invoked command in '/home/mtrn/A2_project/A2_Project/Computer_Vision/packages/src/image_warper' returned '0': PYTHONPATH=/home/mtrn/A2_project/A2_Project/Computer_Vision/packages/build/image_warper/prefix_override:/home/mtrn/A2_project/A2_Project/Computer_Vision/packages/install/image_warper/lib/python3.10/site-packages:${PYTHONPATH} /usr/bin/python3 setup.py egg_info --egg-base ../../build/image_warper build --build-base /home/mtrn/A2_project/A2_Project/Computer_Vision/packages/build/image_warper/build install --record /home/mtrn/A2_project/A2_Project/Computer_Vision/packages/build/image_warper/install.log --single-version-externally-managed
