[0.967s] DEBUG:colcon:Command line arguments: ['/usr/bin/colcon', 'build']
[0.968s] DEBUG:colcon:Parsed command line arguments: Namespace(log_base=None, log_level=None, verb_name='build', build_base='build', install_base='install', merge_install=False, symlink_install=False, test_result_base=None, continue_on_error=False, executor='parallel', parallel_workers=12, event_handlers=None, ignore_user_meta=False, metas=['./colcon.meta'], base_paths=['.'], packages_ignore=None, packages_ignore_regex=None, paths=None, packages_up_to=None, packages_up_to_regex=None, packages_above=None, packages_above_and_dependencies=None, packages_above_depth=None, packages_select_by_dep=None, packages_skip_by_dep=None, packages_skip_up_to=None, packages_select_build_failed=False, packages_skip_build_finished=False, packages_select_test_failures=False, packages_skip_test_passed=False, packages_select=None, packages_skip=None, packages_select_regex=None, packages_skip_regex=None, packages_start=None, packages_end=None, allow_overriding=[], cmake_args=None, cmake_target=None, cmake_target_skip_unavailable=False, cmake_clean_cache=False, cmake_clean_first=False, cmake_force_configure=False, ament_cmake_args=None, catkin_cmake_args=None, catkin_skip_building_tests=False, mixin_files=None, mixin=None, verb_parser=<colcon_mixin.mixin.mixin_argument.MixinArgumentDecorator object at 0x7f86d9431870>, verb_extension=<colcon_core.verb.build.BuildVerb object at 0x7f86d9e38a90>, main=<bound method BuildVerb.main of <colcon_core.verb.build.BuildVerb object at 0x7f86d9e38a90>>, mixin_verb=('build',))
[1.068s] Level 1:colcon.colcon_core.package_discovery:discover_packages(colcon_meta) check parameters
[1.069s] Level 1:colcon.colcon_core.package_discovery:discover_packages(recursive) check parameters
[1.069s] Level 1:colcon.colcon_core.package_discovery:discover_packages(ignore) check parameters
[1.069s] Level 1:colcon.colcon_core.package_discovery:discover_packages(path) check parameters
[1.069s] Level 1:colcon.colcon_core.package_discovery:discover_packages(colcon_meta) discover
[1.070s] Level 1:colcon.colcon_core.package_discovery:discover_packages(recursive) discover
[1.070s] INFO:colcon.colcon_core.package_discovery:Crawling recursively for packages in '/home/mtrn/A2_project/A2_Project/Computer_Vision/packages'
[1.071s] Level 1:colcon.colcon_core.package_identification:_identify(.) by extensions ['ignore', 'ignore_ament_install']
[1.072s] Level 1:colcon.colcon_core.package_identification:_identify(.) by extension 'ignore'
[1.072s] Level 1:colcon.colcon_core.package_identification:_identify(.) by extension 'ignore_ament_install'
[1.072s] Level 1:colcon.colcon_core.package_identification:_identify(.) by extensions ['colcon_pkg']
[1.072s] Level 1:colcon.colcon_core.package_identification:_identify(.) by extension 'colcon_pkg'
[1.072s] Level 1:colcon.colcon_core.package_identification:_identify(.) by extensions ['colcon_meta']
[1.072s] Level 1:colcon.colcon_core.package_identification:_identify(.) by extension 'colcon_meta'
[1.072s] Level 1:colcon.colcon_core.package_identification:_identify(.) by extensions ['ros']
[1.072s] Level 1:colcon.colcon_core.package_identification:_identify(.) by extension 'ros'
[1.090s] Level 1:colcon.colcon_core.package_identification:_identify(.) by extensions ['cmake', 'python']
[1.090s] Level 1:colcon.colcon_core.package_identification:_identify(.) by extension 'cmake'
[1.091s] Level 1:colcon.colcon_core.package_identification:_identify(.) by extension 'python'
[1.091s] Level 1:colcon.colcon_core.package_identification:_identify(.) by extensions ['python_setup_py']
[1.091s] Level 1:colcon.colcon_core.package_identification:_identify(.) by extension 'python_setup_py'
[1.091s] Level 1:colcon.colcon_core.package_identification:_identify(build) by extensions ['ignore', 'ignore_ament_install']
[1.091s] Level 1:colcon.colcon_core.package_identification:_identify(build) by extension 'ignore'
[1.092s] Level 1:colcon.colcon_core.package_identification:_identify(build) ignored
[1.092s] Level 1:colcon.colcon_core.package_identification:_identify(install) by extensions ['ignore', 'ignore_ament_install']
[1.092s] Level 1:colcon.colcon_core.package_identification:_identify(install) by extension 'ignore'
[1.093s] Level 1:colcon.colcon_core.package_identification:_identify(install) ignored
[1.093s] Level 1:colcon.colcon_core.package_identification:_identify(log) by extensions ['ignore', 'ignore_ament_install']
[1.093s] Level 1:colcon.colcon_core.package_identification:_identify(log) by extension 'ignore'
[1.093s] Level 1:colcon.colcon_core.package_identification:_identify(log) ignored
[1.093s] Level 1:colcon.colcon_core.package_identification:_identify(src) by extensions ['ignore', 'ignore_ament_install']
[1.094s] Level 1:colcon.colcon_core.package_identification:_identify(src) by extension 'ignore'
[1.094s] Level 1:colcon.colcon_core.package_identification:_identify(src) by extension 'ignore_ament_install'
[1.094s] Level 1:colcon.colcon_core.package_identification:_identify(src) by extensions ['colcon_pkg']
[1.094s] Level 1:colcon.colcon_core.package_identification:_identify(src) by extension 'colcon_pkg'
[1.094s] Level 1:colcon.colcon_core.package_identification:_identify(src) by extensions ['colcon_meta']
[1.095s] Level 1:colcon.colcon_core.package_identification:_identify(src) by extension 'colcon_meta'
[1.095s] Level 1:colcon.colcon_core.package_identification:_identify(src) by extensions ['ros']
[1.095s] Level 1:colcon.colcon_core.package_identification:_identify(src) by extension 'ros'
[1.095s] Level 1:colcon.colcon_core.package_identification:_identify(src) by extensions ['cmake', 'python']
[1.095s] Level 1:colcon.colcon_core.package_identification:_identify(src) by extension 'cmake'
[1.095s] Level 1:colcon.colcon_core.package_identification:_identify(src) by extension 'python'
[1.096s] Level 1:colcon.colcon_core.package_identification:_identify(src) by extensions ['python_setup_py']
[1.096s] Level 1:colcon.colcon_core.package_identification:_identify(src) by extension 'python_setup_py'
[1.096s] Level 1:colcon.colcon_core.package_identification:_identify(src/image_warper) by extensions ['ignore', 'ignore_ament_install']
[1.096s] Level 1:colcon.colcon_core.package_identification:_identify(src/image_warper) by extension 'ignore'
[1.097s] Level 1:colcon.colcon_core.package_identification:_identify(src/image_warper) by extension 'ignore_ament_install'
[1.097s] Level 1:colcon.colcon_core.package_identification:_identify(src/image_warper) by extensions ['colcon_pkg']
[1.097s] Level 1:colcon.colcon_core.package_identification:_identify(src/image_warper) by extension 'colcon_pkg'
[1.097s] Level 1:colcon.colcon_core.package_identification:_identify(src/image_warper) by extensions ['colcon_meta']
[1.098s] Level 1:colcon.colcon_core.package_identification:_identify(src/image_warper) by extension 'colcon_meta'
[1.099s] Level 1:colcon.colcon_core.package_identification:_identify(src/image_warper) by extensions ['ros']
[1.099s] Level 1:colcon.colcon_core.package_identification:_identify(src/image_warper) by extension 'ros'
[1.107s] DEBUG:colcon.colcon_core.package_identification:Package 'src/image_warper' with type 'ros.ament_python' and name 'image_warper'
[1.107s] Level 1:colcon.colcon_core.package_identification:_identify(src/pizza_pos) by extensions ['ignore', 'ignore_ament_install']
[1.107s] Level 1:colcon.colcon_core.package_identification:_identify(src/pizza_pos) by extension 'ignore'
[1.107s] Level 1:colcon.colcon_core.package_identification:_identify(src/pizza_pos) by extension 'ignore_ament_install'
[1.108s] Level 1:colcon.colcon_core.package_identification:_identify(src/pizza_pos) by extensions ['colcon_pkg']
[1.108s] Level 1:colcon.colcon_core.package_identification:_identify(src/pizza_pos) by extension 'colcon_pkg'
[1.108s] Level 1:colcon.colcon_core.package_identification:_identify(src/pizza_pos) by extensions ['colcon_meta']
[1.108s] Level 1:colcon.colcon_core.package_identification:_identify(src/pizza_pos) by extension 'colcon_meta'
[1.108s] Level 1:colcon.colcon_core.package_identification:_identify(src/pizza_pos) by extensions ['ros']
[1.108s] Level 1:colcon.colcon_core.package_identification:_identify(src/pizza_pos) by extension 'ros'
[1.109s] DEBUG:colcon.colcon_core.package_identification:Package 'src/pizza_pos' with type 'ros.ament_cmake' and name 'pizza_pos'
[1.110s] Level 1:colcon.colcon_core.package_identification:_identify(src/yolo_ros) by extensions ['ignore', 'ignore_ament_install']
[1.110s] Level 1:colcon.colcon_core.package_identification:_identify(src/yolo_ros) by extension 'ignore'
[1.110s] Level 1:colcon.colcon_core.package_identification:_identify(src/yolo_ros) by extension 'ignore_ament_install'
[1.110s] Level 1:colcon.colcon_core.package_identification:_identify(src/yolo_ros) by extensions ['colcon_pkg']
[1.110s] Level 1:colcon.colcon_core.package_identification:_identify(src/yolo_ros) by extension 'colcon_pkg'
[1.111s] Level 1:colcon.colcon_core.package_identification:_identify(src/yolo_ros) by extensions ['colcon_meta']
[1.111s] Level 1:colcon.colcon_core.package_identification:_identify(src/yolo_ros) by extension 'colcon_meta'
[1.111s] Level 1:colcon.colcon_core.package_identification:_identify(src/yolo_ros) by extensions ['ros']
[1.111s] Level 1:colcon.colcon_core.package_identification:_identify(src/yolo_ros) by extension 'ros'
[1.111s] Level 1:colcon.colcon_core.package_identification:_identify(src/yolo_ros) by extensions ['cmake', 'python']
[1.111s] Level 1:colcon.colcon_core.package_identification:_identify(src/yolo_ros) by extension 'cmake'
[1.112s] Level 1:colcon.colcon_core.package_identification:_identify(src/yolo_ros) by extension 'python'
[1.112s] Level 1:colcon.colcon_core.package_identification:_identify(src/yolo_ros) by extensions ['python_setup_py']
[1.112s] Level 1:colcon.colcon_core.package_identification:_identify(src/yolo_ros) by extension 'python_setup_py'
[1.113s] Level 1:colcon.colcon_core.package_identification:_identify(src/yolo_ros/yolov8_bringup) by extensions ['ignore', 'ignore_ament_install']
[1.113s] Level 1:colcon.colcon_core.package_identification:_identify(src/yolo_ros/yolov8_bringup) by extension 'ignore'
[1.113s] Level 1:colcon.colcon_core.package_identification:_identify(src/yolo_ros/yolov8_bringup) by extension 'ignore_ament_install'
[1.114s] Level 1:colcon.colcon_core.package_identification:_identify(src/yolo_ros/yolov8_bringup) by extensions ['colcon_pkg']
[1.114s] Level 1:colcon.colcon_core.package_identification:_identify(src/yolo_ros/yolov8_bringup) by extension 'colcon_pkg'
[1.115s] Level 1:colcon.colcon_core.package_identification:_identify(src/yolo_ros/yolov8_bringup) by extensions ['colcon_meta']
[1.115s] Level 1:colcon.colcon_core.package_identification:_identify(src/yolo_ros/yolov8_bringup) by extension 'colcon_meta'
[1.115s] Level 1:colcon.colcon_core.package_identification:_identify(src/yolo_ros/yolov8_bringup) by extensions ['ros']
[1.115s] Level 1:colcon.colcon_core.package_identification:_identify(src/yolo_ros/yolov8_bringup) by extension 'ros'
[1.117s] DEBUG:colcon.colcon_core.package_identification:Package 'src/yolo_ros/yolov8_bringup' with type 'ros.ament_cmake' and name 'yolov8_bringup'
[1.118s] Level 1:colcon.colcon_core.package_identification:_identify(src/yolo_ros/yolov8_msgs) by extensions ['ignore', 'ignore_ament_install']
[1.119s] Level 1:colcon.colcon_core.package_identification:_identify(src/yolo_ros/yolov8_msgs) by extension 'ignore'
[1.119s] Level 1:colcon.colcon_core.package_identification:_identify(src/yolo_ros/yolov8_msgs) by extension 'ignore_ament_install'
[1.119s] Level 1:colcon.colcon_core.package_identification:_identify(src/yolo_ros/yolov8_msgs) by extensions ['colcon_pkg']
[1.120s] Level 1:colcon.colcon_core.package_identification:_identify(src/yolo_ros/yolov8_msgs) by extension 'colcon_pkg'
[1.120s] Level 1:colcon.colcon_core.package_identification:_identify(src/yolo_ros/yolov8_msgs) by extensions ['colcon_meta']
[1.120s] Level 1:colcon.colcon_core.package_identification:_identify(src/yolo_ros/yolov8_msgs) by extension 'colcon_meta'
[1.120s] Level 1:colcon.colcon_core.package_identification:_identify(src/yolo_ros/yolov8_msgs) by extensions ['ros']
[1.120s] Level 1:colcon.colcon_core.package_identification:_identify(src/yolo_ros/yolov8_msgs) by extension 'ros'
[1.122s] DEBUG:colcon.colcon_core.package_identification:Package 'src/yolo_ros/yolov8_msgs' with type 'ros.ament_cmake' and name 'yolov8_msgs'
[1.123s] Level 1:colcon.colcon_core.package_identification:_identify(src/yolo_ros/yolov8_ros) by extensions ['ignore', 'ignore_ament_install']
[1.124s] Level 1:colcon.colcon_core.package_identification:_identify(src/yolo_ros/yolov8_ros) by extension 'ignore'
[1.125s] Level 1:colcon.colcon_core.package_identification:_identify(src/yolo_ros/yolov8_ros) by extension 'ignore_ament_install'
[1.125s] Level 1:colcon.colcon_core.package_identification:_identify(src/yolo_ros/yolov8_ros) by extensions ['colcon_pkg']
[1.125s] Level 1:colcon.colcon_core.package_identification:_identify(src/yolo_ros/yolov8_ros) by extension 'colcon_pkg'
[1.125s] Level 1:colcon.colcon_core.package_identification:_identify(src/yolo_ros/yolov8_ros) by extensions ['colcon_meta']
[1.125s] Level 1:colcon.colcon_core.package_identification:_identify(src/yolo_ros/yolov8_ros) by extension 'colcon_meta'
[1.126s] Level 1:colcon.colcon_core.package_identification:_identify(src/yolo_ros/yolov8_ros) by extensions ['ros']
[1.126s] Level 1:colcon.colcon_core.package_identification:_identify(src/yolo_ros/yolov8_ros) by extension 'ros'
[1.127s] DEBUG:colcon.colcon_core.package_identification:Package 'src/yolo_ros/yolov8_ros' with type 'ros.ament_python' and name 'yolov8_ros'
[1.127s] Level 1:colcon.colcon_core.package_discovery:discover_packages(recursive) using defaults
[1.127s] Level 1:colcon.colcon_core.package_discovery:discover_packages(ignore) discover
[1.127s] Level 1:colcon.colcon_core.package_discovery:discover_packages(ignore) using defaults
[1.128s] Level 1:colcon.colcon_core.package_discovery:discover_packages(path) discover
[1.128s] Level 1:colcon.colcon_core.package_discovery:discover_packages(path) using defaults
[1.167s] Level 1:colcon.colcon_core.package_discovery:discover_packages(prefix_path) check parameters
[1.167s] Level 1:colcon.colcon_core.package_discovery:discover_packages(prefix_path) discover
[1.175s] DEBUG:colcon.colcon_installed_package_information.package_discovery:Found 5 installed packages in /home/mtrn/A2_project/A2_Project/Computer_Vision/packages/install
[1.177s] DEBUG:colcon.colcon_installed_package_information.package_discovery:Found 1 installed packages in /home/mtrn/A2_project/A2_Project/src/moveit_ur/install
[1.183s] DEBUG:colcon.colcon_installed_package_information.package_discovery:Found 55 installed packages in /home/mtrn/4231/ws_moveit2/install
[1.185s] DEBUG:colcon.colcon_installed_package_information.package_discovery:Found 7 installed packages in /home/mtrn/4231/ros_ur_driver/install
[1.187s] DEBUG:colcon.colcon_installed_package_information.package_discovery:Found 338 installed packages in /opt/ros/humble
[1.190s] Level 1:colcon.colcon_core.package_discovery:discover_packages(prefix_path) using defaults
[1.305s] Level 5:colcon.colcon_core.verb:set package 'image_warper' build argument 'cmake_args' from command line to 'None'
[1.305s] Level 5:colcon.colcon_core.verb:set package 'image_warper' build argument 'cmake_target' from command line to 'None'
[1.305s] Level 5:colcon.colcon_core.verb:set package 'image_warper' build argument 'cmake_target_skip_unavailable' from command line to 'False'
[1.306s] Level 5:colcon.colcon_core.verb:set package 'image_warper' build argument 'cmake_clean_cache' from command line to 'False'
[1.306s] Level 5:colcon.colcon_core.verb:set package 'image_warper' build argument 'cmake_clean_first' from command line to 'False'
[1.306s] Level 5:colcon.colcon_core.verb:set package 'image_warper' build argument 'cmake_force_configure' from command line to 'False'
[1.306s] Level 5:colcon.colcon_core.verb:set package 'image_warper' build argument 'ament_cmake_args' from command line to 'None'
[1.306s] Level 5:colcon.colcon_core.verb:set package 'image_warper' build argument 'catkin_cmake_args' from command line to 'None'
[1.306s] Level 5:colcon.colcon_core.verb:set package 'image_warper' build argument 'catkin_skip_building_tests' from command line to 'False'
[1.306s] DEBUG:colcon.colcon_core.verb:Building package 'image_warper' with the following arguments: {'ament_cmake_args': None, 'build_base': '/home/mtrn/A2_project/A2_Project/Computer_Vision/packages/build/image_warper', 'catkin_cmake_args': None, 'catkin_skip_building_tests': False, 'cmake_args': None, 'cmake_clean_cache': False, 'cmake_clean_first': False, 'cmake_force_configure': False, 'cmake_target': None, 'cmake_target_skip_unavailable': False, 'install_base': '/home/mtrn/A2_project/A2_Project/Computer_Vision/packages/install/image_warper', 'merge_install': False, 'path': '/home/mtrn/A2_project/A2_Project/Computer_Vision/packages/src/image_warper', 'symlink_install': False, 'test_result_base': None}
[1.308s] Level 5:colcon.colcon_core.verb:set package 'yolov8_msgs' build argument 'cmake_args' from command line to 'None'
[1.308s] Level 5:colcon.colcon_core.verb:set package 'yolov8_msgs' build argument 'cmake_target' from command line to 'None'
[1.308s] Level 5:colcon.colcon_core.verb:set package 'yolov8_msgs' build argument 'cmake_target_skip_unavailable' from command line to 'False'
[1.309s] Level 5:colcon.colcon_core.verb:set package 'yolov8_msgs' build argument 'cmake_clean_cache' from command line to 'False'
[1.309s] Level 5:colcon.colcon_core.verb:set package 'yolov8_msgs' build argument 'cmake_clean_first' from command line to 'False'
[1.309s] Level 5:colcon.colcon_core.verb:set package 'yolov8_msgs' build argument 'cmake_force_configure' from command line to 'False'
[1.309s] Level 5:colcon.colcon_core.verb:set package 'yolov8_msgs' build argument 'ament_cmake_args' from command line to 'None'
[1.309s] Level 5:colcon.colcon_core.verb:set package 'yolov8_msgs' build argument 'catkin_cmake_args' from command line to 'None'
[1.309s] Level 5:colcon.colcon_core.verb:set package 'yolov8_msgs' build argument 'catkin_skip_building_tests' from command line to 'False'
[1.309s] DEBUG:colcon.colcon_core.verb:Building package 'yolov8_msgs' with the following arguments: {'ament_cmake_args': None, 'build_base': '/home/mtrn/A2_project/A2_Project/Computer_Vision/packages/build/yolov8_msgs', 'catkin_cmake_args': None, 'catkin_skip_building_tests': False, 'cmake_args': None, 'cmake_clean_cache': False, 'cmake_clean_first': False, 'cmake_force_configure': False, 'cmake_target': None, 'cmake_target_skip_unavailable': False, 'install_base': '/home/mtrn/A2_project/A2_Project/Computer_Vision/packages/install/yolov8_msgs', 'merge_install': False, 'path': '/home/mtrn/A2_project/A2_Project/Computer_Vision/packages/src/yolo_ros/yolov8_msgs', 'symlink_install': False, 'test_result_base': None}
[1.310s] Level 5:colcon.colcon_core.verb:set package 'yolov8_ros' build argument 'cmake_args' from command line to 'None'
[1.310s] Level 5:colcon.colcon_core.verb:set package 'yolov8_ros' build argument 'cmake_target' from command line to 'None'
[1.310s] Level 5:colcon.colcon_core.verb:set package 'yolov8_ros' build argument 'cmake_target_skip_unavailable' from command line to 'False'
[1.310s] Level 5:colcon.colcon_core.verb:set package 'yolov8_ros' build argument 'cmake_clean_cache' from command line to 'False'
[1.310s] Level 5:colcon.colcon_core.verb:set package 'yolov8_ros' build argument 'cmake_clean_first' from command line to 'False'
[1.310s] Level 5:colcon.colcon_core.verb:set package 'yolov8_ros' build argument 'cmake_force_configure' from command line to 'False'
[1.310s] Level 5:colcon.colcon_core.verb:set package 'yolov8_ros' build argument 'ament_cmake_args' from command line to 'None'
[1.310s] Level 5:colcon.colcon_core.verb:set package 'yolov8_ros' build argument 'catkin_cmake_args' from command line to 'None'
[1.310s] Level 5:colcon.colcon_core.verb:set package 'yolov8_ros' build argument 'catkin_skip_building_tests' from command line to 'False'
[1.311s] DEBUG:colcon.colcon_core.verb:Building package 'yolov8_ros' with the following arguments: {'ament_cmake_args': None, 'build_base': '/home/mtrn/A2_project/A2_Project/Computer_Vision/packages/build/yolov8_ros', 'catkin_cmake_args': None, 'catkin_skip_building_tests': False, 'cmake_args': None, 'cmake_clean_cache': False, 'cmake_clean_first': False, 'cmake_force_configure': False, 'cmake_target': None, 'cmake_target_skip_unavailable': False, 'install_base': '/home/mtrn/A2_project/A2_Project/Computer_Vision/packages/install/yolov8_ros', 'merge_install': False, 'path': '/home/mtrn/A2_project/A2_Project/Computer_Vision/packages/src/yolo_ros/yolov8_ros', 'symlink_install': False, 'test_result_base': None}
[1.312s] Level 5:colcon.colcon_core.verb:set package 'pizza_pos' build argument 'cmake_args' from command line to 'None'
[1.312s] Level 5:colcon.colcon_core.verb:set package 'pizza_pos' build argument 'cmake_target' from command line to 'None'
[1.312s] Level 5:colcon.colcon_core.verb:set package 'pizza_pos' build argument 'cmake_target_skip_unavailable' from command line to 'False'
[1.312s] Level 5:colcon.colcon_core.verb:set package 'pizza_pos' build argument 'cmake_clean_cache' from command line to 'False'
[1.312s] Level 5:colcon.colcon_core.verb:set package 'pizza_pos' build argument 'cmake_clean_first' from command line to 'False'
[1.312s] Level 5:colcon.colcon_core.verb:set package 'pizza_pos' build argument 'cmake_force_configure' from command line to 'False'
[1.312s] Level 5:colcon.colcon_core.verb:set package 'pizza_pos' build argument 'ament_cmake_args' from command line to 'None'
[1.312s] Level 5:colcon.colcon_core.verb:set package 'pizza_pos' build argument 'catkin_cmake_args' from command line to 'None'
[1.312s] Level 5:colcon.colcon_core.verb:set package 'pizza_pos' build argument 'catkin_skip_building_tests' from command line to 'False'
[1.312s] DEBUG:colcon.colcon_core.verb:Building package 'pizza_pos' with the following arguments: {'ament_cmake_args': None, 'build_base': '/home/mtrn/A2_project/A2_Project/Computer_Vision/packages/build/pizza_pos', 'catkin_cmake_args': None, 'catkin_skip_building_tests': False, 'cmake_args': None, 'cmake_clean_cache': False, 'cmake_clean_first': False, 'cmake_force_configure': False, 'cmake_target': None, 'cmake_target_skip_unavailable': False, 'install_base': '/home/mtrn/A2_project/A2_Project/Computer_Vision/packages/install/pizza_pos', 'merge_install': False, 'path': '/home/mtrn/A2_project/A2_Project/Computer_Vision/packages/src/pizza_pos', 'symlink_install': False, 'test_result_base': None}
[1.313s] Level 5:colcon.colcon_core.verb:set package 'yolov8_bringup' build argument 'cmake_args' from command line to 'None'
[1.313s] Level 5:colcon.colcon_core.verb:set package 'yolov8_bringup' build argument 'cmake_target' from command line to 'None'
[1.313s] Level 5:colcon.colcon_core.verb:set package 'yolov8_bringup' build argument 'cmake_target_skip_unavailable' from command line to 'False'
[1.313s] Level 5:colcon.colcon_core.verb:set package 'yolov8_bringup' build argument 'cmake_clean_cache' from command line to 'False'
[1.313s] Level 5:colcon.colcon_core.verb:set package 'yolov8_bringup' build argument 'cmake_clean_first' from command line to 'False'
[1.313s] Level 5:colcon.colcon_core.verb:set package 'yolov8_bringup' build argument 'cmake_force_configure' from command line to 'False'
[1.313s] Level 5:colcon.colcon_core.verb:set package 'yolov8_bringup' build argument 'ament_cmake_args' from command line to 'None'
[1.313s] Level 5:colcon.colcon_core.verb:set package 'yolov8_bringup' build argument 'catkin_cmake_args' from command line to 'None'
[1.313s] Level 5:colcon.colcon_core.verb:set package 'yolov8_bringup' build argument 'catkin_skip_building_tests' from command line to 'False'
[1.313s] DEBUG:colcon.colcon_core.verb:Building package 'yolov8_bringup' with the following arguments: {'ament_cmake_args': None, 'build_base': '/home/mtrn/A2_project/A2_Project/Computer_Vision/packages/build/yolov8_bringup', 'catkin_cmake_args': None, 'catkin_skip_building_tests': False, 'cmake_args': None, 'cmake_clean_cache': False, 'cmake_clean_first': False, 'cmake_force_configure': False, 'cmake_target': None, 'cmake_target_skip_unavailable': False, 'install_base': '/home/mtrn/A2_project/A2_Project/Computer_Vision/packages/install/yolov8_bringup', 'merge_install': False, 'path': '/home/mtrn/A2_project/A2_Project/Computer_Vision/packages/src/yolo_ros/yolov8_bringup', 'symlink_install': False, 'test_result_base': None}
[1.314s] INFO:colcon.colcon_core.executor:Executing jobs using 'parallel' executor
[1.320s] DEBUG:colcon.colcon_parallel_executor.executor.parallel:run_until_complete
[1.321s] INFO:colcon.colcon_ros.task.ament_python.build:Building ROS package in '/home/mtrn/A2_project/A2_Project/Computer_Vision/packages/src/yolo_ros/yolov8_ros' with build type 'ament_python'
[1.321s] Level 1:colcon.colcon_core.shell:create_environment_hook('yolov8_ros', 'ament_prefix_path')
[1.337s] INFO:colcon.colcon_core.plugin_system:Skipping extension 'colcon_core.shell.bat': Not used on non-Windows systems
[1.338s] INFO:colcon.colcon_core.shell:Creating environment hook '/home/mtrn/A2_project/A2_Project/Computer_Vision/packages/install/yolov8_ros/share/yolov8_ros/hook/ament_prefix_path.ps1'
[1.340s] INFO:colcon.colcon_core.shell:Creating environment descriptor '/home/mtrn/A2_project/A2_Project/Computer_Vision/packages/install/yolov8_ros/share/yolov8_ros/hook/ament_prefix_path.dsv'
[1.342s] INFO:colcon.colcon_core.shell:Creating environment hook '/home/mtrn/A2_project/A2_Project/Computer_Vision/packages/install/yolov8_ros/share/yolov8_ros/hook/ament_prefix_path.sh'
[1.345s] INFO:colcon.colcon_core.shell:Skip shell extension 'powershell' for command environment: Not usable outside of PowerShell
[1.345s] DEBUG:colcon.colcon_core.shell:Skip shell extension 'dsv' for command environment
[1.371s] INFO:colcon.colcon_ros.task.ament_python.build:Building ROS package in '/home/mtrn/A2_project/A2_Project/Computer_Vision/packages/src/image_warper' with build type 'ament_python'
[1.372s] Level 1:colcon.colcon_core.shell:create_environment_hook('image_warper', 'ament_prefix_path')
[1.379s] INFO:colcon.colcon_core.shell:Creating environment hook '/home/mtrn/A2_project/A2_Project/Computer_Vision/packages/install/image_warper/share/image_warper/hook/ament_prefix_path.ps1'
[1.382s] INFO:colcon.colcon_core.shell:Creating environment descriptor '/home/mtrn/A2_project/A2_Project/Computer_Vision/packages/install/image_warper/share/image_warper/hook/ament_prefix_path.dsv'
[1.385s] INFO:colcon.colcon_core.shell:Creating environment hook '/home/mtrn/A2_project/A2_Project/Computer_Vision/packages/install/image_warper/share/image_warper/hook/ament_prefix_path.sh'
[1.389s] INFO:colcon.colcon_core.shell:Skip shell extension 'powershell' for command environment: Not usable outside of PowerShell
[1.389s] DEBUG:colcon.colcon_core.shell:Skip shell extension 'dsv' for command environment
[1.457s] INFO:colcon.colcon_ros.task.ament_cmake.build:Building ROS package in '/home/mtrn/A2_project/A2_Project/Computer_Vision/packages/src/yolo_ros/yolov8_msgs' with build type 'ament_cmake'
[1.458s] INFO:colcon.colcon_cmake.task.cmake.build:Building CMake package in '/home/mtrn/A2_project/A2_Project/Computer_Vision/packages/src/yolo_ros/yolov8_msgs'
[1.463s] INFO:colcon.colcon_core.shell:Skip shell extension 'powershell' for command environment: Not usable outside of PowerShell
[1.464s] DEBUG:colcon.colcon_core.shell:Skip shell extension 'dsv' for command environment
[2.196s] INFO:colcon.colcon_core.task.python.build:Building Python package in '/home/mtrn/A2_project/A2_Project/Computer_Vision/packages/src/yolo_ros/yolov8_ros'
[2.199s] INFO:colcon.colcon_core.shell:Skip shell extension 'powershell' for command environment: Not usable outside of PowerShell
[2.199s] DEBUG:colcon.colcon_core.shell:Skip shell extension 'dsv' for command environment
[2.969s] INFO:colcon.colcon_core.task.python.build:Building Python package in '/home/mtrn/A2_project/A2_Project/Computer_Vision/packages/src/image_warper'
[2.971s] INFO:colcon.colcon_core.shell:Skip shell extension 'powershell' for command environment: Not usable outside of PowerShell
[2.971s] DEBUG:colcon.colcon_core.shell:Skip shell extension 'dsv' for command environment
[3.003s] DEBUG:colcon.colcon_core.event_handler.log_command:Invoking command in '/home/mtrn/A2_project/A2_Project/Computer_Vision/packages/build/yolov8_msgs': CMAKE_PREFIX_PATH=${CMAKE_PREFIX_PATH}:/home/mtrn/A2_project/A2_Project/Computer_Vision/packages/install/yolov8_ros:/home/mtrn/A2_project/A2_Project/Computer_Vision/packages/install/image_warper:/home/mtrn/4231/ws_moveit2/install/moveit_configs_utils:/home/mtrn/4231/ws_moveit2/install/launch_param_builder:/opt/ros/humble /home/mtrn/.local/bin/cmake --build /home/mtrn/A2_project/A2_Project/Computer_Vision/packages/build/yolov8_msgs -- -j12 -l12
[4.331s] DEBUG:colcon.colcon_core.event_handler.log_command:Invoking command in '/home/mtrn/A2_project/A2_Project/Computer_Vision/packages/src/yolo_ros/yolov8_ros': PYTHONPATH=/home/mtrn/A2_project/A2_Project/Computer_Vision/packages/build/yolov8_ros/prefix_override:/home/mtrn/A2_project/A2_Project/Computer_Vision/packages/install/yolov8_ros/lib/python3.10/site-packages:${PYTHONPATH} /usr/bin/python3 setup.py egg_info --egg-base ../../../build/yolov8_ros build --build-base /home/mtrn/A2_project/A2_Project/Computer_Vision/packages/build/yolov8_ros/build install --record /home/mtrn/A2_project/A2_Project/Computer_Vision/packages/build/yolov8_ros/install.log --single-version-externally-managed
[4.444s] DEBUG:colcon.colcon_core.event_handler.log_command:Invoking command in '/home/mtrn/A2_project/A2_Project/Computer_Vision/packages/src/image_warper': PYTHONPATH=/home/mtrn/A2_project/A2_Project/Computer_Vision/packages/build/image_warper/prefix_override:/home/mtrn/A2_project/A2_Project/Computer_Vision/packages/install/image_warper/lib/python3.10/site-packages:${PYTHONPATH} /usr/bin/python3 setup.py egg_info --egg-base ../../build/image_warper build --build-base /home/mtrn/A2_project/A2_Project/Computer_Vision/packages/build/image_warper/build install --record /home/mtrn/A2_project/A2_Project/Computer_Vision/packages/build/image_warper/install.log --single-version-externally-managed
[5.158s] DEBUG:colcon.colcon_core.event_handler.log_command:Invoked command in '/home/mtrn/A2_project/A2_Project/Computer_Vision/packages/src/image_warper' returned '0': PYTHONPATH=/home/mtrn/A2_project/A2_Project/Computer_Vision/packages/build/image_warper/prefix_override:/home/mtrn/A2_project/A2_Project/Computer_Vision/packages/install/image_warper/lib/python3.10/site-packages:${PYTHONPATH} /usr/bin/python3 setup.py egg_info --egg-base ../../build/image_warper build --build-base /home/mtrn/A2_project/A2_Project/Computer_Vision/packages/build/image_warper/build install --record /home/mtrn/A2_project/A2_Project/Computer_Vision/packages/build/image_warper/install.log --single-version-externally-managed
[5.163s] Level 1:colcon.colcon_core.environment:checking '/home/mtrn/A2_project/A2_Project/Computer_Vision/packages/install/image_warper' for CMake module files
[5.163s] Level 1:colcon.colcon_core.environment:checking '/home/mtrn/A2_project/A2_Project/Computer_Vision/packages/install/image_warper' for CMake config files
[5.165s] Level 1:colcon.colcon_core.environment:checking '/home/mtrn/A2_project/A2_Project/Computer_Vision/packages/install/image_warper/lib'
[5.165s] Level 1:colcon.colcon_core.environment:checking '/home/mtrn/A2_project/A2_Project/Computer_Vision/packages/install/image_warper/bin'
[5.165s] Level 1:colcon.colcon_core.environment:checking '/home/mtrn/A2_project/A2_Project/Computer_Vision/packages/install/image_warper/lib/pkgconfig/image_warper.pc'
[5.165s] Level 1:colcon.colcon_core.environment:checking '/home/mtrn/A2_project/A2_Project/Computer_Vision/packages/install/image_warper/lib/python3.10/site-packages'
[5.165s] Level 1:colcon.colcon_core.shell:create_environment_hook('image_warper', 'pythonpath')
[5.167s] INFO:colcon.colcon_core.shell:Creating environment hook '/home/mtrn/A2_project/A2_Project/Computer_Vision/packages/install/image_warper/share/image_warper/hook/pythonpath.ps1'
[5.168s] INFO:colcon.colcon_core.shell:Creating environment descriptor '/home/mtrn/A2_project/A2_Project/Computer_Vision/packages/install/image_warper/share/image_warper/hook/pythonpath.dsv'
[5.170s] INFO:colcon.colcon_core.shell:Creating environment hook '/home/mtrn/A2_project/A2_Project/Computer_Vision/packages/install/image_warper/share/image_warper/hook/pythonpath.sh'
[5.171s] Level 1:colcon.colcon_core.environment:checking '/home/mtrn/A2_project/A2_Project/Computer_Vision/packages/install/image_warper/bin'
[5.171s] Level 1:colcon.colcon_core.environment:create_environment_scripts_only(image_warper)
[5.175s] INFO:colcon.colcon_core.shell:Creating package script '/home/mtrn/A2_project/A2_Project/Computer_Vision/packages/install/image_warper/share/image_warper/package.ps1'
[5.177s] INFO:colcon.colcon_core.shell:Creating package descriptor '/home/mtrn/A2_project/A2_Project/Computer_Vision/packages/install/image_warper/share/image_warper/package.dsv'
[5.182s] INFO:colcon.colcon_core.shell:Creating package script '/home/mtrn/A2_project/A2_Project/Computer_Vision/packages/install/image_warper/share/image_warper/package.sh'
[5.183s] INFO:colcon.colcon_core.shell:Creating package script '/home/mtrn/A2_project/A2_Project/Computer_Vision/packages/install/image_warper/share/image_warper/package.bash'
[5.185s] INFO:colcon.colcon_core.shell:Creating package script '/home/mtrn/A2_project/A2_Project/Computer_Vision/packages/install/image_warper/share/image_warper/package.zsh'
[5.186s] Level 1:colcon.colcon_core.environment:create_file_with_runtime_dependencies(/home/mtrn/A2_project/A2_Project/Computer_Vision/packages/install/image_warper/share/colcon-core/packages/image_warper)
[5.240s] Level 1:colcon.colcon_core.environment:checking '/home/mtrn/A2_project/A2_Project/Computer_Vision/packages/install/yolov8_ros' for CMake module files
[5.240s] Level 1:colcon.colcon_core.environment:checking '/home/mtrn/A2_project/A2_Project/Computer_Vision/packages/install/yolov8_ros' for CMake config files
[5.241s] Level 1:colcon.colcon_core.environment:checking '/home/mtrn/A2_project/A2_Project/Computer_Vision/packages/install/yolov8_ros/lib'
[5.241s] Level 1:colcon.colcon_core.environment:checking '/home/mtrn/A2_project/A2_Project/Computer_Vision/packages/install/yolov8_ros/bin'
[5.241s] Level 1:colcon.colcon_core.environment:checking '/home/mtrn/A2_project/A2_Project/Computer_Vision/packages/install/yolov8_ros/lib/pkgconfig/yolov8_ros.pc'
[5.241s] Level 1:colcon.colcon_core.environment:checking '/home/mtrn/A2_project/A2_Project/Computer_Vision/packages/install/yolov8_ros/lib/python3.10/site-packages'
[5.242s] Level 1:colcon.colcon_core.shell:create_environment_hook('yolov8_ros', 'pythonpath')
[5.248s] DEBUG:colcon.colcon_core.event_handler.log_command:Invoked command in '/home/mtrn/A2_project/A2_Project/Computer_Vision/packages/src/yolo_ros/yolov8_ros' returned '0': PYTHONPATH=/home/mtrn/A2_project/A2_Project/Computer_Vision/packages/build/yolov8_ros/prefix_override:/home/mtrn/A2_project/A2_Project/Computer_Vision/packages/install/yolov8_ros/lib/python3.10/site-packages:${PYTHONPATH} /usr/bin/python3 setup.py egg_info --egg-base ../../../build/yolov8_ros build --build-base /home/mtrn/A2_project/A2_Project/Computer_Vision/packages/build/yolov8_ros/build install --record /home/mtrn/A2_project/A2_Project/Computer_Vision/packages/build/yolov8_ros/install.log --single-version-externally-managed
[5.249s] INFO:colcon.colcon_core.shell:Creating environment hook '/home/mtrn/A2_project/A2_Project/Computer_Vision/packages/install/yolov8_ros/share/yolov8_ros/hook/pythonpath.ps1'
[5.250s] INFO:colcon.colcon_core.shell:Creating environment descriptor '/home/mtrn/A2_project/A2_Project/Computer_Vision/packages/install/yolov8_ros/share/yolov8_ros/hook/pythonpath.dsv'
[5.251s] INFO:colcon.colcon_core.shell:Creating environment hook '/home/mtrn/A2_project/A2_Project/Computer_Vision/packages/install/yolov8_ros/share/yolov8_ros/hook/pythonpath.sh'
[5.252s] Level 1:colcon.colcon_core.environment:checking '/home/mtrn/A2_project/A2_Project/Computer_Vision/packages/install/yolov8_ros/bin'
[5.252s] Level 1:colcon.colcon_core.environment:create_environment_scripts_only(yolov8_ros)
[5.254s] INFO:colcon.colcon_core.shell:Creating package script '/home/mtrn/A2_project/A2_Project/Computer_Vision/packages/install/yolov8_ros/share/yolov8_ros/package.ps1'
[5.255s] INFO:colcon.colcon_core.shell:Creating package descriptor '/home/mtrn/A2_project/A2_Project/Computer_Vision/packages/install/yolov8_ros/share/yolov8_ros/package.dsv'
[5.258s] INFO:colcon.colcon_core.shell:Creating package script '/home/mtrn/A2_project/A2_Project/Computer_Vision/packages/install/yolov8_ros/share/yolov8_ros/package.sh'
[5.258s] INFO:colcon.colcon_core.shell:Creating package script '/home/mtrn/A2_project/A2_Project/Computer_Vision/packages/install/yolov8_ros/share/yolov8_ros/package.bash'
[5.259s] INFO:colcon.colcon_core.shell:Creating package script '/home/mtrn/A2_project/A2_Project/Computer_Vision/packages/install/yolov8_ros/share/yolov8_ros/package.zsh'
[5.259s] Level 1:colcon.colcon_core.environment:create_file_with_runtime_dependencies(/home/mtrn/A2_project/A2_Project/Computer_Vision/packages/install/yolov8_ros/share/colcon-core/packages/yolov8_ros)
[5.260s] INFO:colcon.colcon_ros.task.ament_cmake.build:Building ROS package in '/home/mtrn/A2_project/A2_Project/Computer_Vision/packages/src/pizza_pos' with build type 'ament_cmake'
[5.260s] INFO:colcon.colcon_cmake.task.cmake.build:Building CMake package in '/home/mtrn/A2_project/A2_Project/Computer_Vision/packages/src/pizza_pos'
[5.262s] INFO:colcon.colcon_core.shell:Skip shell extension 'powershell' for command environment: Not usable outside of PowerShell
[5.262s] DEBUG:colcon.colcon_core.shell:Skip shell extension 'dsv' for command environment
[5.298s] INFO:colcon.colcon_ros.task.ament_cmake.build:Building ROS package in '/home/mtrn/A2_project/A2_Project/Computer_Vision/packages/src/yolo_ros/yolov8_bringup' with build type 'ament_cmake'
[5.299s] INFO:colcon.colcon_cmake.task.cmake.build:Building CMake package in '/home/mtrn/A2_project/A2_Project/Computer_Vision/packages/src/yolo_ros/yolov8_bringup'
[5.301s] INFO:colcon.colcon_core.shell:Skip shell extension 'powershell' for command environment: Not usable outside of PowerShell
[5.301s] DEBUG:colcon.colcon_core.shell:Skip shell extension 'dsv' for command environment
[5.350s] DEBUG:colcon.colcon_core.event_handler.log_command:Invoking command in '/home/mtrn/A2_project/A2_Project/Computer_Vision/packages/build/pizza_pos': AMENT_PREFIX_PATH=/home/mtrn/A2_project/A2_Project/Computer_Vision/packages/install/yolov8_ros:/home/mtrn/A2_project/A2_Project/Computer_Vision/packages/install/yolov8_bringup:/home/mtrn/A2_project/A2_Project/Computer_Vision/packages/install/pizza_pos:/home/mtrn/A2_project/A2_Project/Computer_Vision/packages/install/yolov8_msgs:/home/mtrn/A2_project/A2_Project/Computer_Vision/packages/install/image_warper:/home/mtrn/A2_project/A2_Project/src/moveit_ur/install/moveit_ur:/home/mtrn/4231/ws_moveit2/install/pilz_industrial_motion_planner_testutils:/home/mtrn/4231/ws_moveit2/install/moveit_runtime:/home/mtrn/4231/ws_moveit2/install/moveit2_tutorials:/home/mtrn/4231/ws_moveit2/install/moveit:/home/mtrn/4231/ws_moveit2/install/moveit_planners:/home/mtrn/4231/ws_moveit2/install/pilz_industrial_motion_planner:/home/mtrn/4231/ws_moveit2/install/moveit_visual_tools:/home/mtrn/4231/ws_moveit2/install/moveit_task_constructor_visualization:/home/mtrn/4231/ws_moveit2/install/moveit_task_constructor_demo:/home/mtrn/4231/ws_moveit2/install/moveit_task_constructor_capabilities:/home/mtrn/4231/ws_moveit2/install/moveit_task_constructor_core:/home/mtrn/4231/ws_moveit2/install/moveit_ros_control_interface:/home/mtrn/4231/ws_moveit2/install/moveit_plugins:/home/mtrn/4231/ws_moveit2/install/moveit_simple_controller_manager:/home/mtrn/4231/ws_moveit2/install/moveit_setup_assistant:/home/mtrn/4231/ws_moveit2/install/moveit_setup_srdf_plugins:/home/mtrn/4231/ws_moveit2/install/moveit_setup_core_plugins:/home/mtrn/4231/ws_moveit2/install/moveit_setup_controllers:/home/mtrn/4231/ws_moveit2/install/moveit_setup_app_plugins:/home/mtrn/4231/ws_moveit2/install/moveit_setup_framework:/home/mtrn/4231/ws_moveit2/install/moveit_servo:/home/mtrn/4231/ws_moveit2/install/moveit_ros:/home/mtrn/4231/ws_moveit2/install/moveit_ros_visualization:/home/mtrn/4231/ws_moveit2/install/moveit_hybrid_planning:/home/mtrn/4231/ws_moveit2/install/moveit_ros_planning_interface:/home/mtrn/4231/ws_moveit2/install/moveit_ros_benchmarks:/home/mtrn/4231/ws_moveit2/install/moveit_ros_warehouse:/home/mtrn/4231/ws_moveit2/install/moveit_ros_robot_interaction:/home/mtrn/4231/ws_moveit2/install/moveit_ros_perception:/home/mtrn/4231/ws_moveit2/install/moveit_resources_prbt_pg70_support:/home/mtrn/4231/ws_moveit2/install/moveit_resources_prbt_moveit_config:/home/mtrn/4231/ws_moveit2/install/moveit_ros_move_group:/home/mtrn/4231/ws_moveit2/install/moveit_planners_ompl:/home/mtrn/4231/ws_moveit2/install/moveit_ros_planning:/home/mtrn/4231/ws_moveit2/install/moveit_ros_occupancy_map_monitor:/home/mtrn/4231/ws_moveit2/install/moveit_resources_prbt_ikfast_manipulator_plugin:/home/mtrn/4231/ws_moveit2/install/moveit_planners_chomp:/home/mtrn/4231/ws_moveit2/install/moveit_kinematics:/home/mtrn/4231/ws_moveit2/install/moveit_chomp_optimizer_adapter:/home/mtrn/4231/ws_moveit2/install/chomp_motion_planner:/home/mtrn/4231/ws_moveit2/install/moveit_core:/home/mtrn/4231/ws_moveit2/install/moveit_configs_utils:/home/mtrn/4231/ws_moveit2/install/srdfdom:/home/mtrn/4231/ws_moveit2/install/rviz_marker_tools:/home/mtrn/4231/ws_moveit2/install/rosparam_shortcuts:/home/mtrn/4231/ws_moveit2/install/moveit_task_constructor_msgs:/home/mtrn/4231/ws_moveit2/install/moveit_resources_prbt_support:/home/mtrn/4231/ws_moveit2/install/moveit_resources:/home/mtrn/4231/ws_moveit2/install/moveit_resources_pr2_description:/home/mtrn/4231/ws_moveit2/install/moveit_resources_panda_moveit_config:/home/mtrn/4231/ws_moveit2/install/moveit_resources_panda_description:/home/mtrn/4231/ws_moveit2/install/moveit_resources_fanuc_moveit_config:/home/mtrn/4231/ws_moveit2/install/moveit_resources_fanuc_description:/home/mtrn/4231/ws_moveit2/install/moveit_common:/home/mtrn/4231/ws_moveit2/install/launch_param_builder:/home/mtrn/4231/ros_ur_driver/install/ur:/home/mtrn/4231/ros_ur_driver/install/ur_calibration:/home/mtrn/4231/ros_ur_driver/install/ur_robot_driver:/home/mtrn/4231/ros_ur_driver/install/ur_moveit_config:/home/mtrn/4231/ros_ur_driver/install/ur_bringup:/home/mtrn/4231/ros_ur_driver/install/ur_controllers:/home/mtrn/4231/ros_ur_driver/install/ur_dashboard_msgs:/opt/ros/humble CMAKE_PREFIX_PATH=${CMAKE_PREFIX_PATH}:/home/mtrn/A2_project/A2_Project/Computer_Vision/packages/install/yolov8_ros:/home/mtrn/A2_project/A2_Project/Computer_Vision/packages/install/image_warper:/home/mtrn/4231/ws_moveit2/install/moveit_configs_utils:/home/mtrn/4231/ws_moveit2/install/launch_param_builder:/opt/ros/humble /home/mtrn/.local/bin/cmake --build /home/mtrn/A2_project/A2_Project/Computer_Vision/packages/build/pizza_pos -- -j12 -l12
[5.380s] DEBUG:colcon.colcon_core.event_handler.log_command:Invoking command in '/home/mtrn/A2_project/A2_Project/Computer_Vision/packages/build/yolov8_bringup': AMENT_PREFIX_PATH=/home/mtrn/A2_project/A2_Project/Computer_Vision/packages/install/yolov8_ros:/home/mtrn/A2_project/A2_Project/Computer_Vision/packages/install/yolov8_bringup:/home/mtrn/A2_project/A2_Project/Computer_Vision/packages/install/pizza_pos:/home/mtrn/A2_project/A2_Project/Computer_Vision/packages/install/yolov8_msgs:/home/mtrn/A2_project/A2_Project/Computer_Vision/packages/install/image_warper:/home/mtrn/A2_project/A2_Project/src/moveit_ur/install/moveit_ur:/home/mtrn/4231/ws_moveit2/install/pilz_industrial_motion_planner_testutils:/home/mtrn/4231/ws_moveit2/install/moveit_runtime:/home/mtrn/4231/ws_moveit2/install/moveit2_tutorials:/home/mtrn/4231/ws_moveit2/install/moveit:/home/mtrn/4231/ws_moveit2/install/moveit_planners:/home/mtrn/4231/ws_moveit2/install/pilz_industrial_motion_planner:/home/mtrn/4231/ws_moveit2/install/moveit_visual_tools:/home/mtrn/4231/ws_moveit2/install/moveit_task_constructor_visualization:/home/mtrn/4231/ws_moveit2/install/moveit_task_constructor_demo:/home/mtrn/4231/ws_moveit2/install/moveit_task_constructor_capabilities:/home/mtrn/4231/ws_moveit2/install/moveit_task_constructor_core:/home/mtrn/4231/ws_moveit2/install/moveit_ros_control_interface:/home/mtrn/4231/ws_moveit2/install/moveit_plugins:/home/mtrn/4231/ws_moveit2/install/moveit_simple_controller_manager:/home/mtrn/4231/ws_moveit2/install/moveit_setup_assistant:/home/mtrn/4231/ws_moveit2/install/moveit_setup_srdf_plugins:/home/mtrn/4231/ws_moveit2/install/moveit_setup_core_plugins:/home/mtrn/4231/ws_moveit2/install/moveit_setup_controllers:/home/mtrn/4231/ws_moveit2/install/moveit_setup_app_plugins:/home/mtrn/4231/ws_moveit2/install/moveit_setup_framework:/home/mtrn/4231/ws_moveit2/install/moveit_servo:/home/mtrn/4231/ws_moveit2/install/moveit_ros:/home/mtrn/4231/ws_moveit2/install/moveit_ros_visualization:/home/mtrn/4231/ws_moveit2/install/moveit_hybrid_planning:/home/mtrn/4231/ws_moveit2/install/moveit_ros_planning_interface:/home/mtrn/4231/ws_moveit2/install/moveit_ros_benchmarks:/home/mtrn/4231/ws_moveit2/install/moveit_ros_warehouse:/home/mtrn/4231/ws_moveit2/install/moveit_ros_robot_interaction:/home/mtrn/4231/ws_moveit2/install/moveit_ros_perception:/home/mtrn/4231/ws_moveit2/install/moveit_resources_prbt_pg70_support:/home/mtrn/4231/ws_moveit2/install/moveit_resources_prbt_moveit_config:/home/mtrn/4231/ws_moveit2/install/moveit_ros_move_group:/home/mtrn/4231/ws_moveit2/install/moveit_planners_ompl:/home/mtrn/4231/ws_moveit2/install/moveit_ros_planning:/home/mtrn/4231/ws_moveit2/install/moveit_ros_occupancy_map_monitor:/home/mtrn/4231/ws_moveit2/install/moveit_resources_prbt_ikfast_manipulator_plugin:/home/mtrn/4231/ws_moveit2/install/moveit_planners_chomp:/home/mtrn/4231/ws_moveit2/install/moveit_kinematics:/home/mtrn/4231/ws_moveit2/install/moveit_chomp_optimizer_adapter:/home/mtrn/4231/ws_moveit2/install/chomp_motion_planner:/home/mtrn/4231/ws_moveit2/install/moveit_core:/home/mtrn/4231/ws_moveit2/install/moveit_configs_utils:/home/mtrn/4231/ws_moveit2/install/srdfdom:/home/mtrn/4231/ws_moveit2/install/rviz_marker_tools:/home/mtrn/4231/ws_moveit2/install/rosparam_shortcuts:/home/mtrn/4231/ws_moveit2/install/moveit_task_constructor_msgs:/home/mtrn/4231/ws_moveit2/install/moveit_resources_prbt_support:/home/mtrn/4231/ws_moveit2/install/moveit_resources:/home/mtrn/4231/ws_moveit2/install/moveit_resources_pr2_description:/home/mtrn/4231/ws_moveit2/install/moveit_resources_panda_moveit_config:/home/mtrn/4231/ws_moveit2/install/moveit_resources_panda_description:/home/mtrn/4231/ws_moveit2/install/moveit_resources_fanuc_moveit_config:/home/mtrn/4231/ws_moveit2/install/moveit_resources_fanuc_description:/home/mtrn/4231/ws_moveit2/install/moveit_common:/home/mtrn/4231/ws_moveit2/install/launch_param_builder:/home/mtrn/4231/ros_ur_driver/install/ur:/home/mtrn/4231/ros_ur_driver/install/ur_calibration:/home/mtrn/4231/ros_ur_driver/install/ur_robot_driver:/home/mtrn/4231/ros_ur_driver/install/ur_moveit_config:/home/mtrn/4231/ros_ur_driver/install/ur_bringup:/home/mtrn/4231/ros_ur_driver/install/ur_controllers:/home/mtrn/4231/ros_ur_driver/install/ur_dashboard_msgs:/opt/ros/humble CMAKE_PREFIX_PATH=${CMAKE_PREFIX_PATH}:/home/mtrn/A2_project/A2_Project/Computer_Vision/packages/install/yolov8_ros:/home/mtrn/A2_project/A2_Project/Computer_Vision/packages/install/image_warper:/home/mtrn/4231/ws_moveit2/install/moveit_configs_utils:/home/mtrn/4231/ws_moveit2/install/launch_param_builder:/opt/ros/humble /home/mtrn/.local/bin/cmake --build /home/mtrn/A2_project/A2_Project/Computer_Vision/packages/build/yolov8_bringup -- -j12 -l12
[5.597s] DEBUG:colcon.colcon_core.event_handler.log_command:Invoked command in '/home/mtrn/A2_project/A2_Project/Computer_Vision/packages/build/yolov8_bringup' returned '0': AMENT_PREFIX_PATH=/home/mtrn/A2_project/A2_Project/Computer_Vision/packages/install/yolov8_ros:/home/mtrn/A2_project/A2_Project/Computer_Vision/packages/install/yolov8_bringup:/home/mtrn/A2_project/A2_Project/Computer_Vision/packages/install/pizza_pos:/home/mtrn/A2_project/A2_Project/Computer_Vision/packages/install/yolov8_msgs:/home/mtrn/A2_project/A2_Project/Computer_Vision/packages/install/image_warper:/home/mtrn/A2_project/A2_Project/src/moveit_ur/install/moveit_ur:/home/mtrn/4231/ws_moveit2/install/pilz_industrial_motion_planner_testutils:/home/mtrn/4231/ws_moveit2/install/moveit_runtime:/home/mtrn/4231/ws_moveit2/install/moveit2_tutorials:/home/mtrn/4231/ws_moveit2/install/moveit:/home/mtrn/4231/ws_moveit2/install/moveit_planners:/home/mtrn/4231/ws_moveit2/install/pilz_industrial_motion_planner:/home/mtrn/4231/ws_moveit2/install/moveit_visual_tools:/home/mtrn/4231/ws_moveit2/install/moveit_task_constructor_visualization:/home/mtrn/4231/ws_moveit2/install/moveit_task_constructor_demo:/home/mtrn/4231/ws_moveit2/install/moveit_task_constructor_capabilities:/home/mtrn/4231/ws_moveit2/install/moveit_task_constructor_core:/home/mtrn/4231/ws_moveit2/install/moveit_ros_control_interface:/home/mtrn/4231/ws_moveit2/install/moveit_plugins:/home/mtrn/4231/ws_moveit2/install/moveit_simple_controller_manager:/home/mtrn/4231/ws_moveit2/install/moveit_setup_assistant:/home/mtrn/4231/ws_moveit2/install/moveit_setup_srdf_plugins:/home/mtrn/4231/ws_moveit2/install/moveit_setup_core_plugins:/home/mtrn/4231/ws_moveit2/install/moveit_setup_controllers:/home/mtrn/4231/ws_moveit2/install/moveit_setup_app_plugins:/home/mtrn/4231/ws_moveit2/install/moveit_setup_framework:/home/mtrn/4231/ws_moveit2/install/moveit_servo:/home/mtrn/4231/ws_moveit2/install/moveit_ros:/home/mtrn/4231/ws_moveit2/install/moveit_ros_visualization:/home/mtrn/4231/ws_moveit2/install/moveit_hybrid_planning:/home/mtrn/4231/ws_moveit2/install/moveit_ros_planning_interface:/home/mtrn/4231/ws_moveit2/install/moveit_ros_benchmarks:/home/mtrn/4231/ws_moveit2/install/moveit_ros_warehouse:/home/mtrn/4231/ws_moveit2/install/moveit_ros_robot_interaction:/home/mtrn/4231/ws_moveit2/install/moveit_ros_perception:/home/mtrn/4231/ws_moveit2/install/moveit_resources_prbt_pg70_support:/home/mtrn/4231/ws_moveit2/install/moveit_resources_prbt_moveit_config:/home/mtrn/4231/ws_moveit2/install/moveit_ros_move_group:/home/mtrn/4231/ws_moveit2/install/moveit_planners_ompl:/home/mtrn/4231/ws_moveit2/install/moveit_ros_planning:/home/mtrn/4231/ws_moveit2/install/moveit_ros_occupancy_map_monitor:/home/mtrn/4231/ws_moveit2/install/moveit_resources_prbt_ikfast_manipulator_plugin:/home/mtrn/4231/ws_moveit2/install/moveit_planners_chomp:/home/mtrn/4231/ws_moveit2/install/moveit_kinematics:/home/mtrn/4231/ws_moveit2/install/moveit_chomp_optimizer_adapter:/home/mtrn/4231/ws_moveit2/install/chomp_motion_planner:/home/mtrn/4231/ws_moveit2/install/moveit_core:/home/mtrn/4231/ws_moveit2/install/moveit_configs_utils:/home/mtrn/4231/ws_moveit2/install/srdfdom:/home/mtrn/4231/ws_moveit2/install/rviz_marker_tools:/home/mtrn/4231/ws_moveit2/install/rosparam_shortcuts:/home/mtrn/4231/ws_moveit2/install/moveit_task_constructor_msgs:/home/mtrn/4231/ws_moveit2/install/moveit_resources_prbt_support:/home/mtrn/4231/ws_moveit2/install/moveit_resources:/home/mtrn/4231/ws_moveit2/install/moveit_resources_pr2_description:/home/mtrn/4231/ws_moveit2/install/moveit_resources_panda_moveit_config:/home/mtrn/4231/ws_moveit2/install/moveit_resources_panda_description:/home/mtrn/4231/ws_moveit2/install/moveit_resources_fanuc_moveit_config:/home/mtrn/4231/ws_moveit2/install/moveit_resources_fanuc_description:/home/mtrn/4231/ws_moveit2/install/moveit_common:/home/mtrn/4231/ws_moveit2/install/launch_param_builder:/home/mtrn/4231/ros_ur_driver/install/ur:/home/mtrn/4231/ros_ur_driver/install/ur_calibration:/home/mtrn/4231/ros_ur_driver/install/ur_robot_driver:/home/mtrn/4231/ros_ur_driver/install/ur_moveit_config:/home/mtrn/4231/ros_ur_driver/install/ur_bringup:/home/mtrn/4231/ros_ur_driver/install/ur_controllers:/home/mtrn/4231/ros_ur_driver/install/ur_dashboard_msgs:/opt/ros/humble CMAKE_PREFIX_PATH=${CMAKE_PREFIX_PATH}:/home/mtrn/A2_project/A2_Project/Computer_Vision/packages/install/yolov8_ros:/home/mtrn/A2_project/A2_Project/Computer_Vision/packages/install/image_warper:/home/mtrn/4231/ws_moveit2/install/moveit_configs_utils:/home/mtrn/4231/ws_moveit2/install/launch_param_builder:/opt/ros/humble /home/mtrn/.local/bin/cmake --build /home/mtrn/A2_project/A2_Project/Computer_Vision/packages/build/yolov8_bringup -- -j12 -l12
[5.714s] DEBUG:colcon.colcon_core.event_handler.log_command:Invoked command in '/home/mtrn/A2_project/A2_Project/Computer_Vision/packages/build/yolov8_msgs' returned '0': CMAKE_PREFIX_PATH=${CMAKE_PREFIX_PATH}:/home/mtrn/A2_project/A2_Project/Computer_Vision/packages/install/yolov8_ros:/home/mtrn/A2_project/A2_Project/Computer_Vision/packages/install/image_warper:/home/mtrn/4231/ws_moveit2/install/moveit_configs_utils:/home/mtrn/4231/ws_moveit2/install/launch_param_builder:/opt/ros/humble /home/mtrn/.local/bin/cmake --build /home/mtrn/A2_project/A2_Project/Computer_Vision/packages/build/yolov8_msgs -- -j12 -l12
[5.947s] DEBUG:colcon.colcon_core.event_handler.log_command:Invoking command in '/home/mtrn/A2_project/A2_Project/Computer_Vision/packages/build/yolov8_bringup': AMENT_PREFIX_PATH=/home/mtrn/A2_project/A2_Project/Computer_Vision/packages/install/yolov8_ros:/home/mtrn/A2_project/A2_Project/Computer_Vision/packages/install/yolov8_bringup:/home/mtrn/A2_project/A2_Project/Computer_Vision/packages/install/pizza_pos:/home/mtrn/A2_project/A2_Project/Computer_Vision/packages/install/yolov8_msgs:/home/mtrn/A2_project/A2_Project/Computer_Vision/packages/install/image_warper:/home/mtrn/A2_project/A2_Project/src/moveit_ur/install/moveit_ur:/home/mtrn/4231/ws_moveit2/install/pilz_industrial_motion_planner_testutils:/home/mtrn/4231/ws_moveit2/install/moveit_runtime:/home/mtrn/4231/ws_moveit2/install/moveit2_tutorials:/home/mtrn/4231/ws_moveit2/install/moveit:/home/mtrn/4231/ws_moveit2/install/moveit_planners:/home/mtrn/4231/ws_moveit2/install/pilz_industrial_motion_planner:/home/mtrn/4231/ws_moveit2/install/moveit_visual_tools:/home/mtrn/4231/ws_moveit2/install/moveit_task_constructor_visualization:/home/mtrn/4231/ws_moveit2/install/moveit_task_constructor_demo:/home/mtrn/4231/ws_moveit2/install/moveit_task_constructor_capabilities:/home/mtrn/4231/ws_moveit2/install/moveit_task_constructor_core:/home/mtrn/4231/ws_moveit2/install/moveit_ros_control_interface:/home/mtrn/4231/ws_moveit2/install/moveit_plugins:/home/mtrn/4231/ws_moveit2/install/moveit_simple_controller_manager:/home/mtrn/4231/ws_moveit2/install/moveit_setup_assistant:/home/mtrn/4231/ws_moveit2/install/moveit_setup_srdf_plugins:/home/mtrn/4231/ws_moveit2/install/moveit_setup_core_plugins:/home/mtrn/4231/ws_moveit2/install/moveit_setup_controllers:/home/mtrn/4231/ws_moveit2/install/moveit_setup_app_plugins:/home/mtrn/4231/ws_moveit2/install/moveit_setup_framework:/home/mtrn/4231/ws_moveit2/install/moveit_servo:/home/mtrn/4231/ws_moveit2/install/moveit_ros:/home/mtrn/4231/ws_moveit2/install/moveit_ros_visualization:/home/mtrn/4231/ws_moveit2/install/moveit_hybrid_planning:/home/mtrn/4231/ws_moveit2/install/moveit_ros_planning_interface:/home/mtrn/4231/ws_moveit2/install/moveit_ros_benchmarks:/home/mtrn/4231/ws_moveit2/install/moveit_ros_warehouse:/home/mtrn/4231/ws_moveit2/install/moveit_ros_robot_interaction:/home/mtrn/4231/ws_moveit2/install/moveit_ros_perception:/home/mtrn/4231/ws_moveit2/install/moveit_resources_prbt_pg70_support:/home/mtrn/4231/ws_moveit2/install/moveit_resources_prbt_moveit_config:/home/mtrn/4231/ws_moveit2/install/moveit_ros_move_group:/home/mtrn/4231/ws_moveit2/install/moveit_planners_ompl:/home/mtrn/4231/ws_moveit2/install/moveit_ros_planning:/home/mtrn/4231/ws_moveit2/install/moveit_ros_occupancy_map_monitor:/home/mtrn/4231/ws_moveit2/install/moveit_resources_prbt_ikfast_manipulator_plugin:/home/mtrn/4231/ws_moveit2/install/moveit_planners_chomp:/home/mtrn/4231/ws_moveit2/install/moveit_kinematics:/home/mtrn/4231/ws_moveit2/install/moveit_chomp_optimizer_adapter:/home/mtrn/4231/ws_moveit2/install/chomp_motion_planner:/home/mtrn/4231/ws_moveit2/install/moveit_core:/home/mtrn/4231/ws_moveit2/install/moveit_configs_utils:/home/mtrn/4231/ws_moveit2/install/srdfdom:/home/mtrn/4231/ws_moveit2/install/rviz_marker_tools:/home/mtrn/4231/ws_moveit2/install/rosparam_shortcuts:/home/mtrn/4231/ws_moveit2/install/moveit_task_constructor_msgs:/home/mtrn/4231/ws_moveit2/install/moveit_resources_prbt_support:/home/mtrn/4231/ws_moveit2/install/moveit_resources:/home/mtrn/4231/ws_moveit2/install/moveit_resources_pr2_description:/home/mtrn/4231/ws_moveit2/install/moveit_resources_panda_moveit_config:/home/mtrn/4231/ws_moveit2/install/moveit_resources_panda_description:/home/mtrn/4231/ws_moveit2/install/moveit_resources_fanuc_moveit_config:/home/mtrn/4231/ws_moveit2/install/moveit_resources_fanuc_description:/home/mtrn/4231/ws_moveit2/install/moveit_common:/home/mtrn/4231/ws_moveit2/install/launch_param_builder:/home/mtrn/4231/ros_ur_driver/install/ur:/home/mtrn/4231/ros_ur_driver/install/ur_calibration:/home/mtrn/4231/ros_ur_driver/install/ur_robot_driver:/home/mtrn/4231/ros_ur_driver/install/ur_moveit_config:/home/mtrn/4231/ros_ur_driver/install/ur_bringup:/home/mtrn/4231/ros_ur_driver/install/ur_controllers:/home/mtrn/4231/ros_ur_driver/install/ur_dashboard_msgs:/opt/ros/humble CMAKE_PREFIX_PATH=${CMAKE_PREFIX_PATH}:/home/mtrn/A2_project/A2_Project/Computer_Vision/packages/install/yolov8_ros:/home/mtrn/A2_project/A2_Project/Computer_Vision/packages/install/image_warper:/home/mtrn/4231/ws_moveit2/install/moveit_configs_utils:/home/mtrn/4231/ws_moveit2/install/launch_param_builder:/opt/ros/humble /home/mtrn/.local/bin/cmake --install /home/mtrn/A2_project/A2_Project/Computer_Vision/packages/build/yolov8_bringup
[6.054s] Level 1:colcon.colcon_core.environment:create_environment_scripts_only(yolov8_bringup)
[6.057s] Level 1:colcon.colcon_core.environment:checking '/home/mtrn/A2_project/A2_Project/Computer_Vision/packages/install/yolov8_bringup' for CMake module files
[6.058s] Level 1:colcon.colcon_core.environment:checking '/home/mtrn/A2_project/A2_Project/Computer_Vision/packages/install/yolov8_bringup' for CMake config files
[6.059s] Level 1:colcon.colcon_core.shell:create_environment_hook('yolov8_bringup', 'cmake_prefix_path')
[6.060s] INFO:colcon.colcon_core.shell:Creating environment hook '/home/mtrn/A2_project/A2_Project/Computer_Vision/packages/install/yolov8_bringup/share/yolov8_bringup/hook/cmake_prefix_path.ps1'
[6.061s] INFO:colcon.colcon_core.shell:Creating environment descriptor '/home/mtrn/A2_project/A2_Project/Computer_Vision/packages/install/yolov8_bringup/share/yolov8_bringup/hook/cmake_prefix_path.dsv'
[6.062s] INFO:colcon.colcon_core.shell:Creating environment hook '/home/mtrn/A2_project/A2_Project/Computer_Vision/packages/install/yolov8_bringup/share/yolov8_bringup/hook/cmake_prefix_path.sh'
[6.064s] DEBUG:colcon.colcon_core.event_handler.log_command:Invoked command in '/home/mtrn/A2_project/A2_Project/Computer_Vision/packages/build/yolov8_bringup' returned '0': AMENT_PREFIX_PATH=/home/mtrn/A2_project/A2_Project/Computer_Vision/packages/install/yolov8_ros:/home/mtrn/A2_project/A2_Project/Computer_Vision/packages/install/yolov8_bringup:/home/mtrn/A2_project/A2_Project/Computer_Vision/packages/install/pizza_pos:/home/mtrn/A2_project/A2_Project/Computer_Vision/packages/install/yolov8_msgs:/home/mtrn/A2_project/A2_Project/Computer_Vision/packages/install/image_warper:/home/mtrn/A2_project/A2_Project/src/moveit_ur/install/moveit_ur:/home/mtrn/4231/ws_moveit2/install/pilz_industrial_motion_planner_testutils:/home/mtrn/4231/ws_moveit2/install/moveit_runtime:/home/mtrn/4231/ws_moveit2/install/moveit2_tutorials:/home/mtrn/4231/ws_moveit2/install/moveit:/home/mtrn/4231/ws_moveit2/install/moveit_planners:/home/mtrn/4231/ws_moveit2/install/pilz_industrial_motion_planner:/home/mtrn/4231/ws_moveit2/install/moveit_visual_tools:/home/mtrn/4231/ws_moveit2/install/moveit_task_constructor_visualization:/home/mtrn/4231/ws_moveit2/install/moveit_task_constructor_demo:/home/mtrn/4231/ws_moveit2/install/moveit_task_constructor_capabilities:/home/mtrn/4231/ws_moveit2/install/moveit_task_constructor_core:/home/mtrn/4231/ws_moveit2/install/moveit_ros_control_interface:/home/mtrn/4231/ws_moveit2/install/moveit_plugins:/home/mtrn/4231/ws_moveit2/install/moveit_simple_controller_manager:/home/mtrn/4231/ws_moveit2/install/moveit_setup_assistant:/home/mtrn/4231/ws_moveit2/install/moveit_setup_srdf_plugins:/home/mtrn/4231/ws_moveit2/install/moveit_setup_core_plugins:/home/mtrn/4231/ws_moveit2/install/moveit_setup_controllers:/home/mtrn/4231/ws_moveit2/install/moveit_setup_app_plugins:/home/mtrn/4231/ws_moveit2/install/moveit_setup_framework:/home/mtrn/4231/ws_moveit2/install/moveit_servo:/home/mtrn/4231/ws_moveit2/install/moveit_ros:/home/mtrn/4231/ws_moveit2/install/moveit_ros_visualization:/home/mtrn/4231/ws_moveit2/install/moveit_hybrid_planning:/home/mtrn/4231/ws_moveit2/install/moveit_ros_planning_interface:/home/mtrn/4231/ws_moveit2/install/moveit_ros_benchmarks:/home/mtrn/4231/ws_moveit2/install/moveit_ros_warehouse:/home/mtrn/4231/ws_moveit2/install/moveit_ros_robot_interaction:/home/mtrn/4231/ws_moveit2/install/moveit_ros_perception:/home/mtrn/4231/ws_moveit2/install/moveit_resources_prbt_pg70_support:/home/mtrn/4231/ws_moveit2/install/moveit_resources_prbt_moveit_config:/home/mtrn/4231/ws_moveit2/install/moveit_ros_move_group:/home/mtrn/4231/ws_moveit2/install/moveit_planners_ompl:/home/mtrn/4231/ws_moveit2/install/moveit_ros_planning:/home/mtrn/4231/ws_moveit2/install/moveit_ros_occupancy_map_monitor:/home/mtrn/4231/ws_moveit2/install/moveit_resources_prbt_ikfast_manipulator_plugin:/home/mtrn/4231/ws_moveit2/install/moveit_planners_chomp:/home/mtrn/4231/ws_moveit2/install/moveit_kinematics:/home/mtrn/4231/ws_moveit2/install/moveit_chomp_optimizer_adapter:/home/mtrn/4231/ws_moveit2/install/chomp_motion_planner:/home/mtrn/4231/ws_moveit2/install/moveit_core:/home/mtrn/4231/ws_moveit2/install/moveit_configs_utils:/home/mtrn/4231/ws_moveit2/install/srdfdom:/home/mtrn/4231/ws_moveit2/install/rviz_marker_tools:/home/mtrn/4231/ws_moveit2/install/rosparam_shortcuts:/home/mtrn/4231/ws_moveit2/install/moveit_task_constructor_msgs:/home/mtrn/4231/ws_moveit2/install/moveit_resources_prbt_support:/home/mtrn/4231/ws_moveit2/install/moveit_resources:/home/mtrn/4231/ws_moveit2/install/moveit_resources_pr2_description:/home/mtrn/4231/ws_moveit2/install/moveit_resources_panda_moveit_config:/home/mtrn/4231/ws_moveit2/install/moveit_resources_panda_description:/home/mtrn/4231/ws_moveit2/install/moveit_resources_fanuc_moveit_config:/home/mtrn/4231/ws_moveit2/install/moveit_resources_fanuc_description:/home/mtrn/4231/ws_moveit2/install/moveit_common:/home/mtrn/4231/ws_moveit2/install/launch_param_builder:/home/mtrn/4231/ros_ur_driver/install/ur:/home/mtrn/4231/ros_ur_driver/install/ur_calibration:/home/mtrn/4231/ros_ur_driver/install/ur_robot_driver:/home/mtrn/4231/ros_ur_driver/install/ur_moveit_config:/home/mtrn/4231/ros_ur_driver/install/ur_bringup:/home/mtrn/4231/ros_ur_driver/install/ur_controllers:/home/mtrn/4231/ros_ur_driver/install/ur_dashboard_msgs:/opt/ros/humble CMAKE_PREFIX_PATH=${CMAKE_PREFIX_PATH}:/home/mtrn/A2_project/A2_Project/Computer_Vision/packages/install/yolov8_ros:/home/mtrn/A2_project/A2_Project/Computer_Vision/packages/install/image_warper:/home/mtrn/4231/ws_moveit2/install/moveit_configs_utils:/home/mtrn/4231/ws_moveit2/install/launch_param_builder:/opt/ros/humble /home/mtrn/.local/bin/cmake --install /home/mtrn/A2_project/A2_Project/Computer_Vision/packages/build/yolov8_bringup
[6.069s] Level 1:colcon.colcon_core.environment:checking '/home/mtrn/A2_project/A2_Project/Computer_Vision/packages/install/yolov8_bringup/bin'
[6.071s] Level 1:colcon.colcon_core.environment:checking '/home/mtrn/A2_project/A2_Project/Computer_Vision/packages/install/yolov8_bringup/lib/pkgconfig/yolov8_bringup.pc'
[6.073s] Level 1:colcon.colcon_core.environment:checking '/home/mtrn/A2_project/A2_Project/Computer_Vision/packages/install/yolov8_bringup/lib/python3.10/site-packages'
[6.075s] Level 1:colcon.colcon_core.environment:checking '/home/mtrn/A2_project/A2_Project/Computer_Vision/packages/install/yolov8_bringup/bin'
[6.092s] INFO:colcon.colcon_core.shell:Creating package script '/home/mtrn/A2_project/A2_Project/Computer_Vision/packages/install/yolov8_bringup/share/yolov8_bringup/package.ps1'
[6.104s] INFO:colcon.colcon_core.shell:Creating package descriptor '/home/mtrn/A2_project/A2_Project/Computer_Vision/packages/install/yolov8_bringup/share/yolov8_bringup/package.dsv'
[6.105s] INFO:colcon.colcon_core.shell:Creating package script '/home/mtrn/A2_project/A2_Project/Computer_Vision/packages/install/yolov8_bringup/share/yolov8_bringup/package.sh'
[6.106s] INFO:colcon.colcon_core.shell:Creating package script '/home/mtrn/A2_project/A2_Project/Computer_Vision/packages/install/yolov8_bringup/share/yolov8_bringup/package.bash'
[6.106s] INFO:colcon.colcon_core.shell:Creating package script '/home/mtrn/A2_project/A2_Project/Computer_Vision/packages/install/yolov8_bringup/share/yolov8_bringup/package.zsh'
[6.107s] Level 1:colcon.colcon_core.environment:create_file_with_runtime_dependencies(/home/mtrn/A2_project/A2_Project/Computer_Vision/packages/install/yolov8_bringup/share/colcon-core/packages/yolov8_bringup)
[6.277s] Level 1:colcon.colcon_core.environment:create_environment_scripts_only(yolov8_bringup)
[6.284s] Level 1:colcon.colcon_core.environment:checking '/home/mtrn/A2_project/A2_Project/Computer_Vision/packages/install/yolov8_bringup' for CMake module files
[6.285s] Level 1:colcon.colcon_core.environment:checking '/home/mtrn/A2_project/A2_Project/Computer_Vision/packages/install/yolov8_bringup' for CMake config files
[6.286s] Level 1:colcon.colcon_core.shell:create_environment_hook('yolov8_bringup', 'cmake_prefix_path')
[6.295s] INFO:colcon.colcon_core.shell:Creating environment hook '/home/mtrn/A2_project/A2_Project/Computer_Vision/packages/install/yolov8_bringup/share/yolov8_bringup/hook/cmake_prefix_path.ps1'
[6.298s] INFO:colcon.colcon_core.shell:Creating environment descriptor '/home/mtrn/A2_project/A2_Project/Computer_Vision/packages/install/yolov8_bringup/share/yolov8_bringup/hook/cmake_prefix_path.dsv'
[6.299s] INFO:colcon.colcon_core.shell:Creating environment hook '/home/mtrn/A2_project/A2_Project/Computer_Vision/packages/install/yolov8_bringup/share/yolov8_bringup/hook/cmake_prefix_path.sh'
[6.301s] Level 1:colcon.colcon_core.environment:checking '/home/mtrn/A2_project/A2_Project/Computer_Vision/packages/install/yolov8_bringup/bin'
[6.302s] Level 1:colcon.colcon_core.environment:checking '/home/mtrn/A2_project/A2_Project/Computer_Vision/packages/install/yolov8_bringup/lib/pkgconfig/yolov8_bringup.pc'
[6.313s] Level 1:colcon.colcon_core.environment:checking '/home/mtrn/A2_project/A2_Project/Computer_Vision/packages/install/yolov8_bringup/lib/python3.10/site-packages'
[6.314s] Level 1:colcon.colcon_core.environment:checking '/home/mtrn/A2_project/A2_Project/Computer_Vision/packages/install/yolov8_bringup/bin'
[6.323s] INFO:colcon.colcon_core.shell:Creating package script '/home/mtrn/A2_project/A2_Project/Computer_Vision/packages/install/yolov8_bringup/share/yolov8_bringup/package.ps1'
[6.325s] INFO:colcon.colcon_core.shell:Creating package descriptor '/home/mtrn/A2_project/A2_Project/Computer_Vision/packages/install/yolov8_bringup/share/yolov8_bringup/package.dsv'
[6.328s] INFO:colcon.colcon_core.shell:Creating package script '/home/mtrn/A2_project/A2_Project/Computer_Vision/packages/install/yolov8_bringup/share/yolov8_bringup/package.sh'
[6.343s] INFO:colcon.colcon_core.shell:Creating package script '/home/mtrn/A2_project/A2_Project/Computer_Vision/packages/install/yolov8_bringup/share/yolov8_bringup/package.bash'
[6.345s] INFO:colcon.colcon_core.shell:Creating package script '/home/mtrn/A2_project/A2_Project/Computer_Vision/packages/install/yolov8_bringup/share/yolov8_bringup/package.zsh'
[6.347s] Level 1:colcon.colcon_core.environment:create_file_with_runtime_dependencies(/home/mtrn/A2_project/A2_Project/Computer_Vision/packages/install/yolov8_bringup/share/colcon-core/packages/yolov8_bringup)
[8.686s] DEBUG:colcon.colcon_core.event_handler.log_command:Invoking command in '/home/mtrn/A2_project/A2_Project/Computer_Vision/packages/build/yolov8_msgs': CMAKE_PREFIX_PATH=${CMAKE_PREFIX_PATH}:/home/mtrn/A2_project/A2_Project/Computer_Vision/packages/install/yolov8_ros:/home/mtrn/A2_project/A2_Project/Computer_Vision/packages/install/image_warper:/home/mtrn/4231/ws_moveit2/install/moveit_configs_utils:/home/mtrn/4231/ws_moveit2/install/launch_param_builder:/opt/ros/humble /home/mtrn/.local/bin/cmake --install /home/mtrn/A2_project/A2_Project/Computer_Vision/packages/build/yolov8_msgs
[9.055s] Level 1:colcon.colcon_core.environment:create_environment_scripts_only(yolov8_msgs)
[9.059s] Level 1:colcon.colcon_core.environment:checking '/home/mtrn/A2_project/A2_Project/Computer_Vision/packages/install/yolov8_msgs' for CMake module files
[9.060s] DEBUG:colcon.colcon_core.event_handler.log_command:Invoked command in '/home/mtrn/A2_project/A2_Project/Computer_Vision/packages/build/yolov8_msgs' returned '0': CMAKE_PREFIX_PATH=${CMAKE_PREFIX_PATH}:/home/mtrn/A2_project/A2_Project/Computer_Vision/packages/install/yolov8_ros:/home/mtrn/A2_project/A2_Project/Computer_Vision/packages/install/image_warper:/home/mtrn/4231/ws_moveit2/install/moveit_configs_utils:/home/mtrn/4231/ws_moveit2/install/launch_param_builder:/opt/ros/humble /home/mtrn/.local/bin/cmake --install /home/mtrn/A2_project/A2_Project/Computer_Vision/packages/build/yolov8_msgs
[9.061s] Level 1:colcon.colcon_core.environment:checking '/home/mtrn/A2_project/A2_Project/Computer_Vision/packages/install/yolov8_msgs' for CMake config files
[9.061s] Level 1:colcon.colcon_core.shell:create_environment_hook('yolov8_msgs', 'cmake_prefix_path')
[9.063s] INFO:colcon.colcon_core.shell:Creating environment hook '/home/mtrn/A2_project/A2_Project/Computer_Vision/packages/install/yolov8_msgs/share/yolov8_msgs/hook/cmake_prefix_path.ps1'
[9.064s] INFO:colcon.colcon_core.shell:Creating environment descriptor '/home/mtrn/A2_project/A2_Project/Computer_Vision/packages/install/yolov8_msgs/share/yolov8_msgs/hook/cmake_prefix_path.dsv'
[9.065s] INFO:colcon.colcon_core.shell:Creating environment hook '/home/mtrn/A2_project/A2_Project/Computer_Vision/packages/install/yolov8_msgs/share/yolov8_msgs/hook/cmake_prefix_path.sh'
[9.066s] Level 1:colcon.colcon_core.environment:checking '/home/mtrn/A2_project/A2_Project/Computer_Vision/packages/install/yolov8_msgs/lib'
[9.066s] Level 1:colcon.colcon_core.shell:create_environment_hook('yolov8_msgs', 'ld_library_path_lib')
[9.068s] INFO:colcon.colcon_core.shell:Creating environment hook '/home/mtrn/A2_project/A2_Project/Computer_Vision/packages/install/yolov8_msgs/share/yolov8_msgs/hook/ld_library_path_lib.ps1'
[9.069s] INFO:colcon.colcon_core.shell:Creating environment descriptor '/home/mtrn/A2_project/A2_Project/Computer_Vision/packages/install/yolov8_msgs/share/yolov8_msgs/hook/ld_library_path_lib.dsv'
[9.069s] INFO:colcon.colcon_core.shell:Creating environment hook '/home/mtrn/A2_project/A2_Project/Computer_Vision/packages/install/yolov8_msgs/share/yolov8_msgs/hook/ld_library_path_lib.sh'
[9.069s] Level 1:colcon.colcon_core.environment:checking '/home/mtrn/A2_project/A2_Project/Computer_Vision/packages/install/yolov8_msgs/bin'
[9.070s] Level 1:colcon.colcon_core.environment:checking '/home/mtrn/A2_project/A2_Project/Computer_Vision/packages/install/yolov8_msgs/lib/pkgconfig/yolov8_msgs.pc'
[9.070s] Level 1:colcon.colcon_core.environment:checking '/home/mtrn/A2_project/A2_Project/Computer_Vision/packages/install/yolov8_msgs/lib/python3.10/site-packages'
[9.070s] Level 1:colcon.colcon_core.environment:checking '/home/mtrn/A2_project/A2_Project/Computer_Vision/packages/install/yolov8_msgs/bin'
[9.073s] INFO:colcon.colcon_core.shell:Creating package script '/home/mtrn/A2_project/A2_Project/Computer_Vision/packages/install/yolov8_msgs/share/yolov8_msgs/package.ps1'
[9.074s] INFO:colcon.colcon_core.shell:Creating package descriptor '/home/mtrn/A2_project/A2_Project/Computer_Vision/packages/install/yolov8_msgs/share/yolov8_msgs/package.dsv'
[9.075s] INFO:colcon.colcon_core.shell:Creating package script '/home/mtrn/A2_project/A2_Project/Computer_Vision/packages/install/yolov8_msgs/share/yolov8_msgs/package.sh'
[9.075s] INFO:colcon.colcon_core.shell:Creating package script '/home/mtrn/A2_project/A2_Project/Computer_Vision/packages/install/yolov8_msgs/share/yolov8_msgs/package.bash'
[9.076s] INFO:colcon.colcon_core.shell:Creating package script '/home/mtrn/A2_project/A2_Project/Computer_Vision/packages/install/yolov8_msgs/share/yolov8_msgs/package.zsh'
[9.076s] Level 1:colcon.colcon_core.environment:create_file_with_runtime_dependencies(/home/mtrn/A2_project/A2_Project/Computer_Vision/packages/install/yolov8_msgs/share/colcon-core/packages/yolov8_msgs)
[11.943s] Level 1:colcon.colcon_core.environment:create_environment_scripts_only(yolov8_msgs)
[11.946s] Level 1:colcon.colcon_core.environment:checking '/home/mtrn/A2_project/A2_Project/Computer_Vision/packages/install/yolov8_msgs' for CMake module files
[11.947s] Level 1:colcon.colcon_core.environment:checking '/home/mtrn/A2_project/A2_Project/Computer_Vision/packages/install/yolov8_msgs' for CMake config files
[11.948s] Level 1:colcon.colcon_core.shell:create_environment_hook('yolov8_msgs', 'cmake_prefix_path')
[11.950s] INFO:colcon.colcon_core.shell:Creating environment hook '/home/mtrn/A2_project/A2_Project/Computer_Vision/packages/install/yolov8_msgs/share/yolov8_msgs/hook/cmake_prefix_path.ps1'
[11.952s] INFO:colcon.colcon_core.shell:Creating environment descriptor '/home/mtrn/A2_project/A2_Project/Computer_Vision/packages/install/yolov8_msgs/share/yolov8_msgs/hook/cmake_prefix_path.dsv'
[11.952s] INFO:colcon.colcon_core.shell:Creating environment hook '/home/mtrn/A2_project/A2_Project/Computer_Vision/packages/install/yolov8_msgs/share/yolov8_msgs/hook/cmake_prefix_path.sh'
[11.953s] Level 1:colcon.colcon_core.environment:checking '/home/mtrn/A2_project/A2_Project/Computer_Vision/packages/install/yolov8_msgs/lib'
[11.954s] Level 1:colcon.colcon_core.shell:create_environment_hook('yolov8_msgs', 'ld_library_path_lib')
[11.957s] INFO:colcon.colcon_core.shell:Creating environment hook '/home/mtrn/A2_project/A2_Project/Computer_Vision/packages/install/yolov8_msgs/share/yolov8_msgs/hook/ld_library_path_lib.ps1'
[11.958s] INFO:colcon.colcon_core.shell:Creating environment descriptor '/home/mtrn/A2_project/A2_Project/Computer_Vision/packages/install/yolov8_msgs/share/yolov8_msgs/hook/ld_library_path_lib.dsv'
[11.960s] INFO:colcon.colcon_core.shell:Creating environment hook '/home/mtrn/A2_project/A2_Project/Computer_Vision/packages/install/yolov8_msgs/share/yolov8_msgs/hook/ld_library_path_lib.sh'
[11.961s] Level 1:colcon.colcon_core.environment:checking '/home/mtrn/A2_project/A2_Project/Computer_Vision/packages/install/yolov8_msgs/bin'
[11.962s] Level 1:colcon.colcon_core.environment:checking '/home/mtrn/A2_project/A2_Project/Computer_Vision/packages/install/yolov8_msgs/lib/pkgconfig/yolov8_msgs.pc'
[11.963s] Level 1:colcon.colcon_core.environment:checking '/home/mtrn/A2_project/A2_Project/Computer_Vision/packages/install/yolov8_msgs/lib/python3.10/site-packages'
[11.963s] Level 1:colcon.colcon_core.environment:checking '/home/mtrn/A2_project/A2_Project/Computer_Vision/packages/install/yolov8_msgs/bin'
[11.966s] INFO:colcon.colcon_core.shell:Creating package script '/home/mtrn/A2_project/A2_Project/Computer_Vision/packages/install/yolov8_msgs/share/yolov8_msgs/package.ps1'
[11.968s] INFO:colcon.colcon_core.shell:Creating package descriptor '/home/mtrn/A2_project/A2_Project/Computer_Vision/packages/install/yolov8_msgs/share/yolov8_msgs/package.dsv'
[11.969s] INFO:colcon.colcon_core.shell:Creating package script '/home/mtrn/A2_project/A2_Project/Computer_Vision/packages/install/yolov8_msgs/share/yolov8_msgs/package.sh'
[11.970s] INFO:colcon.colcon_core.shell:Creating package script '/home/mtrn/A2_project/A2_Project/Computer_Vision/packages/install/yolov8_msgs/share/yolov8_msgs/package.bash'
[11.971s] INFO:colcon.colcon_core.shell:Creating package script '/home/mtrn/A2_project/A2_Project/Computer_Vision/packages/install/yolov8_msgs/share/yolov8_msgs/package.zsh'
[11.972s] Level 1:colcon.colcon_core.environment:create_file_with_runtime_dependencies(/home/mtrn/A2_project/A2_Project/Computer_Vision/packages/install/yolov8_msgs/share/colcon-core/packages/yolov8_msgs)
[22.064s] DEBUG:colcon.colcon_core.event_handler.log_command:Invoked command in '/home/mtrn/A2_project/A2_Project/Computer_Vision/packages/build/pizza_pos' returned '2': AMENT_PREFIX_PATH=/home/mtrn/A2_project/A2_Project/Computer_Vision/packages/install/yolov8_ros:/home/mtrn/A2_project/A2_Project/Computer_Vision/packages/install/yolov8_bringup:/home/mtrn/A2_project/A2_Project/Computer_Vision/packages/install/pizza_pos:/home/mtrn/A2_project/A2_Project/Computer_Vision/packages/install/yolov8_msgs:/home/mtrn/A2_project/A2_Project/Computer_Vision/packages/install/image_warper:/home/mtrn/A2_project/A2_Project/src/moveit_ur/install/moveit_ur:/home/mtrn/4231/ws_moveit2/install/pilz_industrial_motion_planner_testutils:/home/mtrn/4231/ws_moveit2/install/moveit_runtime:/home/mtrn/4231/ws_moveit2/install/moveit2_tutorials:/home/mtrn/4231/ws_moveit2/install/moveit:/home/mtrn/4231/ws_moveit2/install/moveit_planners:/home/mtrn/4231/ws_moveit2/install/pilz_industrial_motion_planner:/home/mtrn/4231/ws_moveit2/install/moveit_visual_tools:/home/mtrn/4231/ws_moveit2/install/moveit_task_constructor_visualization:/home/mtrn/4231/ws_moveit2/install/moveit_task_constructor_demo:/home/mtrn/4231/ws_moveit2/install/moveit_task_constructor_capabilities:/home/mtrn/4231/ws_moveit2/install/moveit_task_constructor_core:/home/mtrn/4231/ws_moveit2/install/moveit_ros_control_interface:/home/mtrn/4231/ws_moveit2/install/moveit_plugins:/home/mtrn/4231/ws_moveit2/install/moveit_simple_controller_manager:/home/mtrn/4231/ws_moveit2/install/moveit_setup_assistant:/home/mtrn/4231/ws_moveit2/install/moveit_setup_srdf_plugins:/home/mtrn/4231/ws_moveit2/install/moveit_setup_core_plugins:/home/mtrn/4231/ws_moveit2/install/moveit_setup_controllers:/home/mtrn/4231/ws_moveit2/install/moveit_setup_app_plugins:/home/mtrn/4231/ws_moveit2/install/moveit_setup_framework:/home/mtrn/4231/ws_moveit2/install/moveit_servo:/home/mtrn/4231/ws_moveit2/install/moveit_ros:/home/mtrn/4231/ws_moveit2/install/moveit_ros_visualization:/home/mtrn/4231/ws_moveit2/install/moveit_hybrid_planning:/home/mtrn/4231/ws_moveit2/install/moveit_ros_planning_interface:/home/mtrn/4231/ws_moveit2/install/moveit_ros_benchmarks:/home/mtrn/4231/ws_moveit2/install/moveit_ros_warehouse:/home/mtrn/4231/ws_moveit2/install/moveit_ros_robot_interaction:/home/mtrn/4231/ws_moveit2/install/moveit_ros_perception:/home/mtrn/4231/ws_moveit2/install/moveit_resources_prbt_pg70_support:/home/mtrn/4231/ws_moveit2/install/moveit_resources_prbt_moveit_config:/home/mtrn/4231/ws_moveit2/install/moveit_ros_move_group:/home/mtrn/4231/ws_moveit2/install/moveit_planners_ompl:/home/mtrn/4231/ws_moveit2/install/moveit_ros_planning:/home/mtrn/4231/ws_moveit2/install/moveit_ros_occupancy_map_monitor:/home/mtrn/4231/ws_moveit2/install/moveit_resources_prbt_ikfast_manipulator_plugin:/home/mtrn/4231/ws_moveit2/install/moveit_planners_chomp:/home/mtrn/4231/ws_moveit2/install/moveit_kinematics:/home/mtrn/4231/ws_moveit2/install/moveit_chomp_optimizer_adapter:/home/mtrn/4231/ws_moveit2/install/chomp_motion_planner:/home/mtrn/4231/ws_moveit2/install/moveit_core:/home/mtrn/4231/ws_moveit2/install/moveit_configs_utils:/home/mtrn/4231/ws_moveit2/install/srdfdom:/home/mtrn/4231/ws_moveit2/install/rviz_marker_tools:/home/mtrn/4231/ws_moveit2/install/rosparam_shortcuts:/home/mtrn/4231/ws_moveit2/install/moveit_task_constructor_msgs:/home/mtrn/4231/ws_moveit2/install/moveit_resources_prbt_support:/home/mtrn/4231/ws_moveit2/install/moveit_resources:/home/mtrn/4231/ws_moveit2/install/moveit_resources_pr2_description:/home/mtrn/4231/ws_moveit2/install/moveit_resources_panda_moveit_config:/home/mtrn/4231/ws_moveit2/install/moveit_resources_panda_description:/home/mtrn/4231/ws_moveit2/install/moveit_resources_fanuc_moveit_config:/home/mtrn/4231/ws_moveit2/install/moveit_resources_fanuc_description:/home/mtrn/4231/ws_moveit2/install/moveit_common:/home/mtrn/4231/ws_moveit2/install/launch_param_builder:/home/mtrn/4231/ros_ur_driver/install/ur:/home/mtrn/4231/ros_ur_driver/install/ur_calibration:/home/mtrn/4231/ros_ur_driver/install/ur_robot_driver:/home/mtrn/4231/ros_ur_driver/install/ur_moveit_config:/home/mtrn/4231/ros_ur_driver/install/ur_bringup:/home/mtrn/4231/ros_ur_driver/install/ur_controllers:/home/mtrn/4231/ros_ur_driver/install/ur_dashboard_msgs:/opt/ros/humble CMAKE_PREFIX_PATH=${CMAKE_PREFIX_PATH}:/home/mtrn/A2_project/A2_Project/Computer_Vision/packages/install/yolov8_ros:/home/mtrn/A2_project/A2_Project/Computer_Vision/packages/install/image_warper:/home/mtrn/4231/ws_moveit2/install/moveit_configs_utils:/home/mtrn/4231/ws_moveit2/install/launch_param_builder:/opt/ros/humble /home/mtrn/.local/bin/cmake --build /home/mtrn/A2_project/A2_Project/Computer_Vision/packages/build/pizza_pos -- -j12 -l12
[22.327s] Level 1:colcon.colcon_core.environment:create_environment_scripts_only(pizza_pos)
[22.333s] Level 1:colcon.colcon_core.environment:checking '/home/mtrn/A2_project/A2_Project/Computer_Vision/packages/install/pizza_pos' for CMake module files
[22.334s] Level 1:colcon.colcon_core.environment:checking '/home/mtrn/A2_project/A2_Project/Computer_Vision/packages/install/pizza_pos' for CMake config files
[22.335s] Level 1:colcon.colcon_core.shell:create_environment_hook('pizza_pos', 'cmake_prefix_path')
[22.343s] INFO:colcon.colcon_core.shell:Creating environment hook '/home/mtrn/A2_project/A2_Project/Computer_Vision/packages/install/pizza_pos/share/pizza_pos/hook/cmake_prefix_path.ps1'
[22.345s] INFO:colcon.colcon_core.shell:Creating environment descriptor '/home/mtrn/A2_project/A2_Project/Computer_Vision/packages/install/pizza_pos/share/pizza_pos/hook/cmake_prefix_path.dsv'
[22.352s] INFO:colcon.colcon_core.shell:Creating environment hook '/home/mtrn/A2_project/A2_Project/Computer_Vision/packages/install/pizza_pos/share/pizza_pos/hook/cmake_prefix_path.sh'
[22.355s] Level 1:colcon.colcon_core.environment:checking '/home/mtrn/A2_project/A2_Project/Computer_Vision/packages/install/pizza_pos/lib'
[22.355s] Level 1:colcon.colcon_core.environment:checking '/home/mtrn/A2_project/A2_Project/Computer_Vision/packages/install/pizza_pos/bin'
[22.355s] Level 1:colcon.colcon_core.environment:checking '/home/mtrn/A2_project/A2_Project/Computer_Vision/packages/install/pizza_pos/lib/pkgconfig/pizza_pos.pc'
[22.356s] Level 1:colcon.colcon_core.environment:checking '/home/mtrn/A2_project/A2_Project/Computer_Vision/packages/install/pizza_pos/lib/python3.10/site-packages'
[22.356s] Level 1:colcon.colcon_core.environment:checking '/home/mtrn/A2_project/A2_Project/Computer_Vision/packages/install/pizza_pos/bin'
[22.362s] INFO:colcon.colcon_core.shell:Creating package script '/home/mtrn/A2_project/A2_Project/Computer_Vision/packages/install/pizza_pos/share/pizza_pos/package.ps1'
[22.370s] INFO:colcon.colcon_core.shell:Creating package descriptor '/home/mtrn/A2_project/A2_Project/Computer_Vision/packages/install/pizza_pos/share/pizza_pos/package.dsv'
[22.371s] INFO:colcon.colcon_core.shell:Creating package script '/home/mtrn/A2_project/A2_Project/Computer_Vision/packages/install/pizza_pos/share/pizza_pos/package.sh'
[22.372s] INFO:colcon.colcon_core.shell:Creating package script '/home/mtrn/A2_project/A2_Project/Computer_Vision/packages/install/pizza_pos/share/pizza_pos/package.bash'
[22.373s] INFO:colcon.colcon_core.shell:Creating package script '/home/mtrn/A2_project/A2_Project/Computer_Vision/packages/install/pizza_pos/share/pizza_pos/package.zsh'
[22.374s] Level 1:colcon.colcon_core.environment:create_file_with_runtime_dependencies(/home/mtrn/A2_project/A2_Project/Computer_Vision/packages/install/pizza_pos/share/colcon-core/packages/pizza_pos)
[22.375s] DEBUG:colcon.colcon_parallel_executor.executor.parallel:closing loop
[22.378s] DEBUG:colcon.colcon_parallel_executor.executor.parallel:loop closed
[22.379s] DEBUG:colcon.colcon_parallel_executor.executor.parallel:run_until_complete finished with '2'
[22.380s] DEBUG:colcon.colcon_core.event_reactor:joining thread
[22.391s] INFO:colcon.colcon_core.plugin_system:Skipping extension 'colcon_notification.desktop_notification.terminal_notifier': Not used on non-Darwin systems
[22.391s] INFO:colcon.colcon_core.plugin_system:Skipping extension 'colcon_notification.desktop_notification.win32': Not used on non-Windows systems
[22.391s] INFO:colcon.colcon_notification.desktop_notification:Sending desktop notification using 'notify2'
[22.422s] DEBUG:colcon.colcon_core.event_reactor:joined thread
[22.425s] INFO:colcon.colcon_core.shell:Creating prefix script '/home/mtrn/A2_project/A2_Project/Computer_Vision/packages/install/local_setup.ps1'
[22.428s] INFO:colcon.colcon_core.shell:Creating prefix util module '/home/mtrn/A2_project/A2_Project/Computer_Vision/packages/install/_local_setup_util_ps1.py'
[22.434s] INFO:colcon.colcon_core.shell:Creating prefix chain script '/home/mtrn/A2_project/A2_Project/Computer_Vision/packages/install/setup.ps1'
[22.440s] INFO:colcon.colcon_core.shell:Creating prefix script '/home/mtrn/A2_project/A2_Project/Computer_Vision/packages/install/local_setup.sh'
[22.441s] INFO:colcon.colcon_core.shell:Creating prefix util module '/home/mtrn/A2_project/A2_Project/Computer_Vision/packages/install/_local_setup_util_sh.py'
[22.442s] INFO:colcon.colcon_core.shell:Creating prefix chain script '/home/mtrn/A2_project/A2_Project/Computer_Vision/packages/install/setup.sh'
[22.451s] INFO:colcon.colcon_core.shell:Creating prefix script '/home/mtrn/A2_project/A2_Project/Computer_Vision/packages/install/local_setup.bash'
[22.453s] INFO:colcon.colcon_core.shell:Creating prefix chain script '/home/mtrn/A2_project/A2_Project/Computer_Vision/packages/install/setup.bash'
[22.464s] INFO:colcon.colcon_core.shell:Creating prefix script '/home/mtrn/A2_project/A2_Project/Computer_Vision/packages/install/local_setup.zsh'
[22.467s] INFO:colcon.colcon_core.shell:Creating prefix chain script '/home/mtrn/A2_project/A2_Project/Computer_Vision/packages/install/setup.zsh'
