[1.761s] Invoking command in '/home/mtrn/4231/A2_Project/Computer_Vision/packages/src/yolov8_node': PYTHONPATH=/home/mtrn/4231/A2_Project/Computer_Vision/packages/build/yolov8_node/prefix_override:/home/mtrn/4231/A2_Project/Computer_Vision/packages/install/yolov8_node/lib/python3.10/site-packages:${PYTHONPATH} /usr/bin/python3 setup.py egg_info --egg-base ../../build/yolov8_node build --build-base /home/mtrn/4231/A2_Project/Computer_Vision/packages/build/yolov8_node/build install --record /home/mtrn/4231/A2_Project/Computer_Vision/packages/build/yolov8_node/install.log --single-version-externally-managed
[2.203s] running egg_info
[2.206s] writing ../../build/yolov8_node/yolov8_node.egg-info/PKG-INFO
[2.207s] writing dependency_links to ../../build/yolov8_node/yolov8_node.egg-info/dependency_links.txt
[2.207s] writing entry points to ../../build/yolov8_node/yolov8_node.egg-info/entry_points.txt
[2.207s] writing requirements to ../../build/yolov8_node/yolov8_node.egg-info/requires.txt
[2.208s] writing top-level names to ../../build/yolov8_node/yolov8_node.egg-info/top_level.txt
[2.210s] reading manifest file '../../build/yolov8_node/yolov8_node.egg-info/SOURCES.txt'
[2.213s] writing manifest file '../../build/yolov8_node/yolov8_node.egg-info/SOURCES.txt'
[2.213s] running build
[2.213s] running build_py
[2.213s] copying yolov8_node/yolov8_object_detection.py -> /home/mtrn/4231/A2_Project/Computer_Vision/packages/build/yolov8_node/build/lib/yolov8_node
[2.214s] running install
[2.214s] /usr/lib/python3/dist-packages/setuptools/command/install.py:34: SetuptoolsDeprecationWarning: setup.py install is deprecated. Use build and pip and other standards-based tools.
[2.214s]   warnings.warn(
[2.214s] running install_lib
[2.216s] copying /home/mtrn/4231/A2_Project/Computer_Vision/packages/build/yolov8_node/build/lib/yolov8_node/yolov8_object_detection.py -> /home/mtrn/4231/A2_Project/Computer_Vision/packages/install/yolov8_node/lib/python3.10/site-packages/yolov8_node
[2.217s] byte-compiling /home/mtrn/4231/A2_Project/Computer_Vision/packages/install/yolov8_node/lib/python3.10/site-packages/yolov8_node/yolov8_object_detection.py to yolov8_object_detection.cpython-310.pyc
[2.219s] running install_data
[2.220s] running install_egg_info
[2.223s] removing '/home/mtrn/4231/A2_Project/Computer_Vision/packages/install/yolov8_node/lib/python3.10/site-packages/yolov8_node-0.0.0-py3.10.egg-info' (and everything under it)
[2.223s] Copying ../../build/yolov8_node/yolov8_node.egg-info to /home/mtrn/4231/A2_Project/Computer_Vision/packages/install/yolov8_node/lib/python3.10/site-packages/yolov8_node-0.0.0-py3.10.egg-info
[2.225s] running install_scripts
[2.257s] Installing yolo_node script to /home/mtrn/4231/A2_Project/Computer_Vision/packages/install/yolov8_node/lib/yolov8_node
[2.258s] writing list of installed files to '/home/mtrn/4231/A2_Project/Computer_Vision/packages/build/yolov8_node/install.log'
[2.296s] Invoked command in '/home/mtrn/4231/A2_Project/Computer_Vision/packages/src/yolov8_node' returned '0': PYTHONPATH=/home/mtrn/4231/A2_Project/Computer_Vision/packages/build/yolov8_node/prefix_override:/home/mtrn/4231/A2_Project/Computer_Vision/packages/install/yolov8_node/lib/python3.10/site-packages:${PYTHONPATH} /usr/bin/python3 setup.py egg_info --egg-base ../../build/yolov8_node build --build-base /home/mtrn/4231/A2_Project/Computer_Vision/packages/build/yolov8_node/build install --record /home/mtrn/4231/A2_Project/Computer_Vision/packages/build/yolov8_node/install.log --single-version-externally-managed
