[1.635s] Invoking command in '/home/mtrn/4231/A2_Project/Computer_Vision/packages/src/yolo_ros/yolov8_ros': PYTHONPATH=/home/mtrn/4231/A2_Project/Computer_Vision/packages/build/yolov8_ros/prefix_override:/home/mtrn/4231/A2_Project/Computer_Vision/packages/install/yolov8_ros/lib/python3.10/site-packages:${PYTHONPATH} /usr/bin/python3 setup.py egg_info --egg-base ../../../build/yolov8_ros build --build-base /home/mtrn/4231/A2_Project/Computer_Vision/packages/build/yolov8_ros/build install --record /home/mtrn/4231/A2_Project/Computer_Vision/packages/build/yolov8_ros/install.log --single-version-externally-managed
[1.993s] running egg_info
[1.994s] writing ../../../build/yolov8_ros/yolov8_ros.egg-info/PKG-INFO
[1.995s] writing dependency_links to ../../../build/yolov8_ros/yolov8_ros.egg-info/dependency_links.txt
[1.997s] writing entry points to ../../../build/yolov8_ros/yolov8_ros.egg-info/entry_points.txt
[1.998s] writing requirements to ../../../build/yolov8_ros/yolov8_ros.egg-info/requires.txt
[1.998s] writing top-level names to ../../../build/yolov8_ros/yolov8_ros.egg-info/top_level.txt
[1.998s] reading manifest file '../../../build/yolov8_ros/yolov8_ros.egg-info/SOURCES.txt'
[1.999s] writing manifest file '../../../build/yolov8_ros/yolov8_ros.egg-info/SOURCES.txt'
[1.999s] running build
[1.999s] running build_py
[1.999s] running install
[2.000s] /usr/lib/python3/dist-packages/setuptools/command/install.py:34: SetuptoolsDeprecationWarning: setup.py install is deprecated. Use build and pip and other standards-based tools.
[2.000s]   warnings.warn(
[2.000s] running install_lib
[2.002s] running install_data
[2.003s] running install_egg_info
[2.005s] removing '/home/mtrn/4231/A2_Project/Computer_Vision/packages/install/yolov8_ros/lib/python3.10/site-packages/yolov8_ros-0.0.0-py3.10.egg-info' (and everything under it)
[2.008s] Copying ../../../build/yolov8_ros/yolov8_ros.egg-info to /home/mtrn/4231/A2_Project/Computer_Vision/packages/install/yolov8_ros/lib/python3.10/site-packages/yolov8_ros-0.0.0-py3.10.egg-info
[2.008s] running install_scripts
[2.036s] Installing debug_node script to /home/mtrn/4231/A2_Project/Computer_Vision/packages/install/yolov8_ros/lib/yolov8_ros
[2.037s] Installing detect_3d_node script to /home/mtrn/4231/A2_Project/Computer_Vision/packages/install/yolov8_ros/lib/yolov8_ros
[2.037s] Installing tracking_node script to /home/mtrn/4231/A2_Project/Computer_Vision/packages/install/yolov8_ros/lib/yolov8_ros
[2.038s] Installing yolov8_node script to /home/mtrn/4231/A2_Project/Computer_Vision/packages/install/yolov8_ros/lib/yolov8_ros
[2.039s] writing list of installed files to '/home/mtrn/4231/A2_Project/Computer_Vision/packages/build/yolov8_ros/install.log'
[2.083s] Invoked command in '/home/mtrn/4231/A2_Project/Computer_Vision/packages/src/yolo_ros/yolov8_ros' returned '0': PYTHONPATH=/home/mtrn/4231/A2_Project/Computer_Vision/packages/build/yolov8_ros/prefix_override:/home/mtrn/4231/A2_Project/Computer_Vision/packages/install/yolov8_ros/lib/python3.10/site-packages:${PYTHONPATH} /usr/bin/python3 setup.py egg_info --egg-base ../../../build/yolov8_ros build --build-base /home/mtrn/4231/A2_Project/Computer_Vision/packages/build/yolov8_ros/build install --record /home/mtrn/4231/A2_Project/Computer_Vision/packages/build/yolov8_ros/install.log --single-version-externally-managed
