[1.005s] Invoking command in '/home/mtrn/4231/A2_Project/Computer_Vision/packages/src/image_warper': PYTHONPATH=/home/mtrn/4231/A2_Project/Computer_Vision/packages/build/image_warper/prefix_override:/home/mtrn/4231/A2_Project/Computer_Vision/packages/install/image_warper/lib/python3.10/site-packages:${PYTHONPATH} /usr/bin/python3 setup.py egg_info --egg-base ../../build/image_warper build --build-base /home/mtrn/4231/A2_Project/Computer_Vision/packages/build/image_warper/build install --record /home/mtrn/4231/A2_Project/Computer_Vision/packages/build/image_warper/install.log --single-version-externally-managed
[1.367s] running egg_info
[1.368s] writing ../../build/image_warper/image_warper.egg-info/PKG-INFO
[1.368s] writing dependency_links to ../../build/image_warper/image_warper.egg-info/dependency_links.txt
[1.368s] writing entry points to ../../build/image_warper/image_warper.egg-info/entry_points.txt
[1.369s] writing requirements to ../../build/image_warper/image_warper.egg-info/requires.txt
[1.369s] writing top-level names to ../../build/image_warper/image_warper.egg-info/top_level.txt
[1.372s] reading manifest file '../../build/image_warper/image_warper.egg-info/SOURCES.txt'
[1.372s] writing manifest file '../../build/image_warper/image_warper.egg-info/SOURCES.txt'
[1.373s] running build
[1.373s] running build_py
[1.373s] copying image_warper/ImagePublisher.py -> /home/mtrn/4231/A2_Project/Computer_Vision/packages/build/image_warper/build/lib/image_warper
[1.373s] copying image_warper/image_warper.py -> /home/mtrn/4231/A2_Project/Computer_Vision/packages/build/image_warper/build/lib/image_warper
[1.373s] running install
[1.374s] /usr/lib/python3/dist-packages/setuptools/command/install.py:34: SetuptoolsDeprecationWarning: setup.py install is deprecated. Use build and pip and other standards-based tools.
[1.374s]   warnings.warn(
[1.374s] running install_lib
[1.376s] copying /home/mtrn/4231/A2_Project/Computer_Vision/packages/build/image_warper/build/lib/image_warper/ImagePublisher.py -> /home/mtrn/4231/A2_Project/Computer_Vision/packages/install/image_warper/lib/python3.10/site-packages/image_warper
[1.376s] copying /home/mtrn/4231/A2_Project/Computer_Vision/packages/build/image_warper/build/lib/image_warper/image_warper.py -> /home/mtrn/4231/A2_Project/Computer_Vision/packages/install/image_warper/lib/python3.10/site-packages/image_warper
[1.377s] byte-compiling /home/mtrn/4231/A2_Project/Computer_Vision/packages/install/image_warper/lib/python3.10/site-packages/image_warper/ImagePublisher.py to ImagePublisher.cpython-310.pyc
[1.378s] byte-compiling /home/mtrn/4231/A2_Project/Computer_Vision/packages/install/image_warper/lib/python3.10/site-packages/image_warper/image_warper.py to image_warper.cpython-310.pyc
[1.379s] running install_data
[1.379s] running install_egg_info
[1.381s] removing '/home/mtrn/4231/A2_Project/Computer_Vision/packages/install/image_warper/lib/python3.10/site-packages/image_warper-0.0.0-py3.10.egg-info' (and everything under it)
[1.382s] Copying ../../build/image_warper/image_warper.egg-info to /home/mtrn/4231/A2_Project/Computer_Vision/packages/install/image_warper/lib/python3.10/site-packages/image_warper-0.0.0-py3.10.egg-info
[1.383s] running install_scripts
[1.410s] Installing ImagePublisher script to /home/mtrn/4231/A2_Project/Computer_Vision/packages/install/image_warper/lib/image_warper
[1.410s] Installing image_warper script to /home/mtrn/4231/A2_Project/Computer_Vision/packages/install/image_warper/lib/image_warper
[1.411s] writing list of installed files to '/home/mtrn/4231/A2_Project/Computer_Vision/packages/build/image_warper/install.log'
[1.458s] Invoked command in '/home/mtrn/4231/A2_Project/Computer_Vision/packages/src/image_warper' returned '0': PYTHONPATH=/home/mtrn/4231/A2_Project/Computer_Vision/packages/build/image_warper/prefix_override:/home/mtrn/4231/A2_Project/Computer_Vision/packages/install/image_warper/lib/python3.10/site-packages:${PYTHONPATH} /usr/bin/python3 setup.py egg_info --egg-base ../../build/image_warper build --build-base /home/mtrn/4231/A2_Project/Computer_Vision/packages/build/image_warper/build install --record /home/mtrn/4231/A2_Project/Computer_Vision/packages/build/image_warper/install.log --single-version-externally-managed
