running egg_info
writing ../../build/image_warper/image_warper.egg-info/PKG-INFO
writing dependency_links to ../../build/image_warper/image_warper.egg-info/dependency_links.txt
writing entry points to ../../build/image_warper/image_warper.egg-info/entry_points.txt
writing requirements to ../../build/image_warper/image_warper.egg-info/requires.txt
writing top-level names to ../../build/image_warper/image_warper.egg-info/top_level.txt
reading manifest file '../../build/image_warper/image_warper.egg-info/SOURCES.txt'
writing manifest file '../../build/image_warper/image_warper.egg-info/SOURCES.txt'
running build
running build_py
running install
running install_lib
/usr/lib/python3/dist-packages/setuptools/command/install.py:34: SetuptoolsDeprecationWarning: setup.py install is deprecated. Use build and pip and other standards-based tools.
  warnings.warn(
running install_data
running install_egg_info
removing '/home/mtrn/4231/A2_Project/Computer_Vision/packages/install/image_warper/lib/python3.10/site-packages/image_warper-0.0.0-py3.10.egg-info' (and everything under it)
Copying ../../build/image_warper/image_warper.egg-info to /home/mtrn/4231/A2_Project/Computer_Vision/packages/install/image_warper/lib/python3.10/site-packages/image_warper-0.0.0-py3.10.egg-info
running install_scripts
Installing ImagePublisher script to /home/mtrn/4231/A2_Project/Computer_Vision/packages/install/image_warper/lib/image_warper
Installing image_warper script to /home/mtrn/4231/A2_Project/Computer_Vision/packages/install/image_warper/lib/image_warper
writing list of installed files to '/home/mtrn/4231/A2_Project/Computer_Vision/packages/build/image_warper/install.log'
