[1.765s] Invoking command in '/home/mtrn/4231/A2_Project/Computer_Vision/packages/src/yolo_ros/yolov8_ros': PYTHONPATH=/home/mtrn/4231/A2_Project/Computer_Vision/packages/build/yolov8_ros/prefix_override:/home/mtrn/4231/A2_Project/Computer_Vision/packages/install/yolov8_ros/lib/python3.10/site-packages:${PYTHONPATH} /usr/bin/python3 setup.py egg_info --egg-base ../../../build/yolov8_ros build --build-base /home/mtrn/4231/A2_Project/Computer_Vision/packages/build/yolov8_ros/build install --record /home/mtrn/4231/A2_Project/Computer_Vision/packages/build/yolov8_ros/install.log --single-version-externally-managed
[2.111s] running egg_info
[2.113s] writing ../../../build/yolov8_ros/yolov8_ros.egg-info/PKG-INFO
[2.113s] writing dependency_links to ../../../build/yolov8_ros/yolov8_ros.egg-info/dependency_links.txt
[2.114s] writing entry points to ../../../build/yolov8_ros/yolov8_ros.egg-info/entry_points.txt
[2.114s] writing requirements to ../../../build/yolov8_ros/yolov8_ros.egg-info/requires.txt
[2.115s] writing top-level names to ../../../build/yolov8_ros/yolov8_ros.egg-info/top_level.txt
[2.118s] reading manifest file '../../../build/yolov8_ros/yolov8_ros.egg-info/SOURCES.txt'
[2.120s] writing manifest file '../../../build/yolov8_ros/yolov8_ros.egg-info/SOURCES.txt'
[2.121s] running build
[2.121s] running build_py
[2.121s] running install
[2.122s] /usr/lib/python3/dist-packages/setuptools/command/install.py:34: SetuptoolsDeprecationWarning: setup.py install is deprecated. Use build and pip and other standards-based tools.
[2.122s]   warnings.warn(
[2.122s] running install_lib
[2.124s] running install_data
[2.127s] running install_egg_info
[2.131s] removing '/home/mtrn/4231/A2_Project/Computer_Vision/packages/install/yolov8_ros/lib/python3.10/site-packages/yolov8_ros-0.0.0-py3.10.egg-info' (and everything under it)
[2.131s] Copying ../../../build/yolov8_ros/yolov8_ros.egg-info to /home/mtrn/4231/A2_Project/Computer_Vision/packages/install/yolov8_ros/lib/python3.10/site-packages/yolov8_ros-0.0.0-py3.10.egg-info
[2.134s] running install_scripts
[2.172s] Installing debug_node script to /home/mtrn/4231/A2_Project/Computer_Vision/packages/install/yolov8_ros/lib/yolov8_ros
[2.172s] Installing detect_3d_node script to /home/mtrn/4231/A2_Project/Computer_Vision/packages/install/yolov8_ros/lib/yolov8_ros
[2.172s] Installing tracking_node script to /home/mtrn/4231/A2_Project/Computer_Vision/packages/install/yolov8_ros/lib/yolov8_ros
[2.172s] Installing yolov8_node script to /home/mtrn/4231/A2_Project/Computer_Vision/packages/install/yolov8_ros/lib/yolov8_ros
[2.178s] writing list of installed files to '/home/mtrn/4231/A2_Project/Computer_Vision/packages/build/yolov8_ros/install.log'
[2.261s] Invoked command in '/home/mtrn/4231/A2_Project/Computer_Vision/packages/src/yolo_ros/yolov8_ros' returned '0': PYTHONPATH=/home/mtrn/4231/A2_Project/Computer_Vision/packages/build/yolov8_ros/prefix_override:/home/mtrn/4231/A2_Project/Computer_Vision/packages/install/yolov8_ros/lib/python3.10/site-packages:${PYTHONPATH} /usr/bin/python3 setup.py egg_info --egg-base ../../../build/yolov8_ros build --build-base /home/mtrn/4231/A2_Project/Computer_Vision/packages/build/yolov8_ros/build install --record /home/mtrn/4231/A2_Project/Computer_Vision/packages/build/yolov8_ros/install.log --single-version-externally-managed
