[0.054s] Invoking command in '/home/mtrn/4231/A2_Project/Computer_Vision/packages/build/pizza_pos': AMENT_PREFIX_PATH=/home/mtrn/4231/A2_Project/Computer_Vision/packages/install/yolov8_ros:/home/mtrn/4231/A2_Project/Computer_Vision/packages/install/yolov8_bringup:/home/mtrn/4231/A2_Project/Computer_Vision/packages/install/yolov8_node:/home/mtrn/4231/A2_Project/Computer_Vision/packages/install/image_warper:/home/mtrn/4231/ros_ur_driver/install/ur:/home/mtrn/4231/ros_ur_driver/install/ur_calibration:/home/mtrn/4231/ros_ur_driver/install/ur_robot_driver:/home/mtrn/4231/ros_ur_driver/install/ur_moveit_config:/home/mtrn/4231/ros_ur_driver/install/ur_bringup:/home/mtrn/4231/ros_ur_driver/install/ur_controllers:/home/mtrn/4231/ros_ur_driver/install/ur_dashboard_msgs:/home/mtrn/4231/ws_moveit2/install/pilz_industrial_motion_planner_testutils:/home/mtrn/4231/ws_moveit2/install/moveit_runtime:/home/mtrn/4231/ws_moveit2/install/moveit2_tutorials:/home/mtrn/4231/ws_moveit2/install/moveit:/home/mtrn/4231/ws_moveit2/install/moveit_planners:/home/mtrn/4231/ws_moveit2/install/pilz_industrial_motion_planner:/home/mtrn/4231/ws_moveit2/install/moveit_visual_tools:/home/mtrn/4231/ws_moveit2/install/moveit_task_constructor_visualization:/home/mtrn/4231/ws_moveit2/install/moveit_task_constructor_demo:/home/mtrn/4231/ws_moveit2/install/moveit_task_constructor_capabilities:/home/mtrn/4231/ws_moveit2/install/moveit_task_constructor_core:/home/mtrn/4231/ws_moveit2/install/moveit_ros_control_interface:/home/mtrn/4231/ws_moveit2/install/moveit_plugins:/home/mtrn/4231/ws_moveit2/install/moveit_simple_controller_manager:/home/mtrn/4231/ws_moveit2/install/moveit_setup_assistant:/home/mtrn/4231/ws_moveit2/install/moveit_setup_srdf_plugins:/home/mtrn/4231/ws_moveit2/install/moveit_setup_core_plugins:/home/mtrn/4231/ws_moveit2/install/moveit_setup_controllers:/home/mtrn/4231/ws_moveit2/install/moveit_setup_app_plugins:/home/mtrn/4231/ws_moveit2/install/moveit_setup_framework:/home/mtrn/4231/ws_moveit2/install/moveit_servo:/home/mtrn/4231/ws_moveit2/install/moveit_ros:/home/mtrn/4231/ws_moveit2/install/moveit_ros_visualization:/home/mtrn/4231/ws_moveit2/install/moveit_hybrid_planning:/home/mtrn/4231/ws_moveit2/install/moveit_ros_planning_interface:/home/mtrn/4231/ws_moveit2/install/moveit_ros_benchmarks:/home/mtrn/4231/ws_moveit2/install/moveit_ros_warehouse:/home/mtrn/4231/ws_moveit2/install/moveit_ros_robot_interaction:/home/mtrn/4231/ws_moveit2/install/moveit_ros_perception:/home/mtrn/4231/ws_moveit2/install/moveit_resources_prbt_pg70_support:/home/mtrn/4231/ws_moveit2/install/moveit_resources_prbt_moveit_config:/home/mtrn/4231/ws_moveit2/install/moveit_ros_move_group:/home/mtrn/4231/ws_moveit2/install/moveit_planners_ompl:/home/mtrn/4231/ws_moveit2/install/moveit_ros_planning:/home/mtrn/4231/ws_moveit2/install/moveit_ros_occupancy_map_monitor:/home/mtrn/4231/ws_moveit2/install/moveit_resources_prbt_ikfast_manipulator_plugin:/home/mtrn/4231/ws_moveit2/install/moveit_planners_chomp:/home/mtrn/4231/ws_moveit2/install/moveit_kinematics:/home/mtrn/4231/ws_moveit2/install/moveit_chomp_optimizer_adapter:/home/mtrn/4231/ws_moveit2/install/chomp_motion_planner:/home/mtrn/4231/ws_moveit2/install/moveit_core:/home/mtrn/4231/ws_moveit2/install/moveit_configs_utils:/home/mtrn/4231/ws_moveit2/install/srdfdom:/home/mtrn/4231/ws_moveit2/install/rviz_marker_tools:/home/mtrn/4231/ws_moveit2/install/rosparam_shortcuts:/home/mtrn/4231/ws_moveit2/install/moveit_task_constructor_msgs:/home/mtrn/4231/ws_moveit2/install/moveit_resources_prbt_support:/home/mtrn/4231/ws_moveit2/install/moveit_resources:/home/mtrn/4231/ws_moveit2/install/moveit_resources_pr2_description:/home/mtrn/4231/ws_moveit2/install/moveit_resources_panda_moveit_config:/home/mtrn/4231/ws_moveit2/install/moveit_resources_panda_description:/home/mtrn/4231/ws_moveit2/install/moveit_resources_fanuc_moveit_config:/home/mtrn/4231/ws_moveit2/install/moveit_resources_fanuc_description:/home/mtrn/4231/ws_moveit2/install/moveit_common:/home/mtrn/4231/ws_moveit2/install/launch_param_builder:/opt/ros/humble CMAKE_PREFIX_PATH=${CMAKE_PREFIX_PATH}:/home/mtrn/4231/A2_Project/Computer_Vision/packages/install/yolov8_ros:/home/mtrn/4231/A2_Project/Computer_Vision/packages/install/yolov8_node:/home/mtrn/4231/A2_Project/Computer_Vision/packages/install/image_warper:/home/mtrn/4231/ws_moveit2/install/moveit_configs_utils:/home/mtrn/4231/ws_moveit2/install/launch_param_builder:/opt/ros/humble /usr/bin/cmake --build /home/mtrn/4231/A2_Project/Computer_Vision/packages/build/pizza_pos -- -j6 -l6
[0.164s] [ 50%] [32mBuilding CXX object CMakeFiles/subscriber_node.dir/src/subscriber_node.cpp.o[0m
[3.718s] [01m[K/home/mtrn/4231/A2_Project/Computer_Vision/packages/src/pizza_pos/src/subscriber_node.cpp:15:25:[m[K [01;31m[Kerror: [m[K‘[01m[Kyolov8_ros[m[K’ does not name a type
[3.718s]    15 |     void callback(const [01;31m[Kyolov8_ros[m[K::msg::DetectionArray::SharedPtr msg) const
[3.718s]       |                         [01;31m[K^~~~~~~~~~[m[K
[3.718s] [01m[K/home/mtrn/4231/A2_Project/Computer_Vision/packages/src/pizza_pos/src/subscriber_node.cpp:15:40:[m[K [01;31m[Kerror: [m[Kexpected unqualified-id before ‘[01m[K::[m[K’ token
[3.718s]    15 |     void callback(const yolov8_ros::msg[01;31m[K::[m[KDetectionArray::SharedPtr msg) const
[3.718s]       |                                        [01;31m[K^~[m[K
[3.718s] [01m[K/home/mtrn/4231/A2_Project/Computer_Vision/packages/src/pizza_pos/src/subscriber_node.cpp:15:40:[m[K [01;31m[Kerror: [m[Kexpected ‘[01m[K)[m[K’ before ‘[01m[K::[m[K’ token
[3.719s]    15 |     void callback[34m[K([m[Kconst yolov8_ros::msg[01;31m[K:[m[K[32m[K:[m[KDetectionArray::SharedPtr msg) const
[3.719s]       |                  [34m[K~[m[K                     [01;31m[K^[m[K[32m[K~[m[K
[3.719s]       |                                        [32m[K)[m[K
[3.719s] [01m[K/home/mtrn/4231/A2_Project/Computer_Vision/packages/src/pizza_pos/src/subscriber_node.cpp:15:37:[m[K [01;31m[Kerror: [m[Kexpected ‘[01m[K;[m[K’ at end of member declaration
[3.719s]    15 |     void callback(const yolov8_ros::[01;31m[Kmsg[m[K::DetectionArray::SharedPtr msg) const
[3.719s]       |                                     [01;31m[K^~~[m[K
[3.719s]       |                                        [32m[K;[m[K
[3.722s] [01m[K/home/mtrn/4231/A2_Project/Computer_Vision/packages/src/pizza_pos/src/subscriber_node.cpp:15:42:[m[K [01;31m[Kerror: [m[K‘[01m[KDetectionArray[m[K’ in namespace ‘[01m[K::[m[K’ does not name a type
[3.722s]    15 |     void callback(const yolov8_ros::msg::[01;31m[KDetectionArray[m[K::SharedPtr msg) const
[3.722s]       |                                          [01;31m[K^~~~~~~~~~~~~~[m[K
[3.730s] [01m[K/home/mtrn/4231/A2_Project/Computer_Vision/packages/src/pizza_pos/src/subscriber_node.cpp:21:26:[m[K [01;31m[Kerror: [m[K‘[01m[Kyolov8_ros[m[K’ was not declared in this scope; did you mean ‘[01m[Kyolov8_msgs[m[K’?
[3.730s]    21 |     rclcpp::Subscription<[01;31m[Kyolov8_ros[m[K::msg::DetectionArray>::SharedPtr subscription_;
[3.730s]       |                          [01;31m[K^~~~~~~~~~[m[K
[3.730s]       |                          [32m[Kyolov8_msgs[m[K
[3.730s] [01m[K/home/mtrn/4231/A2_Project/Computer_Vision/packages/src/pizza_pos/src/subscriber_node.cpp:21:57:[m[K [01;31m[Kerror: [m[Ktemplate argument 1 is invalid
[3.730s]    21 |     rclcpp::Subscription<yolov8_ros::msg::DetectionArray[01;31m[K>[m[K::SharedPtr subscription_;
[3.731s]       |                                                         [01;31m[K^[m[K
[3.731s] [01m[K/home/mtrn/4231/A2_Project/Computer_Vision/packages/src/pizza_pos/src/subscriber_node.cpp:21:57:[m[K [01;31m[Kerror: [m[Ktemplate argument 3 is invalid
[3.731s] [01m[K/home/mtrn/4231/A2_Project/Computer_Vision/packages/src/pizza_pos/src/subscriber_node.cpp:21:57:[m[K [01;31m[Kerror: [m[Ktemplate argument 4 is invalid
[3.731s] [01m[K/home/mtrn/4231/A2_Project/Computer_Vision/packages/src/pizza_pos/src/subscriber_node.cpp:21:57:[m[K [01;31m[Kerror: [m[Ktemplate argument 5 is invalid
[3.731s] [01m[K/home/mtrn/4231/A2_Project/Computer_Vision/packages/src/pizza_pos/src/subscriber_node.cpp:21:60:[m[K [01;31m[Kerror: [m[Kexpected ‘[01m[K;[m[K’ at end of member declaration
[3.731s]    21 |     rclcpp::Subscription<yolov8_ros::msg::DetectionArray>::[01;31m[KSharedPtr[m[K subscription_;
[3.731s]       |                                                            [01;31m[K^~~~~~~~~[m[K
[3.731s]       |                                                                     [32m[K;[m[K
[3.733s] [01m[K/home/mtrn/4231/A2_Project/Computer_Vision/packages/src/pizza_pos/src/subscriber_node.cpp:21:70:[m[K [01;31m[Kerror: [m[K‘[01m[Ksubscription_[m[K’ does not name a type; did you mean ‘[01m[Krmw_subscription_t[m[K’?
[3.734s]    21 |     rclcpp::Subscription<yolov8_ros::msg::DetectionArray>::SharedPtr [01;31m[Ksubscription_[m[K;
[3.734s]       |                                                                      [01;31m[K^~~~~~~~~~~~~[m[K
[3.734s]       |                                                                      [32m[Krmw_subscription_t[m[K
[3.743s] [01m[K/home/mtrn/4231/A2_Project/Computer_Vision/packages/src/pizza_pos/src/subscriber_node.cpp:[m[K In constructor ‘[01m[KDetectionSubscriber::DetectionSubscriber()[m[K’:
[3.743s] [01m[K/home/mtrn/4231/A2_Project/Computer_Vision/packages/src/pizza_pos/src/subscriber_node.cpp:10:9:[m[K [01;31m[Kerror: [m[K‘[01m[Ksubscription_[m[K’ was not declared in this scope; did you mean ‘[01m[Krmw_subscription_t[m[K’?
[3.743s]    10 |         [01;31m[Ksubscription_[m[K = this->create_subscription<yolov8_ros::msg::DetectionArray>(
[3.743s]       |         [01;31m[K^~~~~~~~~~~~~[m[K
[3.743s]       |         [32m[Krmw_subscription_t[m[K
[3.749s] [01m[K/home/mtrn/4231/A2_Project/Computer_Vision/packages/src/pizza_pos/src/subscriber_node.cpp:10:51:[m[K [01;31m[Kerror: [m[K‘[01m[Kyolov8_ros[m[K’ was not declared in this scope; did you mean ‘[01m[Kyolov8_msgs[m[K’?
[3.749s]    10 |         subscription_ = this->create_subscription<[01;31m[Kyolov8_ros[m[K::msg::DetectionArray>(
[3.749s]       |                                                   [01;31m[K^~~~~~~~~~[m[K
[3.749s]       |                                                   [32m[Kyolov8_msgs[m[K
[3.749s] [01m[K/home/mtrn/4231/A2_Project/Computer_Vision/packages/src/pizza_pos/src/subscriber_node.cpp:10:31:[m[K [01;31m[Kerror: [m[Kparse error in template argument list
[3.749s]    10 |         subscription_ = this->[01;31m[Kcreate_subscription<yolov8_ros::msg::DetectionArray>[m[K(
[3.750s]       |                               [01;31m[K^~~~~~~~~~~~~~~~~~~~~~~~~~~~~~~~~~~~~~~~~~~~~~~~~~~~[m[K
[3.757s] [01m[K/home/mtrn/4231/A2_Project/Computer_Vision/packages/src/pizza_pos/src/subscriber_node.cpp:10:83:[m[K [01;31m[Kerror: [m[Kno matching function for call to ‘[01m[KDetectionSubscriber::create_subscription<<expression error> >(const char [16], int, std::_Bind_helper<false, void (DetectionSubscriber::*)(...), DetectionSubscriber*, const std::_Placeholder<1>&>::type)[m[K’
[3.757s]    10 |         subscription_ = [01;31m[Kthis->create_subscription<yolov8_ros::msg::DetectionArray>([m[K
[3.757s]       |                         [01;31m[K~~~~~~~~~~~~~~~~~~~~~~~~~~~~~~~~~~~~~~~~~~~~~~~~~~~~~~~~~~^[m[K
[3.757s]    11 | [01;31m[K            "detection_topic", 10, std::bind(&DetectionSubscriber::callback, this, std::placeholders::_1))[m[K;
[3.757s]       |             [01;31m[K~~~~~~~~~~~~~~~~~~~~~~~~~~~~~~~~~~~~~~~~~~~~~~~~~~~~~~~~~~~~~~~~~~~~~~~~~~~~~~~~~~~~~~~~~~~~~~[m[K
[3.758s] In file included from [01m[K/opt/ros/humble/include/rclcpp/rclcpp/executors/single_threaded_executor.hpp:28[m[K,
[3.758s]                  from [01m[K/opt/ros/humble/include/rclcpp/rclcpp/executors.hpp:22[m[K,
[3.758s]                  from [01m[K/opt/ros/humble/include/rclcpp/rclcpp/rclcpp.hpp:155[m[K,
[3.758s]                  from [01m[K/home/mtrn/4231/A2_Project/Computer_Vision/packages/src/pizza_pos/src/subscriber_node.cpp:1[m[K:
[3.758s] [01m[K/opt/ros/humble/include/rclcpp/rclcpp/node.hpp:219:3:[m[K [01;36m[Knote: [m[Kcandidate: ‘[01m[Ktemplate<class MessageT, class CallbackT, class AllocatorT, class SubscriptionT, class MessageMemoryStrategyT> std::shared_ptr<ROSMessageT> rclcpp::Node::create_subscription(const string&, const rclcpp::QoS&, CallbackT&&, const rclcpp::SubscriptionOptionsWithAllocator<AllocatorT>&, typename MessageMemoryStrategyT::SharedPtr)[m[K’
[3.758s]   219 |   [01;36m[Kcreate_subscription[m[K(
[3.759s]       |   [01;36m[K^~~~~~~~~~~~~~~~~~~[m[K
[3.759s] [01m[K/opt/ros/humble/include/rclcpp/rclcpp/node.hpp:219:3:[m[K [01;36m[Knote: [m[K  template argument deduction/substitution failed:
[3.759s] [01m[K/home/mtrn/4231/A2_Project/Computer_Vision/packages/src/pizza_pos/src/subscriber_node.cpp:10:83:[m[K [01;31m[Kerror: [m[Ktemplate argument 1 is invalid
[3.759s]    10 |         subscription_ = [01;31m[Kthis->create_subscription<yolov8_ros::msg::DetectionArray>([m[K
[3.759s]       |                         [01;31m[K~~~~~~~~~~~~~~~~~~~~~~~~~~~~~~~~~~~~~~~~~~~~~~~~~~~~~~~~~~^[m[K
[3.759s]    11 | [01;31m[K            "detection_topic", 10, std::bind(&DetectionSubscriber::callback, this, std::placeholders::_1))[m[K;
[3.759s]       |             [01;31m[K~~~~~~~~~~~~~~~~~~~~~~~~~~~~~~~~~~~~~~~~~~~~~~~~~~~~~~~~~~~~~~~~~~~~~~~~~~~~~~~~~~~~~~~~~~~~~~[m[K
[4.432s] gmake[2]: *** [CMakeFiles/subscriber_node.dir/build.make:76: CMakeFiles/subscriber_node.dir/src/subscriber_node.cpp.o] Error 1
[4.432s] gmake[1]: *** [CMakeFiles/Makefile2:137: CMakeFiles/subscriber_node.dir/all] Error 2
[4.432s] gmake: *** [Makefile:146: all] Error 2
[4.435s] Invoked command in '/home/mtrn/4231/A2_Project/Computer_Vision/packages/build/pizza_pos' returned '2': AMENT_PREFIX_PATH=/home/mtrn/4231/A2_Project/Computer_Vision/packages/install/yolov8_ros:/home/mtrn/4231/A2_Project/Computer_Vision/packages/install/yolov8_bringup:/home/mtrn/4231/A2_Project/Computer_Vision/packages/install/yolov8_node:/home/mtrn/4231/A2_Project/Computer_Vision/packages/install/image_warper:/home/mtrn/4231/ros_ur_driver/install/ur:/home/mtrn/4231/ros_ur_driver/install/ur_calibration:/home/mtrn/4231/ros_ur_driver/install/ur_robot_driver:/home/mtrn/4231/ros_ur_driver/install/ur_moveit_config:/home/mtrn/4231/ros_ur_driver/install/ur_bringup:/home/mtrn/4231/ros_ur_driver/install/ur_controllers:/home/mtrn/4231/ros_ur_driver/install/ur_dashboard_msgs:/home/mtrn/4231/ws_moveit2/install/pilz_industrial_motion_planner_testutils:/home/mtrn/4231/ws_moveit2/install/moveit_runtime:/home/mtrn/4231/ws_moveit2/install/moveit2_tutorials:/home/mtrn/4231/ws_moveit2/install/moveit:/home/mtrn/4231/ws_moveit2/install/moveit_planners:/home/mtrn/4231/ws_moveit2/install/pilz_industrial_motion_planner:/home/mtrn/4231/ws_moveit2/install/moveit_visual_tools:/home/mtrn/4231/ws_moveit2/install/moveit_task_constructor_visualization:/home/mtrn/4231/ws_moveit2/install/moveit_task_constructor_demo:/home/mtrn/4231/ws_moveit2/install/moveit_task_constructor_capabilities:/home/mtrn/4231/ws_moveit2/install/moveit_task_constructor_core:/home/mtrn/4231/ws_moveit2/install/moveit_ros_control_interface:/home/mtrn/4231/ws_moveit2/install/moveit_plugins:/home/mtrn/4231/ws_moveit2/install/moveit_simple_controller_manager:/home/mtrn/4231/ws_moveit2/install/moveit_setup_assistant:/home/mtrn/4231/ws_moveit2/install/moveit_setup_srdf_plugins:/home/mtrn/4231/ws_moveit2/install/moveit_setup_core_plugins:/home/mtrn/4231/ws_moveit2/install/moveit_setup_controllers:/home/mtrn/4231/ws_moveit2/install/moveit_setup_app_plugins:/home/mtrn/4231/ws_moveit2/install/moveit_setup_framework:/home/mtrn/4231/ws_moveit2/install/moveit_servo:/home/mtrn/4231/ws_moveit2/install/moveit_ros:/home/mtrn/4231/ws_moveit2/install/moveit_ros_visualization:/home/mtrn/4231/ws_moveit2/install/moveit_hybrid_planning:/home/mtrn/4231/ws_moveit2/install/moveit_ros_planning_interface:/home/mtrn/4231/ws_moveit2/install/moveit_ros_benchmarks:/home/mtrn/4231/ws_moveit2/install/moveit_ros_warehouse:/home/mtrn/4231/ws_moveit2/install/moveit_ros_robot_interaction:/home/mtrn/4231/ws_moveit2/install/moveit_ros_perception:/home/mtrn/4231/ws_moveit2/install/moveit_resources_prbt_pg70_support:/home/mtrn/4231/ws_moveit2/install/moveit_resources_prbt_moveit_config:/home/mtrn/4231/ws_moveit2/install/moveit_ros_move_group:/home/mtrn/4231/ws_moveit2/install/moveit_planners_ompl:/home/mtrn/4231/ws_moveit2/install/moveit_ros_planning:/home/mtrn/4231/ws_moveit2/install/moveit_ros_occupancy_map_monitor:/home/mtrn/4231/ws_moveit2/install/moveit_resources_prbt_ikfast_manipulator_plugin:/home/mtrn/4231/ws_moveit2/install/moveit_planners_chomp:/home/mtrn/4231/ws_moveit2/install/moveit_kinematics:/home/mtrn/4231/ws_moveit2/install/moveit_chomp_optimizer_adapter:/home/mtrn/4231/ws_moveit2/install/chomp_motion_planner:/home/mtrn/4231/ws_moveit2/install/moveit_core:/home/mtrn/4231/ws_moveit2/install/moveit_configs_utils:/home/mtrn/4231/ws_moveit2/install/srdfdom:/home/mtrn/4231/ws_moveit2/install/rviz_marker_tools:/home/mtrn/4231/ws_moveit2/install/rosparam_shortcuts:/home/mtrn/4231/ws_moveit2/install/moveit_task_constructor_msgs:/home/mtrn/4231/ws_moveit2/install/moveit_resources_prbt_support:/home/mtrn/4231/ws_moveit2/install/moveit_resources:/home/mtrn/4231/ws_moveit2/install/moveit_resources_pr2_description:/home/mtrn/4231/ws_moveit2/install/moveit_resources_panda_moveit_config:/home/mtrn/4231/ws_moveit2/install/moveit_resources_panda_description:/home/mtrn/4231/ws_moveit2/install/moveit_resources_fanuc_moveit_config:/home/mtrn/4231/ws_moveit2/install/moveit_resources_fanuc_description:/home/mtrn/4231/ws_moveit2/install/moveit_common:/home/mtrn/4231/ws_moveit2/install/launch_param_builder:/opt/ros/humble CMAKE_PREFIX_PATH=${CMAKE_PREFIX_PATH}:/home/mtrn/4231/A2_Project/Computer_Vision/packages/install/yolov8_ros:/home/mtrn/4231/A2_Project/Computer_Vision/packages/install/yolov8_node:/home/mtrn/4231/A2_Project/Computer_Vision/packages/install/image_warper:/home/mtrn/4231/ws_moveit2/install/moveit_configs_utils:/home/mtrn/4231/ws_moveit2/install/launch_param_builder:/opt/ros/humble /usr/bin/cmake --build /home/mtrn/4231/A2_Project/Computer_Vision/packages/build/pizza_pos -- -j6 -l6
