[1.120s] Invoking command in '/home/mtrn/A2_project/A2_Project/Computer_Vision/packages/src/yolo_ros/yolov8_ros': PYTHONPATH=/home/mtrn/A2_project/A2_Project/Computer_Vision/packages/build/yolov8_ros/prefix_override:/home/mtrn/A2_project/A2_Project/Computer_Vision/packages/install/yolov8_ros/lib/python3.10/site-packages:${PYTHONPATH} /usr/bin/python3 setup.py egg_info --egg-base ../../../build/yolov8_ros build --build-base /home/mtrn/A2_project/A2_Project/Computer_Vision/packages/build/yolov8_ros/build install --record /home/mtrn/A2_project/A2_Project/Computer_Vision/packages/build/yolov8_ros/install.log --single-version-externally-managed
[1.382s] running egg_info
[1.383s] writing ../../../build/yolov8_ros/yolov8_ros.egg-info/PKG-INFO
[1.383s] writing dependency_links to ../../../build/yolov8_ros/yolov8_ros.egg-info/dependency_links.txt
[1.384s] writing entry points to ../../../build/yolov8_ros/yolov8_ros.egg-info/entry_points.txt
[1.384s] writing requirements to ../../../build/yolov8_ros/yolov8_ros.egg-info/requires.txt
[1.384s] writing top-level names to ../../../build/yolov8_ros/yolov8_ros.egg-info/top_level.txt
[1.387s] reading manifest file '../../../build/yolov8_ros/yolov8_ros.egg-info/SOURCES.txt'
[1.388s] writing manifest file '../../../build/yolov8_ros/yolov8_ros.egg-info/SOURCES.txt'
[1.388s] running build
[1.389s] running build_py
[1.389s] running install
[1.389s] running install_lib
[1.391s] running install_data
[1.392s] running install_egg_info
[1.395s] removing '/home/mtrn/A2_project/A2_Project/Computer_Vision/packages/install/yolov8_ros/lib/python3.10/site-packages/yolov8_ros-0.0.0-py3.10.egg-info' (and everything under it)
[1.395s] Copying ../../../build/yolov8_ros/yolov8_ros.egg-info to /home/mtrn/A2_project/A2_Project/Computer_Vision/packages/install/yolov8_ros/lib/python3.10/site-packages/yolov8_ros-0.0.0-py3.10.egg-info
[1.396s] running install_scripts
[1.423s] Installing debug_node script to /home/mtrn/A2_project/A2_Project/Computer_Vision/packages/install/yolov8_ros/lib/yolov8_ros
[1.423s] Installing detect_3d_node script to /home/mtrn/A2_project/A2_Project/Computer_Vision/packages/install/yolov8_ros/lib/yolov8_ros
[1.423s] Installing tracking_node script to /home/mtrn/A2_project/A2_Project/Computer_Vision/packages/install/yolov8_ros/lib/yolov8_ros
[1.423s] Installing yolov8_node script to /home/mtrn/A2_project/A2_Project/Computer_Vision/packages/install/yolov8_ros/lib/yolov8_ros
[1.423s] writing list of installed files to '/home/mtrn/A2_project/A2_Project/Computer_Vision/packages/build/yolov8_ros/install.log'
[1.484s] Invoked command in '/home/mtrn/A2_project/A2_Project/Computer_Vision/packages/src/yolo_ros/yolov8_ros' returned '0': PYTHONPATH=/home/mtrn/A2_project/A2_Project/Computer_Vision/packages/build/yolov8_ros/prefix_override:/home/mtrn/A2_project/A2_Project/Computer_Vision/packages/install/yolov8_ros/lib/python3.10/site-packages:${PYTHONPATH} /usr/bin/python3 setup.py egg_info --egg-base ../../../build/yolov8_ros build --build-base /home/mtrn/A2_project/A2_Project/Computer_Vision/packages/build/yolov8_ros/build install --record /home/mtrn/A2_project/A2_Project/Computer_Vision/packages/build/yolov8_ros/install.log --single-version-externally-managed
