[ 50%] [32mBuilding CXX object CMakeFiles/moveit_trajectory.dir/src/moveit_trajectory.cpp.o[0m
[01m[K/home/mtrn/A2_project/A2_Project/src/moveit_ur/src/moveit_trajectory.cpp:[m[K In member function ‘[01m[Kvoid moveit_trajectory::move_to_pose_cartesian(std::vector<geometry_msgs::msg::Pose_<std::allocator<void> > >)[m[K’:
[01m[K/home/mtrn/A2_project/A2_Project/src/moveit_ur/src/moveit_trajectory.cpp:267:10:[m[K [01;35m[Kwarning: [m[Kunused variable ‘[01m[Kfraction[m[K’ [[01;35m[K]8;;https://gcc.gnu.org/onlinedocs/gcc/Warning-Options.html#index-Wunused-variable-Wunused-variable]8;;[m[K]
  267 |   double [01;35m[Kfraction[m[K = move_group_interface->computeCartesianPath(waypoints, eef_step, jump_threshold, trajectory);
      |          [01;35m[K^~~~~~~~[m[K
[01m[K/home/mtrn/A2_project/A2_Project/src/moveit_ur/src/moveit_trajectory.cpp:[m[K In member function ‘[01m[Kvoid moveit_trajectory::set_orientation(geometry_msgs::msg::Quaternion)[m[K’:
[01m[K/home/mtrn/A2_project/A2_Project/src/moveit_ur/src/moveit_trajectory.cpp:286:72:[m[K [01;35m[Kwarning: [m[Kunused parameter ‘[01m[Ktarget_orientation[m[K’ [[01;35m[K]8;;https://gcc.gnu.org/onlinedocs/gcc/Warning-Options.html#index-Wunused-parameter-Wunused-parameter]8;;[m[K]
  286 | void moveit_trajectory::set_orientation([01;35m[Kgeometry_msgs::msg::Quaternion target_orientation[m[K) {
      |                                         [01;35m[K~~~~~~~~~~~~~~~~~~~~~~~~~~~~~~~^~~~~~~~~~~~~~~~~~[m[K
[100%] [32m[1mLinking CXX executable moveit_trajectory[0m
[100%] Built target moveit_trajectory
-- Install configuration: ""
-- Installing: /home/mtrn/A2_project/A2_Project/src/moveit_ur/install/moveit_ur/lib/moveit_ur/moveit_trajectory
-- Set runtime path of "/home/mtrn/A2_project/A2_Project/src/moveit_ur/install/moveit_ur/lib/moveit_ur/moveit_trajectory" to ""
-- Up-to-date: /home/mtrn/A2_project/A2_Project/src/moveit_ur/install/moveit_ur/share/moveit_ur//launch
-- Up-to-date: /home/mtrn/A2_project/A2_Project/src/moveit_ur/install/moveit_ur/share/moveit_ur//launch/moveit_trajectory_launch.py
-- Up-to-date: /home/mtrn/A2_project/A2_Project/src/moveit_ur/install/moveit_ur/share/ament_index/resource_index/package_run_dependencies/moveit_ur
-- Up-to-date: /home/mtrn/A2_project/A2_Project/src/moveit_ur/install/moveit_ur/share/ament_index/resource_index/parent_prefix_path/moveit_ur
-- Up-to-date: /home/mtrn/A2_project/A2_Project/src/moveit_ur/install/moveit_ur/share/moveit_ur/environment/ament_prefix_path.sh
-- Up-to-date: /home/mtrn/A2_project/A2_Project/src/moveit_ur/install/moveit_ur/share/moveit_ur/environment/ament_prefix_path.dsv
-- Up-to-date: /home/mtrn/A2_project/A2_Project/src/moveit_ur/install/moveit_ur/share/moveit_ur/environment/path.sh
-- Up-to-date: /home/mtrn/A2_project/A2_Project/src/moveit_ur/install/moveit_ur/share/moveit_ur/environment/path.dsv
-- Up-to-date: /home/mtrn/A2_project/A2_Project/src/moveit_ur/install/moveit_ur/share/moveit_ur/local_setup.bash
-- Up-to-date: /home/mtrn/A2_project/A2_Project/src/moveit_ur/install/moveit_ur/share/moveit_ur/local_setup.sh
-- Up-to-date: /home/mtrn/A2_project/A2_Project/src/moveit_ur/install/moveit_ur/share/moveit_ur/local_setup.zsh
-- Up-to-date: /home/mtrn/A2_project/A2_Project/src/moveit_ur/install/moveit_ur/share/moveit_ur/local_setup.dsv
-- Installing: /home/mtrn/A2_project/A2_Project/src/moveit_ur/install/moveit_ur/share/moveit_ur/package.dsv
-- Up-to-date: /home/mtrn/A2_project/A2_Project/src/moveit_ur/install/moveit_ur/share/ament_index/resource_index/packages/moveit_ur
-- Up-to-date: /home/mtrn/A2_project/A2_Project/src/moveit_ur/install/moveit_ur/share/moveit_ur/cmake/moveit_urConfig.cmake
-- Up-to-date: /home/mtrn/A2_project/A2_Project/src/moveit_ur/install/moveit_ur/share/moveit_ur/cmake/moveit_urConfig-version.cmake
-- Up-to-date: /home/mtrn/A2_project/A2_Project/src/moveit_ur/install/moveit_ur/share/moveit_ur/package.xml
