[0.737s] Invoking command in '/home/mtrn/A2_project/A2_Project/Computer_Vision/packages/build/yolov8_msgs': CMAKE_PREFIX_PATH=${CMAKE_PREFIX_PATH}:/home/mtrn/4231/ws_moveit2/install/moveit_configs_utils:/home/mtrn/4231/ws_moveit2/install/launch_param_builder:/opt/ros/humble /home/mtrn/.local/bin/cmake /home/mtrn/A2_project/A2_Project/Computer_Vision/packages/src/yolo_ros/yolov8_msgs -DCMAKE_INSTALL_PREFIX=/home/mtrn/A2_project/A2_Project/Computer_Vision/packages/install/yolov8_msgs
[0.952s] -- The C compiler identification is GNU 11.4.0
[1.068s] -- The CXX compiler identification is GNU 11.4.0
[1.132s] -- Detecting C compiler ABI info
[1.369s] -- Detecting C compiler ABI info - done
[1.398s] -- Check for working C compiler: /usr/bin/cc - skipped
[1.399s] -- Detecting C compile features
[1.400s] -- Detecting C compile features - done
[1.429s] -- Detecting CXX compiler ABI info
[1.676s] -- Detecting CXX compiler ABI info - done
[1.704s] -- Check for working CXX compiler: /usr/bin/c++ - skipped
[1.705s] -- Detecting CXX compile features
[1.705s] -- Detecting CXX compile features - done
[1.718s] -- Found ament_cmake: 1.3.5 (/opt/ros/humble/share/ament_cmake/cmake)
[2.675s] -- Found Python3: /usr/bin/python3.10 (found version "3.10.12") found components: Interpreter 
[2.899s] -- Found rosidl_default_generators: 1.2.0 (/opt/ros/humble/share/rosidl_default_generators/cmake)
[2.930s] -- Using all available rosidl_typesupport_c: rosidl_typesupport_fastrtps_c;rosidl_typesupport_introspection_c
[2.963s] -- Found rosidl_adapter: 3.1.5 (/opt/ros/humble/share/rosidl_adapter/cmake)
[3.094s] -- Using all available rosidl_typesupport_cpp: rosidl_typesupport_fastrtps_cpp;rosidl_typesupport_introspection_cpp
[3.203s] -- Found std_msgs: 4.2.3 (/opt/ros/humble/share/std_msgs/cmake)
[3.319s] -- Found geometry_msgs: 4.2.3 (/opt/ros/humble/share/geometry_msgs/cmake)
[4.363s] -- Found ament_cmake_ros: 0.10.0 (/opt/ros/humble/share/ament_cmake_ros/cmake)
[5.326s] -- Using all available rosidl_typesupport_c: rosidl_typesupport_fastrtps_c;rosidl_typesupport_introspection_c
[6.583s] -- Using all available rosidl_typesupport_cpp: rosidl_typesupport_fastrtps_cpp;rosidl_typesupport_introspection_cpp
[6.587s] [33mCMake Warning (dev) at /opt/ros/humble/share/rosidl_generator_py/cmake/rosidl_generator_py_generate_interfaces.cmake:20 (find_package):
[6.588s]   Policy CMP0148 is not set: The FindPythonInterp and FindPythonLibs modules
[6.588s]   are removed.  Run "cmake --help-policy CMP0148" for policy details.  Use
[6.588s]   the cmake_policy command to set the policy and suppress this warning.
[6.588s] 
[6.589s] Call Stack (most recent call first):
[6.589s]   /opt/ros/humble/share/ament_cmake_core/cmake/core/ament_execute_extensions.cmake:48 (include)
[6.589s]   /opt/ros/humble/share/rosidl_cmake/cmake/rosidl_generate_interfaces.cmake:286 (ament_execute_extensions)
[6.590s]   CMakeLists.txt:10 (rosidl_generate_interfaces)
[6.590s] This warning is for project developers.  Use -Wno-dev to suppress it.
[6.590s] [0m
[6.633s] -- Found PythonInterp: /usr/bin/python3 (found suitable version "3.10.12", minimum required is "3.6") 
[6.653s] -- Found python_cmake_module: 0.10.0 (/opt/ros/humble/share/python_cmake_module/cmake)
[6.654s] [33mCMake Warning (dev) at /opt/ros/humble/share/python_cmake_module/cmake/Modules/FindPythonExtra.cmake:52 (find_package):
[6.654s]   Policy CMP0148 is not set: The FindPythonInterp and FindPythonLibs modules
[6.656s]   are removed.  Run "cmake --help-policy CMP0148" for policy details.  Use
[6.656s]   the cmake_policy command to set the policy and suppress this warning.
[6.656s] 
[6.657s] Call Stack (most recent call first):
[6.657s]   /opt/ros/humble/share/rosidl_generator_py/cmake/rosidl_generator_py_generate_interfaces.cmake:23 (find_package)
[6.657s]   /opt/ros/humble/share/ament_cmake_core/cmake/core/ament_execute_extensions.cmake:48 (include)
[6.657s]   /opt/ros/humble/share/rosidl_cmake/cmake/rosidl_generate_interfaces.cmake:286 (ament_execute_extensions)
[6.658s]   CMakeLists.txt:10 (rosidl_generate_interfaces)
[6.658s] This warning is for project developers.  Use -Wno-dev to suppress it.
[6.658s] [0m
[6.705s] [33mCMake Warning (dev) at /opt/ros/humble/share/python_cmake_module/cmake/Modules/FindPythonExtra.cmake:140 (find_package):
[6.705s]   Policy CMP0148 is not set: The FindPythonInterp and FindPythonLibs modules
[6.705s]   are removed.  Run "cmake --help-policy CMP0148" for policy details.  Use
[6.706s]   the cmake_policy command to set the policy and suppress this warning.
[6.706s] 
[6.706s] Call Stack (most recent call first):
[6.707s]   /opt/ros/humble/share/rosidl_generator_py/cmake/rosidl_generator_py_generate_interfaces.cmake:23 (find_package)
[6.707s]   /opt/ros/humble/share/ament_cmake_core/cmake/core/ament_execute_extensions.cmake:48 (include)
[6.707s]   /opt/ros/humble/share/rosidl_cmake/cmake/rosidl_generate_interfaces.cmake:286 (ament_execute_extensions)
[6.707s]   CMakeLists.txt:10 (rosidl_generate_interfaces)
[6.707s] This warning is for project developers.  Use -Wno-dev to suppress it.
[6.708s] [0m
[6.730s] -- Found PythonLibs: /usr/lib/x86_64-linux-gnu/libpython3.10.so (found suitable version "3.10.12", minimum required is "3.5") 
[6.730s] -- Using PYTHON_EXECUTABLE: /usr/bin/python3
[6.731s] -- Using PYTHON_INCLUDE_DIRS: /usr/include/python3.10
[6.731s] -- Using PYTHON_LIBRARIES: /usr/lib/x86_64-linux-gnu/libpython3.10.so
[6.775s] -- Found PythonExtra: .so  
[7.017s] -- Configuring done (6.2s)
[7.095s] -- Generating done (0.1s)
[7.098s] -- Build files have been written to: /home/mtrn/A2_project/A2_Project/Computer_Vision/packages/build/yolov8_msgs
