[1.203s] Invoking command in '/home/mtrn/4231/A2_Project/Computer_Vision/src/image_warper': PYTHONPATH=/home/mtrn/4231/A2_Project/Computer_Vision/src/build/image_warper/prefix_override:/home/mtrn/4231/A2_Project/Computer_Vision/src/install/image_warper/lib/python3.10/site-packages:${PYTHONPATH} /usr/bin/python3 setup.py egg_info --egg-base ../build/image_warper build --build-base /home/mtrn/4231/A2_Project/Computer_Vision/src/build/image_warper/build install --record /home/mtrn/4231/A2_Project/Computer_Vision/src/build/image_warper/install.log --single-version-externally-managed
[1.542s] running egg_info
[1.543s] creating ../build/image_warper/image_warper.egg-info
[1.543s] writing ../build/image_warper/image_warper.egg-info/PKG-INFO
[1.545s] writing dependency_links to ../build/image_warper/image_warper.egg-info/dependency_links.txt
[1.545s] writing entry points to ../build/image_warper/image_warper.egg-info/entry_points.txt
[1.545s] writing requirements to ../build/image_warper/image_warper.egg-info/requires.txt
[1.545s] writing top-level names to ../build/image_warper/image_warper.egg-info/top_level.txt
[1.545s] writing manifest file '../build/image_warper/image_warper.egg-info/SOURCES.txt'
[1.546s] reading manifest file '../build/image_warper/image_warper.egg-info/SOURCES.txt'
[1.547s] writing manifest file '../build/image_warper/image_warper.egg-info/SOURCES.txt'
[1.547s] running build
[1.548s] running build_py
[1.548s] creating /home/mtrn/4231/A2_Project/Computer_Vision/src/build/image_warper/build
[1.548s] creating /home/mtrn/4231/A2_Project/Computer_Vision/src/build/image_warper/build/lib
[1.548s] creating /home/mtrn/4231/A2_Project/Computer_Vision/src/build/image_warper/build/lib/image_warper
[1.548s] copying image_warper/image_warper.py -> /home/mtrn/4231/A2_Project/Computer_Vision/src/build/image_warper/build/lib/image_warper
[1.548s] copying image_warper/__init__.py -> /home/mtrn/4231/A2_Project/Computer_Vision/src/build/image_warper/build/lib/image_warper
[1.548s] running install
[1.549s] /usr/lib/python3/dist-packages/setuptools/command/install.py:34: SetuptoolsDeprecationWarning: setup.py install is deprecated. Use build and pip and other standards-based tools.
[1.549s]   warnings.warn(
[1.549s] running install_lib
[1.550s] creating /home/mtrn/4231/A2_Project/Computer_Vision/src/install/image_warper/lib/python3.10/site-packages/image_warper
[1.550s] copying /home/mtrn/4231/A2_Project/Computer_Vision/src/build/image_warper/build/lib/image_warper/image_warper.py -> /home/mtrn/4231/A2_Project/Computer_Vision/src/install/image_warper/lib/python3.10/site-packages/image_warper
[1.550s] copying /home/mtrn/4231/A2_Project/Computer_Vision/src/build/image_warper/build/lib/image_warper/__init__.py -> /home/mtrn/4231/A2_Project/Computer_Vision/src/install/image_warper/lib/python3.10/site-packages/image_warper
[1.551s] byte-compiling /home/mtrn/4231/A2_Project/Computer_Vision/src/install/image_warper/lib/python3.10/site-packages/image_warper/image_warper.py to image_warper.cpython-310.pyc
[1.551s] byte-compiling /home/mtrn/4231/A2_Project/Computer_Vision/src/install/image_warper/lib/python3.10/site-packages/image_warper/__init__.py to __init__.cpython-310.pyc
[1.552s] running install_data
[1.552s] creating /home/mtrn/4231/A2_Project/Computer_Vision/src/install/image_warper/share/ament_index
[1.552s] creating /home/mtrn/4231/A2_Project/Computer_Vision/src/install/image_warper/share/ament_index/resource_index
[1.553s] creating /home/mtrn/4231/A2_Project/Computer_Vision/src/install/image_warper/share/ament_index/resource_index/packages
[1.553s] copying resource/image_warper -> /home/mtrn/4231/A2_Project/Computer_Vision/src/install/image_warper/share/ament_index/resource_index/packages
[1.553s] copying package.xml -> /home/mtrn/4231/A2_Project/Computer_Vision/src/install/image_warper/share/image_warper
[1.553s] running install_egg_info
[1.555s] Copying ../build/image_warper/image_warper.egg-info to /home/mtrn/4231/A2_Project/Computer_Vision/src/install/image_warper/lib/python3.10/site-packages/image_warper-0.0.0-py3.10.egg-info
[1.556s] running install_scripts
[1.586s] Installing image_warper script to /home/mtrn/4231/A2_Project/Computer_Vision/src/install/image_warper/lib/image_warper
[1.586s] writing list of installed files to '/home/mtrn/4231/A2_Project/Computer_Vision/src/build/image_warper/install.log'
[1.630s] Invoked command in '/home/mtrn/4231/A2_Project/Computer_Vision/src/image_warper' returned '0': PYTHONPATH=/home/mtrn/4231/A2_Project/Computer_Vision/src/build/image_warper/prefix_override:/home/mtrn/4231/A2_Project/Computer_Vision/src/install/image_warper/lib/python3.10/site-packages:${PYTHONPATH} /usr/bin/python3 setup.py egg_info --egg-base ../build/image_warper build --build-base /home/mtrn/4231/A2_Project/Computer_Vision/src/build/image_warper/build install --record /home/mtrn/4231/A2_Project/Computer_Vision/src/build/image_warper/install.log --single-version-externally-managed
