[0.625s] DEBUG:colcon:Command line arguments: ['/usr/bin/colcon', 'build']
[0.626s] DEBUG:colcon:Parsed command line arguments: Namespace(log_base=None, log_level=None, verb_name='build', build_base='build', install_base='install', merge_install=False, symlink_install=False, test_result_base=None, continue_on_error=False, executor='parallel', parallel_workers=6, event_handlers=None, ignore_user_meta=False, metas=['./colcon.meta'], base_paths=['.'], packages_ignore=None, packages_ignore_regex=None, paths=None, packages_up_to=None, packages_up_to_regex=None, packages_above=None, packages_above_and_dependencies=None, packages_above_depth=None, packages_select_by_dep=None, packages_skip_by_dep=None, packages_skip_up_to=None, packages_select_build_failed=False, packages_skip_build_finished=False, packages_select_test_failures=False, packages_skip_test_passed=False, packages_select=None, packages_skip=None, packages_select_regex=None, packages_skip_regex=None, packages_start=None, packages_end=None, allow_overriding=[], cmake_args=None, cmake_target=None, cmake_target_skip_unavailable=False, cmake_clean_cache=False, cmake_clean_first=False, cmake_force_configure=False, ament_cmake_args=None, catkin_cmake_args=None, catkin_skip_building_tests=False, mixin_files=None, mixin=None, verb_parser=<colcon_mixin.mixin.mixin_argument.MixinArgumentDecorator object at 0x7f3334e26fe0>, verb_extension=<colcon_core.verb.build.BuildVerb object at 0x7f3334fa7b20>, main=<bound method BuildVerb.main of <colcon_core.verb.build.BuildVerb object at 0x7f3334fa7b20>>, mixin_verb=('build',))
[0.674s] Level 1:colcon.colcon_core.package_discovery:discover_packages(colcon_meta) check parameters
[0.674s] Level 1:colcon.colcon_core.package_discovery:discover_packages(recursive) check parameters
[0.674s] Level 1:colcon.colcon_core.package_discovery:discover_packages(ignore) check parameters
[0.674s] Level 1:colcon.colcon_core.package_discovery:discover_packages(path) check parameters
[0.674s] Level 1:colcon.colcon_core.package_discovery:discover_packages(colcon_meta) discover
[0.674s] Level 1:colcon.colcon_core.package_discovery:discover_packages(recursive) discover
[0.674s] INFO:colcon.colcon_core.package_discovery:Crawling recursively for packages in '/home/mtrn/4231/A2_Project/Computer_Vision/packages'
[0.674s] Level 1:colcon.colcon_core.package_identification:_identify(.) by extensions ['ignore', 'ignore_ament_install']
[0.674s] Level 1:colcon.colcon_core.package_identification:_identify(.) by extension 'ignore'
[0.675s] Level 1:colcon.colcon_core.package_identification:_identify(.) by extension 'ignore_ament_install'
[0.675s] Level 1:colcon.colcon_core.package_identification:_identify(.) by extensions ['colcon_pkg']
[0.675s] Level 1:colcon.colcon_core.package_identification:_identify(.) by extension 'colcon_pkg'
[0.675s] Level 1:colcon.colcon_core.package_identification:_identify(.) by extensions ['colcon_meta']
[0.675s] Level 1:colcon.colcon_core.package_identification:_identify(.) by extension 'colcon_meta'
[0.675s] Level 1:colcon.colcon_core.package_identification:_identify(.) by extensions ['ros']
[0.675s] Level 1:colcon.colcon_core.package_identification:_identify(.) by extension 'ros'
[0.693s] Level 1:colcon.colcon_core.package_identification:_identify(.) by extensions ['cmake', 'python']
[0.693s] Level 1:colcon.colcon_core.package_identification:_identify(.) by extension 'cmake'
[0.693s] Level 1:colcon.colcon_core.package_identification:_identify(.) by extension 'python'
[0.693s] Level 1:colcon.colcon_core.package_identification:_identify(.) by extensions ['python_setup_py']
[0.693s] Level 1:colcon.colcon_core.package_identification:_identify(.) by extension 'python_setup_py'
[0.694s] Level 1:colcon.colcon_core.package_identification:_identify(build) by extensions ['ignore', 'ignore_ament_install']
[0.694s] Level 1:colcon.colcon_core.package_identification:_identify(build) by extension 'ignore'
[0.694s] Level 1:colcon.colcon_core.package_identification:_identify(build) ignored
[0.694s] Level 1:colcon.colcon_core.package_identification:_identify(install) by extensions ['ignore', 'ignore_ament_install']
[0.694s] Level 1:colcon.colcon_core.package_identification:_identify(install) by extension 'ignore'
[0.694s] Level 1:colcon.colcon_core.package_identification:_identify(install) ignored
[0.695s] Level 1:colcon.colcon_core.package_identification:_identify(log) by extensions ['ignore', 'ignore_ament_install']
[0.695s] Level 1:colcon.colcon_core.package_identification:_identify(log) by extension 'ignore'
[0.695s] Level 1:colcon.colcon_core.package_identification:_identify(log) ignored
[0.695s] Level 1:colcon.colcon_core.package_identification:_identify(src) by extensions ['ignore', 'ignore_ament_install']
[0.695s] Level 1:colcon.colcon_core.package_identification:_identify(src) by extension 'ignore'
[0.695s] Level 1:colcon.colcon_core.package_identification:_identify(src) by extension 'ignore_ament_install'
[0.695s] Level 1:colcon.colcon_core.package_identification:_identify(src) by extensions ['colcon_pkg']
[0.695s] Level 1:colcon.colcon_core.package_identification:_identify(src) by extension 'colcon_pkg'
[0.696s] Level 1:colcon.colcon_core.package_identification:_identify(src) by extensions ['colcon_meta']
[0.696s] Level 1:colcon.colcon_core.package_identification:_identify(src) by extension 'colcon_meta'
[0.696s] Level 1:colcon.colcon_core.package_identification:_identify(src) by extensions ['ros']
[0.696s] Level 1:colcon.colcon_core.package_identification:_identify(src) by extension 'ros'
[0.696s] Level 1:colcon.colcon_core.package_identification:_identify(src) by extensions ['cmake', 'python']
[0.696s] Level 1:colcon.colcon_core.package_identification:_identify(src) by extension 'cmake'
[0.696s] Level 1:colcon.colcon_core.package_identification:_identify(src) by extension 'python'
[0.696s] Level 1:colcon.colcon_core.package_identification:_identify(src) by extensions ['python_setup_py']
[0.696s] Level 1:colcon.colcon_core.package_identification:_identify(src) by extension 'python_setup_py'
[0.696s] Level 1:colcon.colcon_core.package_identification:_identify(src/image_warper) by extensions ['ignore', 'ignore_ament_install']
[0.696s] Level 1:colcon.colcon_core.package_identification:_identify(src/image_warper) by extension 'ignore'
[0.697s] Level 1:colcon.colcon_core.package_identification:_identify(src/image_warper) by extension 'ignore_ament_install'
[0.697s] Level 1:colcon.colcon_core.package_identification:_identify(src/image_warper) by extensions ['colcon_pkg']
[0.697s] Level 1:colcon.colcon_core.package_identification:_identify(src/image_warper) by extension 'colcon_pkg'
[0.697s] Level 1:colcon.colcon_core.package_identification:_identify(src/image_warper) by extensions ['colcon_meta']
[0.697s] Level 1:colcon.colcon_core.package_identification:_identify(src/image_warper) by extension 'colcon_meta'
[0.697s] Level 1:colcon.colcon_core.package_identification:_identify(src/image_warper) by extensions ['ros']
[0.697s] Level 1:colcon.colcon_core.package_identification:_identify(src/image_warper) by extension 'ros'
[0.701s] DEBUG:colcon.colcon_core.package_identification:Package 'src/image_warper' with type 'ros.ament_python' and name 'image_warper'
[0.701s] Level 1:colcon.colcon_core.package_identification:_identify(src/yolov8_node) by extensions ['ignore', 'ignore_ament_install']
[0.701s] Level 1:colcon.colcon_core.package_identification:_identify(src/yolov8_node) by extension 'ignore'
[0.701s] Level 1:colcon.colcon_core.package_identification:_identify(src/yolov8_node) by extension 'ignore_ament_install'
[0.702s] Level 1:colcon.colcon_core.package_identification:_identify(src/yolov8_node) by extensions ['colcon_pkg']
[0.702s] Level 1:colcon.colcon_core.package_identification:_identify(src/yolov8_node) by extension 'colcon_pkg'
[0.702s] Level 1:colcon.colcon_core.package_identification:_identify(src/yolov8_node) by extensions ['colcon_meta']
[0.702s] Level 1:colcon.colcon_core.package_identification:_identify(src/yolov8_node) by extension 'colcon_meta'
[0.702s] Level 1:colcon.colcon_core.package_identification:_identify(src/yolov8_node) by extensions ['ros']
[0.702s] Level 1:colcon.colcon_core.package_identification:_identify(src/yolov8_node) by extension 'ros'
[0.703s] DEBUG:colcon.colcon_core.package_identification:Package 'src/yolov8_node' with type 'ros.ament_python' and name 'yolov8_node'
[0.703s] Level 1:colcon.colcon_core.package_discovery:discover_packages(recursive) using defaults
[0.703s] Level 1:colcon.colcon_core.package_discovery:discover_packages(ignore) discover
[0.703s] Level 1:colcon.colcon_core.package_discovery:discover_packages(ignore) using defaults
[0.703s] Level 1:colcon.colcon_core.package_discovery:discover_packages(path) discover
[0.703s] Level 1:colcon.colcon_core.package_discovery:discover_packages(path) using defaults
[0.754s] Level 1:colcon.colcon_core.package_discovery:discover_packages(prefix_path) check parameters
[0.754s] Level 1:colcon.colcon_core.package_discovery:discover_packages(prefix_path) discover
[0.768s] DEBUG:colcon.colcon_installed_package_information.package_discovery:Found 2 installed packages in /home/mtrn/4231/A2_Project/Computer_Vision/packages/install
[0.771s] DEBUG:colcon.colcon_installed_package_information.package_discovery:Found 7 installed packages in /home/mtrn/4231/ros_ur_driver/install
[0.777s] DEBUG:colcon.colcon_installed_package_information.package_discovery:Found 55 installed packages in /home/mtrn/4231/ws_moveit2/install
[0.783s] DEBUG:colcon.colcon_installed_package_information.package_discovery:Found 341 installed packages in /opt/ros/humble
[0.790s] Level 1:colcon.colcon_core.package_discovery:discover_packages(prefix_path) using defaults
[0.930s] Level 5:colcon.colcon_core.verb:set package 'image_warper' build argument 'cmake_args' from command line to 'None'
[0.930s] Level 5:colcon.colcon_core.verb:set package 'image_warper' build argument 'cmake_target' from command line to 'None'
[0.930s] Level 5:colcon.colcon_core.verb:set package 'image_warper' build argument 'cmake_target_skip_unavailable' from command line to 'False'
[0.930s] Level 5:colcon.colcon_core.verb:set package 'image_warper' build argument 'cmake_clean_cache' from command line to 'False'
[0.930s] Level 5:colcon.colcon_core.verb:set package 'image_warper' build argument 'cmake_clean_first' from command line to 'False'
[0.931s] Level 5:colcon.colcon_core.verb:set package 'image_warper' build argument 'cmake_force_configure' from command line to 'False'
[0.931s] Level 5:colcon.colcon_core.verb:set package 'image_warper' build argument 'ament_cmake_args' from command line to 'None'
[0.931s] Level 5:colcon.colcon_core.verb:set package 'image_warper' build argument 'catkin_cmake_args' from command line to 'None'
[0.931s] Level 5:colcon.colcon_core.verb:set package 'image_warper' build argument 'catkin_skip_building_tests' from command line to 'False'
[0.931s] DEBUG:colcon.colcon_core.verb:Building package 'image_warper' with the following arguments: {'ament_cmake_args': None, 'build_base': '/home/mtrn/4231/A2_Project/Computer_Vision/packages/build/image_warper', 'catkin_cmake_args': None, 'catkin_skip_building_tests': False, 'cmake_args': None, 'cmake_clean_cache': False, 'cmake_clean_first': False, 'cmake_force_configure': False, 'cmake_target': None, 'cmake_target_skip_unavailable': False, 'install_base': '/home/mtrn/4231/A2_Project/Computer_Vision/packages/install/image_warper', 'merge_install': False, 'path': '/home/mtrn/4231/A2_Project/Computer_Vision/packages/src/image_warper', 'symlink_install': False, 'test_result_base': None}
[0.934s] Level 5:colcon.colcon_core.verb:set package 'yolov8_node' build argument 'cmake_args' from command line to 'None'
[0.935s] Level 5:colcon.colcon_core.verb:set package 'yolov8_node' build argument 'cmake_target' from command line to 'None'
[0.935s] Level 5:colcon.colcon_core.verb:set package 'yolov8_node' build argument 'cmake_target_skip_unavailable' from command line to 'False'
[0.935s] Level 5:colcon.colcon_core.verb:set package 'yolov8_node' build argument 'cmake_clean_cache' from command line to 'False'
[0.935s] Level 5:colcon.colcon_core.verb:set package 'yolov8_node' build argument 'cmake_clean_first' from command line to 'False'
[0.935s] Level 5:colcon.colcon_core.verb:set package 'yolov8_node' build argument 'cmake_force_configure' from command line to 'False'
[0.935s] Level 5:colcon.colcon_core.verb:set package 'yolov8_node' build argument 'ament_cmake_args' from command line to 'None'
[0.935s] Level 5:colcon.colcon_core.verb:set package 'yolov8_node' build argument 'catkin_cmake_args' from command line to 'None'
[0.935s] Level 5:colcon.colcon_core.verb:set package 'yolov8_node' build argument 'catkin_skip_building_tests' from command line to 'False'
[0.936s] DEBUG:colcon.colcon_core.verb:Building package 'yolov8_node' with the following arguments: {'ament_cmake_args': None, 'build_base': '/home/mtrn/4231/A2_Project/Computer_Vision/packages/build/yolov8_node', 'catkin_cmake_args': None, 'catkin_skip_building_tests': False, 'cmake_args': None, 'cmake_clean_cache': False, 'cmake_clean_first': False, 'cmake_force_configure': False, 'cmake_target': None, 'cmake_target_skip_unavailable': False, 'install_base': '/home/mtrn/4231/A2_Project/Computer_Vision/packages/install/yolov8_node', 'merge_install': False, 'path': '/home/mtrn/4231/A2_Project/Computer_Vision/packages/src/yolov8_node', 'symlink_install': False, 'test_result_base': None}
[0.938s] INFO:colcon.colcon_core.executor:Executing jobs using 'parallel' executor
[0.950s] DEBUG:colcon.colcon_parallel_executor.executor.parallel:run_until_complete
[0.950s] INFO:colcon.colcon_ros.task.ament_python.build:Building ROS package in '/home/mtrn/4231/A2_Project/Computer_Vision/packages/src/image_warper' with build type 'ament_python'
[0.951s] Level 1:colcon.colcon_core.shell:create_environment_hook('image_warper', 'ament_prefix_path')
[0.963s] INFO:colcon.colcon_core.plugin_system:Skipping extension 'colcon_core.shell.bat': Not used on non-Windows systems
[0.964s] INFO:colcon.colcon_core.shell:Creating environment hook '/home/mtrn/4231/A2_Project/Computer_Vision/packages/install/image_warper/share/image_warper/hook/ament_prefix_path.ps1'
[0.965s] INFO:colcon.colcon_core.shell:Creating environment descriptor '/home/mtrn/4231/A2_Project/Computer_Vision/packages/install/image_warper/share/image_warper/hook/ament_prefix_path.dsv'
[0.966s] INFO:colcon.colcon_core.shell:Creating environment hook '/home/mtrn/4231/A2_Project/Computer_Vision/packages/install/image_warper/share/image_warper/hook/ament_prefix_path.sh'
[0.972s] INFO:colcon.colcon_core.shell:Skip shell extension 'powershell' for command environment: Not usable outside of PowerShell
[0.972s] DEBUG:colcon.colcon_core.shell:Skip shell extension 'dsv' for command environment
[1.001s] INFO:colcon.colcon_ros.task.ament_python.build:Building ROS package in '/home/mtrn/4231/A2_Project/Computer_Vision/packages/src/yolov8_node' with build type 'ament_python'
[1.002s] Level 1:colcon.colcon_core.shell:create_environment_hook('yolov8_node', 'ament_prefix_path')
[1.006s] INFO:colcon.colcon_core.shell:Creating environment hook '/home/mtrn/4231/A2_Project/Computer_Vision/packages/install/yolov8_node/share/yolov8_node/hook/ament_prefix_path.ps1'
[1.008s] INFO:colcon.colcon_core.shell:Creating environment descriptor '/home/mtrn/4231/A2_Project/Computer_Vision/packages/install/yolov8_node/share/yolov8_node/hook/ament_prefix_path.dsv'
[1.010s] INFO:colcon.colcon_core.shell:Creating environment hook '/home/mtrn/4231/A2_Project/Computer_Vision/packages/install/yolov8_node/share/yolov8_node/hook/ament_prefix_path.sh'
[1.015s] INFO:colcon.colcon_core.shell:Skip shell extension 'powershell' for command environment: Not usable outside of PowerShell
[1.015s] DEBUG:colcon.colcon_core.shell:Skip shell extension 'dsv' for command environment
[1.583s] INFO:colcon.colcon_core.task.python.build:Building Python package in '/home/mtrn/4231/A2_Project/Computer_Vision/packages/src/image_warper'
[1.587s] INFO:colcon.colcon_core.shell:Skip shell extension 'powershell' for command environment: Not usable outside of PowerShell
[1.587s] DEBUG:colcon.colcon_core.shell:Skip shell extension 'dsv' for command environment
[2.095s] INFO:colcon.colcon_core.task.python.build:Building Python package in '/home/mtrn/4231/A2_Project/Computer_Vision/packages/src/yolov8_node'
[2.100s] INFO:colcon.colcon_core.shell:Skip shell extension 'powershell' for command environment: Not usable outside of PowerShell
[2.100s] DEBUG:colcon.colcon_core.shell:Skip shell extension 'dsv' for command environment
[2.849s] DEBUG:colcon.colcon_core.event_handler.log_command:Invoking command in '/home/mtrn/4231/A2_Project/Computer_Vision/packages/src/image_warper': PYTHONPATH=/home/mtrn/4231/A2_Project/Computer_Vision/packages/build/image_warper/prefix_override:/home/mtrn/4231/A2_Project/Computer_Vision/packages/install/image_warper/lib/python3.10/site-packages:${PYTHONPATH} /usr/bin/python3 setup.py egg_info --egg-base ../../build/image_warper build --build-base /home/mtrn/4231/A2_Project/Computer_Vision/packages/build/image_warper/build install --record /home/mtrn/4231/A2_Project/Computer_Vision/packages/build/image_warper/install.log --single-version-externally-managed
[2.861s] DEBUG:colcon.colcon_core.event_handler.log_command:Invoking command in '/home/mtrn/4231/A2_Project/Computer_Vision/packages/src/yolov8_node': PYTHONPATH=/home/mtrn/4231/A2_Project/Computer_Vision/packages/build/yolov8_node/prefix_override:/home/mtrn/4231/A2_Project/Computer_Vision/packages/install/yolov8_node/lib/python3.10/site-packages:${PYTHONPATH} /usr/bin/python3 setup.py egg_info --egg-base ../../build/yolov8_node build --build-base /home/mtrn/4231/A2_Project/Computer_Vision/packages/build/yolov8_node/build install --record /home/mtrn/4231/A2_Project/Computer_Vision/packages/build/yolov8_node/install.log --single-version-externally-managed
[3.424s] DEBUG:colcon.colcon_core.event_handler.log_command:Invoked command in '/home/mtrn/4231/A2_Project/Computer_Vision/packages/src/yolov8_node' returned '0': PYTHONPATH=/home/mtrn/4231/A2_Project/Computer_Vision/packages/build/yolov8_node/prefix_override:/home/mtrn/4231/A2_Project/Computer_Vision/packages/install/yolov8_node/lib/python3.10/site-packages:${PYTHONPATH} /usr/bin/python3 setup.py egg_info --egg-base ../../build/yolov8_node build --build-base /home/mtrn/4231/A2_Project/Computer_Vision/packages/build/yolov8_node/build install --record /home/mtrn/4231/A2_Project/Computer_Vision/packages/build/yolov8_node/install.log --single-version-externally-managed
[3.434s] Level 1:colcon.colcon_core.environment:checking '/home/mtrn/4231/A2_Project/Computer_Vision/packages/install/yolov8_node' for CMake module files
[3.435s] Level 1:colcon.colcon_core.environment:checking '/home/mtrn/4231/A2_Project/Computer_Vision/packages/install/yolov8_node' for CMake config files
[3.436s] Level 1:colcon.colcon_core.environment:checking '/home/mtrn/4231/A2_Project/Computer_Vision/packages/install/yolov8_node/lib'
[3.436s] Level 1:colcon.colcon_core.environment:checking '/home/mtrn/4231/A2_Project/Computer_Vision/packages/install/yolov8_node/bin'
[3.436s] Level 1:colcon.colcon_core.environment:checking '/home/mtrn/4231/A2_Project/Computer_Vision/packages/install/yolov8_node/lib/pkgconfig/yolov8_node.pc'
[3.437s] Level 1:colcon.colcon_core.environment:checking '/home/mtrn/4231/A2_Project/Computer_Vision/packages/install/yolov8_node/lib/python3.10/site-packages'
[3.437s] Level 1:colcon.colcon_core.shell:create_environment_hook('yolov8_node', 'pythonpath')
[3.440s] INFO:colcon.colcon_core.shell:Creating environment hook '/home/mtrn/4231/A2_Project/Computer_Vision/packages/install/yolov8_node/share/yolov8_node/hook/pythonpath.ps1'
[3.441s] INFO:colcon.colcon_core.shell:Creating environment descriptor '/home/mtrn/4231/A2_Project/Computer_Vision/packages/install/yolov8_node/share/yolov8_node/hook/pythonpath.dsv'
[3.442s] INFO:colcon.colcon_core.shell:Creating environment hook '/home/mtrn/4231/A2_Project/Computer_Vision/packages/install/yolov8_node/share/yolov8_node/hook/pythonpath.sh'
[3.442s] Level 1:colcon.colcon_core.environment:checking '/home/mtrn/4231/A2_Project/Computer_Vision/packages/install/yolov8_node/bin'
[3.443s] Level 1:colcon.colcon_core.environment:create_environment_scripts_only(yolov8_node)
[3.446s] INFO:colcon.colcon_core.shell:Creating package script '/home/mtrn/4231/A2_Project/Computer_Vision/packages/install/yolov8_node/share/yolov8_node/package.ps1'
[3.448s] INFO:colcon.colcon_core.shell:Creating package descriptor '/home/mtrn/4231/A2_Project/Computer_Vision/packages/install/yolov8_node/share/yolov8_node/package.dsv'
[3.448s] INFO:colcon.colcon_core.shell:Creating package script '/home/mtrn/4231/A2_Project/Computer_Vision/packages/install/yolov8_node/share/yolov8_node/package.sh'
[3.449s] INFO:colcon.colcon_core.shell:Creating package script '/home/mtrn/4231/A2_Project/Computer_Vision/packages/install/yolov8_node/share/yolov8_node/package.bash'
[3.450s] INFO:colcon.colcon_core.shell:Creating package script '/home/mtrn/4231/A2_Project/Computer_Vision/packages/install/yolov8_node/share/yolov8_node/package.zsh'
[3.451s] Level 1:colcon.colcon_core.environment:create_file_with_runtime_dependencies(/home/mtrn/4231/A2_Project/Computer_Vision/packages/install/yolov8_node/share/colcon-core/packages/yolov8_node)
[3.460s] Level 1:colcon.colcon_core.environment:checking '/home/mtrn/4231/A2_Project/Computer_Vision/packages/install/image_warper' for CMake module files
[3.462s] Level 1:colcon.colcon_core.environment:checking '/home/mtrn/4231/A2_Project/Computer_Vision/packages/install/image_warper' for CMake config files
[3.462s] DEBUG:colcon.colcon_core.event_handler.log_command:Invoked command in '/home/mtrn/4231/A2_Project/Computer_Vision/packages/src/image_warper' returned '0': PYTHONPATH=/home/mtrn/4231/A2_Project/Computer_Vision/packages/build/image_warper/prefix_override:/home/mtrn/4231/A2_Project/Computer_Vision/packages/install/image_warper/lib/python3.10/site-packages:${PYTHONPATH} /usr/bin/python3 setup.py egg_info --egg-base ../../build/image_warper build --build-base /home/mtrn/4231/A2_Project/Computer_Vision/packages/build/image_warper/build install --record /home/mtrn/4231/A2_Project/Computer_Vision/packages/build/image_warper/install.log --single-version-externally-managed
[3.463s] Level 1:colcon.colcon_core.environment:checking '/home/mtrn/4231/A2_Project/Computer_Vision/packages/install/image_warper/lib'
[3.463s] Level 1:colcon.colcon_core.environment:checking '/home/mtrn/4231/A2_Project/Computer_Vision/packages/install/image_warper/bin'
[3.463s] Level 1:colcon.colcon_core.environment:checking '/home/mtrn/4231/A2_Project/Computer_Vision/packages/install/image_warper/lib/pkgconfig/image_warper.pc'
[3.464s] Level 1:colcon.colcon_core.environment:checking '/home/mtrn/4231/A2_Project/Computer_Vision/packages/install/image_warper/lib/python3.10/site-packages'
[3.464s] Level 1:colcon.colcon_core.shell:create_environment_hook('image_warper', 'pythonpath')
[3.468s] INFO:colcon.colcon_core.shell:Creating environment hook '/home/mtrn/4231/A2_Project/Computer_Vision/packages/install/image_warper/share/image_warper/hook/pythonpath.ps1'
[3.469s] INFO:colcon.colcon_core.shell:Creating environment descriptor '/home/mtrn/4231/A2_Project/Computer_Vision/packages/install/image_warper/share/image_warper/hook/pythonpath.dsv'
[3.469s] INFO:colcon.colcon_core.shell:Creating environment hook '/home/mtrn/4231/A2_Project/Computer_Vision/packages/install/image_warper/share/image_warper/hook/pythonpath.sh'
[3.470s] Level 1:colcon.colcon_core.environment:checking '/home/mtrn/4231/A2_Project/Computer_Vision/packages/install/image_warper/bin'
[3.470s] Level 1:colcon.colcon_core.environment:create_environment_scripts_only(image_warper)
[3.475s] INFO:colcon.colcon_core.shell:Creating package script '/home/mtrn/4231/A2_Project/Computer_Vision/packages/install/image_warper/share/image_warper/package.ps1'
[3.476s] INFO:colcon.colcon_core.shell:Creating package descriptor '/home/mtrn/4231/A2_Project/Computer_Vision/packages/install/image_warper/share/image_warper/package.dsv'
[3.476s] INFO:colcon.colcon_core.shell:Creating package script '/home/mtrn/4231/A2_Project/Computer_Vision/packages/install/image_warper/share/image_warper/package.sh'
[3.477s] INFO:colcon.colcon_core.shell:Creating package script '/home/mtrn/4231/A2_Project/Computer_Vision/packages/install/image_warper/share/image_warper/package.bash'
[3.478s] INFO:colcon.colcon_core.shell:Creating package script '/home/mtrn/4231/A2_Project/Computer_Vision/packages/install/image_warper/share/image_warper/package.zsh'
[3.479s] Level 1:colcon.colcon_core.environment:create_file_with_runtime_dependencies(/home/mtrn/4231/A2_Project/Computer_Vision/packages/install/image_warper/share/colcon-core/packages/image_warper)
[3.480s] DEBUG:colcon.colcon_parallel_executor.executor.parallel:closing loop
[3.481s] DEBUG:colcon.colcon_parallel_executor.executor.parallel:loop closed
[3.481s] DEBUG:colcon.colcon_parallel_executor.executor.parallel:run_until_complete finished with '0'
[3.481s] DEBUG:colcon.colcon_core.event_reactor:joining thread
[3.496s] INFO:colcon.colcon_core.plugin_system:Skipping extension 'colcon_notification.desktop_notification.terminal_notifier': Not used on non-Darwin systems
[3.496s] INFO:colcon.colcon_core.plugin_system:Skipping extension 'colcon_notification.desktop_notification.win32': Not used on non-Windows systems
[3.496s] INFO:colcon.colcon_notification.desktop_notification:Sending desktop notification using 'notify2'
[3.522s] DEBUG:colcon.colcon_core.event_reactor:joined thread
[3.529s] INFO:colcon.colcon_core.shell:Creating prefix script '/home/mtrn/4231/A2_Project/Computer_Vision/packages/install/local_setup.ps1'
[3.531s] INFO:colcon.colcon_core.shell:Creating prefix util module '/home/mtrn/4231/A2_Project/Computer_Vision/packages/install/_local_setup_util_ps1.py'
[3.535s] INFO:colcon.colcon_core.shell:Creating prefix chain script '/home/mtrn/4231/A2_Project/Computer_Vision/packages/install/setup.ps1'
[3.548s] INFO:colcon.colcon_core.shell:Creating prefix script '/home/mtrn/4231/A2_Project/Computer_Vision/packages/install/local_setup.sh'
[3.549s] INFO:colcon.colcon_core.shell:Creating prefix util module '/home/mtrn/4231/A2_Project/Computer_Vision/packages/install/_local_setup_util_sh.py'
[3.550s] INFO:colcon.colcon_core.shell:Creating prefix chain script '/home/mtrn/4231/A2_Project/Computer_Vision/packages/install/setup.sh'
[3.563s] INFO:colcon.colcon_core.shell:Creating prefix script '/home/mtrn/4231/A2_Project/Computer_Vision/packages/install/local_setup.bash'
[3.564s] INFO:colcon.colcon_core.shell:Creating prefix chain script '/home/mtrn/4231/A2_Project/Computer_Vision/packages/install/setup.bash'
[3.573s] INFO:colcon.colcon_core.shell:Creating prefix script '/home/mtrn/4231/A2_Project/Computer_Vision/packages/install/local_setup.zsh'
[3.573s] INFO:colcon.colcon_core.shell:Creating prefix chain script '/home/mtrn/4231/A2_Project/Computer_Vision/packages/install/setup.zsh'
