-- The C compiler identification is GNU 11.4.0
-- The CXX compiler identification is GNU 11.4.0
-- Detecting C compiler ABI info
-- Detecting C compiler ABI info - done
-- Check for working C compiler: /usr/bin/cc - skipped
-- Detecting C compile features
-- Detecting C compile features - done
-- Detecting CXX compiler ABI info
-- Detecting CXX compiler ABI info - done
-- Check for working CXX compiler: /usr/bin/c++ - skipped
-- Detecting CXX compile features
-- Detecting CXX compile features - done
-- Found ament_cmake: 1.3.5 (/opt/ros/humble/share/ament_cmake/cmake)
-- Found Python3: /usr/bin/python3.10 (found version "3.10.12") found components: Interpreter 
-- Found moveit_ros_planning_interface: 2.5.4 (/home/mtrn/4231/ws_moveit2/install/moveit_ros_planning_interface/share/moveit_ros_planning_interface/cmake)
-- Found Boost: /usr/lib/x86_64-linux-gnu/cmake/Boost-1.74.0/BoostConfig.cmake (found version "1.74.0") found components: date_time filesystem program_options system thread 
-- Found rosidl_generator_c: 3.1.5 (/opt/ros/humble/share/rosidl_generator_c/cmake)
-- Found rosidl_adapter: 3.1.5 (/opt/ros/humble/share/rosidl_adapter/cmake)
-- Found rosidl_generator_cpp: 3.1.5 (/opt/ros/humble/share/rosidl_generator_cpp/cmake)
-- Using all available rosidl_typesupport_c: rosidl_typesupport_fastrtps_c;rosidl_typesupport_introspection_c
-- Using all available rosidl_typesupport_cpp: rosidl_typesupport_fastrtps_cpp;rosidl_typesupport_introspection_cpp
-- Found Boost: /usr/lib/x86_64-linux-gnu/cmake/Boost-1.74.0/BoostConfig.cmake (found version "1.74.0") found components: chrono date_time filesystem iostreams program_options regex serialization system thread 
-- Found parameter_traits: 0.3.6 (/opt/ros/humble/share/parameter_traits/cmake)
-- Found rmw_implementation_cmake: 6.1.1 (/opt/ros/humble/share/rmw_implementation_cmake/cmake)
-- Found rmw_fastrtps_cpp: 6.2.3 (/opt/ros/humble/share/rmw_fastrtps_cpp/cmake)
-- Found OpenSSL: /usr/lib/x86_64-linux-gnu/libcrypto.so (found version "3.0.2")  
-- Found FastRTPS: /opt/ros/humble/include  
-- Using RMW implementation 'rmw_fastrtps_cpp' as default
-- Found Threads: TRUE  
-- Found rclcpp_lifecycle: 16.0.5 (/opt/ros/humble/share/rclcpp_lifecycle/cmake)
-- Found Boost: /usr/lib/x86_64-linux-gnu/cmake/Boost-1.74.0/BoostConfig.cmake (found version "1.74.0") found components: filesystem 
-- library: /usr/lib/x86_64-linux-gnu/libcurl.so
-- Found Eigen3: TRUE (found version "3.4.0") 
-- Ensuring Eigen3 include directory is part of orocos-kdl CMake target
-- Found Boost: /usr/lib/x86_64-linux-gnu/cmake/Boost-1.74.0/BoostConfig.cmake (found version "1.74.0") found components: system filesystem date_time program_options thread chrono 
-- Found Boost: /usr/lib/x86_64-linux-gnu/cmake/Boost-1.74.0/BoostConfig.cmake (found version "1.74.0") found components: thread system filesystem regex date_time program_options 
-- Found Boost: /usr/lib/x86_64-linux-gnu/cmake/Boost-1.74.0/BoostConfig.cmake (found version "1.74.0") found components: system filesystem date_time program_options thread 
-- Found moveit_visual_tools: 4.1.0 (/home/mtrn/4231/ws_moveit2/install/moveit_visual_tools/share/moveit_visual_tools/cmake)
-- Setting OGRE_DIR to: '/opt/ros/humble/share/rviz_ogre_vendor/cmake/../../../opt/rviz_ogre_vendor/lib/OGRE/cmake'
-- Found OGRE
--   static     : OFF
--   components : HLMS;MeshLodGenerator;Overlay;Paging;Property;RTShaderSystem;Terrain;Volume
--   plugins    : Plugin_BSPSceneManager;Plugin_OctreeSceneManager;Plugin_PCZSceneManager;Plugin_ParticleFX;RenderSystem_GL;RenderSystem_GL3Plus;Codec_STBI
--   media      : /opt/ros/humble/opt/rviz_ogre_vendor/share/OGRE/Media
-- OGRE_LIBRARIES: OgreHLMS;OgreMeshLodGenerator;OgreOverlay;OgrePaging;OgreProperty;OgreRTShaderSystem;OgreTerrain;OgreVolume;OgreMain
-- OGRE_LIBRARY_DIRS: /opt/ros/humble/opt/rviz_ogre_vendor/lib
-- OGRE_PLUGINS: Plugin_BSPSceneManager;Plugin_OctreeSceneManager;Plugin_PCZSceneManager;Plugin_ParticleFX;RenderSystem_GL;RenderSystem_GL3Plus;Codec_STBI
-- OGRE_PLUGIN_DIR: /opt/ros/humble/opt/rviz_ogre_vendor/lib/OGRE
-- rviz_ogre_vendor::OgreOverlay for IMPORTED_LOCATION_RELEASE: /opt/ros/humble/opt/rviz_ogre_vendor/lib/libOgreOverlay.so
-- rviz_ogre_vendor::OgreOverlay for IMPORTED_LOCATION_DEBUG: /opt/ros/humble/opt/rviz_ogre_vendor/lib/libOgreOverlay.so
-- rviz_ogre_vendor::OgreMain for IMPORTED_LOCATION_RELEASE: /opt/ros/humble/opt/rviz_ogre_vendor/lib/libOgreMain.so
-- rviz_ogre_vendor::OgreMain for IMPORTED_LOCATION_DEBUG: /opt/ros/humble/opt/rviz_ogre_vendor/lib/libOgreMain.so
-- Could not find freeimage library
-- Found ZLIB: /usr/lib/x86_64-linux-gnu/libz.so (found version "1.2.11")  
-- Found OpenGL: /usr/lib/x86_64-linux-gnu/libOpenGL.so   
-- Found X11: /usr/include   
-- Looking for XOpenDisplay in /usr/lib/x86_64-linux-gnu/libX11.so;/usr/lib/x86_64-linux-gnu/libXext.so
-- Looking for XOpenDisplay in /usr/lib/x86_64-linux-gnu/libX11.so;/usr/lib/x86_64-linux-gnu/libXext.so - found
-- Looking for gethostbyname
-- Looking for gethostbyname - found
-- Looking for connect
-- Looking for connect - found
-- Looking for remove
-- Looking for remove - found
-- Looking for shmat
-- Looking for shmat - found
-- Looking for IceConnectionNumber in ICE
-- Looking for IceConnectionNumber in ICE - found
-- rviz_ogre_vendor::RenderSystem_GL for IMPORTED_LOCATION_RELEASE: _render_system_gl_static_library_abs-NOTFOUND
-- rviz_ogre_vendor::RenderSystem_GL for IMPORTED_LOCATION_DEBUG: _render_system_gl_static_library_abs-NOTFOUND
-- Found control_msgs: 4.4.0 (/opt/ros/humble/share/control_msgs/cmake)
-- Found controller_manager_msgs: 2.30.0 (/opt/ros/humble/share/controller_manager_msgs/cmake)
-- Found ament_lint_auto: 0.12.7 (/opt/ros/humble/share/ament_lint_auto/cmake)
-- Added test 'cppcheck' to perform static code analysis on C / C++ code
-- Configured cppcheck include dirs: $<BUILD_INTERFACE:/home/mtrn/A2_project/A2_Project/src/moveit_ur/include>
-- Configured cppcheck exclude dirs and/or files: 
-- Added test 'flake8' to check Python code syntax and style conventions
-- Added test 'lint_cmake' to check CMake code style
-- Added test 'pep257' to check Python code against some of the docstring style conventions in PEP 257
-- Added test 'uncrustify' to check C / C++ code style
-- Configured uncrustify additional arguments: 
-- Added test 'xmllint' to check XML markup files
-- Configuring done (14.3s)
-- Generating done (0.1s)
-- Build files have been written to: /home/mtrn/A2_project/A2_Project/src/moveit_ur/build/moveit_ur
[ 50%] [32mBuilding CXX object CMakeFiles/moveit_trajectory.dir/src/moveit_trajectory.cpp.o[0m
[01m[K/home/mtrn/A2_project/A2_Project/src/moveit_ur/src/moveit_trajectory.cpp:[m[K In member function ‘[01m[Kvoid moveit_trajectory::move_to_pose_cartesian(std::vector<geometry_msgs::msg::Pose_<std::allocator<void> > >)[m[K’:
[01m[K/home/mtrn/A2_project/A2_Project/src/moveit_ur/src/moveit_trajectory.cpp:261:10:[m[K [01;35m[Kwarning: [m[Kunused variable ‘[01m[Kfraction[m[K’ [[01;35m[K]8;;https://gcc.gnu.org/onlinedocs/gcc/Warning-Options.html#index-Wunused-variable-Wunused-variable]8;;[m[K]
  261 |   double [01;35m[Kfraction[m[K = move_group_interface->computeCartesianPath(waypoints, eef_step, jump_threshold, trajectory);
      |          [01;35m[K^~~~~~~~[m[K
[01m[K/home/mtrn/A2_project/A2_Project/src/moveit_ur/src/moveit_trajectory.cpp:[m[K In member function ‘[01m[Kvoid moveit_trajectory::set_orientation(geometry_msgs::msg::Quaternion)[m[K’:
[01m[K/home/mtrn/A2_project/A2_Project/src/moveit_ur/src/moveit_trajectory.cpp:280:72:[m[K [01;35m[Kwarning: [m[Kunused parameter ‘[01m[Ktarget_orientation[m[K’ [[01;35m[K]8;;https://gcc.gnu.org/onlinedocs/gcc/Warning-Options.html#index-Wunused-parameter-Wunused-parameter]8;;[m[K]
  280 | void moveit_trajectory::set_orientation([01;35m[Kgeometry_msgs::msg::Quaternion target_orientation[m[K) {
      |                                         [01;35m[K~~~~~~~~~~~~~~~~~~~~~~~~~~~~~~~^~~~~~~~~~~~~~~~~~[m[K
[100%] [32m[1mLinking CXX executable moveit_trajectory[0m
[100%] Built target moveit_trajectory
-- Install configuration: ""
-- Installing: /home/mtrn/A2_project/A2_Project/src/moveit_ur/install/moveit_ur/lib/moveit_ur/moveit_trajectory
-- Set runtime path of "/home/mtrn/A2_project/A2_Project/src/moveit_ur/install/moveit_ur/lib/moveit_ur/moveit_trajectory" to ""
-- Installing: /home/mtrn/A2_project/A2_Project/src/moveit_ur/install/moveit_ur/share/moveit_ur//launch
-- Installing: /home/mtrn/A2_project/A2_Project/src/moveit_ur/install/moveit_ur/share/moveit_ur//launch/moveit_trajectory_launch.py
-- Installing: /home/mtrn/A2_project/A2_Project/src/moveit_ur/install/moveit_ur/share/ament_index/resource_index/package_run_dependencies/moveit_ur
-- Installing: /home/mtrn/A2_project/A2_Project/src/moveit_ur/install/moveit_ur/share/ament_index/resource_index/parent_prefix_path/moveit_ur
-- Installing: /home/mtrn/A2_project/A2_Project/src/moveit_ur/install/moveit_ur/share/moveit_ur/environment/ament_prefix_path.sh
-- Installing: /home/mtrn/A2_project/A2_Project/src/moveit_ur/install/moveit_ur/share/moveit_ur/environment/ament_prefix_path.dsv
-- Installing: /home/mtrn/A2_project/A2_Project/src/moveit_ur/install/moveit_ur/share/moveit_ur/environment/path.sh
-- Installing: /home/mtrn/A2_project/A2_Project/src/moveit_ur/install/moveit_ur/share/moveit_ur/environment/path.dsv
-- Installing: /home/mtrn/A2_project/A2_Project/src/moveit_ur/install/moveit_ur/share/moveit_ur/local_setup.bash
-- Installing: /home/mtrn/A2_project/A2_Project/src/moveit_ur/install/moveit_ur/share/moveit_ur/local_setup.sh
-- Installing: /home/mtrn/A2_project/A2_Project/src/moveit_ur/install/moveit_ur/share/moveit_ur/local_setup.zsh
-- Installing: /home/mtrn/A2_project/A2_Project/src/moveit_ur/install/moveit_ur/share/moveit_ur/local_setup.dsv
-- Installing: /home/mtrn/A2_project/A2_Project/src/moveit_ur/install/moveit_ur/share/moveit_ur/package.dsv
-- Installing: /home/mtrn/A2_project/A2_Project/src/moveit_ur/install/moveit_ur/share/ament_index/resource_index/packages/moveit_ur
-- Installing: /home/mtrn/A2_project/A2_Project/src/moveit_ur/install/moveit_ur/share/moveit_ur/cmake/moveit_urConfig.cmake
-- Installing: /home/mtrn/A2_project/A2_Project/src/moveit_ur/install/moveit_ur/share/moveit_ur/cmake/moveit_urConfig-version.cmake
-- Installing: /home/mtrn/A2_project/A2_Project/src/moveit_ur/install/moveit_ur/share/moveit_ur/package.xml
