[ 50%] [32mBuilding CXX object CMakeFiles/subscriber_node.dir/src/subscriber_node.cpp.o[0m
[01m[K/home/mtrn/A2_project/A2_Project/Computer_Vision/packages/src/pizza_pos/src/subscriber_node.cpp:[m[K In member function ‘[01m[Kvoid DetectionSubscriber::callback(yolov8_msgs::msg::DetectionArray_<std::allocator<void> >::SharedPtr)[m[K’:
[01m[K/home/mtrn/A2_project/A2_Project/Computer_Vision/packages/src/pizza_pos/src/subscriber_node.cpp:78:64:[m[K [01;31m[Kerror: [m[Kno matching function for call to ‘[01m[Kstd::vector<cv::Point_<float> >::vector(cv::Point&)[m[K’
   78 |                 std::vector<cv::Point2f> original_points(center[01;31m[K)[m[K;
      |                                                                [01;31m[K^[m[K
In file included from [01m[K/usr/include/c++/11/vector:67[m[K,
                 from [01m[K/usr/include/c++/11/functional:62[m[K,
                 from [01m[K/usr/include/c++/11/pstl/glue_algorithm_defs.h:13[m[K,
                 from [01m[K/usr/include/c++/11/algorithm:74[m[K,
                 from [01m[K/opt/ros/humble/include/rclcpp/rclcpp/executor.hpp:18[m[K,
                 from [01m[K/opt/ros/humble/include/rclcpp/rclcpp/executors/multi_threaded_executor.hpp:25[m[K,
                 from [01m[K/opt/ros/humble/include/rclcpp/rclcpp/executors.hpp:21[m[K,
                 from [01m[K/opt/ros/humble/include/rclcpp/rclcpp/rclcpp.hpp:155[m[K,
                 from [01m[K/home/mtrn/A2_project/A2_Project/Computer_Vision/packages/src/pizza_pos/src/subscriber_node.cpp:1[m[K:
[01m[K/usr/include/c++/11/bits/stl_vector.h:653:9:[m[K [01;36m[Knote: [m[Kcandidate: ‘[01m[Ktemplate<class _InputIterator, class> std::vector<_Tp, _Alloc>::vector(_InputIterator, _InputIterator, const allocator_type&) [with _InputIterator = _InputIterator; <template-parameter-2-2> = <template-parameter-1-2>; _Tp = cv::Point_<float>; _Alloc = std::allocator<cv::Point_<float> >][m[K’
  653 |         [01;36m[Kvector[m[K(_InputIterator __first, _InputIterator __last,
      |         [01;36m[K^~~~~~[m[K
[01m[K/usr/include/c++/11/bits/stl_vector.h:653:9:[m[K [01;36m[Knote: [m[K  template argument deduction/substitution failed:
[01m[K/home/mtrn/A2_project/A2_Project/Computer_Vision/packages/src/pizza_pos/src/subscriber_node.cpp:78:64:[m[K [01;36m[Knote: [m[K  candidate expects 3 arguments, 1 provided
   78 |                 std::vector<cv::Point2f> original_points(center[01;36m[K)[m[K;
      |                                                                [01;36m[K^[m[K
In file included from [01m[K/usr/include/c++/11/vector:67[m[K,
                 from [01m[K/usr/include/c++/11/functional:62[m[K,
                 from [01m[K/usr/include/c++/11/pstl/glue_algorithm_defs.h:13[m[K,
                 from [01m[K/usr/include/c++/11/algorithm:74[m[K,
                 from [01m[K/opt/ros/humble/include/rclcpp/rclcpp/executor.hpp:18[m[K,
                 from [01m[K/opt/ros/humble/include/rclcpp/rclcpp/executors/multi_threaded_executor.hpp:25[m[K,
                 from [01m[K/opt/ros/humble/include/rclcpp/rclcpp/executors.hpp:21[m[K,
                 from [01m[K/opt/ros/humble/include/rclcpp/rclcpp/rclcpp.hpp:155[m[K,
                 from [01m[K/home/mtrn/A2_project/A2_Project/Computer_Vision/packages/src/pizza_pos/src/subscriber_node.cpp:1[m[K:
[01m[K/usr/include/c++/11/bits/stl_vector.h:625:7:[m[K [01;36m[Knote: [m[Kcandidate: ‘[01m[Kstd::vector<_Tp, _Alloc>::vector(std::initializer_list<_Tp>, const allocator_type&) [with _Tp = cv::Point_<float>; _Alloc = std::allocator<cv::Point_<float> >; std::vector<_Tp, _Alloc>::allocator_type = std::allocator<cv::Point_<float> >][m[K’
  625 |       [01;36m[Kvector[m[K(initializer_list<value_type> __l,
      |       [01;36m[K^~~~~~[m[K
[01m[K/usr/include/c++/11/bits/stl_vector.h:625:43:[m[K [01;36m[Knote: [m[K  no known conversion for argument 1 from ‘[01m[Kcv::Point[m[K’ {aka ‘[01m[Kcv::Point_<int>[m[K’} to ‘[01m[Kstd::initializer_list<cv::Point_<float> >[m[K’
  625 |       vector([01;36m[Kinitializer_list<value_type> __l[m[K,
      |              [01;36m[K~~~~~~~~~~~~~~~~~~~~~~~~~~~~~^~~[m[K
[01m[K/usr/include/c++/11/bits/stl_vector.h:607:7:[m[K [01;36m[Knote: [m[Kcandidate: ‘[01m[Kstd::vector<_Tp, _Alloc>::vector(std::vector<_Tp, _Alloc>&&, const allocator_type&) [with _Tp = cv::Point_<float>; _Alloc = std::allocator<cv::Point_<float> >; std::vector<_Tp, _Alloc>::allocator_type = std::allocator<cv::Point_<float> >][m[K’
  607 |       [01;36m[Kvector[m[K(vector&& __rv, const allocator_type& __m)
      |       [01;36m[K^~~~~~[m[K
[01m[K/usr/include/c++/11/bits/stl_vector.h:607:7:[m[K [01;36m[Knote: [m[K  candidate expects 2 arguments, 1 provided
[01m[K/usr/include/c++/11/bits/stl_vector.h:589:7:[m[K [01;36m[Knote: [m[Kcandidate: ‘[01m[Kstd::vector<_Tp, _Alloc>::vector(std::vector<_Tp, _Alloc>&&, const allocator_type&, std::false_type) [with _Tp = cv::Point_<float>; _Alloc = std::allocator<cv::Point_<float> >; std::vector<_Tp, _Alloc>::allocator_type = std::allocator<cv::Point_<float> >; std::false_type = std::integral_constant<bool, false>][m[K’
  589 |       [01;36m[Kvector[m[K(vector&& __rv, const allocator_type& __m, false_type)
      |       [01;36m[K^~~~~~[m[K
[01m[K/usr/include/c++/11/bits/stl_vector.h:589:7:[m[K [01;36m[Knote: [m[K  candidate expects 3 arguments, 1 provided
[01m[K/usr/include/c++/11/bits/stl_vector.h:585:7:[m[K [01;36m[Knote: [m[Kcandidate: ‘[01m[Kstd::vector<_Tp, _Alloc>::vector(std::vector<_Tp, _Alloc>&&, const allocator_type&, std::true_type) [with _Tp = cv::Point_<float>; _Alloc = std::allocator<cv::Point_<float> >; std::vector<_Tp, _Alloc>::allocator_type = std::allocator<cv::Point_<float> >; std::true_type = std::integral_constant<bool, true>][m[K’
  585 |       [01;36m[Kvector[m[K(vector&& __rv, const allocator_type& __m, true_type) noexcept
      |       [01;36m[K^~~~~~[m[K
[01m[K/usr/include/c++/11/bits/stl_vector.h:585:7:[m[K [01;36m[Knote: [m[K  candidate expects 3 arguments, 1 provided
[01m[K/usr/include/c++/11/bits/stl_vector.h:575:7:[m[K [01;36m[Knote: [m[Kcandidate: ‘[01m[Kstd::vector<_Tp, _Alloc>::vector(const std::vector<_Tp, _Alloc>&, const allocator_type&) [with _Tp = cv::Point_<float>; _Alloc = std::allocator<cv::Point_<float> >; std::vector<_Tp, _Alloc>::allocator_type = std::allocator<cv::Point_<float> >][m[K’
  575 |       [01;36m[Kvector[m[K(const vector& __x, const allocator_type& __a)
      |       [01;36m[K^~~~~~[m[K
[01m[K/usr/include/c++/11/bits/stl_vector.h:575:7:[m[K [01;36m[Knote: [m[K  candidate expects 2 arguments, 1 provided
[01m[K/usr/include/c++/11/bits/stl_vector.h:572:7:[m[K [01;36m[Knote: [m[Kcandidate: ‘[01m[Kstd::vector<_Tp, _Alloc>::vector(std::vector<_Tp, _Alloc>&&) [with _Tp = cv::Point_<float>; _Alloc = std::allocator<cv::Point_<float> >][m[K’
  572 |       [01;36m[Kvector[m[K(vector&&) noexcept = default;
      |       [01;36m[K^~~~~~[m[K
[01m[K/usr/include/c++/11/bits/stl_vector.h:572:14:[m[K [01;36m[Knote: [m[K  no known conversion for argument 1 from ‘[01m[Kcv::Point[m[K’ {aka ‘[01m[Kcv::Point_<int>[m[K’} to ‘[01m[Kstd::vector<cv::Point_<float> >&&[m[K’
  572 |       vector([01;36m[Kvector&&[m[K) noexcept = default;
      |              [01;36m[K^~~~~~~~[m[K
[01m[K/usr/include/c++/11/bits/stl_vector.h:553:7:[m[K [01;36m[Knote: [m[Kcandidate: ‘[01m[Kstd::vector<_Tp, _Alloc>::vector(const std::vector<_Tp, _Alloc>&) [with _Tp = cv::Point_<float>; _Alloc = std::allocator<cv::Point_<float> >][m[K’
  553 |       [01;36m[Kvector[m[K(const vector& __x)
      |       [01;36m[K^~~~~~[m[K
[01m[K/usr/include/c++/11/bits/stl_vector.h:553:28:[m[K [01;36m[Knote: [m[K  no known conversion for argument 1 from ‘[01m[Kcv::Point[m[K’ {aka ‘[01m[Kcv::Point_<int>[m[K’} to ‘[01m[Kconst std::vector<cv::Point_<float> >&[m[K’
  553 |       vector([01;36m[Kconst vector& __x[m[K)
      |              [01;36m[K~~~~~~~~~~~~~~^~~[m[K
[01m[K/usr/include/c++/11/bits/stl_vector.h:522:7:[m[K [01;36m[Knote: [m[Kcandidate: ‘[01m[Kstd::vector<_Tp, _Alloc>::vector(std::vector<_Tp, _Alloc>::size_type, const value_type&, const allocator_type&) [with _Tp = cv::Point_<float>; _Alloc = std::allocator<cv::Point_<float> >; std::vector<_Tp, _Alloc>::size_type = long unsigned int; std::vector<_Tp, _Alloc>::value_type = cv::Point_<float>; std::vector<_Tp, _Alloc>::allocator_type = std::allocator<cv::Point_<float> >][m[K’
  522 |       [01;36m[Kvector[m[K(size_type __n, const value_type& __value,
      |       [01;36m[K^~~~~~[m[K
[01m[K/usr/include/c++/11/bits/stl_vector.h:522:7:[m[K [01;36m[Knote: [m[K  candidate expects 3 arguments, 1 provided
[01m[K/usr/include/c++/11/bits/stl_vector.h:510:7:[m[K [01;36m[Knote: [m[Kcandidate: ‘[01m[Kstd::vector<_Tp, _Alloc>::vector(std::vector<_Tp, _Alloc>::size_type, const allocator_type&) [with _Tp = cv::Point_<float>; _Alloc = std::allocator<cv::Point_<float> >; std::vector<_Tp, _Alloc>::size_type = long unsigned int; std::vector<_Tp, _Alloc>::allocator_type = std::allocator<cv::Point_<float> >][m[K’
  510 |       [01;36m[Kvector[m[K(size_type __n, const allocator_type& __a = allocator_type())
      |       [01;36m[K^~~~~~[m[K
[01m[K/usr/include/c++/11/bits/stl_vector.h:510:24:[m[K [01;36m[Knote: [m[K  no known conversion for argument 1 from ‘[01m[Kcv::Point[m[K’ {aka ‘[01m[Kcv::Point_<int>[m[K’} to ‘[01m[Kstd::vector<cv::Point_<float> >::size_type[m[K’ {aka ‘[01m[Klong unsigned int[m[K’}
  510 |       vector([01;36m[Ksize_type __n[m[K, const allocator_type& __a = allocator_type())
      |              [01;36m[K~~~~~~~~~~^~~[m[K
[01m[K/usr/include/c++/11/bits/stl_vector.h:497:7:[m[K [01;36m[Knote: [m[Kcandidate: ‘[01m[Kstd::vector<_Tp, _Alloc>::vector(const allocator_type&) [with _Tp = cv::Point_<float>; _Alloc = std::allocator<cv::Point_<float> >; std::vector<_Tp, _Alloc>::allocator_type = std::allocator<cv::Point_<float> >][m[K’
  497 |       [01;36m[Kvector[m[K(const allocator_type& __a) _GLIBCXX_NOEXCEPT
      |       [01;36m[K^~~~~~[m[K
[01m[K/usr/include/c++/11/bits/stl_vector.h:497:36:[m[K [01;36m[Knote: [m[K  no known conversion for argument 1 from ‘[01m[Kcv::Point[m[K’ {aka ‘[01m[Kcv::Point_<int>[m[K’} to ‘[01m[Kconst allocator_type&[m[K’ {aka ‘[01m[Kconst std::allocator<cv::Point_<float> >&[m[K’}
  497 |       vector([01;36m[Kconst allocator_type& __a[m[K) _GLIBCXX_NOEXCEPT
      |              [01;36m[K~~~~~~~~~~~~~~~~~~~~~~^~~[m[K
[01m[K/usr/include/c++/11/bits/stl_vector.h:487:7:[m[K [01;36m[Knote: [m[Kcandidate: ‘[01m[Kstd::vector<_Tp, _Alloc>::vector() [with _Tp = cv::Point_<float>; _Alloc = std::allocator<cv::Point_<float> >][m[K’
  487 |       [01;36m[Kvector[m[K() = default;
      |       [01;36m[K^~~~~~[m[K
[01m[K/usr/include/c++/11/bits/stl_vector.h:487:7:[m[K [01;36m[Knote: [m[K  candidate expects 0 arguments, 1 provided
gmake[2]: *** [CMakeFiles/subscriber_node.dir/build.make:76: CMakeFiles/subscriber_node.dir/src/subscriber_node.cpp.o] Error 1
gmake[1]: *** [CMakeFiles/Makefile2:137: CMakeFiles/subscriber_node.dir/all] Error 2
gmake: *** [Makefile:146: all] Error 2
