[0.071s] Invoking command in '/home/mtrn/A2_project/A2_Project/Computer_Vision/packages/build/pizza_pos': AMENT_PREFIX_PATH=/home/mtrn/A2_project/A2_Project/Computer_Vision/packages/install/yolov8_ros:/home/mtrn/A2_project/A2_Project/Computer_Vision/packages/install/yolov8_bringup:/home/mtrn/A2_project/A2_Project/Computer_Vision/packages/install/pizza_pos:/home/mtrn/A2_project/A2_Project/Computer_Vision/packages/install/yolov8_msgs:/home/mtrn/A2_project/A2_Project/Computer_Vision/packages/install/image_warper:/home/mtrn/A2_project/A2_Project/src/moveit_ur/install/moveit_ur:/home/mtrn/4231/ws_moveit2/install/pilz_industrial_motion_planner_testutils:/home/mtrn/4231/ws_moveit2/install/moveit_runtime:/home/mtrn/4231/ws_moveit2/install/moveit2_tutorials:/home/mtrn/4231/ws_moveit2/install/moveit:/home/mtrn/4231/ws_moveit2/install/moveit_planners:/home/mtrn/4231/ws_moveit2/install/pilz_industrial_motion_planner:/home/mtrn/4231/ws_moveit2/install/moveit_visual_tools:/home/mtrn/4231/ws_moveit2/install/moveit_task_constructor_visualization:/home/mtrn/4231/ws_moveit2/install/moveit_task_constructor_demo:/home/mtrn/4231/ws_moveit2/install/moveit_task_constructor_capabilities:/home/mtrn/4231/ws_moveit2/install/moveit_task_constructor_core:/home/mtrn/4231/ws_moveit2/install/moveit_ros_control_interface:/home/mtrn/4231/ws_moveit2/install/moveit_plugins:/home/mtrn/4231/ws_moveit2/install/moveit_simple_controller_manager:/home/mtrn/4231/ws_moveit2/install/moveit_setup_assistant:/home/mtrn/4231/ws_moveit2/install/moveit_setup_srdf_plugins:/home/mtrn/4231/ws_moveit2/install/moveit_setup_core_plugins:/home/mtrn/4231/ws_moveit2/install/moveit_setup_controllers:/home/mtrn/4231/ws_moveit2/install/moveit_setup_app_plugins:/home/mtrn/4231/ws_moveit2/install/moveit_setup_framework:/home/mtrn/4231/ws_moveit2/install/moveit_servo:/home/mtrn/4231/ws_moveit2/install/moveit_ros:/home/mtrn/4231/ws_moveit2/install/moveit_ros_visualization:/home/mtrn/4231/ws_moveit2/install/moveit_hybrid_planning:/home/mtrn/4231/ws_moveit2/install/moveit_ros_planning_interface:/home/mtrn/4231/ws_moveit2/install/moveit_ros_benchmarks:/home/mtrn/4231/ws_moveit2/install/moveit_ros_warehouse:/home/mtrn/4231/ws_moveit2/install/moveit_ros_robot_interaction:/home/mtrn/4231/ws_moveit2/install/moveit_ros_perception:/home/mtrn/4231/ws_moveit2/install/moveit_resources_prbt_pg70_support:/home/mtrn/4231/ws_moveit2/install/moveit_resources_prbt_moveit_config:/home/mtrn/4231/ws_moveit2/install/moveit_ros_move_group:/home/mtrn/4231/ws_moveit2/install/moveit_planners_ompl:/home/mtrn/4231/ws_moveit2/install/moveit_ros_planning:/home/mtrn/4231/ws_moveit2/install/moveit_ros_occupancy_map_monitor:/home/mtrn/4231/ws_moveit2/install/moveit_resources_prbt_ikfast_manipulator_plugin:/home/mtrn/4231/ws_moveit2/install/moveit_planners_chomp:/home/mtrn/4231/ws_moveit2/install/moveit_kinematics:/home/mtrn/4231/ws_moveit2/install/moveit_chomp_optimizer_adapter:/home/mtrn/4231/ws_moveit2/install/chomp_motion_planner:/home/mtrn/4231/ws_moveit2/install/moveit_core:/home/mtrn/4231/ws_moveit2/install/moveit_configs_utils:/home/mtrn/4231/ws_moveit2/install/srdfdom:/home/mtrn/4231/ws_moveit2/install/rviz_marker_tools:/home/mtrn/4231/ws_moveit2/install/rosparam_shortcuts:/home/mtrn/4231/ws_moveit2/install/moveit_task_constructor_msgs:/home/mtrn/4231/ws_moveit2/install/moveit_resources_prbt_support:/home/mtrn/4231/ws_moveit2/install/moveit_resources:/home/mtrn/4231/ws_moveit2/install/moveit_resources_pr2_description:/home/mtrn/4231/ws_moveit2/install/moveit_resources_panda_moveit_config:/home/mtrn/4231/ws_moveit2/install/moveit_resources_panda_description:/home/mtrn/4231/ws_moveit2/install/moveit_resources_fanuc_moveit_config:/home/mtrn/4231/ws_moveit2/install/moveit_resources_fanuc_description:/home/mtrn/4231/ws_moveit2/install/moveit_common:/home/mtrn/4231/ws_moveit2/install/launch_param_builder:/home/mtrn/4231/ros_ur_driver/install/ur:/home/mtrn/4231/ros_ur_driver/install/ur_calibration:/home/mtrn/4231/ros_ur_driver/install/ur_robot_driver:/home/mtrn/4231/ros_ur_driver/install/ur_moveit_config:/home/mtrn/4231/ros_ur_driver/install/ur_bringup:/home/mtrn/4231/ros_ur_driver/install/ur_controllers:/home/mtrn/4231/ros_ur_driver/install/ur_dashboard_msgs:/opt/ros/humble CMAKE_PREFIX_PATH=${CMAKE_PREFIX_PATH}:/home/mtrn/A2_project/A2_Project/Computer_Vision/packages/install/yolov8_ros:/home/mtrn/A2_project/A2_Project/Computer_Vision/packages/install/image_warper:/home/mtrn/4231/ws_moveit2/install/moveit_configs_utils:/home/mtrn/4231/ws_moveit2/install/launch_param_builder:/opt/ros/humble /home/mtrn/.local/bin/cmake --build /home/mtrn/A2_project/A2_Project/Computer_Vision/packages/build/pizza_pos -- -j12 -l12
[0.321s] [ 50%] [32mBuilding CXX object CMakeFiles/subscriber_node.dir/src/subscriber_node.cpp.o[0m
[7.621s] [01m[K/home/mtrn/A2_project/A2_Project/Computer_Vision/packages/src/pizza_pos/src/subscriber_node.cpp:[m[K In member function ‘[01m[Kvoid DetectionSubscriber::callback(yolov8_msgs::msg::DetectionArray_<std::allocator<void> >::SharedPtr)[m[K’:
[7.621s] [01m[K/home/mtrn/A2_project/A2_Project/Computer_Vision/packages/src/pizza_pos/src/subscriber_node.cpp:78:64:[m[K [01;31m[Kerror: [m[Kno matching function for call to ‘[01m[Kstd::vector<cv::Point_<float> >::vector(cv::Point&)[m[K’
[7.621s]    78 |                 std::vector<cv::Point2f> original_points(center[01;31m[K)[m[K;
[7.621s]       |                                                                [01;31m[K^[m[K
[7.622s] In file included from [01m[K/usr/include/c++/11/vector:67[m[K,
[7.622s]                  from [01m[K/usr/include/c++/11/functional:62[m[K,
[7.622s]                  from [01m[K/usr/include/c++/11/pstl/glue_algorithm_defs.h:13[m[K,
[7.622s]                  from [01m[K/usr/include/c++/11/algorithm:74[m[K,
[7.622s]                  from [01m[K/opt/ros/humble/include/rclcpp/rclcpp/executor.hpp:18[m[K,
[7.622s]                  from [01m[K/opt/ros/humble/include/rclcpp/rclcpp/executors/multi_threaded_executor.hpp:25[m[K,
[7.622s]                  from [01m[K/opt/ros/humble/include/rclcpp/rclcpp/executors.hpp:21[m[K,
[7.622s]                  from [01m[K/opt/ros/humble/include/rclcpp/rclcpp/rclcpp.hpp:155[m[K,
[7.622s]                  from [01m[K/home/mtrn/A2_project/A2_Project/Computer_Vision/packages/src/pizza_pos/src/subscriber_node.cpp:1[m[K:
[7.623s] [01m[K/usr/include/c++/11/bits/stl_vector.h:653:9:[m[K [01;36m[Knote: [m[Kcandidate: ‘[01m[Ktemplate<class _InputIterator, class> std::vector<_Tp, _Alloc>::vector(_InputIterator, _InputIterator, const allocator_type&) [with _InputIterator = _InputIterator; <template-parameter-2-2> = <template-parameter-1-2>; _Tp = cv::Point_<float>; _Alloc = std::allocator<cv::Point_<float> >][m[K’
[7.623s]   653 |         [01;36m[Kvector[m[K(_InputIterator __first, _InputIterator __last,
[7.623s]       |         [01;36m[K^~~~~~[m[K
[7.623s] [01m[K/usr/include/c++/11/bits/stl_vector.h:653:9:[m[K [01;36m[Knote: [m[K  template argument deduction/substitution failed:
[7.629s] [01m[K/home/mtrn/A2_project/A2_Project/Computer_Vision/packages/src/pizza_pos/src/subscriber_node.cpp:78:64:[m[K [01;36m[Knote: [m[K  candidate expects 3 arguments, 1 provided
[7.629s]    78 |                 std::vector<cv::Point2f> original_points(center[01;36m[K)[m[K;
[7.629s]       |                                                                [01;36m[K^[m[K
[7.630s] In file included from [01m[K/usr/include/c++/11/vector:67[m[K,
[7.630s]                  from [01m[K/usr/include/c++/11/functional:62[m[K,
[7.630s]                  from [01m[K/usr/include/c++/11/pstl/glue_algorithm_defs.h:13[m[K,
[7.630s]                  from [01m[K/usr/include/c++/11/algorithm:74[m[K,
[7.630s]                  from [01m[K/opt/ros/humble/include/rclcpp/rclcpp/executor.hpp:18[m[K,
[7.630s]                  from [01m[K/opt/ros/humble/include/rclcpp/rclcpp/executors/multi_threaded_executor.hpp:25[m[K,
[7.630s]                  from [01m[K/opt/ros/humble/include/rclcpp/rclcpp/executors.hpp:21[m[K,
[7.631s]                  from [01m[K/opt/ros/humble/include/rclcpp/rclcpp/rclcpp.hpp:155[m[K,
[7.631s]                  from [01m[K/home/mtrn/A2_project/A2_Project/Computer_Vision/packages/src/pizza_pos/src/subscriber_node.cpp:1[m[K:
[7.631s] [01m[K/usr/include/c++/11/bits/stl_vector.h:625:7:[m[K [01;36m[Knote: [m[Kcandidate: ‘[01m[Kstd::vector<_Tp, _Alloc>::vector(std::initializer_list<_Tp>, const allocator_type&) [with _Tp = cv::Point_<float>; _Alloc = std::allocator<cv::Point_<float> >; std::vector<_Tp, _Alloc>::allocator_type = std::allocator<cv::Point_<float> >][m[K’
[7.631s]   625 |       [01;36m[Kvector[m[K(initializer_list<value_type> __l,
[7.631s]       |       [01;36m[K^~~~~~[m[K
[7.631s] [01m[K/usr/include/c++/11/bits/stl_vector.h:625:43:[m[K [01;36m[Knote: [m[K  no known conversion for argument 1 from ‘[01m[Kcv::Point[m[K’ {aka ‘[01m[Kcv::Point_<int>[m[K’} to ‘[01m[Kstd::initializer_list<cv::Point_<float> >[m[K’
[7.631s]   625 |       vector([01;36m[Kinitializer_list<value_type> __l[m[K,
[7.631s]       |              [01;36m[K~~~~~~~~~~~~~~~~~~~~~~~~~~~~~^~~[m[K
[7.631s] [01m[K/usr/include/c++/11/bits/stl_vector.h:607:7:[m[K [01;36m[Knote: [m[Kcandidate: ‘[01m[Kstd::vector<_Tp, _Alloc>::vector(std::vector<_Tp, _Alloc>&&, const allocator_type&) [with _Tp = cv::Point_<float>; _Alloc = std::allocator<cv::Point_<float> >; std::vector<_Tp, _Alloc>::allocator_type = std::allocator<cv::Point_<float> >][m[K’
[7.632s]   607 |       [01;36m[Kvector[m[K(vector&& __rv, const allocator_type& __m)
[7.632s]       |       [01;36m[K^~~~~~[m[K
[7.632s] [01m[K/usr/include/c++/11/bits/stl_vector.h:607:7:[m[K [01;36m[Knote: [m[K  candidate expects 2 arguments, 1 provided
[7.632s] [01m[K/usr/include/c++/11/bits/stl_vector.h:589:7:[m[K [01;36m[Knote: [m[Kcandidate: ‘[01m[Kstd::vector<_Tp, _Alloc>::vector(std::vector<_Tp, _Alloc>&&, const allocator_type&, std::false_type) [with _Tp = cv::Point_<float>; _Alloc = std::allocator<cv::Point_<float> >; std::vector<_Tp, _Alloc>::allocator_type = std::allocator<cv::Point_<float> >; std::false_type = std::integral_constant<bool, false>][m[K’
[7.632s]   589 |       [01;36m[Kvector[m[K(vector&& __rv, const allocator_type& __m, false_type)
[7.632s]       |       [01;36m[K^~~~~~[m[K
[7.632s] [01m[K/usr/include/c++/11/bits/stl_vector.h:589:7:[m[K [01;36m[Knote: [m[K  candidate expects 3 arguments, 1 provided
[7.632s] [01m[K/usr/include/c++/11/bits/stl_vector.h:585:7:[m[K [01;36m[Knote: [m[Kcandidate: ‘[01m[Kstd::vector<_Tp, _Alloc>::vector(std::vector<_Tp, _Alloc>&&, const allocator_type&, std::true_type) [with _Tp = cv::Point_<float>; _Alloc = std::allocator<cv::Point_<float> >; std::vector<_Tp, _Alloc>::allocator_type = std::allocator<cv::Point_<float> >; std::true_type = std::integral_constant<bool, true>][m[K’
[7.632s]   585 |       [01;36m[Kvector[m[K(vector&& __rv, const allocator_type& __m, true_type) noexcept
[7.633s]       |       [01;36m[K^~~~~~[m[K
[7.633s] [01m[K/usr/include/c++/11/bits/stl_vector.h:585:7:[m[K [01;36m[Knote: [m[K  candidate expects 3 arguments, 1 provided
[7.633s] [01m[K/usr/include/c++/11/bits/stl_vector.h:575:7:[m[K [01;36m[Knote: [m[Kcandidate: ‘[01m[Kstd::vector<_Tp, _Alloc>::vector(const std::vector<_Tp, _Alloc>&, const allocator_type&) [with _Tp = cv::Point_<float>; _Alloc = std::allocator<cv::Point_<float> >; std::vector<_Tp, _Alloc>::allocator_type = std::allocator<cv::Point_<float> >][m[K’
[7.633s]   575 |       [01;36m[Kvector[m[K(const vector& __x, const allocator_type& __a)
[7.633s]       |       [01;36m[K^~~~~~[m[K
[7.633s] [01m[K/usr/include/c++/11/bits/stl_vector.h:575:7:[m[K [01;36m[Knote: [m[K  candidate expects 2 arguments, 1 provided
[7.633s] [01m[K/usr/include/c++/11/bits/stl_vector.h:572:7:[m[K [01;36m[Knote: [m[Kcandidate: ‘[01m[Kstd::vector<_Tp, _Alloc>::vector(std::vector<_Tp, _Alloc>&&) [with _Tp = cv::Point_<float>; _Alloc = std::allocator<cv::Point_<float> >][m[K’
[7.633s]   572 |       [01;36m[Kvector[m[K(vector&&) noexcept = default;
[7.633s]       |       [01;36m[K^~~~~~[m[K
[7.633s] [01m[K/usr/include/c++/11/bits/stl_vector.h:572:14:[m[K [01;36m[Knote: [m[K  no known conversion for argument 1 from ‘[01m[Kcv::Point[m[K’ {aka ‘[01m[Kcv::Point_<int>[m[K’} to ‘[01m[Kstd::vector<cv::Point_<float> >&&[m[K’
[7.634s]   572 |       vector([01;36m[Kvector&&[m[K) noexcept = default;
[7.634s]       |              [01;36m[K^~~~~~~~[m[K
[7.634s] [01m[K/usr/include/c++/11/bits/stl_vector.h:553:7:[m[K [01;36m[Knote: [m[Kcandidate: ‘[01m[Kstd::vector<_Tp, _Alloc>::vector(const std::vector<_Tp, _Alloc>&) [with _Tp = cv::Point_<float>; _Alloc = std::allocator<cv::Point_<float> >][m[K’
[7.634s]   553 |       [01;36m[Kvector[m[K(const vector& __x)
[7.634s]       |       [01;36m[K^~~~~~[m[K
[7.634s] [01m[K/usr/include/c++/11/bits/stl_vector.h:553:28:[m[K [01;36m[Knote: [m[K  no known conversion for argument 1 from ‘[01m[Kcv::Point[m[K’ {aka ‘[01m[Kcv::Point_<int>[m[K’} to ‘[01m[Kconst std::vector<cv::Point_<float> >&[m[K’
[7.634s]   553 |       vector([01;36m[Kconst vector& __x[m[K)
[7.634s]       |              [01;36m[K~~~~~~~~~~~~~~^~~[m[K
[7.635s] [01m[K/usr/include/c++/11/bits/stl_vector.h:522:7:[m[K [01;36m[Knote: [m[Kcandidate: ‘[01m[Kstd::vector<_Tp, _Alloc>::vector(std::vector<_Tp, _Alloc>::size_type, const value_type&, const allocator_type&) [with _Tp = cv::Point_<float>; _Alloc = std::allocator<cv::Point_<float> >; std::vector<_Tp, _Alloc>::size_type = long unsigned int; std::vector<_Tp, _Alloc>::value_type = cv::Point_<float>; std::vector<_Tp, _Alloc>::allocator_type = std::allocator<cv::Point_<float> >][m[K’
[7.635s]   522 |       [01;36m[Kvector[m[K(size_type __n, const value_type& __value,
[7.635s]       |       [01;36m[K^~~~~~[m[K
[7.635s] [01m[K/usr/include/c++/11/bits/stl_vector.h:522:7:[m[K [01;36m[Knote: [m[K  candidate expects 3 arguments, 1 provided
[7.635s] [01m[K/usr/include/c++/11/bits/stl_vector.h:510:7:[m[K [01;36m[Knote: [m[Kcandidate: ‘[01m[Kstd::vector<_Tp, _Alloc>::vector(std::vector<_Tp, _Alloc>::size_type, const allocator_type&) [with _Tp = cv::Point_<float>; _Alloc = std::allocator<cv::Point_<float> >; std::vector<_Tp, _Alloc>::size_type = long unsigned int; std::vector<_Tp, _Alloc>::allocator_type = std::allocator<cv::Point_<float> >][m[K’
[7.635s]   510 |       [01;36m[Kvector[m[K(size_type __n, const allocator_type& __a = allocator_type())
[7.635s]       |       [01;36m[K^~~~~~[m[K
[7.635s] [01m[K/usr/include/c++/11/bits/stl_vector.h:510:24:[m[K [01;36m[Knote: [m[K  no known conversion for argument 1 from ‘[01m[Kcv::Point[m[K’ {aka ‘[01m[Kcv::Point_<int>[m[K’} to ‘[01m[Kstd::vector<cv::Point_<float> >::size_type[m[K’ {aka ‘[01m[Klong unsigned int[m[K’}
[7.635s]   510 |       vector([01;36m[Ksize_type __n[m[K, const allocator_type& __a = allocator_type())
[7.636s]       |              [01;36m[K~~~~~~~~~~^~~[m[K
[7.636s] [01m[K/usr/include/c++/11/bits/stl_vector.h:497:7:[m[K [01;36m[Knote: [m[Kcandidate: ‘[01m[Kstd::vector<_Tp, _Alloc>::vector(const allocator_type&) [with _Tp = cv::Point_<float>; _Alloc = std::allocator<cv::Point_<float> >; std::vector<_Tp, _Alloc>::allocator_type = std::allocator<cv::Point_<float> >][m[K’
[7.636s]   497 |       [01;36m[Kvector[m[K(const allocator_type& __a) _GLIBCXX_NOEXCEPT
[7.636s]       |       [01;36m[K^~~~~~[m[K
[7.636s] [01m[K/usr/include/c++/11/bits/stl_vector.h:497:36:[m[K [01;36m[Knote: [m[K  no known conversion for argument 1 from ‘[01m[Kcv::Point[m[K’ {aka ‘[01m[Kcv::Point_<int>[m[K’} to ‘[01m[Kconst allocator_type&[m[K’ {aka ‘[01m[Kconst std::allocator<cv::Point_<float> >&[m[K’}
[7.636s]   497 |       vector([01;36m[Kconst allocator_type& __a[m[K) _GLIBCXX_NOEXCEPT
[7.636s]       |              [01;36m[K~~~~~~~~~~~~~~~~~~~~~~^~~[m[K
[7.636s] [01m[K/usr/include/c++/11/bits/stl_vector.h:487:7:[m[K [01;36m[Knote: [m[Kcandidate: ‘[01m[Kstd::vector<_Tp, _Alloc>::vector() [with _Tp = cv::Point_<float>; _Alloc = std::allocator<cv::Point_<float> >][m[K’
[7.636s]   487 |       [01;36m[Kvector[m[K() = default;
[7.637s]       |       [01;36m[K^~~~~~[m[K
[7.637s] [01m[K/usr/include/c++/11/bits/stl_vector.h:487:7:[m[K [01;36m[Knote: [m[K  candidate expects 0 arguments, 1 provided
[19.592s] gmake[2]: *** [CMakeFiles/subscriber_node.dir/build.make:76: CMakeFiles/subscriber_node.dir/src/subscriber_node.cpp.o] Error 1
[19.592s] gmake[1]: *** [CMakeFiles/Makefile2:137: CMakeFiles/subscriber_node.dir/all] Error 2
[19.592s] gmake: *** [Makefile:146: all] Error 2
[19.603s] Invoked command in '/home/mtrn/A2_project/A2_Project/Computer_Vision/packages/build/pizza_pos' returned '2': AMENT_PREFIX_PATH=/home/mtrn/A2_project/A2_Project/Computer_Vision/packages/install/yolov8_ros:/home/mtrn/A2_project/A2_Project/Computer_Vision/packages/install/yolov8_bringup:/home/mtrn/A2_project/A2_Project/Computer_Vision/packages/install/pizza_pos:/home/mtrn/A2_project/A2_Project/Computer_Vision/packages/install/yolov8_msgs:/home/mtrn/A2_project/A2_Project/Computer_Vision/packages/install/image_warper:/home/mtrn/A2_project/A2_Project/src/moveit_ur/install/moveit_ur:/home/mtrn/4231/ws_moveit2/install/pilz_industrial_motion_planner_testutils:/home/mtrn/4231/ws_moveit2/install/moveit_runtime:/home/mtrn/4231/ws_moveit2/install/moveit2_tutorials:/home/mtrn/4231/ws_moveit2/install/moveit:/home/mtrn/4231/ws_moveit2/install/moveit_planners:/home/mtrn/4231/ws_moveit2/install/pilz_industrial_motion_planner:/home/mtrn/4231/ws_moveit2/install/moveit_visual_tools:/home/mtrn/4231/ws_moveit2/install/moveit_task_constructor_visualization:/home/mtrn/4231/ws_moveit2/install/moveit_task_constructor_demo:/home/mtrn/4231/ws_moveit2/install/moveit_task_constructor_capabilities:/home/mtrn/4231/ws_moveit2/install/moveit_task_constructor_core:/home/mtrn/4231/ws_moveit2/install/moveit_ros_control_interface:/home/mtrn/4231/ws_moveit2/install/moveit_plugins:/home/mtrn/4231/ws_moveit2/install/moveit_simple_controller_manager:/home/mtrn/4231/ws_moveit2/install/moveit_setup_assistant:/home/mtrn/4231/ws_moveit2/install/moveit_setup_srdf_plugins:/home/mtrn/4231/ws_moveit2/install/moveit_setup_core_plugins:/home/mtrn/4231/ws_moveit2/install/moveit_setup_controllers:/home/mtrn/4231/ws_moveit2/install/moveit_setup_app_plugins:/home/mtrn/4231/ws_moveit2/install/moveit_setup_framework:/home/mtrn/4231/ws_moveit2/install/moveit_servo:/home/mtrn/4231/ws_moveit2/install/moveit_ros:/home/mtrn/4231/ws_moveit2/install/moveit_ros_visualization:/home/mtrn/4231/ws_moveit2/install/moveit_hybrid_planning:/home/mtrn/4231/ws_moveit2/install/moveit_ros_planning_interface:/home/mtrn/4231/ws_moveit2/install/moveit_ros_benchmarks:/home/mtrn/4231/ws_moveit2/install/moveit_ros_warehouse:/home/mtrn/4231/ws_moveit2/install/moveit_ros_robot_interaction:/home/mtrn/4231/ws_moveit2/install/moveit_ros_perception:/home/mtrn/4231/ws_moveit2/install/moveit_resources_prbt_pg70_support:/home/mtrn/4231/ws_moveit2/install/moveit_resources_prbt_moveit_config:/home/mtrn/4231/ws_moveit2/install/moveit_ros_move_group:/home/mtrn/4231/ws_moveit2/install/moveit_planners_ompl:/home/mtrn/4231/ws_moveit2/install/moveit_ros_planning:/home/mtrn/4231/ws_moveit2/install/moveit_ros_occupancy_map_monitor:/home/mtrn/4231/ws_moveit2/install/moveit_resources_prbt_ikfast_manipulator_plugin:/home/mtrn/4231/ws_moveit2/install/moveit_planners_chomp:/home/mtrn/4231/ws_moveit2/install/moveit_kinematics:/home/mtrn/4231/ws_moveit2/install/moveit_chomp_optimizer_adapter:/home/mtrn/4231/ws_moveit2/install/chomp_motion_planner:/home/mtrn/4231/ws_moveit2/install/moveit_core:/home/mtrn/4231/ws_moveit2/install/moveit_configs_utils:/home/mtrn/4231/ws_moveit2/install/srdfdom:/home/mtrn/4231/ws_moveit2/install/rviz_marker_tools:/home/mtrn/4231/ws_moveit2/install/rosparam_shortcuts:/home/mtrn/4231/ws_moveit2/install/moveit_task_constructor_msgs:/home/mtrn/4231/ws_moveit2/install/moveit_resources_prbt_support:/home/mtrn/4231/ws_moveit2/install/moveit_resources:/home/mtrn/4231/ws_moveit2/install/moveit_resources_pr2_description:/home/mtrn/4231/ws_moveit2/install/moveit_resources_panda_moveit_config:/home/mtrn/4231/ws_moveit2/install/moveit_resources_panda_description:/home/mtrn/4231/ws_moveit2/install/moveit_resources_fanuc_moveit_config:/home/mtrn/4231/ws_moveit2/install/moveit_resources_fanuc_description:/home/mtrn/4231/ws_moveit2/install/moveit_common:/home/mtrn/4231/ws_moveit2/install/launch_param_builder:/home/mtrn/4231/ros_ur_driver/install/ur:/home/mtrn/4231/ros_ur_driver/install/ur_calibration:/home/mtrn/4231/ros_ur_driver/install/ur_robot_driver:/home/mtrn/4231/ros_ur_driver/install/ur_moveit_config:/home/mtrn/4231/ros_ur_driver/install/ur_bringup:/home/mtrn/4231/ros_ur_driver/install/ur_controllers:/home/mtrn/4231/ros_ur_driver/install/ur_dashboard_msgs:/opt/ros/humble CMAKE_PREFIX_PATH=${CMAKE_PREFIX_PATH}:/home/mtrn/A2_project/A2_Project/Computer_Vision/packages/install/yolov8_ros:/home/mtrn/A2_project/A2_Project/Computer_Vision/packages/install/image_warper:/home/mtrn/4231/ws_moveit2/install/moveit_configs_utils:/home/mtrn/4231/ws_moveit2/install/launch_param_builder:/opt/ros/humble /home/mtrn/.local/bin/cmake --build /home/mtrn/A2_project/A2_Project/Computer_Vision/packages/build/pizza_pos -- -j12 -l12
