[1.509s] Invoking command in '/home/mtrn/4231/A2_Project/Computer_Vision/src/image_warper': PYTHONPATH=/home/mtrn/4231/A2_Project/Computer_Vision/src/build/image_warper/prefix_override:/home/mtrn/4231/A2_Project/Computer_Vision/src/install/image_warper/lib/python3.10/site-packages:${PYTHONPATH} /usr/bin/python3 setup.py egg_info --egg-base ../build/image_warper build --build-base /home/mtrn/4231/A2_Project/Computer_Vision/src/build/image_warper/build install --record /home/mtrn/4231/A2_Project/Computer_Vision/src/build/image_warper/install.log --single-version-externally-managed
[1.922s] running egg_info
[1.925s] writing ../build/image_warper/image_warper.egg-info/PKG-INFO
[1.925s] writing dependency_links to ../build/image_warper/image_warper.egg-info/dependency_links.txt
[1.925s] writing entry points to ../build/image_warper/image_warper.egg-info/entry_points.txt
[1.925s] writing requirements to ../build/image_warper/image_warper.egg-info/requires.txt
[1.925s] writing top-level names to ../build/image_warper/image_warper.egg-info/top_level.txt
[1.930s] reading manifest file '../build/image_warper/image_warper.egg-info/SOURCES.txt'
[1.939s] writing manifest file '../build/image_warper/image_warper.egg-info/SOURCES.txt'
[1.939s] running build
[1.939s] running build_py
[1.939s] copying image_warper/image_warper.py -> /home/mtrn/4231/A2_Project/Computer_Vision/src/build/image_warper/build/lib/image_warper
[1.942s] /usr/lib/python3/dist-packages/setuptools/command/install.py:34: SetuptoolsDeprecationWarning: setup.py install is deprecated. Use build and pip and other standards-based tools.
[1.942s]   warnings.warn(
[1.942s] running install
[1.943s] running install_lib
[1.946s] copying /home/mtrn/4231/A2_Project/Computer_Vision/src/build/image_warper/build/lib/image_warper/image_warper.py -> /home/mtrn/4231/A2_Project/Computer_Vision/src/install/image_warper/lib/python3.10/site-packages/image_warper
[1.947s] byte-compiling /home/mtrn/4231/A2_Project/Computer_Vision/src/install/image_warper/lib/python3.10/site-packages/image_warper/image_warper.py to image_warper.cpython-310.pyc
[1.952s] running install_data
[1.952s] running install_egg_info
[1.952s] removing '/home/mtrn/4231/A2_Project/Computer_Vision/src/install/image_warper/lib/python3.10/site-packages/image_warper-0.0.0-py3.10.egg-info' (and everything under it)
[1.954s] Copying ../build/image_warper/image_warper.egg-info to /home/mtrn/4231/A2_Project/Computer_Vision/src/install/image_warper/lib/python3.10/site-packages/image_warper-0.0.0-py3.10.egg-info
[1.956s] running install_scripts
[1.995s] Installing ImagePublisher script to /home/mtrn/4231/A2_Project/Computer_Vision/src/install/image_warper/lib/image_warper
[1.995s] Installing image_warper script to /home/mtrn/4231/A2_Project/Computer_Vision/src/install/image_warper/lib/image_warper
[1.996s] writing list of installed files to '/home/mtrn/4231/A2_Project/Computer_Vision/src/build/image_warper/install.log'
[2.051s] Invoked command in '/home/mtrn/4231/A2_Project/Computer_Vision/src/image_warper' returned '0': PYTHONPATH=/home/mtrn/4231/A2_Project/Computer_Vision/src/build/image_warper/prefix_override:/home/mtrn/4231/A2_Project/Computer_Vision/src/install/image_warper/lib/python3.10/site-packages:${PYTHONPATH} /usr/bin/python3 setup.py egg_info --egg-base ../build/image_warper build --build-base /home/mtrn/4231/A2_Project/Computer_Vision/src/build/image_warper/build install --record /home/mtrn/4231/A2_Project/Computer_Vision/src/build/image_warper/install.log --single-version-externally-managed
