[35m[1mConsolidate compiler generated dependencies of target subscriber_node[0m
[ 50%] [32mBuilding CXX object CMakeFiles/subscriber_node.dir/src/subscriber_node.cpp.o[0m
[01m[K/home/mtrn/4231/A2_Project/Computer_Vision/packages/src/pizza_pos/src/subscriber_node.cpp:[m[K In member function ‘[01m[Kvoid DetectionSubscriber::callback(yolov8_msgs::msg::DetectionArray_<std::allocator<void> >::SharedPtr) const[m[K’:
[01m[K/home/mtrn/4231/A2_Project/Computer_Vision/packages/src/pizza_pos/src/subscriber_node.cpp:20:18:[m[K [01;35m[Kwarning: [m[Kvariable ‘[01m[Kcenter[m[K’ set but not used [[01;35m[K]8;;https://gcc.gnu.org/onlinedocs/gcc/Warning-Options.html#index-Wunused-but-set-variable-Wunused-but-set-variable]8;;[m[K]
   20 |             auto [01;35m[Kcenter[m[K = bbox.center;
      |                  [01;35m[K^~~~~~[m[K
[01m[K/home/mtrn/4231/A2_Project/Computer_Vision/packages/src/pizza_pos/src/subscriber_node.cpp:21:18:[m[K [01;35m[Kwarning: [m[Kvariable ‘[01m[Ksize[m[K’ set but not used [[01;35m[K]8;;https://gcc.gnu.org/onlinedocs/gcc/Warning-Options.html#index-Wunused-but-set-variable-Wunused-but-set-variable]8;;[m[K]
   21 |             auto [01;35m[Ksize[m[K = bbox.size;
      |                  [01;35m[K^~~~[m[K
[100%] [32m[1mLinking CXX executable subscriber_node[0m
[100%] Built target subscriber_node
-- Install configuration: ""
-- Installing: /home/mtrn/4231/A2_Project/Computer_Vision/packages/install/pizza_pos/lib/pizza_pos/subscriber_node
-- Set runtime path of "/home/mtrn/4231/A2_Project/Computer_Vision/packages/install/pizza_pos/lib/pizza_pos/subscriber_node" to ""
-- Up-to-date: /home/mtrn/4231/A2_Project/Computer_Vision/packages/install/pizza_pos/share/ament_index/resource_index/package_run_dependencies/pizza_pos
-- Up-to-date: /home/mtrn/4231/A2_Project/Computer_Vision/packages/install/pizza_pos/share/ament_index/resource_index/parent_prefix_path/pizza_pos
-- Up-to-date: /home/mtrn/4231/A2_Project/Computer_Vision/packages/install/pizza_pos/share/pizza_pos/environment/ament_prefix_path.sh
-- Up-to-date: /home/mtrn/4231/A2_Project/Computer_Vision/packages/install/pizza_pos/share/pizza_pos/environment/ament_prefix_path.dsv
-- Up-to-date: /home/mtrn/4231/A2_Project/Computer_Vision/packages/install/pizza_pos/share/pizza_pos/environment/path.sh
-- Up-to-date: /home/mtrn/4231/A2_Project/Computer_Vision/packages/install/pizza_pos/share/pizza_pos/environment/path.dsv
-- Up-to-date: /home/mtrn/4231/A2_Project/Computer_Vision/packages/install/pizza_pos/share/pizza_pos/local_setup.bash
-- Up-to-date: /home/mtrn/4231/A2_Project/Computer_Vision/packages/install/pizza_pos/share/pizza_pos/local_setup.sh
-- Up-to-date: /home/mtrn/4231/A2_Project/Computer_Vision/packages/install/pizza_pos/share/pizza_pos/local_setup.zsh
-- Up-to-date: /home/mtrn/4231/A2_Project/Computer_Vision/packages/install/pizza_pos/share/pizza_pos/local_setup.dsv
-- Installing: /home/mtrn/4231/A2_Project/Computer_Vision/packages/install/pizza_pos/share/pizza_pos/package.dsv
-- Up-to-date: /home/mtrn/4231/A2_Project/Computer_Vision/packages/install/pizza_pos/share/ament_index/resource_index/packages/pizza_pos
-- Up-to-date: /home/mtrn/4231/A2_Project/Computer_Vision/packages/install/pizza_pos/share/pizza_pos/cmake/pizza_posConfig.cmake
-- Up-to-date: /home/mtrn/4231/A2_Project/Computer_Vision/packages/install/pizza_pos/share/pizza_pos/cmake/pizza_posConfig-version.cmake
-- Up-to-date: /home/mtrn/4231/A2_Project/Computer_Vision/packages/install/pizza_pos/share/pizza_pos/package.xml
