[0.781s] DEBUG:colcon:Command line arguments: ['/usr/bin/colcon', 'build']
[0.781s] DEBUG:colcon:Parsed command line arguments: Namespace(log_base=None, log_level=None, verb_name='build', build_base='build', install_base='install', merge_install=False, symlink_install=False, test_result_base=None, continue_on_error=False, executor='parallel', parallel_workers=4, event_handlers=None, ignore_user_meta=False, metas=['./colcon.meta'], base_paths=['.'], packages_ignore=None, packages_ignore_regex=None, paths=None, packages_up_to=None, packages_up_to_regex=None, packages_above=None, packages_above_and_dependencies=None, packages_above_depth=None, packages_select_by_dep=None, packages_skip_by_dep=None, packages_skip_up_to=None, packages_select_build_failed=False, packages_skip_build_finished=False, packages_select_test_failures=False, packages_skip_test_passed=False, packages_select=None, packages_skip=None, packages_select_regex=None, packages_skip_regex=None, packages_start=None, packages_end=None, allow_overriding=[], cmake_args=None, cmake_target=None, cmake_target_skip_unavailable=False, cmake_clean_cache=False, cmake_clean_first=False, cmake_force_configure=False, ament_cmake_args=None, catkin_cmake_args=None, catkin_skip_building_tests=False, mixin_files=None, mixin=None, verb_parser=<colcon_mixin.mixin.mixin_argument.MixinArgumentDecorator object at 0x7f038ca28820>, verb_extension=<colcon_core.verb.build.BuildVerb object at 0x7f038cb55a80>, main=<bound method BuildVerb.main of <colcon_core.verb.build.BuildVerb object at 0x7f038cb55a80>>, mixin_verb=('build',))
[0.835s] Level 1:colcon.colcon_core.package_discovery:discover_packages(colcon_meta) check parameters
[0.835s] Level 1:colcon.colcon_core.package_discovery:discover_packages(recursive) check parameters
[0.836s] Level 1:colcon.colcon_core.package_discovery:discover_packages(ignore) check parameters
[0.836s] Level 1:colcon.colcon_core.package_discovery:discover_packages(path) check parameters
[0.837s] Level 1:colcon.colcon_core.package_discovery:discover_packages(colcon_meta) discover
[0.837s] Level 1:colcon.colcon_core.package_discovery:discover_packages(recursive) discover
[0.838s] INFO:colcon.colcon_core.package_discovery:Crawling recursively for packages in '/home/mtrn/4231/A2_Project/Computer_Vision/src'
[0.838s] Level 1:colcon.colcon_core.package_identification:_identify(.) by extensions ['ignore', 'ignore_ament_install']
[0.839s] Level 1:colcon.colcon_core.package_identification:_identify(.) by extension 'ignore'
[0.839s] Level 1:colcon.colcon_core.package_identification:_identify(.) by extension 'ignore_ament_install'
[0.840s] Level 1:colcon.colcon_core.package_identification:_identify(.) by extensions ['colcon_pkg']
[0.840s] Level 1:colcon.colcon_core.package_identification:_identify(.) by extension 'colcon_pkg'
[0.841s] Level 1:colcon.colcon_core.package_identification:_identify(.) by extensions ['colcon_meta']
[0.841s] Level 1:colcon.colcon_core.package_identification:_identify(.) by extension 'colcon_meta'
[0.842s] Level 1:colcon.colcon_core.package_identification:_identify(.) by extensions ['ros']
[0.842s] Level 1:colcon.colcon_core.package_identification:_identify(.) by extension 'ros'
[0.863s] Level 1:colcon.colcon_core.package_identification:_identify(.) by extensions ['cmake', 'python']
[0.865s] Level 1:colcon.colcon_core.package_identification:_identify(.) by extension 'cmake'
[0.865s] Level 1:colcon.colcon_core.package_identification:_identify(.) by extension 'python'
[0.866s] Level 1:colcon.colcon_core.package_identification:_identify(.) by extensions ['python_setup_py']
[0.866s] Level 1:colcon.colcon_core.package_identification:_identify(.) by extension 'python_setup_py'
[0.867s] Level 1:colcon.colcon_core.package_identification:_identify(build) by extensions ['ignore', 'ignore_ament_install']
[0.867s] Level 1:colcon.colcon_core.package_identification:_identify(build) by extension 'ignore'
[0.868s] Level 1:colcon.colcon_core.package_identification:_identify(build) ignored
[0.868s] Level 1:colcon.colcon_core.package_identification:_identify(image_warper) by extensions ['ignore', 'ignore_ament_install']
[0.869s] Level 1:colcon.colcon_core.package_identification:_identify(image_warper) by extension 'ignore'
[0.869s] Level 1:colcon.colcon_core.package_identification:_identify(image_warper) by extension 'ignore_ament_install'
[0.870s] Level 1:colcon.colcon_core.package_identification:_identify(image_warper) by extensions ['colcon_pkg']
[0.870s] Level 1:colcon.colcon_core.package_identification:_identify(image_warper) by extension 'colcon_pkg'
[0.870s] Level 1:colcon.colcon_core.package_identification:_identify(image_warper) by extensions ['colcon_meta']
[0.871s] Level 1:colcon.colcon_core.package_identification:_identify(image_warper) by extension 'colcon_meta'
[0.871s] Level 1:colcon.colcon_core.package_identification:_identify(image_warper) by extensions ['ros']
[0.872s] Level 1:colcon.colcon_core.package_identification:_identify(image_warper) by extension 'ros'
[0.877s] DEBUG:colcon.colcon_core.package_identification:Package 'image_warper' with type 'ros.ament_python' and name 'image_warper'
[0.877s] Level 1:colcon.colcon_core.package_identification:_identify(install) by extensions ['ignore', 'ignore_ament_install']
[0.878s] Level 1:colcon.colcon_core.package_identification:_identify(install) by extension 'ignore'
[0.879s] Level 1:colcon.colcon_core.package_identification:_identify(install) ignored
[0.879s] Level 1:colcon.colcon_core.package_identification:_identify(log) by extensions ['ignore', 'ignore_ament_install']
[0.880s] Level 1:colcon.colcon_core.package_identification:_identify(log) by extension 'ignore'
[0.880s] Level 1:colcon.colcon_core.package_identification:_identify(log) ignored
[0.881s] Level 1:colcon.colcon_core.package_discovery:discover_packages(recursive) using defaults
[0.881s] Level 1:colcon.colcon_core.package_discovery:discover_packages(ignore) discover
[0.882s] Level 1:colcon.colcon_core.package_discovery:discover_packages(ignore) using defaults
[0.882s] Level 1:colcon.colcon_core.package_discovery:discover_packages(path) discover
[0.882s] Level 1:colcon.colcon_core.package_discovery:discover_packages(path) using defaults
[0.931s] Level 1:colcon.colcon_core.package_discovery:discover_packages(prefix_path) check parameters
[0.931s] Level 1:colcon.colcon_core.package_discovery:discover_packages(prefix_path) discover
[0.944s] DEBUG:colcon.colcon_installed_package_information.package_discovery:Found 1 installed packages in /home/mtrn/4231/A2_Project/Computer_Vision/src/install
[0.947s] DEBUG:colcon.colcon_installed_package_information.package_discovery:Found 7 installed packages in /home/mtrn/4231/ros_ur_driver/install
[0.953s] DEBUG:colcon.colcon_installed_package_information.package_discovery:Found 55 installed packages in /home/mtrn/4231/ws_moveit2/install
[0.958s] DEBUG:colcon.colcon_installed_package_information.package_discovery:Found 341 installed packages in /opt/ros/humble
[0.963s] Level 1:colcon.colcon_core.package_discovery:discover_packages(prefix_path) using defaults
[1.093s] Level 5:colcon.colcon_core.verb:set package 'image_warper' build argument 'cmake_args' from command line to 'None'
[1.093s] Level 5:colcon.colcon_core.verb:set package 'image_warper' build argument 'cmake_target' from command line to 'None'
[1.093s] Level 5:colcon.colcon_core.verb:set package 'image_warper' build argument 'cmake_target_skip_unavailable' from command line to 'False'
[1.093s] Level 5:colcon.colcon_core.verb:set package 'image_warper' build argument 'cmake_clean_cache' from command line to 'False'
[1.093s] Level 5:colcon.colcon_core.verb:set package 'image_warper' build argument 'cmake_clean_first' from command line to 'False'
[1.093s] Level 5:colcon.colcon_core.verb:set package 'image_warper' build argument 'cmake_force_configure' from command line to 'False'
[1.093s] Level 5:colcon.colcon_core.verb:set package 'image_warper' build argument 'ament_cmake_args' from command line to 'None'
[1.093s] Level 5:colcon.colcon_core.verb:set package 'image_warper' build argument 'catkin_cmake_args' from command line to 'None'
[1.094s] Level 5:colcon.colcon_core.verb:set package 'image_warper' build argument 'catkin_skip_building_tests' from command line to 'False'
[1.094s] DEBUG:colcon.colcon_core.verb:Building package 'image_warper' with the following arguments: {'ament_cmake_args': None, 'build_base': '/home/mtrn/4231/A2_Project/Computer_Vision/src/build/image_warper', 'catkin_cmake_args': None, 'catkin_skip_building_tests': False, 'cmake_args': None, 'cmake_clean_cache': False, 'cmake_clean_first': False, 'cmake_force_configure': False, 'cmake_target': None, 'cmake_target_skip_unavailable': False, 'install_base': '/home/mtrn/4231/A2_Project/Computer_Vision/src/install/image_warper', 'merge_install': False, 'path': '/home/mtrn/4231/A2_Project/Computer_Vision/src/image_warper', 'symlink_install': False, 'test_result_base': None}
[1.097s] INFO:colcon.colcon_core.executor:Executing jobs using 'parallel' executor
[1.110s] DEBUG:colcon.colcon_parallel_executor.executor.parallel:run_until_complete
[1.110s] INFO:colcon.colcon_ros.task.ament_python.build:Building ROS package in '/home/mtrn/4231/A2_Project/Computer_Vision/src/image_warper' with build type 'ament_python'
[1.110s] Level 1:colcon.colcon_core.shell:create_environment_hook('image_warper', 'ament_prefix_path')
[1.121s] INFO:colcon.colcon_core.plugin_system:Skipping extension 'colcon_core.shell.bat': Not used on non-Windows systems
[1.129s] INFO:colcon.colcon_core.shell:Creating environment hook '/home/mtrn/4231/A2_Project/Computer_Vision/src/install/image_warper/share/image_warper/hook/ament_prefix_path.ps1'
[1.133s] INFO:colcon.colcon_core.shell:Creating environment descriptor '/home/mtrn/4231/A2_Project/Computer_Vision/src/install/image_warper/share/image_warper/hook/ament_prefix_path.dsv'
[1.134s] INFO:colcon.colcon_core.shell:Creating environment hook '/home/mtrn/4231/A2_Project/Computer_Vision/src/install/image_warper/share/image_warper/hook/ament_prefix_path.sh'
[1.180s] INFO:colcon.colcon_core.shell:Skip shell extension 'powershell' for command environment: Not usable outside of PowerShell
[1.181s] DEBUG:colcon.colcon_core.shell:Skip shell extension 'dsv' for command environment
[1.891s] INFO:colcon.colcon_core.task.python.build:Building Python package in '/home/mtrn/4231/A2_Project/Computer_Vision/src/image_warper'
[1.896s] INFO:colcon.colcon_core.shell:Skip shell extension 'powershell' for command environment: Not usable outside of PowerShell
[1.896s] DEBUG:colcon.colcon_core.shell:Skip shell extension 'dsv' for command environment
[2.630s] DEBUG:colcon.colcon_core.event_handler.log_command:Invoking command in '/home/mtrn/4231/A2_Project/Computer_Vision/src/image_warper': PYTHONPATH=/home/mtrn/4231/A2_Project/Computer_Vision/src/build/image_warper/prefix_override:/home/mtrn/4231/A2_Project/Computer_Vision/src/install/image_warper/lib/python3.10/site-packages:${PYTHONPATH} /usr/bin/python3 setup.py egg_info --egg-base ../build/image_warper build --build-base /home/mtrn/4231/A2_Project/Computer_Vision/src/build/image_warper/build install --record /home/mtrn/4231/A2_Project/Computer_Vision/src/build/image_warper/install.log --single-version-externally-managed
[3.451s] DEBUG:colcon.colcon_core.event_handler.log_command:Invoked command in '/home/mtrn/4231/A2_Project/Computer_Vision/src/image_warper' returned '0': PYTHONPATH=/home/mtrn/4231/A2_Project/Computer_Vision/src/build/image_warper/prefix_override:/home/mtrn/4231/A2_Project/Computer_Vision/src/install/image_warper/lib/python3.10/site-packages:${PYTHONPATH} /usr/bin/python3 setup.py egg_info --egg-base ../build/image_warper build --build-base /home/mtrn/4231/A2_Project/Computer_Vision/src/build/image_warper/build install --record /home/mtrn/4231/A2_Project/Computer_Vision/src/build/image_warper/install.log --single-version-externally-managed
[3.458s] Level 1:colcon.colcon_core.environment:checking '/home/mtrn/4231/A2_Project/Computer_Vision/src/install/image_warper' for CMake module files
[3.459s] Level 1:colcon.colcon_core.environment:checking '/home/mtrn/4231/A2_Project/Computer_Vision/src/install/image_warper' for CMake config files
[3.460s] Level 1:colcon.colcon_core.environment:checking '/home/mtrn/4231/A2_Project/Computer_Vision/src/install/image_warper/lib'
[3.461s] Level 1:colcon.colcon_core.environment:checking '/home/mtrn/4231/A2_Project/Computer_Vision/src/install/image_warper/bin'
[3.461s] Level 1:colcon.colcon_core.environment:checking '/home/mtrn/4231/A2_Project/Computer_Vision/src/install/image_warper/lib/pkgconfig/image_warper.pc'
[3.463s] Level 1:colcon.colcon_core.environment:checking '/home/mtrn/4231/A2_Project/Computer_Vision/src/install/image_warper/lib/python3.10/site-packages'
[3.463s] Level 1:colcon.colcon_core.shell:create_environment_hook('image_warper', 'pythonpath')
[3.470s] INFO:colcon.colcon_core.shell:Creating environment hook '/home/mtrn/4231/A2_Project/Computer_Vision/src/install/image_warper/share/image_warper/hook/pythonpath.ps1'
[3.472s] INFO:colcon.colcon_core.shell:Creating environment descriptor '/home/mtrn/4231/A2_Project/Computer_Vision/src/install/image_warper/share/image_warper/hook/pythonpath.dsv'
[3.474s] INFO:colcon.colcon_core.shell:Creating environment hook '/home/mtrn/4231/A2_Project/Computer_Vision/src/install/image_warper/share/image_warper/hook/pythonpath.sh'
[3.476s] Level 1:colcon.colcon_core.environment:checking '/home/mtrn/4231/A2_Project/Computer_Vision/src/install/image_warper/bin'
[3.476s] Level 1:colcon.colcon_core.environment:create_environment_scripts_only(image_warper)
[3.483s] INFO:colcon.colcon_core.shell:Creating package script '/home/mtrn/4231/A2_Project/Computer_Vision/src/install/image_warper/share/image_warper/package.ps1'
[3.486s] INFO:colcon.colcon_core.shell:Creating package descriptor '/home/mtrn/4231/A2_Project/Computer_Vision/src/install/image_warper/share/image_warper/package.dsv'
[3.490s] INFO:colcon.colcon_core.shell:Creating package script '/home/mtrn/4231/A2_Project/Computer_Vision/src/install/image_warper/share/image_warper/package.sh'
[3.493s] INFO:colcon.colcon_core.shell:Creating package script '/home/mtrn/4231/A2_Project/Computer_Vision/src/install/image_warper/share/image_warper/package.bash'
[3.495s] INFO:colcon.colcon_core.shell:Creating package script '/home/mtrn/4231/A2_Project/Computer_Vision/src/install/image_warper/share/image_warper/package.zsh'
[3.497s] Level 1:colcon.colcon_core.environment:create_file_with_runtime_dependencies(/home/mtrn/4231/A2_Project/Computer_Vision/src/install/image_warper/share/colcon-core/packages/image_warper)
[3.500s] DEBUG:colcon.colcon_parallel_executor.executor.parallel:closing loop
[3.500s] DEBUG:colcon.colcon_parallel_executor.executor.parallel:loop closed
[3.501s] DEBUG:colcon.colcon_parallel_executor.executor.parallel:run_until_complete finished with '0'
[3.501s] DEBUG:colcon.colcon_core.event_reactor:joining thread
[3.510s] INFO:colcon.colcon_core.plugin_system:Skipping extension 'colcon_notification.desktop_notification.terminal_notifier': Not used on non-Darwin systems
[3.511s] INFO:colcon.colcon_core.plugin_system:Skipping extension 'colcon_notification.desktop_notification.win32': Not used on non-Windows systems
[3.512s] INFO:colcon.colcon_notification.desktop_notification:Sending desktop notification using 'notify2'
[3.552s] DEBUG:colcon.colcon_core.event_reactor:joined thread
[3.558s] INFO:colcon.colcon_core.shell:Creating prefix script '/home/mtrn/4231/A2_Project/Computer_Vision/src/install/local_setup.ps1'
[3.561s] INFO:colcon.colcon_core.shell:Creating prefix util module '/home/mtrn/4231/A2_Project/Computer_Vision/src/install/_local_setup_util_ps1.py'
[3.564s] INFO:colcon.colcon_core.shell:Creating prefix chain script '/home/mtrn/4231/A2_Project/Computer_Vision/src/install/setup.ps1'
[3.579s] INFO:colcon.colcon_core.shell:Creating prefix script '/home/mtrn/4231/A2_Project/Computer_Vision/src/install/local_setup.sh'
[3.580s] INFO:colcon.colcon_core.shell:Creating prefix util module '/home/mtrn/4231/A2_Project/Computer_Vision/src/install/_local_setup_util_sh.py'
[3.581s] INFO:colcon.colcon_core.shell:Creating prefix chain script '/home/mtrn/4231/A2_Project/Computer_Vision/src/install/setup.sh'
[3.600s] INFO:colcon.colcon_core.shell:Creating prefix script '/home/mtrn/4231/A2_Project/Computer_Vision/src/install/local_setup.bash'
[3.608s] INFO:colcon.colcon_core.shell:Creating prefix chain script '/home/mtrn/4231/A2_Project/Computer_Vision/src/install/setup.bash'
[3.623s] INFO:colcon.colcon_core.shell:Creating prefix script '/home/mtrn/4231/A2_Project/Computer_Vision/src/install/local_setup.zsh'
[3.624s] INFO:colcon.colcon_core.shell:Creating prefix chain script '/home/mtrn/4231/A2_Project/Computer_Vision/src/install/setup.zsh'
