[0.859s] Invoking command in '/home/mtrn/4231/A2_Project/Computer_Vision/packages/build/yolov8_msgs': CMAKE_PREFIX_PATH=${CMAKE_PREFIX_PATH}:/home/mtrn/4231/A2_Project/Computer_Vision/packages/install/yolov8_ros:/home/mtrn/4231/A2_Project/Computer_Vision/packages/install/yolov8_node:/home/mtrn/4231/A2_Project/Computer_Vision/packages/install/image_warper:/home/mtrn/4231/ws_moveit2/install/moveit_configs_utils:/home/mtrn/4231/ws_moveit2/install/launch_param_builder:/opt/ros/humble /usr/bin/cmake --build /home/mtrn/4231/A2_Project/Computer_Vision/packages/build/yolov8_msgs -- -j4 -l4
[1.154s] [35m[1mConsolidate compiler generated dependencies of target yolov8_msgs__rosidl_generator_c[0m
[1.180s] [  0%] Built target yolov8_msgs__cpp
[1.219s] [35m[1mConsolidate compiler generated dependencies of target yolov8_msgs__rosidl_typesupport_cpp[0m
[1.235s] [ 12%] Built target yolov8_msgs__rosidl_generator_c
[1.259s] [ 12%] Built target ament_cmake_python_copy_yolov8_msgs
[1.269s] [35m[1mConsolidate compiler generated dependencies of target yolov8_msgs__rosidl_typesupport_fastrtps_cpp[0m
[1.288s] [ 24%] Built target yolov8_msgs__rosidl_typesupport_cpp
[1.334s] [35m[1mConsolidate compiler generated dependencies of target yolov8_msgs__rosidl_typesupport_introspection_c[0m
[1.343s] [35m[1mConsolidate compiler generated dependencies of target yolov8_msgs__rosidl_typesupport_introspection_cpp[0m
[1.349s] [35m[1mConsolidate compiler generated dependencies of target yolov8_msgs__rosidl_typesupport_fastrtps_c[0m
[1.366s] [ 35%] Built target yolov8_msgs__rosidl_typesupport_fastrtps_cpp
[1.415s] [ 47%] Built target yolov8_msgs__rosidl_typesupport_fastrtps_c
[1.422s] [ 59%] Built target yolov8_msgs__rosidl_typesupport_introspection_c
[1.433s] [ 71%] Built target yolov8_msgs__rosidl_typesupport_introspection_cpp
[1.439s] [35m[1mConsolidate compiler generated dependencies of target yolov8_msgs__rosidl_typesupport_c[0m
[1.505s] [ 83%] Built target yolov8_msgs__rosidl_typesupport_c
[1.673s] [ 83%] Built target yolov8_msgs
[1.800s] [ 84%] Built target yolov8_msgs__py
[1.888s] [35m[1mConsolidate compiler generated dependencies of target yolov8_msgs__rosidl_generator_py[0m
[2.019s] [ 95%] Built target yolov8_msgs__rosidl_generator_py
[2.035s] running egg_info
[2.036s] writing yolov8_msgs.egg-info/PKG-INFO
[2.037s] writing dependency_links to yolov8_msgs.egg-info/dependency_links.txt
[2.037s] writing top-level names to yolov8_msgs.egg-info/top_level.txt
[2.040s] reading manifest file 'yolov8_msgs.egg-info/SOURCES.txt'
[2.042s] writing manifest file 'yolov8_msgs.egg-info/SOURCES.txt'
[2.100s] [35m[1mConsolidate compiler generated dependencies of target yolov8_msgs__rosidl_typesupport_fastrtps_c__pyext[0m
[2.115s] [ 95%] Built target ament_cmake_python_build_yolov8_msgs_egg
[2.121s] [35m[1mConsolidate compiler generated dependencies of target yolov8_msgs__rosidl_typesupport_c__pyext[0m
[2.134s] [35m[1mConsolidate compiler generated dependencies of target yolov8_msgs__rosidl_typesupport_introspection_c__pyext[0m
[2.147s] [ 97%] Built target yolov8_msgs__rosidl_typesupport_fastrtps_c__pyext
[2.158s] [ 98%] Built target yolov8_msgs__rosidl_typesupport_c__pyext
[2.168s] [100%] Built target yolov8_msgs__rosidl_typesupport_introspection_c__pyext
[2.192s] Invoked command in '/home/mtrn/4231/A2_Project/Computer_Vision/packages/build/yolov8_msgs' returned '0': CMAKE_PREFIX_PATH=${CMAKE_PREFIX_PATH}:/home/mtrn/4231/A2_Project/Computer_Vision/packages/install/yolov8_ros:/home/mtrn/4231/A2_Project/Computer_Vision/packages/install/yolov8_node:/home/mtrn/4231/A2_Project/Computer_Vision/packages/install/image_warper:/home/mtrn/4231/ws_moveit2/install/moveit_configs_utils:/home/mtrn/4231/ws_moveit2/install/launch_param_builder:/opt/ros/humble /usr/bin/cmake --build /home/mtrn/4231/A2_Project/Computer_Vision/packages/build/yolov8_msgs -- -j4 -l4
