[0.071s] Invoking command in '/home/mtrn/A2_project/A2_Project/Computer_Vision/packages/build/pizza_pos': AMENT_PREFIX_PATH=/home/mtrn/A2_project/A2_Project/Computer_Vision/packages/install/yolov8_ros:${AMENT_PREFIX_PATH} CMAKE_PREFIX_PATH=${CMAKE_PREFIX_PATH}:/home/mtrn/4231/ws_moveit2/install/moveit_configs_utils:/home/mtrn/4231/ws_moveit2/install/launch_param_builder:/opt/ros/humble PYTHONPATH=/home/mtrn/A2_project/A2_Project/Computer_Vision/packages/install/yolov8_ros/lib/python3.10/site-packages:${PYTHONPATH} /home/mtrn/.local/bin/cmake /home/mtrn/A2_project/A2_Project/Computer_Vision/packages/src/pizza_pos -DCMAKE_INSTALL_PREFIX=/home/mtrn/A2_project/A2_Project/Computer_Vision/packages/install/pizza_pos
[0.234s] -- The C compiler identification is GNU 11.4.0
[0.345s] -- The CXX compiler identification is GNU 11.4.0
[0.387s] -- Detecting C compiler ABI info
[0.550s] -- Detecting C compiler ABI info - done
[0.570s] -- Check for working C compiler: /usr/bin/cc - skipped
[0.571s] -- Detecting C compile features
[0.571s] -- Detecting C compile features - done
[0.597s] -- Detecting CXX compiler ABI info
[0.774s] -- Detecting CXX compiler ABI info - done
[0.796s] -- Check for working CXX compiler: /usr/bin/c++ - skipped
[0.797s] -- Detecting CXX compile features
[0.798s] -- Detecting CXX compile features - done
[0.809s] -- Found ament_cmake: 1.3.5 (/opt/ros/humble/share/ament_cmake/cmake)
[1.762s] -- Found Python3: /usr/bin/python3.10 (found version "3.10.12") found components: Interpreter 
[2.000s] -- Found rclcpp: 16.0.5 (/opt/ros/humble/share/rclcpp/cmake)
[2.140s] -- Found rosidl_generator_c: 3.1.5 (/opt/ros/humble/share/rosidl_generator_c/cmake)
[2.159s] -- Found rosidl_adapter: 3.1.5 (/opt/ros/humble/share/rosidl_adapter/cmake)
[2.190s] -- Found rosidl_generator_cpp: 3.1.5 (/opt/ros/humble/share/rosidl_generator_cpp/cmake)
[2.237s] -- Using all available rosidl_typesupport_c: rosidl_typesupport_fastrtps_c;rosidl_typesupport_introspection_c
[2.295s] -- Using all available rosidl_typesupport_cpp: rosidl_typesupport_fastrtps_cpp;rosidl_typesupport_introspection_cpp
[2.492s] -- Found rmw_implementation_cmake: 6.1.1 (/opt/ros/humble/share/rmw_implementation_cmake/cmake)
[2.506s] -- Found rmw_fastrtps_cpp: 6.2.3 (/opt/ros/humble/share/rmw_fastrtps_cpp/cmake)
[2.842s] -- Found OpenSSL: /usr/lib/x86_64-linux-gnu/libcrypto.so (found version "3.0.2")  
[2.911s] -- Found FastRTPS: /opt/ros/humble/include  
[3.002s] -- Using RMW implementation 'rmw_fastrtps_cpp' as default
[3.038s] -- Performing Test CMAKE_HAVE_LIBC_PTHREAD
[3.247s] -- Performing Test CMAKE_HAVE_LIBC_PTHREAD - Success
[3.249s] -- Found Threads: TRUE  
[3.557s] [31mCMake Error at CMakeLists.txt:12 (find_package):
[3.557s]   By not providing "Findyolov8_msgs.cmake" in CMAKE_MODULE_PATH this project
[3.557s]   has asked CMake to find a package configuration file provided by
[3.557s]   "yolov8_msgs", but CMake did not find one.
[3.557s] 
[3.557s]   Could not find a package configuration file provided by "yolov8_msgs" with
[3.557s]   any of the following names:
[3.557s] 
[3.558s]     yolov8_msgsConfig.cmake
[3.558s]     yolov8_msgs-config.cmake
[3.558s] 
[3.558s]   Add the installation prefix of "yolov8_msgs" to CMAKE_PREFIX_PATH or set
[3.558s]   "yolov8_msgs_DIR" to a directory containing one of the above files.  If
[3.558s]   "yolov8_msgs" provides a separate development package or SDK, be sure it
[3.558s]   has been installed.
[3.558s] 
[3.558s] [0m
[3.558s] -- Configuring incomplete, errors occurred!
[3.577s] Invoked command in '/home/mtrn/A2_project/A2_Project/Computer_Vision/packages/build/pizza_pos' returned '1': AMENT_PREFIX_PATH=/home/mtrn/A2_project/A2_Project/Computer_Vision/packages/install/yolov8_ros:${AMENT_PREFIX_PATH} CMAKE_PREFIX_PATH=${CMAKE_PREFIX_PATH}:/home/mtrn/4231/ws_moveit2/install/moveit_configs_utils:/home/mtrn/4231/ws_moveit2/install/launch_param_builder:/opt/ros/humble PYTHONPATH=/home/mtrn/A2_project/A2_Project/Computer_Vision/packages/install/yolov8_ros/lib/python3.10/site-packages:${PYTHONPATH} /home/mtrn/.local/bin/cmake /home/mtrn/A2_project/A2_Project/Computer_Vision/packages/src/pizza_pos -DCMAKE_INSTALL_PREFIX=/home/mtrn/A2_project/A2_Project/Computer_Vision/packages/install/pizza_pos
