[1.495s] Invoking command in '/home/mtrn/4231/A2_Project/Computer_Vision/packages/src/image_warper': PYTHONPATH=/home/mtrn/4231/A2_Project/Computer_Vision/packages/build/image_warper/prefix_override:/home/mtrn/4231/A2_Project/Computer_Vision/packages/install/image_warper/lib/python3.10/site-packages:${PYTHONPATH} /usr/bin/python3 setup.py egg_info --egg-base ../../build/image_warper build --build-base /home/mtrn/4231/A2_Project/Computer_Vision/packages/build/image_warper/build install --record /home/mtrn/4231/A2_Project/Computer_Vision/packages/build/image_warper/install.log --single-version-externally-managed
[1.875s] running egg_info
[1.877s] writing ../../build/image_warper/image_warper.egg-info/PKG-INFO
[1.877s] writing dependency_links to ../../build/image_warper/image_warper.egg-info/dependency_links.txt
[1.878s] writing entry points to ../../build/image_warper/image_warper.egg-info/entry_points.txt
[1.878s] writing requirements to ../../build/image_warper/image_warper.egg-info/requires.txt
[1.878s] writing top-level names to ../../build/image_warper/image_warper.egg-info/top_level.txt
[1.881s] reading manifest file '../../build/image_warper/image_warper.egg-info/SOURCES.txt'
[1.884s] writing manifest file '../../build/image_warper/image_warper.egg-info/SOURCES.txt'
[1.884s] running build
[1.884s] running build_py
[1.885s] running install
[1.886s] /usr/lib/python3/dist-packages/setuptools/command/install.py:34: SetuptoolsDeprecationWarning: setup.py install is deprecated. Use build and pip and other standards-based tools.
[1.886s]   warnings.warn(
[1.886s] running install_lib
[1.890s] running install_data
[1.891s] running install_egg_info
[1.897s] removing '/home/mtrn/4231/A2_Project/Computer_Vision/packages/install/image_warper/lib/python3.10/site-packages/image_warper-0.0.0-py3.10.egg-info' (and everything under it)
[1.897s] Copying ../../build/image_warper/image_warper.egg-info to /home/mtrn/4231/A2_Project/Computer_Vision/packages/install/image_warper/lib/python3.10/site-packages/image_warper-0.0.0-py3.10.egg-info
[1.898s] running install_scripts
[1.928s] Installing ImagePublisher script to /home/mtrn/4231/A2_Project/Computer_Vision/packages/install/image_warper/lib/image_warper
[1.929s] Installing image_warper script to /home/mtrn/4231/A2_Project/Computer_Vision/packages/install/image_warper/lib/image_warper
[1.929s] writing list of installed files to '/home/mtrn/4231/A2_Project/Computer_Vision/packages/build/image_warper/install.log'
