[1.855s] Invoking command in '/home/mtrn/4231/A2_Project/Computer_Vision/packages/src/yolov8_node': PYTHONPATH=/home/mtrn/4231/A2_Project/Computer_Vision/packages/build/yolov8_node/prefix_override:/home/mtrn/4231/A2_Project/Computer_Vision/packages/install/yolov8_node/lib/python3.10/site-packages:${PYTHONPATH} /usr/bin/python3 setup.py egg_info --egg-base ../../build/yolov8_node build --build-base /home/mtrn/4231/A2_Project/Computer_Vision/packages/build/yolov8_node/build install --record /home/mtrn/4231/A2_Project/Computer_Vision/packages/build/yolov8_node/install.log --single-version-externally-managed
[2.319s] running egg_info
[2.321s] writing ../../build/yolov8_node/yolov8_node.egg-info/PKG-INFO
[2.322s] writing dependency_links to ../../build/yolov8_node/yolov8_node.egg-info/dependency_links.txt
[2.322s] writing entry points to ../../build/yolov8_node/yolov8_node.egg-info/entry_points.txt
[2.322s] writing requirements to ../../build/yolov8_node/yolov8_node.egg-info/requires.txt
[2.323s] writing top-level names to ../../build/yolov8_node/yolov8_node.egg-info/top_level.txt
[2.325s] reading manifest file '../../build/yolov8_node/yolov8_node.egg-info/SOURCES.txt'
[2.326s] writing manifest file '../../build/yolov8_node/yolov8_node.egg-info/SOURCES.txt'
[2.327s] running build
[2.327s] running build_py
[2.327s] copying yolov8_node/yolov8_object_detection.py -> /home/mtrn/4231/A2_Project/Computer_Vision/packages/build/yolov8_node/build/lib/yolov8_node
[2.327s] running install
[2.328s] /usr/lib/python3/dist-packages/setuptools/command/install.py:34: SetuptoolsDeprecationWarning: setup.py install is deprecated. Use build and pip and other standards-based tools.
[2.328s]   warnings.warn(
[2.328s] running install_lib
[2.329s] copying /home/mtrn/4231/A2_Project/Computer_Vision/packages/build/yolov8_node/build/lib/yolov8_node/yolov8_object_detection.py -> /home/mtrn/4231/A2_Project/Computer_Vision/packages/install/yolov8_node/lib/python3.10/site-packages/yolov8_node
[2.330s] byte-compiling /home/mtrn/4231/A2_Project/Computer_Vision/packages/install/yolov8_node/lib/python3.10/site-packages/yolov8_node/yolov8_object_detection.py to yolov8_object_detection.cpython-310.pyc
[2.331s] running install_data
[2.332s] running install_egg_info
[2.335s] removing '/home/mtrn/4231/A2_Project/Computer_Vision/packages/install/yolov8_node/lib/python3.10/site-packages/yolov8_node-0.0.0-py3.10.egg-info' (and everything under it)
[2.335s] Copying ../../build/yolov8_node/yolov8_node.egg-info to /home/mtrn/4231/A2_Project/Computer_Vision/packages/install/yolov8_node/lib/python3.10/site-packages/yolov8_node-0.0.0-py3.10.egg-info
[2.338s] running install_scripts
[2.370s] Installing yolo_node script to /home/mtrn/4231/A2_Project/Computer_Vision/packages/install/yolov8_node/lib/yolov8_node
[2.370s] writing list of installed files to '/home/mtrn/4231/A2_Project/Computer_Vision/packages/build/yolov8_node/install.log'
[2.418s] Invoked command in '/home/mtrn/4231/A2_Project/Computer_Vision/packages/src/yolov8_node' returned '0': PYTHONPATH=/home/mtrn/4231/A2_Project/Computer_Vision/packages/build/yolov8_node/prefix_override:/home/mtrn/4231/A2_Project/Computer_Vision/packages/install/yolov8_node/lib/python3.10/site-packages:${PYTHONPATH} /usr/bin/python3 setup.py egg_info --egg-base ../../build/yolov8_node build --build-base /home/mtrn/4231/A2_Project/Computer_Vision/packages/build/yolov8_node/build install --record /home/mtrn/4231/A2_Project/Computer_Vision/packages/build/yolov8_node/install.log --single-version-externally-managed
