[1.158s] Invoking command in '/home/mtrn/4231/A2_Project/Computer_Vision/src/image_warper': PYTHONPATH=/home/mtrn/4231/A2_Project/Computer_Vision/src/build/image_warper/prefix_override:/home/mtrn/4231/A2_Project/Computer_Vision/src/install/image_warper/lib/python3.10/site-packages:${PYTHONPATH} /usr/bin/python3 setup.py egg_info --egg-base ../build/image_warper build --build-base /home/mtrn/4231/A2_Project/Computer_Vision/src/build/image_warper/build install --record /home/mtrn/4231/A2_Project/Computer_Vision/src/build/image_warper/install.log --single-version-externally-managed
[1.598s] running egg_info
[1.601s] writing ../build/image_warper/image_warper.egg-info/PKG-INFO
[1.604s] writing dependency_links to ../build/image_warper/image_warper.egg-info/dependency_links.txt
[1.608s] writing entry points to ../build/image_warper/image_warper.egg-info/entry_points.txt
[1.610s] writing requirements to ../build/image_warper/image_warper.egg-info/requires.txt
[1.612s] writing top-level names to ../build/image_warper/image_warper.egg-info/top_level.txt
[1.614s] reading manifest file '../build/image_warper/image_warper.egg-info/SOURCES.txt'
[1.617s] writing manifest file '../build/image_warper/image_warper.egg-info/SOURCES.txt'
[1.621s] running build
[1.623s] running build_py
[1.625s] copying image_warper/image_warper.py -> /home/mtrn/4231/A2_Project/Computer_Vision/src/build/image_warper/build/lib/image_warper
[1.629s] running install
[1.631s] /usr/lib/python3/dist-packages/setuptools/command/install.py:34: SetuptoolsDeprecationWarning: setup.py install is deprecated. Use build and pip and other standards-based tools.
[1.633s]   warnings.warn(
[1.636s] running install_lib
[1.639s] copying /home/mtrn/4231/A2_Project/Computer_Vision/src/build/image_warper/build/lib/image_warper/image_warper.py -> /home/mtrn/4231/A2_Project/Computer_Vision/src/install/image_warper/lib/python3.10/site-packages/image_warper
[1.645s] byte-compiling /home/mtrn/4231/A2_Project/Computer_Vision/src/install/image_warper/lib/python3.10/site-packages/image_warper/image_warper.py to image_warper.cpython-310.pyc
[1.650s] running install_data
[1.654s] running install_egg_info
[1.659s] removing '/home/mtrn/4231/A2_Project/Computer_Vision/src/install/image_warper/lib/python3.10/site-packages/image_warper-0.0.0-py3.10.egg-info' (and everything under it)
[1.681s] Copying ../build/image_warper/image_warper.egg-info to /home/mtrn/4231/A2_Project/Computer_Vision/src/install/image_warper/lib/python3.10/site-packages/image_warper-0.0.0-py3.10.egg-info
[1.689s] running install_scripts
[1.730s] Installing image_warper script to /home/mtrn/4231/A2_Project/Computer_Vision/src/install/image_warper/lib/image_warper
[1.733s] writing list of installed files to '/home/mtrn/4231/A2_Project/Computer_Vision/src/build/image_warper/install.log'
[1.797s] Invoked command in '/home/mtrn/4231/A2_Project/Computer_Vision/src/image_warper' returned '0': PYTHONPATH=/home/mtrn/4231/A2_Project/Computer_Vision/src/build/image_warper/prefix_override:/home/mtrn/4231/A2_Project/Computer_Vision/src/install/image_warper/lib/python3.10/site-packages:${PYTHONPATH} /usr/bin/python3 setup.py egg_info --egg-base ../build/image_warper build --build-base /home/mtrn/4231/A2_Project/Computer_Vision/src/build/image_warper/build install --record /home/mtrn/4231/A2_Project/Computer_Vision/src/build/image_warper/install.log --single-version-externally-managed
