[0.553s] DEBUG:colcon:Command line arguments: ['/usr/bin/colcon', 'build']
[0.553s] DEBUG:colcon:Parsed command line arguments: Namespace(log_base=None, log_level=None, verb_name='build', build_base='build', install_base='install', merge_install=False, symlink_install=False, test_result_base=None, continue_on_error=False, executor='parallel', parallel_workers=12, event_handlers=None, ignore_user_meta=False, metas=['./colcon.meta'], base_paths=['.'], packages_ignore=None, packages_ignore_regex=None, paths=None, packages_up_to=None, packages_up_to_regex=None, packages_above=None, packages_above_and_dependencies=None, packages_above_depth=None, packages_select_by_dep=None, packages_skip_by_dep=None, packages_skip_up_to=None, packages_select_build_failed=False, packages_skip_build_finished=False, packages_select_test_failures=False, packages_skip_test_passed=False, packages_select=None, packages_skip=None, packages_select_regex=None, packages_skip_regex=None, packages_start=None, packages_end=None, allow_overriding=[], cmake_args=None, cmake_target=None, cmake_target_skip_unavailable=False, cmake_clean_cache=False, cmake_clean_first=False, cmake_force_configure=False, ament_cmake_args=None, catkin_cmake_args=None, catkin_skip_building_tests=False, mixin_files=None, mixin=None, verb_parser=<colcon_mixin.mixin.mixin_argument.MixinArgumentDecorator object at 0x7f4207834eb0>, verb_extension=<colcon_core.verb.build.BuildVerb object at 0x7f4208208d90>, main=<bound method BuildVerb.main of <colcon_core.verb.build.BuildVerb object at 0x7f4208208d90>>, mixin_verb=('build',))
[0.586s] Level 1:colcon.colcon_core.package_discovery:discover_packages(colcon_meta) check parameters
[0.586s] Level 1:colcon.colcon_core.package_discovery:discover_packages(recursive) check parameters
[0.586s] Level 1:colcon.colcon_core.package_discovery:discover_packages(ignore) check parameters
[0.586s] Level 1:colcon.colcon_core.package_discovery:discover_packages(path) check parameters
[0.586s] Level 1:colcon.colcon_core.package_discovery:discover_packages(colcon_meta) discover
[0.586s] Level 1:colcon.colcon_core.package_discovery:discover_packages(recursive) discover
[0.586s] INFO:colcon.colcon_core.package_discovery:Crawling recursively for packages in '/home/mtrn/A2_project/A2_Project/Computer_Vision/packages'
[0.586s] Level 1:colcon.colcon_core.package_identification:_identify(.) by extensions ['ignore', 'ignore_ament_install']
[0.586s] Level 1:colcon.colcon_core.package_identification:_identify(.) by extension 'ignore'
[0.586s] Level 1:colcon.colcon_core.package_identification:_identify(.) by extension 'ignore_ament_install'
[0.586s] Level 1:colcon.colcon_core.package_identification:_identify(.) by extensions ['colcon_pkg']
[0.586s] Level 1:colcon.colcon_core.package_identification:_identify(.) by extension 'colcon_pkg'
[0.586s] Level 1:colcon.colcon_core.package_identification:_identify(.) by extensions ['colcon_meta']
[0.586s] Level 1:colcon.colcon_core.package_identification:_identify(.) by extension 'colcon_meta'
[0.586s] Level 1:colcon.colcon_core.package_identification:_identify(.) by extensions ['ros']
[0.586s] Level 1:colcon.colcon_core.package_identification:_identify(.) by extension 'ros'
[0.602s] Level 1:colcon.colcon_core.package_identification:_identify(.) by extensions ['cmake', 'python']
[0.602s] Level 1:colcon.colcon_core.package_identification:_identify(.) by extension 'cmake'
[0.602s] Level 1:colcon.colcon_core.package_identification:_identify(.) by extension 'python'
[0.603s] Level 1:colcon.colcon_core.package_identification:_identify(.) by extensions ['python_setup_py']
[0.603s] Level 1:colcon.colcon_core.package_identification:_identify(.) by extension 'python_setup_py'
[0.603s] Level 1:colcon.colcon_core.package_identification:_identify(build) by extensions ['ignore', 'ignore_ament_install']
[0.603s] Level 1:colcon.colcon_core.package_identification:_identify(build) by extension 'ignore'
[0.603s] Level 1:colcon.colcon_core.package_identification:_identify(build) ignored
[0.603s] Level 1:colcon.colcon_core.package_identification:_identify(install) by extensions ['ignore', 'ignore_ament_install']
[0.603s] Level 1:colcon.colcon_core.package_identification:_identify(install) by extension 'ignore'
[0.603s] Level 1:colcon.colcon_core.package_identification:_identify(install) ignored
[0.603s] Level 1:colcon.colcon_core.package_identification:_identify(log) by extensions ['ignore', 'ignore_ament_install']
[0.603s] Level 1:colcon.colcon_core.package_identification:_identify(log) by extension 'ignore'
[0.604s] Level 1:colcon.colcon_core.package_identification:_identify(log) ignored
[0.604s] Level 1:colcon.colcon_core.package_identification:_identify(src) by extensions ['ignore', 'ignore_ament_install']
[0.604s] Level 1:colcon.colcon_core.package_identification:_identify(src) by extension 'ignore'
[0.604s] Level 1:colcon.colcon_core.package_identification:_identify(src) by extension 'ignore_ament_install'
[0.604s] Level 1:colcon.colcon_core.package_identification:_identify(src) by extensions ['colcon_pkg']
[0.604s] Level 1:colcon.colcon_core.package_identification:_identify(src) by extension 'colcon_pkg'
[0.604s] Level 1:colcon.colcon_core.package_identification:_identify(src) by extensions ['colcon_meta']
[0.604s] Level 1:colcon.colcon_core.package_identification:_identify(src) by extension 'colcon_meta'
[0.604s] Level 1:colcon.colcon_core.package_identification:_identify(src) by extensions ['ros']
[0.604s] Level 1:colcon.colcon_core.package_identification:_identify(src) by extension 'ros'
[0.604s] Level 1:colcon.colcon_core.package_identification:_identify(src) by extensions ['cmake', 'python']
[0.604s] Level 1:colcon.colcon_core.package_identification:_identify(src) by extension 'cmake'
[0.604s] Level 1:colcon.colcon_core.package_identification:_identify(src) by extension 'python'
[0.604s] Level 1:colcon.colcon_core.package_identification:_identify(src) by extensions ['python_setup_py']
[0.604s] Level 1:colcon.colcon_core.package_identification:_identify(src) by extension 'python_setup_py'
[0.604s] Level 1:colcon.colcon_core.package_identification:_identify(src/image_warper) by extensions ['ignore', 'ignore_ament_install']
[0.605s] Level 1:colcon.colcon_core.package_identification:_identify(src/image_warper) by extension 'ignore'
[0.605s] Level 1:colcon.colcon_core.package_identification:_identify(src/image_warper) by extension 'ignore_ament_install'
[0.605s] Level 1:colcon.colcon_core.package_identification:_identify(src/image_warper) by extensions ['colcon_pkg']
[0.605s] Level 1:colcon.colcon_core.package_identification:_identify(src/image_warper) by extension 'colcon_pkg'
[0.605s] Level 1:colcon.colcon_core.package_identification:_identify(src/image_warper) by extensions ['colcon_meta']
[0.605s] Level 1:colcon.colcon_core.package_identification:_identify(src/image_warper) by extension 'colcon_meta'
[0.605s] Level 1:colcon.colcon_core.package_identification:_identify(src/image_warper) by extensions ['ros']
[0.605s] Level 1:colcon.colcon_core.package_identification:_identify(src/image_warper) by extension 'ros'
[0.609s] DEBUG:colcon.colcon_core.package_identification:Package 'src/image_warper' with type 'ros.ament_python' and name 'image_warper'
[0.609s] Level 1:colcon.colcon_core.package_identification:_identify(src/pizza_pos) by extensions ['ignore', 'ignore_ament_install']
[0.609s] Level 1:colcon.colcon_core.package_identification:_identify(src/pizza_pos) by extension 'ignore'
[0.609s] Level 1:colcon.colcon_core.package_identification:_identify(src/pizza_pos) by extension 'ignore_ament_install'
[0.610s] Level 1:colcon.colcon_core.package_identification:_identify(src/pizza_pos) by extensions ['colcon_pkg']
[0.610s] Level 1:colcon.colcon_core.package_identification:_identify(src/pizza_pos) by extension 'colcon_pkg'
[0.610s] Level 1:colcon.colcon_core.package_identification:_identify(src/pizza_pos) by extensions ['colcon_meta']
[0.610s] Level 1:colcon.colcon_core.package_identification:_identify(src/pizza_pos) by extension 'colcon_meta'
[0.610s] Level 1:colcon.colcon_core.package_identification:_identify(src/pizza_pos) by extensions ['ros']
[0.610s] Level 1:colcon.colcon_core.package_identification:_identify(src/pizza_pos) by extension 'ros'
[0.611s] DEBUG:colcon.colcon_core.package_identification:Package 'src/pizza_pos' with type 'ros.ament_cmake' and name 'pizza_pos'
[0.611s] Level 1:colcon.colcon_core.package_identification:_identify(src/yolo_ros) by extensions ['ignore', 'ignore_ament_install']
[0.611s] Level 1:colcon.colcon_core.package_identification:_identify(src/yolo_ros) by extension 'ignore'
[0.611s] Level 1:colcon.colcon_core.package_identification:_identify(src/yolo_ros) by extension 'ignore_ament_install'
[0.611s] Level 1:colcon.colcon_core.package_identification:_identify(src/yolo_ros) by extensions ['colcon_pkg']
[0.611s] Level 1:colcon.colcon_core.package_identification:_identify(src/yolo_ros) by extension 'colcon_pkg'
[0.612s] Level 1:colcon.colcon_core.package_identification:_identify(src/yolo_ros) by extensions ['colcon_meta']
[0.612s] Level 1:colcon.colcon_core.package_identification:_identify(src/yolo_ros) by extension 'colcon_meta'
[0.612s] Level 1:colcon.colcon_core.package_identification:_identify(src/yolo_ros) by extensions ['ros']
[0.612s] Level 1:colcon.colcon_core.package_identification:_identify(src/yolo_ros) by extension 'ros'
[0.612s] Level 1:colcon.colcon_core.package_identification:_identify(src/yolo_ros) by extensions ['cmake', 'python']
[0.612s] Level 1:colcon.colcon_core.package_identification:_identify(src/yolo_ros) by extension 'cmake'
[0.612s] Level 1:colcon.colcon_core.package_identification:_identify(src/yolo_ros) by extension 'python'
[0.612s] Level 1:colcon.colcon_core.package_identification:_identify(src/yolo_ros) by extensions ['python_setup_py']
[0.612s] Level 1:colcon.colcon_core.package_identification:_identify(src/yolo_ros) by extension 'python_setup_py'
[0.612s] Level 1:colcon.colcon_core.package_identification:_identify(src/yolo_ros/yolov8_bringup) by extensions ['ignore', 'ignore_ament_install']
[0.612s] Level 1:colcon.colcon_core.package_identification:_identify(src/yolo_ros/yolov8_bringup) by extension 'ignore'
[0.612s] Level 1:colcon.colcon_core.package_identification:_identify(src/yolo_ros/yolov8_bringup) by extension 'ignore_ament_install'
[0.612s] Level 1:colcon.colcon_core.package_identification:_identify(src/yolo_ros/yolov8_bringup) by extensions ['colcon_pkg']
[0.612s] Level 1:colcon.colcon_core.package_identification:_identify(src/yolo_ros/yolov8_bringup) by extension 'colcon_pkg'
[0.612s] Level 1:colcon.colcon_core.package_identification:_identify(src/yolo_ros/yolov8_bringup) by extensions ['colcon_meta']
[0.612s] Level 1:colcon.colcon_core.package_identification:_identify(src/yolo_ros/yolov8_bringup) by extension 'colcon_meta'
[0.613s] Level 1:colcon.colcon_core.package_identification:_identify(src/yolo_ros/yolov8_bringup) by extensions ['ros']
[0.613s] Level 1:colcon.colcon_core.package_identification:_identify(src/yolo_ros/yolov8_bringup) by extension 'ros'
[0.613s] DEBUG:colcon.colcon_core.package_identification:Package 'src/yolo_ros/yolov8_bringup' with type 'ros.ament_cmake' and name 'yolov8_bringup'
[0.614s] Level 1:colcon.colcon_core.package_identification:_identify(src/yolo_ros/yolov8_msgs) by extensions ['ignore', 'ignore_ament_install']
[0.614s] Level 1:colcon.colcon_core.package_identification:_identify(src/yolo_ros/yolov8_msgs) by extension 'ignore'
[0.614s] Level 1:colcon.colcon_core.package_identification:_identify(src/yolo_ros/yolov8_msgs) by extension 'ignore_ament_install'
[0.614s] Level 1:colcon.colcon_core.package_identification:_identify(src/yolo_ros/yolov8_msgs) by extensions ['colcon_pkg']
[0.614s] Level 1:colcon.colcon_core.package_identification:_identify(src/yolo_ros/yolov8_msgs) by extension 'colcon_pkg'
[0.614s] Level 1:colcon.colcon_core.package_identification:_identify(src/yolo_ros/yolov8_msgs) by extensions ['colcon_meta']
[0.614s] Level 1:colcon.colcon_core.package_identification:_identify(src/yolo_ros/yolov8_msgs) by extension 'colcon_meta'
[0.614s] Level 1:colcon.colcon_core.package_identification:_identify(src/yolo_ros/yolov8_msgs) by extensions ['ros']
[0.614s] Level 1:colcon.colcon_core.package_identification:_identify(src/yolo_ros/yolov8_msgs) by extension 'ros'
[0.615s] DEBUG:colcon.colcon_core.package_identification:Package 'src/yolo_ros/yolov8_msgs' with type 'ros.ament_cmake' and name 'yolov8_msgs'
[0.615s] Level 1:colcon.colcon_core.package_identification:_identify(src/yolo_ros/yolov8_ros) by extensions ['ignore', 'ignore_ament_install']
[0.615s] Level 1:colcon.colcon_core.package_identification:_identify(src/yolo_ros/yolov8_ros) by extension 'ignore'
[0.615s] Level 1:colcon.colcon_core.package_identification:_identify(src/yolo_ros/yolov8_ros) by extension 'ignore_ament_install'
[0.616s] Level 1:colcon.colcon_core.package_identification:_identify(src/yolo_ros/yolov8_ros) by extensions ['colcon_pkg']
[0.616s] Level 1:colcon.colcon_core.package_identification:_identify(src/yolo_ros/yolov8_ros) by extension 'colcon_pkg'
[0.616s] Level 1:colcon.colcon_core.package_identification:_identify(src/yolo_ros/yolov8_ros) by extensions ['colcon_meta']
[0.616s] Level 1:colcon.colcon_core.package_identification:_identify(src/yolo_ros/yolov8_ros) by extension 'colcon_meta'
[0.616s] Level 1:colcon.colcon_core.package_identification:_identify(src/yolo_ros/yolov8_ros) by extensions ['ros']
[0.616s] Level 1:colcon.colcon_core.package_identification:_identify(src/yolo_ros/yolov8_ros) by extension 'ros'
[0.617s] DEBUG:colcon.colcon_core.package_identification:Package 'src/yolo_ros/yolov8_ros' with type 'ros.ament_python' and name 'yolov8_ros'
[0.617s] Level 1:colcon.colcon_core.package_discovery:discover_packages(recursive) using defaults
[0.617s] Level 1:colcon.colcon_core.package_discovery:discover_packages(ignore) discover
[0.617s] Level 1:colcon.colcon_core.package_discovery:discover_packages(ignore) using defaults
[0.617s] Level 1:colcon.colcon_core.package_discovery:discover_packages(path) discover
[0.617s] Level 1:colcon.colcon_core.package_discovery:discover_packages(path) using defaults
[0.653s] Level 1:colcon.colcon_core.package_discovery:discover_packages(prefix_path) check parameters
[0.653s] Level 1:colcon.colcon_core.package_discovery:discover_packages(prefix_path) discover
[0.660s] DEBUG:colcon.colcon_installed_package_information.package_discovery:Found 1 installed packages in /home/mtrn/A2_project/A2_Project/src/moveit_ur/install
[0.662s] DEBUG:colcon.colcon_installed_package_information.package_discovery:Found 55 installed packages in /home/mtrn/4231/ws_moveit2/install
[0.664s] DEBUG:colcon.colcon_installed_package_information.package_discovery:Found 7 installed packages in /home/mtrn/4231/ros_ur_driver/install
[0.666s] DEBUG:colcon.colcon_installed_package_information.package_discovery:Found 338 installed packages in /opt/ros/humble
[0.670s] Level 1:colcon.colcon_core.package_discovery:discover_packages(prefix_path) using defaults
[0.780s] Level 5:colcon.colcon_core.verb:set package 'image_warper' build argument 'cmake_args' from command line to 'None'
[0.780s] Level 5:colcon.colcon_core.verb:set package 'image_warper' build argument 'cmake_target' from command line to 'None'
[0.780s] Level 5:colcon.colcon_core.verb:set package 'image_warper' build argument 'cmake_target_skip_unavailable' from command line to 'False'
[0.780s] Level 5:colcon.colcon_core.verb:set package 'image_warper' build argument 'cmake_clean_cache' from command line to 'False'
[0.780s] Level 5:colcon.colcon_core.verb:set package 'image_warper' build argument 'cmake_clean_first' from command line to 'False'
[0.780s] Level 5:colcon.colcon_core.verb:set package 'image_warper' build argument 'cmake_force_configure' from command line to 'False'
[0.780s] Level 5:colcon.colcon_core.verb:set package 'image_warper' build argument 'ament_cmake_args' from command line to 'None'
[0.780s] Level 5:colcon.colcon_core.verb:set package 'image_warper' build argument 'catkin_cmake_args' from command line to 'None'
[0.780s] Level 5:colcon.colcon_core.verb:set package 'image_warper' build argument 'catkin_skip_building_tests' from command line to 'False'
[0.781s] DEBUG:colcon.colcon_core.verb:Building package 'image_warper' with the following arguments: {'ament_cmake_args': None, 'build_base': '/home/mtrn/A2_project/A2_Project/Computer_Vision/packages/build/image_warper', 'catkin_cmake_args': None, 'catkin_skip_building_tests': False, 'cmake_args': None, 'cmake_clean_cache': False, 'cmake_clean_first': False, 'cmake_force_configure': False, 'cmake_target': None, 'cmake_target_skip_unavailable': False, 'install_base': '/home/mtrn/A2_project/A2_Project/Computer_Vision/packages/install/image_warper', 'merge_install': False, 'path': '/home/mtrn/A2_project/A2_Project/Computer_Vision/packages/src/image_warper', 'symlink_install': False, 'test_result_base': None}
[0.782s] Level 5:colcon.colcon_core.verb:set package 'yolov8_msgs' build argument 'cmake_args' from command line to 'None'
[0.782s] Level 5:colcon.colcon_core.verb:set package 'yolov8_msgs' build argument 'cmake_target' from command line to 'None'
[0.783s] Level 5:colcon.colcon_core.verb:set package 'yolov8_msgs' build argument 'cmake_target_skip_unavailable' from command line to 'False'
[0.783s] Level 5:colcon.colcon_core.verb:set package 'yolov8_msgs' build argument 'cmake_clean_cache' from command line to 'False'
[0.783s] Level 5:colcon.colcon_core.verb:set package 'yolov8_msgs' build argument 'cmake_clean_first' from command line to 'False'
[0.783s] Level 5:colcon.colcon_core.verb:set package 'yolov8_msgs' build argument 'cmake_force_configure' from command line to 'False'
[0.783s] Level 5:colcon.colcon_core.verb:set package 'yolov8_msgs' build argument 'ament_cmake_args' from command line to 'None'
[0.783s] Level 5:colcon.colcon_core.verb:set package 'yolov8_msgs' build argument 'catkin_cmake_args' from command line to 'None'
[0.783s] Level 5:colcon.colcon_core.verb:set package 'yolov8_msgs' build argument 'catkin_skip_building_tests' from command line to 'False'
[0.783s] DEBUG:colcon.colcon_core.verb:Building package 'yolov8_msgs' with the following arguments: {'ament_cmake_args': None, 'build_base': '/home/mtrn/A2_project/A2_Project/Computer_Vision/packages/build/yolov8_msgs', 'catkin_cmake_args': None, 'catkin_skip_building_tests': False, 'cmake_args': None, 'cmake_clean_cache': False, 'cmake_clean_first': False, 'cmake_force_configure': False, 'cmake_target': None, 'cmake_target_skip_unavailable': False, 'install_base': '/home/mtrn/A2_project/A2_Project/Computer_Vision/packages/install/yolov8_msgs', 'merge_install': False, 'path': '/home/mtrn/A2_project/A2_Project/Computer_Vision/packages/src/yolo_ros/yolov8_msgs', 'symlink_install': False, 'test_result_base': None}
[0.785s] Level 5:colcon.colcon_core.verb:set package 'yolov8_ros' build argument 'cmake_args' from command line to 'None'
[0.785s] Level 5:colcon.colcon_core.verb:set package 'yolov8_ros' build argument 'cmake_target' from command line to 'None'
[0.785s] Level 5:colcon.colcon_core.verb:set package 'yolov8_ros' build argument 'cmake_target_skip_unavailable' from command line to 'False'
[0.785s] Level 5:colcon.colcon_core.verb:set package 'yolov8_ros' build argument 'cmake_clean_cache' from command line to 'False'
[0.785s] Level 5:colcon.colcon_core.verb:set package 'yolov8_ros' build argument 'cmake_clean_first' from command line to 'False'
[0.785s] Level 5:colcon.colcon_core.verb:set package 'yolov8_ros' build argument 'cmake_force_configure' from command line to 'False'
[0.785s] Level 5:colcon.colcon_core.verb:set package 'yolov8_ros' build argument 'ament_cmake_args' from command line to 'None'
[0.785s] Level 5:colcon.colcon_core.verb:set package 'yolov8_ros' build argument 'catkin_cmake_args' from command line to 'None'
[0.785s] Level 5:colcon.colcon_core.verb:set package 'yolov8_ros' build argument 'catkin_skip_building_tests' from command line to 'False'
[0.785s] DEBUG:colcon.colcon_core.verb:Building package 'yolov8_ros' with the following arguments: {'ament_cmake_args': None, 'build_base': '/home/mtrn/A2_project/A2_Project/Computer_Vision/packages/build/yolov8_ros', 'catkin_cmake_args': None, 'catkin_skip_building_tests': False, 'cmake_args': None, 'cmake_clean_cache': False, 'cmake_clean_first': False, 'cmake_force_configure': False, 'cmake_target': None, 'cmake_target_skip_unavailable': False, 'install_base': '/home/mtrn/A2_project/A2_Project/Computer_Vision/packages/install/yolov8_ros', 'merge_install': False, 'path': '/home/mtrn/A2_project/A2_Project/Computer_Vision/packages/src/yolo_ros/yolov8_ros', 'symlink_install': False, 'test_result_base': None}
[0.787s] Level 5:colcon.colcon_core.verb:set package 'pizza_pos' build argument 'cmake_args' from command line to 'None'
[0.787s] Level 5:colcon.colcon_core.verb:set package 'pizza_pos' build argument 'cmake_target' from command line to 'None'
[0.787s] Level 5:colcon.colcon_core.verb:set package 'pizza_pos' build argument 'cmake_target_skip_unavailable' from command line to 'False'
[0.787s] Level 5:colcon.colcon_core.verb:set package 'pizza_pos' build argument 'cmake_clean_cache' from command line to 'False'
[0.787s] Level 5:colcon.colcon_core.verb:set package 'pizza_pos' build argument 'cmake_clean_first' from command line to 'False'
[0.787s] Level 5:colcon.colcon_core.verb:set package 'pizza_pos' build argument 'cmake_force_configure' from command line to 'False'
[0.787s] Level 5:colcon.colcon_core.verb:set package 'pizza_pos' build argument 'ament_cmake_args' from command line to 'None'
[0.787s] Level 5:colcon.colcon_core.verb:set package 'pizza_pos' build argument 'catkin_cmake_args' from command line to 'None'
[0.787s] Level 5:colcon.colcon_core.verb:set package 'pizza_pos' build argument 'catkin_skip_building_tests' from command line to 'False'
[0.787s] DEBUG:colcon.colcon_core.verb:Building package 'pizza_pos' with the following arguments: {'ament_cmake_args': None, 'build_base': '/home/mtrn/A2_project/A2_Project/Computer_Vision/packages/build/pizza_pos', 'catkin_cmake_args': None, 'catkin_skip_building_tests': False, 'cmake_args': None, 'cmake_clean_cache': False, 'cmake_clean_first': False, 'cmake_force_configure': False, 'cmake_target': None, 'cmake_target_skip_unavailable': False, 'install_base': '/home/mtrn/A2_project/A2_Project/Computer_Vision/packages/install/pizza_pos', 'merge_install': False, 'path': '/home/mtrn/A2_project/A2_Project/Computer_Vision/packages/src/pizza_pos', 'symlink_install': False, 'test_result_base': None}
[0.789s] Level 5:colcon.colcon_core.verb:set package 'yolov8_bringup' build argument 'cmake_args' from command line to 'None'
[0.789s] Level 5:colcon.colcon_core.verb:set package 'yolov8_bringup' build argument 'cmake_target' from command line to 'None'
[0.789s] Level 5:colcon.colcon_core.verb:set package 'yolov8_bringup' build argument 'cmake_target_skip_unavailable' from command line to 'False'
[0.789s] Level 5:colcon.colcon_core.verb:set package 'yolov8_bringup' build argument 'cmake_clean_cache' from command line to 'False'
[0.789s] Level 5:colcon.colcon_core.verb:set package 'yolov8_bringup' build argument 'cmake_clean_first' from command line to 'False'
[0.789s] Level 5:colcon.colcon_core.verb:set package 'yolov8_bringup' build argument 'cmake_force_configure' from command line to 'False'
[0.789s] Level 5:colcon.colcon_core.verb:set package 'yolov8_bringup' build argument 'ament_cmake_args' from command line to 'None'
[0.789s] Level 5:colcon.colcon_core.verb:set package 'yolov8_bringup' build argument 'catkin_cmake_args' from command line to 'None'
[0.789s] Level 5:colcon.colcon_core.verb:set package 'yolov8_bringup' build argument 'catkin_skip_building_tests' from command line to 'False'
[0.789s] DEBUG:colcon.colcon_core.verb:Building package 'yolov8_bringup' with the following arguments: {'ament_cmake_args': None, 'build_base': '/home/mtrn/A2_project/A2_Project/Computer_Vision/packages/build/yolov8_bringup', 'catkin_cmake_args': None, 'catkin_skip_building_tests': False, 'cmake_args': None, 'cmake_clean_cache': False, 'cmake_clean_first': False, 'cmake_force_configure': False, 'cmake_target': None, 'cmake_target_skip_unavailable': False, 'install_base': '/home/mtrn/A2_project/A2_Project/Computer_Vision/packages/install/yolov8_bringup', 'merge_install': False, 'path': '/home/mtrn/A2_project/A2_Project/Computer_Vision/packages/src/yolo_ros/yolov8_bringup', 'symlink_install': False, 'test_result_base': None}
[0.790s] INFO:colcon.colcon_core.executor:Executing jobs using 'parallel' executor
[0.796s] DEBUG:colcon.colcon_parallel_executor.executor.parallel:run_until_complete
[0.796s] INFO:colcon.colcon_ros.task.ament_python.build:Building ROS package in '/home/mtrn/A2_project/A2_Project/Computer_Vision/packages/src/yolo_ros/yolov8_ros' with build type 'ament_python'
[0.796s] Level 1:colcon.colcon_core.shell:create_environment_hook('yolov8_ros', 'ament_prefix_path')
[0.810s] INFO:colcon.colcon_core.plugin_system:Skipping extension 'colcon_core.shell.bat': Not used on non-Windows systems
[0.811s] INFO:colcon.colcon_core.shell:Creating environment hook '/home/mtrn/A2_project/A2_Project/Computer_Vision/packages/install/yolov8_ros/share/yolov8_ros/hook/ament_prefix_path.ps1'
[0.813s] INFO:colcon.colcon_core.shell:Creating environment descriptor '/home/mtrn/A2_project/A2_Project/Computer_Vision/packages/install/yolov8_ros/share/yolov8_ros/hook/ament_prefix_path.dsv'
[0.815s] INFO:colcon.colcon_core.shell:Creating environment hook '/home/mtrn/A2_project/A2_Project/Computer_Vision/packages/install/yolov8_ros/share/yolov8_ros/hook/ament_prefix_path.sh'
[0.822s] INFO:colcon.colcon_core.shell:Skip shell extension 'powershell' for command environment: Not usable outside of PowerShell
[0.822s] DEBUG:colcon.colcon_core.shell:Skip shell extension 'dsv' for command environment
[0.843s] INFO:colcon.colcon_ros.task.ament_python.build:Building ROS package in '/home/mtrn/A2_project/A2_Project/Computer_Vision/packages/src/image_warper' with build type 'ament_python'
[0.843s] Level 1:colcon.colcon_core.shell:create_environment_hook('image_warper', 'ament_prefix_path')
[0.845s] INFO:colcon.colcon_core.shell:Creating environment hook '/home/mtrn/A2_project/A2_Project/Computer_Vision/packages/install/image_warper/share/image_warper/hook/ament_prefix_path.ps1'
[0.846s] INFO:colcon.colcon_core.shell:Creating environment descriptor '/home/mtrn/A2_project/A2_Project/Computer_Vision/packages/install/image_warper/share/image_warper/hook/ament_prefix_path.dsv'
[0.847s] INFO:colcon.colcon_core.shell:Creating environment hook '/home/mtrn/A2_project/A2_Project/Computer_Vision/packages/install/image_warper/share/image_warper/hook/ament_prefix_path.sh'
[0.849s] INFO:colcon.colcon_core.shell:Skip shell extension 'powershell' for command environment: Not usable outside of PowerShell
[0.849s] DEBUG:colcon.colcon_core.shell:Skip shell extension 'dsv' for command environment
[0.863s] INFO:colcon.colcon_ros.task.ament_cmake.build:Building ROS package in '/home/mtrn/A2_project/A2_Project/Computer_Vision/packages/src/yolo_ros/yolov8_msgs' with build type 'ament_cmake'
[0.864s] INFO:colcon.colcon_cmake.task.cmake.build:Building CMake package in '/home/mtrn/A2_project/A2_Project/Computer_Vision/packages/src/yolo_ros/yolov8_msgs'
[0.866s] INFO:colcon.colcon_core.shell:Skip shell extension 'powershell' for command environment: Not usable outside of PowerShell
[0.866s] DEBUG:colcon.colcon_core.shell:Skip shell extension 'dsv' for command environment
[1.293s] INFO:colcon.colcon_core.task.python.build:Building Python package in '/home/mtrn/A2_project/A2_Project/Computer_Vision/packages/src/yolo_ros/yolov8_ros'
[1.300s] INFO:colcon.colcon_core.shell:Skip shell extension 'powershell' for command environment: Not usable outside of PowerShell
[1.300s] DEBUG:colcon.colcon_core.shell:Skip shell extension 'dsv' for command environment
[1.601s] INFO:colcon.colcon_core.task.python.build:Building Python package in '/home/mtrn/A2_project/A2_Project/Computer_Vision/packages/src/image_warper'
[1.605s] INFO:colcon.colcon_core.shell:Skip shell extension 'powershell' for command environment: Not usable outside of PowerShell
[1.606s] DEBUG:colcon.colcon_core.shell:Skip shell extension 'dsv' for command environment
[1.636s] DEBUG:colcon.colcon_core.event_handler.log_command:Invoking command in '/home/mtrn/A2_project/A2_Project/Computer_Vision/packages/build/yolov8_msgs': CMAKE_PREFIX_PATH=${CMAKE_PREFIX_PATH}:/home/mtrn/4231/ws_moveit2/install/moveit_configs_utils:/home/mtrn/4231/ws_moveit2/install/launch_param_builder:/opt/ros/humble /home/mtrn/.local/bin/cmake --build /home/mtrn/A2_project/A2_Project/Computer_Vision/packages/build/yolov8_msgs -- -j12 -l12
[2.212s] DEBUG:colcon.colcon_core.event_handler.log_command:Invoking command in '/home/mtrn/A2_project/A2_Project/Computer_Vision/packages/src/image_warper': PYTHONPATH=/home/mtrn/A2_project/A2_Project/Computer_Vision/packages/build/image_warper/prefix_override:/home/mtrn/A2_project/A2_Project/Computer_Vision/packages/install/image_warper/lib/python3.10/site-packages:${PYTHONPATH} /usr/bin/python3 setup.py egg_info --egg-base ../../build/image_warper build --build-base /home/mtrn/A2_project/A2_Project/Computer_Vision/packages/build/image_warper/build install --record /home/mtrn/A2_project/A2_Project/Computer_Vision/packages/build/image_warper/install.log --single-version-externally-managed
[2.244s] DEBUG:colcon.colcon_core.event_handler.log_command:Invoking command in '/home/mtrn/A2_project/A2_Project/Computer_Vision/packages/src/yolo_ros/yolov8_ros': PYTHONPATH=/home/mtrn/A2_project/A2_Project/Computer_Vision/packages/build/yolov8_ros/prefix_override:/home/mtrn/A2_project/A2_Project/Computer_Vision/packages/install/yolov8_ros/lib/python3.10/site-packages:${PYTHONPATH} /usr/bin/python3 setup.py egg_info --egg-base ../../../build/yolov8_ros build --build-base /home/mtrn/A2_project/A2_Project/Computer_Vision/packages/build/yolov8_ros/build install --record /home/mtrn/A2_project/A2_Project/Computer_Vision/packages/build/yolov8_ros/install.log --single-version-externally-managed
[2.253s] DEBUG:colcon.colcon_core.event_handler.log_command:Invoked command in '/home/mtrn/A2_project/A2_Project/Computer_Vision/packages/build/yolov8_msgs' returned '0': CMAKE_PREFIX_PATH=${CMAKE_PREFIX_PATH}:/home/mtrn/4231/ws_moveit2/install/moveit_configs_utils:/home/mtrn/4231/ws_moveit2/install/launch_param_builder:/opt/ros/humble /home/mtrn/.local/bin/cmake --build /home/mtrn/A2_project/A2_Project/Computer_Vision/packages/build/yolov8_msgs -- -j12 -l12
[2.664s] DEBUG:colcon.colcon_core.event_handler.log_command:Invoked command in '/home/mtrn/A2_project/A2_Project/Computer_Vision/packages/src/yolo_ros/yolov8_ros' returned '0': PYTHONPATH=/home/mtrn/A2_project/A2_Project/Computer_Vision/packages/build/yolov8_ros/prefix_override:/home/mtrn/A2_project/A2_Project/Computer_Vision/packages/install/yolov8_ros/lib/python3.10/site-packages:${PYTHONPATH} /usr/bin/python3 setup.py egg_info --egg-base ../../../build/yolov8_ros build --build-base /home/mtrn/A2_project/A2_Project/Computer_Vision/packages/build/yolov8_ros/build install --record /home/mtrn/A2_project/A2_Project/Computer_Vision/packages/build/yolov8_ros/install.log --single-version-externally-managed
[2.681s] Level 1:colcon.colcon_core.environment:checking '/home/mtrn/A2_project/A2_Project/Computer_Vision/packages/install/yolov8_ros' for CMake module files
[2.682s] Level 1:colcon.colcon_core.environment:checking '/home/mtrn/A2_project/A2_Project/Computer_Vision/packages/install/yolov8_ros' for CMake config files
[2.684s] Level 1:colcon.colcon_core.environment:checking '/home/mtrn/A2_project/A2_Project/Computer_Vision/packages/install/yolov8_ros/lib'
[2.684s] Level 1:colcon.colcon_core.environment:checking '/home/mtrn/A2_project/A2_Project/Computer_Vision/packages/install/yolov8_ros/bin'
[2.684s] Level 1:colcon.colcon_core.environment:checking '/home/mtrn/A2_project/A2_Project/Computer_Vision/packages/install/yolov8_ros/lib/pkgconfig/yolov8_ros.pc'
[2.685s] Level 1:colcon.colcon_core.environment:checking '/home/mtrn/A2_project/A2_Project/Computer_Vision/packages/install/yolov8_ros/lib/python3.10/site-packages'
[2.685s] Level 1:colcon.colcon_core.shell:create_environment_hook('yolov8_ros', 'pythonpath')
[2.689s] INFO:colcon.colcon_core.shell:Creating environment hook '/home/mtrn/A2_project/A2_Project/Computer_Vision/packages/install/yolov8_ros/share/yolov8_ros/hook/pythonpath.ps1'
[2.690s] INFO:colcon.colcon_core.shell:Creating environment descriptor '/home/mtrn/A2_project/A2_Project/Computer_Vision/packages/install/yolov8_ros/share/yolov8_ros/hook/pythonpath.dsv'
[2.690s] INFO:colcon.colcon_core.shell:Creating environment hook '/home/mtrn/A2_project/A2_Project/Computer_Vision/packages/install/yolov8_ros/share/yolov8_ros/hook/pythonpath.sh'
[2.691s] Level 1:colcon.colcon_core.environment:checking '/home/mtrn/A2_project/A2_Project/Computer_Vision/packages/install/yolov8_ros/bin'
[2.691s] Level 1:colcon.colcon_core.environment:create_environment_scripts_only(yolov8_ros)
[2.693s] INFO:colcon.colcon_core.shell:Creating package script '/home/mtrn/A2_project/A2_Project/Computer_Vision/packages/install/yolov8_ros/share/yolov8_ros/package.ps1'
[2.694s] INFO:colcon.colcon_core.shell:Creating package descriptor '/home/mtrn/A2_project/A2_Project/Computer_Vision/packages/install/yolov8_ros/share/yolov8_ros/package.dsv'
[2.695s] INFO:colcon.colcon_core.shell:Creating package script '/home/mtrn/A2_project/A2_Project/Computer_Vision/packages/install/yolov8_ros/share/yolov8_ros/package.sh'
[2.696s] INFO:colcon.colcon_core.shell:Creating package script '/home/mtrn/A2_project/A2_Project/Computer_Vision/packages/install/yolov8_ros/share/yolov8_ros/package.bash'
[2.697s] INFO:colcon.colcon_core.shell:Creating package script '/home/mtrn/A2_project/A2_Project/Computer_Vision/packages/install/yolov8_ros/share/yolov8_ros/package.zsh'
[2.697s] Level 1:colcon.colcon_core.environment:create_file_with_runtime_dependencies(/home/mtrn/A2_project/A2_Project/Computer_Vision/packages/install/yolov8_ros/share/colcon-core/packages/yolov8_ros)
[2.698s] INFO:colcon.colcon_ros.task.ament_cmake.build:Building ROS package in '/home/mtrn/A2_project/A2_Project/Computer_Vision/packages/src/pizza_pos' with build type 'ament_cmake'
[2.698s] INFO:colcon.colcon_cmake.task.cmake.build:Building CMake package in '/home/mtrn/A2_project/A2_Project/Computer_Vision/packages/src/pizza_pos'
[2.701s] INFO:colcon.colcon_core.shell:Skip shell extension 'powershell' for command environment: Not usable outside of PowerShell
[2.701s] DEBUG:colcon.colcon_core.shell:Skip shell extension 'dsv' for command environment
[2.718s] INFO:colcon.colcon_ros.task.ament_cmake.build:Building ROS package in '/home/mtrn/A2_project/A2_Project/Computer_Vision/packages/src/yolo_ros/yolov8_bringup' with build type 'ament_cmake'
[2.718s] INFO:colcon.colcon_cmake.task.cmake.build:Building CMake package in '/home/mtrn/A2_project/A2_Project/Computer_Vision/packages/src/yolo_ros/yolov8_bringup'
[2.722s] INFO:colcon.colcon_core.shell:Skip shell extension 'powershell' for command environment: Not usable outside of PowerShell
[2.722s] DEBUG:colcon.colcon_core.shell:Skip shell extension 'dsv' for command environment
[2.747s] Level 1:colcon.colcon_core.environment:checking '/home/mtrn/A2_project/A2_Project/Computer_Vision/packages/install/image_warper' for CMake module files
[2.750s] DEBUG:colcon.colcon_core.event_handler.log_command:Invoking command in '/home/mtrn/A2_project/A2_Project/Computer_Vision/packages/build/pizza_pos': AMENT_PREFIX_PATH=/home/mtrn/A2_project/A2_Project/Computer_Vision/packages/install/yolov8_ros:${AMENT_PREFIX_PATH} CMAKE_PREFIX_PATH=${CMAKE_PREFIX_PATH}:/home/mtrn/4231/ws_moveit2/install/moveit_configs_utils:/home/mtrn/4231/ws_moveit2/install/launch_param_builder:/opt/ros/humble PYTHONPATH=/home/mtrn/A2_project/A2_Project/Computer_Vision/packages/install/yolov8_ros/lib/python3.10/site-packages:${PYTHONPATH} /home/mtrn/.local/bin/cmake /home/mtrn/A2_project/A2_Project/Computer_Vision/packages/src/pizza_pos -DCMAKE_INSTALL_PREFIX=/home/mtrn/A2_project/A2_Project/Computer_Vision/packages/install/pizza_pos
[2.750s] DEBUG:colcon.colcon_core.event_handler.log_command:Invoked command in '/home/mtrn/A2_project/A2_Project/Computer_Vision/packages/src/image_warper' returned '0': PYTHONPATH=/home/mtrn/A2_project/A2_Project/Computer_Vision/packages/build/image_warper/prefix_override:/home/mtrn/A2_project/A2_Project/Computer_Vision/packages/install/image_warper/lib/python3.10/site-packages:${PYTHONPATH} /usr/bin/python3 setup.py egg_info --egg-base ../../build/image_warper build --build-base /home/mtrn/A2_project/A2_Project/Computer_Vision/packages/build/image_warper/build install --record /home/mtrn/A2_project/A2_Project/Computer_Vision/packages/build/image_warper/install.log --single-version-externally-managed
[2.750s] Level 1:colcon.colcon_core.environment:checking '/home/mtrn/A2_project/A2_Project/Computer_Vision/packages/install/image_warper' for CMake config files
[2.752s] Level 1:colcon.colcon_core.environment:checking '/home/mtrn/A2_project/A2_Project/Computer_Vision/packages/install/image_warper/lib'
[2.752s] Level 1:colcon.colcon_core.environment:checking '/home/mtrn/A2_project/A2_Project/Computer_Vision/packages/install/image_warper/bin'
[2.752s] Level 1:colcon.colcon_core.environment:checking '/home/mtrn/A2_project/A2_Project/Computer_Vision/packages/install/image_warper/lib/pkgconfig/image_warper.pc'
[2.752s] Level 1:colcon.colcon_core.environment:checking '/home/mtrn/A2_project/A2_Project/Computer_Vision/packages/install/image_warper/lib/python3.10/site-packages'
[2.752s] Level 1:colcon.colcon_core.shell:create_environment_hook('image_warper', 'pythonpath')
[2.754s] INFO:colcon.colcon_core.shell:Creating environment hook '/home/mtrn/A2_project/A2_Project/Computer_Vision/packages/install/image_warper/share/image_warper/hook/pythonpath.ps1'
[2.755s] INFO:colcon.colcon_core.shell:Creating environment descriptor '/home/mtrn/A2_project/A2_Project/Computer_Vision/packages/install/image_warper/share/image_warper/hook/pythonpath.dsv'
[2.755s] INFO:colcon.colcon_core.shell:Creating environment hook '/home/mtrn/A2_project/A2_Project/Computer_Vision/packages/install/image_warper/share/image_warper/hook/pythonpath.sh'
[2.756s] Level 1:colcon.colcon_core.environment:checking '/home/mtrn/A2_project/A2_Project/Computer_Vision/packages/install/image_warper/bin'
[2.756s] Level 1:colcon.colcon_core.environment:create_environment_scripts_only(image_warper)
[2.758s] INFO:colcon.colcon_core.shell:Creating package script '/home/mtrn/A2_project/A2_Project/Computer_Vision/packages/install/image_warper/share/image_warper/package.ps1'
[2.759s] INFO:colcon.colcon_core.shell:Creating package descriptor '/home/mtrn/A2_project/A2_Project/Computer_Vision/packages/install/image_warper/share/image_warper/package.dsv'
[2.759s] INFO:colcon.colcon_core.shell:Creating package script '/home/mtrn/A2_project/A2_Project/Computer_Vision/packages/install/image_warper/share/image_warper/package.sh'
[2.760s] INFO:colcon.colcon_core.shell:Creating package script '/home/mtrn/A2_project/A2_Project/Computer_Vision/packages/install/image_warper/share/image_warper/package.bash'
[2.760s] INFO:colcon.colcon_core.shell:Creating package script '/home/mtrn/A2_project/A2_Project/Computer_Vision/packages/install/image_warper/share/image_warper/package.zsh'
[2.760s] Level 1:colcon.colcon_core.environment:create_file_with_runtime_dependencies(/home/mtrn/A2_project/A2_Project/Computer_Vision/packages/install/image_warper/share/colcon-core/packages/image_warper)
[2.765s] DEBUG:colcon.colcon_core.event_handler.log_command:Invoking command in '/home/mtrn/A2_project/A2_Project/Computer_Vision/packages/build/yolov8_bringup': AMENT_PREFIX_PATH=/home/mtrn/A2_project/A2_Project/Computer_Vision/packages/install/yolov8_ros:${AMENT_PREFIX_PATH} CMAKE_PREFIX_PATH=${CMAKE_PREFIX_PATH}:/home/mtrn/4231/ws_moveit2/install/moveit_configs_utils:/home/mtrn/4231/ws_moveit2/install/launch_param_builder:/opt/ros/humble PYTHONPATH=/home/mtrn/A2_project/A2_Project/Computer_Vision/packages/install/yolov8_ros/lib/python3.10/site-packages:${PYTHONPATH} /home/mtrn/.local/bin/cmake --build /home/mtrn/A2_project/A2_Project/Computer_Vision/packages/build/yolov8_bringup -- -j12 -l12
[2.847s] DEBUG:colcon.colcon_core.event_handler.log_command:Invoked command in '/home/mtrn/A2_project/A2_Project/Computer_Vision/packages/build/yolov8_bringup' returned '0': AMENT_PREFIX_PATH=/home/mtrn/A2_project/A2_Project/Computer_Vision/packages/install/yolov8_ros:${AMENT_PREFIX_PATH} CMAKE_PREFIX_PATH=${CMAKE_PREFIX_PATH}:/home/mtrn/4231/ws_moveit2/install/moveit_configs_utils:/home/mtrn/4231/ws_moveit2/install/launch_param_builder:/opt/ros/humble PYTHONPATH=/home/mtrn/A2_project/A2_Project/Computer_Vision/packages/install/yolov8_ros/lib/python3.10/site-packages:${PYTHONPATH} /home/mtrn/.local/bin/cmake --build /home/mtrn/A2_project/A2_Project/Computer_Vision/packages/build/yolov8_bringup -- -j12 -l12
[3.003s] DEBUG:colcon.colcon_core.event_handler.log_command:Invoking command in '/home/mtrn/A2_project/A2_Project/Computer_Vision/packages/build/yolov8_bringup': AMENT_PREFIX_PATH=/home/mtrn/A2_project/A2_Project/Computer_Vision/packages/install/yolov8_ros:${AMENT_PREFIX_PATH} CMAKE_PREFIX_PATH=${CMAKE_PREFIX_PATH}:/home/mtrn/4231/ws_moveit2/install/moveit_configs_utils:/home/mtrn/4231/ws_moveit2/install/launch_param_builder:/opt/ros/humble PYTHONPATH=/home/mtrn/A2_project/A2_Project/Computer_Vision/packages/install/yolov8_ros/lib/python3.10/site-packages:${PYTHONPATH} /home/mtrn/.local/bin/cmake --install /home/mtrn/A2_project/A2_Project/Computer_Vision/packages/build/yolov8_bringup
[3.062s] Level 1:colcon.colcon_core.environment:create_environment_scripts_only(yolov8_bringup)
[3.066s] Level 1:colcon.colcon_core.environment:checking '/home/mtrn/A2_project/A2_Project/Computer_Vision/packages/install/yolov8_bringup' for CMake module files
[3.067s] DEBUG:colcon.colcon_core.event_handler.log_command:Invoked command in '/home/mtrn/A2_project/A2_Project/Computer_Vision/packages/build/yolov8_bringup' returned '0': AMENT_PREFIX_PATH=/home/mtrn/A2_project/A2_Project/Computer_Vision/packages/install/yolov8_ros:${AMENT_PREFIX_PATH} CMAKE_PREFIX_PATH=${CMAKE_PREFIX_PATH}:/home/mtrn/4231/ws_moveit2/install/moveit_configs_utils:/home/mtrn/4231/ws_moveit2/install/launch_param_builder:/opt/ros/humble PYTHONPATH=/home/mtrn/A2_project/A2_Project/Computer_Vision/packages/install/yolov8_ros/lib/python3.10/site-packages:${PYTHONPATH} /home/mtrn/.local/bin/cmake --install /home/mtrn/A2_project/A2_Project/Computer_Vision/packages/build/yolov8_bringup
[3.067s] Level 1:colcon.colcon_core.environment:checking '/home/mtrn/A2_project/A2_Project/Computer_Vision/packages/install/yolov8_bringup' for CMake config files
[3.068s] Level 1:colcon.colcon_core.shell:create_environment_hook('yolov8_bringup', 'cmake_prefix_path')
[3.070s] INFO:colcon.colcon_core.shell:Creating environment hook '/home/mtrn/A2_project/A2_Project/Computer_Vision/packages/install/yolov8_bringup/share/yolov8_bringup/hook/cmake_prefix_path.ps1'
[3.071s] INFO:colcon.colcon_core.shell:Creating environment descriptor '/home/mtrn/A2_project/A2_Project/Computer_Vision/packages/install/yolov8_bringup/share/yolov8_bringup/hook/cmake_prefix_path.dsv'
[3.071s] INFO:colcon.colcon_core.shell:Creating environment hook '/home/mtrn/A2_project/A2_Project/Computer_Vision/packages/install/yolov8_bringup/share/yolov8_bringup/hook/cmake_prefix_path.sh'
[3.072s] Level 1:colcon.colcon_core.environment:checking '/home/mtrn/A2_project/A2_Project/Computer_Vision/packages/install/yolov8_bringup/bin'
[3.072s] Level 1:colcon.colcon_core.environment:checking '/home/mtrn/A2_project/A2_Project/Computer_Vision/packages/install/yolov8_bringup/lib/pkgconfig/yolov8_bringup.pc'
[3.072s] Level 1:colcon.colcon_core.environment:checking '/home/mtrn/A2_project/A2_Project/Computer_Vision/packages/install/yolov8_bringup/lib/python3.10/site-packages'
[3.073s] Level 1:colcon.colcon_core.environment:checking '/home/mtrn/A2_project/A2_Project/Computer_Vision/packages/install/yolov8_bringup/bin'
[3.075s] INFO:colcon.colcon_core.shell:Creating package script '/home/mtrn/A2_project/A2_Project/Computer_Vision/packages/install/yolov8_bringup/share/yolov8_bringup/package.ps1'
[3.075s] INFO:colcon.colcon_core.shell:Creating package descriptor '/home/mtrn/A2_project/A2_Project/Computer_Vision/packages/install/yolov8_bringup/share/yolov8_bringup/package.dsv'
[3.075s] INFO:colcon.colcon_core.shell:Creating package script '/home/mtrn/A2_project/A2_Project/Computer_Vision/packages/install/yolov8_bringup/share/yolov8_bringup/package.sh'
[3.076s] INFO:colcon.colcon_core.shell:Creating package script '/home/mtrn/A2_project/A2_Project/Computer_Vision/packages/install/yolov8_bringup/share/yolov8_bringup/package.bash'
[3.076s] INFO:colcon.colcon_core.shell:Creating package script '/home/mtrn/A2_project/A2_Project/Computer_Vision/packages/install/yolov8_bringup/share/yolov8_bringup/package.zsh'
[3.076s] Level 1:colcon.colcon_core.environment:create_file_with_runtime_dependencies(/home/mtrn/A2_project/A2_Project/Computer_Vision/packages/install/yolov8_bringup/share/colcon-core/packages/yolov8_bringup)
[3.203s] Level 1:colcon.colcon_core.environment:create_environment_scripts_only(yolov8_bringup)
[3.209s] Level 1:colcon.colcon_core.environment:checking '/home/mtrn/A2_project/A2_Project/Computer_Vision/packages/install/yolov8_bringup' for CMake module files
[3.211s] Level 1:colcon.colcon_core.environment:checking '/home/mtrn/A2_project/A2_Project/Computer_Vision/packages/install/yolov8_bringup' for CMake config files
[3.212s] Level 1:colcon.colcon_core.shell:create_environment_hook('yolov8_bringup', 'cmake_prefix_path')
[3.218s] INFO:colcon.colcon_core.shell:Creating environment hook '/home/mtrn/A2_project/A2_Project/Computer_Vision/packages/install/yolov8_bringup/share/yolov8_bringup/hook/cmake_prefix_path.ps1'
[3.219s] INFO:colcon.colcon_core.shell:Creating environment descriptor '/home/mtrn/A2_project/A2_Project/Computer_Vision/packages/install/yolov8_bringup/share/yolov8_bringup/hook/cmake_prefix_path.dsv'
[3.219s] INFO:colcon.colcon_core.shell:Creating environment hook '/home/mtrn/A2_project/A2_Project/Computer_Vision/packages/install/yolov8_bringup/share/yolov8_bringup/hook/cmake_prefix_path.sh'
[3.220s] Level 1:colcon.colcon_core.environment:checking '/home/mtrn/A2_project/A2_Project/Computer_Vision/packages/install/yolov8_bringup/bin'
[3.221s] Level 1:colcon.colcon_core.environment:checking '/home/mtrn/A2_project/A2_Project/Computer_Vision/packages/install/yolov8_bringup/lib/pkgconfig/yolov8_bringup.pc'
[3.221s] Level 1:colcon.colcon_core.environment:checking '/home/mtrn/A2_project/A2_Project/Computer_Vision/packages/install/yolov8_bringup/lib/python3.10/site-packages'
[3.222s] Level 1:colcon.colcon_core.environment:checking '/home/mtrn/A2_project/A2_Project/Computer_Vision/packages/install/yolov8_bringup/bin'
[3.225s] INFO:colcon.colcon_core.shell:Creating package script '/home/mtrn/A2_project/A2_Project/Computer_Vision/packages/install/yolov8_bringup/share/yolov8_bringup/package.ps1'
[3.226s] INFO:colcon.colcon_core.shell:Creating package descriptor '/home/mtrn/A2_project/A2_Project/Computer_Vision/packages/install/yolov8_bringup/share/yolov8_bringup/package.dsv'
[3.226s] INFO:colcon.colcon_core.shell:Creating package script '/home/mtrn/A2_project/A2_Project/Computer_Vision/packages/install/yolov8_bringup/share/yolov8_bringup/package.sh'
[3.227s] INFO:colcon.colcon_core.shell:Creating package script '/home/mtrn/A2_project/A2_Project/Computer_Vision/packages/install/yolov8_bringup/share/yolov8_bringup/package.bash'
[3.227s] INFO:colcon.colcon_core.shell:Creating package script '/home/mtrn/A2_project/A2_Project/Computer_Vision/packages/install/yolov8_bringup/share/yolov8_bringup/package.zsh'
[3.228s] Level 1:colcon.colcon_core.environment:create_file_with_runtime_dependencies(/home/mtrn/A2_project/A2_Project/Computer_Vision/packages/install/yolov8_bringup/share/colcon-core/packages/yolov8_bringup)
[4.005s] DEBUG:colcon.colcon_core.event_handler.log_command:Invoked command in '/home/mtrn/A2_project/A2_Project/Computer_Vision/packages/build/pizza_pos' returned '1': AMENT_PREFIX_PATH=/home/mtrn/A2_project/A2_Project/Computer_Vision/packages/install/yolov8_ros:${AMENT_PREFIX_PATH} CMAKE_PREFIX_PATH=${CMAKE_PREFIX_PATH}:/home/mtrn/4231/ws_moveit2/install/moveit_configs_utils:/home/mtrn/4231/ws_moveit2/install/launch_param_builder:/opt/ros/humble PYTHONPATH=/home/mtrn/A2_project/A2_Project/Computer_Vision/packages/install/yolov8_ros/lib/python3.10/site-packages:${PYTHONPATH} /home/mtrn/.local/bin/cmake /home/mtrn/A2_project/A2_Project/Computer_Vision/packages/src/pizza_pos -DCMAKE_INSTALL_PREFIX=/home/mtrn/A2_project/A2_Project/Computer_Vision/packages/install/pizza_pos
[4.071s] Level 1:colcon.colcon_core.environment:create_environment_scripts_only(pizza_pos)
[4.074s] Level 1:colcon.colcon_core.environment:checking '/home/mtrn/A2_project/A2_Project/Computer_Vision/packages/install/pizza_pos' for CMake module files
[4.074s] Level 1:colcon.colcon_core.environment:checking '/home/mtrn/A2_project/A2_Project/Computer_Vision/packages/install/pizza_pos' for CMake config files
[4.075s] Level 1:colcon.colcon_core.environment:checking '/home/mtrn/A2_project/A2_Project/Computer_Vision/packages/install/pizza_pos/bin'
[4.075s] Level 1:colcon.colcon_core.environment:checking '/home/mtrn/A2_project/A2_Project/Computer_Vision/packages/install/pizza_pos/lib/pkgconfig/pizza_pos.pc'
[4.075s] Level 1:colcon.colcon_core.environment:checking '/home/mtrn/A2_project/A2_Project/Computer_Vision/packages/install/pizza_pos/lib/python3.10/site-packages'
[4.075s] Level 1:colcon.colcon_core.environment:checking '/home/mtrn/A2_project/A2_Project/Computer_Vision/packages/install/pizza_pos/bin'
[4.077s] INFO:colcon.colcon_core.shell:Creating package script '/home/mtrn/A2_project/A2_Project/Computer_Vision/packages/install/pizza_pos/share/pizza_pos/package.ps1'
[4.078s] INFO:colcon.colcon_core.shell:Creating package descriptor '/home/mtrn/A2_project/A2_Project/Computer_Vision/packages/install/pizza_pos/share/pizza_pos/package.dsv'
[4.078s] INFO:colcon.colcon_core.shell:Creating package script '/home/mtrn/A2_project/A2_Project/Computer_Vision/packages/install/pizza_pos/share/pizza_pos/package.sh'
[4.078s] INFO:colcon.colcon_core.shell:Creating package script '/home/mtrn/A2_project/A2_Project/Computer_Vision/packages/install/pizza_pos/share/pizza_pos/package.bash'
[4.079s] INFO:colcon.colcon_core.shell:Creating package script '/home/mtrn/A2_project/A2_Project/Computer_Vision/packages/install/pizza_pos/share/pizza_pos/package.zsh'
[4.079s] Level 1:colcon.colcon_core.environment:create_file_with_runtime_dependencies(/home/mtrn/A2_project/A2_Project/Computer_Vision/packages/install/pizza_pos/share/colcon-core/packages/pizza_pos)
[4.699s] DEBUG:colcon.colcon_parallel_executor.executor.parallel:closing loop
[4.699s] DEBUG:colcon.colcon_parallel_executor.executor.parallel:loop closed
[4.699s] DEBUG:colcon.colcon_parallel_executor.executor.parallel:run_until_complete finished with '1'
[4.700s] DEBUG:colcon.colcon_core.event_reactor:joining thread
[4.717s] INFO:colcon.colcon_core.plugin_system:Skipping extension 'colcon_notification.desktop_notification.terminal_notifier': Not used on non-Darwin systems
[4.717s] INFO:colcon.colcon_core.plugin_system:Skipping extension 'colcon_notification.desktop_notification.win32': Not used on non-Windows systems
[4.718s] INFO:colcon.colcon_notification.desktop_notification:Sending desktop notification using 'notify2'
[4.735s] DEBUG:colcon.colcon_core.event_reactor:joined thread
[4.743s] INFO:colcon.colcon_core.shell:Creating prefix script '/home/mtrn/A2_project/A2_Project/Computer_Vision/packages/install/local_setup.ps1'
[4.745s] INFO:colcon.colcon_core.shell:Creating prefix util module '/home/mtrn/A2_project/A2_Project/Computer_Vision/packages/install/_local_setup_util_ps1.py'
[4.749s] INFO:colcon.colcon_core.shell:Creating prefix chain script '/home/mtrn/A2_project/A2_Project/Computer_Vision/packages/install/setup.ps1'
[4.757s] INFO:colcon.colcon_core.shell:Creating prefix script '/home/mtrn/A2_project/A2_Project/Computer_Vision/packages/install/local_setup.sh'
[4.758s] INFO:colcon.colcon_core.shell:Creating prefix util module '/home/mtrn/A2_project/A2_Project/Computer_Vision/packages/install/_local_setup_util_sh.py'
[4.760s] INFO:colcon.colcon_core.shell:Creating prefix chain script '/home/mtrn/A2_project/A2_Project/Computer_Vision/packages/install/setup.sh'
[4.768s] INFO:colcon.colcon_core.shell:Creating prefix script '/home/mtrn/A2_project/A2_Project/Computer_Vision/packages/install/local_setup.bash'
[4.769s] INFO:colcon.colcon_core.shell:Creating prefix chain script '/home/mtrn/A2_project/A2_Project/Computer_Vision/packages/install/setup.bash'
[4.777s] INFO:colcon.colcon_core.shell:Creating prefix script '/home/mtrn/A2_project/A2_Project/Computer_Vision/packages/install/local_setup.zsh'
[4.778s] INFO:colcon.colcon_core.shell:Creating prefix chain script '/home/mtrn/A2_project/A2_Project/Computer_Vision/packages/install/setup.zsh'
