[1.689s] Invoking command in '/home/mtrn/4231/A2_Project/Computer_Vision/packages/src/yolo_ros/yolov8_ros': PYTHONPATH=/home/mtrn/4231/A2_Project/Computer_Vision/packages/build/yolov8_ros/prefix_override:/home/mtrn/4231/A2_Project/Computer_Vision/packages/install/yolov8_ros/lib/python3.10/site-packages:${PYTHONPATH} /usr/bin/python3 setup.py egg_info --egg-base ../../../build/yolov8_ros build --build-base /home/mtrn/4231/A2_Project/Computer_Vision/packages/build/yolov8_ros/build install --record /home/mtrn/4231/A2_Project/Computer_Vision/packages/build/yolov8_ros/install.log --single-version-externally-managed
[2.139s] running egg_info
[2.142s] writing ../../../build/yolov8_ros/yolov8_ros.egg-info/PKG-INFO
[2.142s] writing dependency_links to ../../../build/yolov8_ros/yolov8_ros.egg-info/dependency_links.txt
[2.144s] writing entry points to ../../../build/yolov8_ros/yolov8_ros.egg-info/entry_points.txt
[2.144s] writing requirements to ../../../build/yolov8_ros/yolov8_ros.egg-info/requires.txt
[2.144s] writing top-level names to ../../../build/yolov8_ros/yolov8_ros.egg-info/top_level.txt
[2.144s] reading manifest file '../../../build/yolov8_ros/yolov8_ros.egg-info/SOURCES.txt'
[2.145s] writing manifest file '../../../build/yolov8_ros/yolov8_ros.egg-info/SOURCES.txt'
[2.145s] running build
[2.146s] running build_py
[2.146s] running install
[2.146s] running install_lib
[2.148s] running install_data
[2.149s] running install_egg_info
[2.154s] removing '/home/mtrn/4231/A2_Project/Computer_Vision/packages/install/yolov8_ros/lib/python3.10/site-packages/yolov8_ros-0.0.0-py3.10.egg-info' (and everything under it)
[2.154s] Copying ../../../build/yolov8_ros/yolov8_ros.egg-info to /home/mtrn/4231/A2_Project/Computer_Vision/packages/install/yolov8_ros/lib/python3.10/site-packages/yolov8_ros-0.0.0-py3.10.egg-info
[2.156s] running install_scripts
[2.190s] Installing debug_node script to /home/mtrn/4231/A2_Project/Computer_Vision/packages/install/yolov8_ros/lib/yolov8_ros
[2.190s] Installing detect_3d_node script to /home/mtrn/4231/A2_Project/Computer_Vision/packages/install/yolov8_ros/lib/yolov8_ros
[2.190s] Installing tracking_node script to /home/mtrn/4231/A2_Project/Computer_Vision/packages/install/yolov8_ros/lib/yolov8_ros
[2.191s] Installing yolov8_node script to /home/mtrn/4231/A2_Project/Computer_Vision/packages/install/yolov8_ros/lib/yolov8_ros
[2.191s] writing list of installed files to '/home/mtrn/4231/A2_Project/Computer_Vision/packages/build/yolov8_ros/install.log'
[2.238s] Invoked command in '/home/mtrn/4231/A2_Project/Computer_Vision/packages/src/yolo_ros/yolov8_ros' returned '0': PYTHONPATH=/home/mtrn/4231/A2_Project/Computer_Vision/packages/build/yolov8_ros/prefix_override:/home/mtrn/4231/A2_Project/Computer_Vision/packages/install/yolov8_ros/lib/python3.10/site-packages:${PYTHONPATH} /usr/bin/python3 setup.py egg_info --egg-base ../../../build/yolov8_ros build --build-base /home/mtrn/4231/A2_Project/Computer_Vision/packages/build/yolov8_ros/build install --record /home/mtrn/4231/A2_Project/Computer_Vision/packages/build/yolov8_ros/install.log --single-version-externally-managed
