[0.579s] DEBUG:colcon:Command line arguments: ['/usr/bin/colcon', 'build']
[0.579s] DEBUG:colcon:Parsed command line arguments: Namespace(log_base=None, log_level=None, verb_name='build', build_base='build', install_base='install', merge_install=False, symlink_install=False, test_result_base=None, continue_on_error=False, executor='parallel', parallel_workers=6, event_handlers=None, ignore_user_meta=False, metas=['./colcon.meta'], base_paths=['.'], packages_ignore=None, packages_ignore_regex=None, paths=None, packages_up_to=None, packages_up_to_regex=None, packages_above=None, packages_above_and_dependencies=None, packages_above_depth=None, packages_select_by_dep=None, packages_skip_by_dep=None, packages_skip_up_to=None, packages_select_build_failed=False, packages_skip_build_finished=False, packages_select_test_failures=False, packages_skip_test_passed=False, packages_select=None, packages_skip=None, packages_select_regex=None, packages_skip_regex=None, packages_start=None, packages_end=None, allow_overriding=[], cmake_args=None, cmake_target=None, cmake_target_skip_unavailable=False, cmake_clean_cache=False, cmake_clean_first=False, cmake_force_configure=False, ament_cmake_args=None, catkin_cmake_args=None, catkin_skip_building_tests=False, mixin_files=None, mixin=None, verb_parser=<colcon_mixin.mixin.mixin_argument.MixinArgumentDecorator object at 0x7feabca1b5b0>, verb_extension=<colcon_core.verb.build.BuildVerb object at 0x7feabd3f91e0>, main=<bound method BuildVerb.main of <colcon_core.verb.build.BuildVerb object at 0x7feabd3f91e0>>, mixin_verb=('build',))
[0.625s] Level 1:colcon.colcon_core.package_discovery:discover_packages(colcon_meta) check parameters
[0.625s] Level 1:colcon.colcon_core.package_discovery:discover_packages(recursive) check parameters
[0.625s] Level 1:colcon.colcon_core.package_discovery:discover_packages(ignore) check parameters
[0.625s] Level 1:colcon.colcon_core.package_discovery:discover_packages(path) check parameters
[0.625s] Level 1:colcon.colcon_core.package_discovery:discover_packages(colcon_meta) discover
[0.625s] Level 1:colcon.colcon_core.package_discovery:discover_packages(recursive) discover
[0.625s] INFO:colcon.colcon_core.package_discovery:Crawling recursively for packages in '/home/mtrn/4231/A2_Project/Computer_Vision/packages'
[0.625s] Level 1:colcon.colcon_core.package_identification:_identify(.) by extensions ['ignore', 'ignore_ament_install']
[0.625s] Level 1:colcon.colcon_core.package_identification:_identify(.) by extension 'ignore'
[0.625s] Level 1:colcon.colcon_core.package_identification:_identify(.) by extension 'ignore_ament_install'
[0.626s] Level 1:colcon.colcon_core.package_identification:_identify(.) by extensions ['colcon_pkg']
[0.626s] Level 1:colcon.colcon_core.package_identification:_identify(.) by extension 'colcon_pkg'
[0.626s] Level 1:colcon.colcon_core.package_identification:_identify(.) by extensions ['colcon_meta']
[0.626s] Level 1:colcon.colcon_core.package_identification:_identify(.) by extension 'colcon_meta'
[0.626s] Level 1:colcon.colcon_core.package_identification:_identify(.) by extensions ['ros']
[0.626s] Level 1:colcon.colcon_core.package_identification:_identify(.) by extension 'ros'
[0.641s] Level 1:colcon.colcon_core.package_identification:_identify(.) by extensions ['cmake', 'python']
[0.641s] Level 1:colcon.colcon_core.package_identification:_identify(.) by extension 'cmake'
[0.642s] Level 1:colcon.colcon_core.package_identification:_identify(.) by extension 'python'
[0.642s] Level 1:colcon.colcon_core.package_identification:_identify(.) by extensions ['python_setup_py']
[0.642s] Level 1:colcon.colcon_core.package_identification:_identify(.) by extension 'python_setup_py'
[0.642s] Level 1:colcon.colcon_core.package_identification:_identify(build) by extensions ['ignore', 'ignore_ament_install']
[0.642s] Level 1:colcon.colcon_core.package_identification:_identify(build) by extension 'ignore'
[0.642s] Level 1:colcon.colcon_core.package_identification:_identify(build) ignored
[0.642s] Level 1:colcon.colcon_core.package_identification:_identify(install) by extensions ['ignore', 'ignore_ament_install']
[0.643s] Level 1:colcon.colcon_core.package_identification:_identify(install) by extension 'ignore'
[0.643s] Level 1:colcon.colcon_core.package_identification:_identify(install) ignored
[0.643s] Level 1:colcon.colcon_core.package_identification:_identify(log) by extensions ['ignore', 'ignore_ament_install']
[0.643s] Level 1:colcon.colcon_core.package_identification:_identify(log) by extension 'ignore'
[0.643s] Level 1:colcon.colcon_core.package_identification:_identify(log) ignored
[0.644s] Level 1:colcon.colcon_core.package_identification:_identify(src) by extensions ['ignore', 'ignore_ament_install']
[0.644s] Level 1:colcon.colcon_core.package_identification:_identify(src) by extension 'ignore'
[0.644s] Level 1:colcon.colcon_core.package_identification:_identify(src) by extension 'ignore_ament_install'
[0.644s] Level 1:colcon.colcon_core.package_identification:_identify(src) by extensions ['colcon_pkg']
[0.644s] Level 1:colcon.colcon_core.package_identification:_identify(src) by extension 'colcon_pkg'
[0.644s] Level 1:colcon.colcon_core.package_identification:_identify(src) by extensions ['colcon_meta']
[0.644s] Level 1:colcon.colcon_core.package_identification:_identify(src) by extension 'colcon_meta'
[0.644s] Level 1:colcon.colcon_core.package_identification:_identify(src) by extensions ['ros']
[0.644s] Level 1:colcon.colcon_core.package_identification:_identify(src) by extension 'ros'
[0.644s] Level 1:colcon.colcon_core.package_identification:_identify(src) by extensions ['cmake', 'python']
[0.644s] Level 1:colcon.colcon_core.package_identification:_identify(src) by extension 'cmake'
[0.644s] Level 1:colcon.colcon_core.package_identification:_identify(src) by extension 'python'
[0.644s] Level 1:colcon.colcon_core.package_identification:_identify(src) by extensions ['python_setup_py']
[0.644s] Level 1:colcon.colcon_core.package_identification:_identify(src) by extension 'python_setup_py'
[0.645s] Level 1:colcon.colcon_core.package_identification:_identify(src/image_warper) by extensions ['ignore', 'ignore_ament_install']
[0.645s] Level 1:colcon.colcon_core.package_identification:_identify(src/image_warper) by extension 'ignore'
[0.645s] Level 1:colcon.colcon_core.package_identification:_identify(src/image_warper) by extension 'ignore_ament_install'
[0.645s] Level 1:colcon.colcon_core.package_identification:_identify(src/image_warper) by extensions ['colcon_pkg']
[0.645s] Level 1:colcon.colcon_core.package_identification:_identify(src/image_warper) by extension 'colcon_pkg'
[0.645s] Level 1:colcon.colcon_core.package_identification:_identify(src/image_warper) by extensions ['colcon_meta']
[0.645s] Level 1:colcon.colcon_core.package_identification:_identify(src/image_warper) by extension 'colcon_meta'
[0.645s] Level 1:colcon.colcon_core.package_identification:_identify(src/image_warper) by extensions ['ros']
[0.645s] Level 1:colcon.colcon_core.package_identification:_identify(src/image_warper) by extension 'ros'
[0.649s] DEBUG:colcon.colcon_core.package_identification:Package 'src/image_warper' with type 'ros.ament_python' and name 'image_warper'
[0.649s] Level 1:colcon.colcon_core.package_identification:_identify(src/pizza_pos) by extensions ['ignore', 'ignore_ament_install']
[0.649s] Level 1:colcon.colcon_core.package_identification:_identify(src/pizza_pos) by extension 'ignore'
[0.649s] Level 1:colcon.colcon_core.package_identification:_identify(src/pizza_pos) by extension 'ignore_ament_install'
[0.649s] Level 1:colcon.colcon_core.package_identification:_identify(src/pizza_pos) by extensions ['colcon_pkg']
[0.649s] Level 1:colcon.colcon_core.package_identification:_identify(src/pizza_pos) by extension 'colcon_pkg'
[0.649s] Level 1:colcon.colcon_core.package_identification:_identify(src/pizza_pos) by extensions ['colcon_meta']
[0.649s] Level 1:colcon.colcon_core.package_identification:_identify(src/pizza_pos) by extension 'colcon_meta'
[0.650s] Level 1:colcon.colcon_core.package_identification:_identify(src/pizza_pos) by extensions ['ros']
[0.650s] Level 1:colcon.colcon_core.package_identification:_identify(src/pizza_pos) by extension 'ros'
[0.650s] DEBUG:colcon.colcon_core.package_identification:Package 'src/pizza_pos' with type 'ros.ament_cmake' and name 'pizza_pos'
[0.651s] Level 1:colcon.colcon_core.package_identification:_identify(src/yolo_ros) by extensions ['ignore', 'ignore_ament_install']
[0.651s] Level 1:colcon.colcon_core.package_identification:_identify(src/yolo_ros) by extension 'ignore'
[0.651s] Level 1:colcon.colcon_core.package_identification:_identify(src/yolo_ros) by extension 'ignore_ament_install'
[0.651s] Level 1:colcon.colcon_core.package_identification:_identify(src/yolo_ros) by extensions ['colcon_pkg']
[0.651s] Level 1:colcon.colcon_core.package_identification:_identify(src/yolo_ros) by extension 'colcon_pkg'
[0.651s] Level 1:colcon.colcon_core.package_identification:_identify(src/yolo_ros) by extensions ['colcon_meta']
[0.651s] Level 1:colcon.colcon_core.package_identification:_identify(src/yolo_ros) by extension 'colcon_meta'
[0.651s] Level 1:colcon.colcon_core.package_identification:_identify(src/yolo_ros) by extensions ['ros']
[0.651s] Level 1:colcon.colcon_core.package_identification:_identify(src/yolo_ros) by extension 'ros'
[0.651s] Level 1:colcon.colcon_core.package_identification:_identify(src/yolo_ros) by extensions ['cmake', 'python']
[0.651s] Level 1:colcon.colcon_core.package_identification:_identify(src/yolo_ros) by extension 'cmake'
[0.651s] Level 1:colcon.colcon_core.package_identification:_identify(src/yolo_ros) by extension 'python'
[0.652s] Level 1:colcon.colcon_core.package_identification:_identify(src/yolo_ros) by extensions ['python_setup_py']
[0.652s] Level 1:colcon.colcon_core.package_identification:_identify(src/yolo_ros) by extension 'python_setup_py'
[0.652s] Level 1:colcon.colcon_core.package_identification:_identify(src/yolo_ros/yolov8_bringup) by extensions ['ignore', 'ignore_ament_install']
[0.652s] Level 1:colcon.colcon_core.package_identification:_identify(src/yolo_ros/yolov8_bringup) by extension 'ignore'
[0.652s] Level 1:colcon.colcon_core.package_identification:_identify(src/yolo_ros/yolov8_bringup) by extension 'ignore_ament_install'
[0.652s] Level 1:colcon.colcon_core.package_identification:_identify(src/yolo_ros/yolov8_bringup) by extensions ['colcon_pkg']
[0.652s] Level 1:colcon.colcon_core.package_identification:_identify(src/yolo_ros/yolov8_bringup) by extension 'colcon_pkg'
[0.652s] Level 1:colcon.colcon_core.package_identification:_identify(src/yolo_ros/yolov8_bringup) by extensions ['colcon_meta']
[0.652s] Level 1:colcon.colcon_core.package_identification:_identify(src/yolo_ros/yolov8_bringup) by extension 'colcon_meta'
[0.652s] Level 1:colcon.colcon_core.package_identification:_identify(src/yolo_ros/yolov8_bringup) by extensions ['ros']
[0.652s] Level 1:colcon.colcon_core.package_identification:_identify(src/yolo_ros/yolov8_bringup) by extension 'ros'
[0.653s] DEBUG:colcon.colcon_core.package_identification:Package 'src/yolo_ros/yolov8_bringup' with type 'ros.ament_cmake' and name 'yolov8_bringup'
[0.653s] Level 1:colcon.colcon_core.package_identification:_identify(src/yolo_ros/yolov8_msgs) by extensions ['ignore', 'ignore_ament_install']
[0.653s] Level 1:colcon.colcon_core.package_identification:_identify(src/yolo_ros/yolov8_msgs) by extension 'ignore'
[0.653s] Level 1:colcon.colcon_core.package_identification:_identify(src/yolo_ros/yolov8_msgs) by extension 'ignore_ament_install'
[0.653s] Level 1:colcon.colcon_core.package_identification:_identify(src/yolo_ros/yolov8_msgs) by extensions ['colcon_pkg']
[0.653s] Level 1:colcon.colcon_core.package_identification:_identify(src/yolo_ros/yolov8_msgs) by extension 'colcon_pkg'
[0.653s] Level 1:colcon.colcon_core.package_identification:_identify(src/yolo_ros/yolov8_msgs) by extensions ['colcon_meta']
[0.653s] Level 1:colcon.colcon_core.package_identification:_identify(src/yolo_ros/yolov8_msgs) by extension 'colcon_meta'
[0.654s] Level 1:colcon.colcon_core.package_identification:_identify(src/yolo_ros/yolov8_msgs) by extensions ['ros']
[0.654s] Level 1:colcon.colcon_core.package_identification:_identify(src/yolo_ros/yolov8_msgs) by extension 'ros'
[0.654s] DEBUG:colcon.colcon_core.package_identification:Package 'src/yolo_ros/yolov8_msgs' with type 'ros.ament_cmake' and name 'yolov8_msgs'
[0.655s] Level 1:colcon.colcon_core.package_identification:_identify(src/yolo_ros/yolov8_ros) by extensions ['ignore', 'ignore_ament_install']
[0.655s] Level 1:colcon.colcon_core.package_identification:_identify(src/yolo_ros/yolov8_ros) by extension 'ignore'
[0.655s] Level 1:colcon.colcon_core.package_identification:_identify(src/yolo_ros/yolov8_ros) by extension 'ignore_ament_install'
[0.655s] Level 1:colcon.colcon_core.package_identification:_identify(src/yolo_ros/yolov8_ros) by extensions ['colcon_pkg']
[0.655s] Level 1:colcon.colcon_core.package_identification:_identify(src/yolo_ros/yolov8_ros) by extension 'colcon_pkg'
[0.655s] Level 1:colcon.colcon_core.package_identification:_identify(src/yolo_ros/yolov8_ros) by extensions ['colcon_meta']
[0.655s] Level 1:colcon.colcon_core.package_identification:_identify(src/yolo_ros/yolov8_ros) by extension 'colcon_meta'
[0.655s] Level 1:colcon.colcon_core.package_identification:_identify(src/yolo_ros/yolov8_ros) by extensions ['ros']
[0.655s] Level 1:colcon.colcon_core.package_identification:_identify(src/yolo_ros/yolov8_ros) by extension 'ros'
[0.656s] DEBUG:colcon.colcon_core.package_identification:Package 'src/yolo_ros/yolov8_ros' with type 'ros.ament_python' and name 'yolov8_ros'
[0.657s] Level 1:colcon.colcon_core.package_discovery:discover_packages(recursive) using defaults
[0.657s] Level 1:colcon.colcon_core.package_discovery:discover_packages(ignore) discover
[0.657s] Level 1:colcon.colcon_core.package_discovery:discover_packages(ignore) using defaults
[0.657s] Level 1:colcon.colcon_core.package_discovery:discover_packages(path) discover
[0.657s] Level 1:colcon.colcon_core.package_discovery:discover_packages(path) using defaults
[0.695s] Level 1:colcon.colcon_core.package_discovery:discover_packages(prefix_path) check parameters
[0.695s] Level 1:colcon.colcon_core.package_discovery:discover_packages(prefix_path) discover
[0.704s] DEBUG:colcon.colcon_installed_package_information.package_discovery:Found 6 installed packages in /home/mtrn/4231/A2_Project/Computer_Vision/packages/install
[0.707s] DEBUG:colcon.colcon_installed_package_information.package_discovery:Found 7 installed packages in /home/mtrn/4231/ros_ur_driver/install
[0.710s] DEBUG:colcon.colcon_installed_package_information.package_discovery:Found 55 installed packages in /home/mtrn/4231/ws_moveit2/install
[0.714s] DEBUG:colcon.colcon_installed_package_information.package_discovery:Found 341 installed packages in /opt/ros/humble
[0.718s] Level 1:colcon.colcon_core.package_discovery:discover_packages(prefix_path) using defaults
[0.818s] Level 5:colcon.colcon_core.verb:set package 'image_warper' build argument 'cmake_args' from command line to 'None'
[0.818s] Level 5:colcon.colcon_core.verb:set package 'image_warper' build argument 'cmake_target' from command line to 'None'
[0.818s] Level 5:colcon.colcon_core.verb:set package 'image_warper' build argument 'cmake_target_skip_unavailable' from command line to 'False'
[0.818s] Level 5:colcon.colcon_core.verb:set package 'image_warper' build argument 'cmake_clean_cache' from command line to 'False'
[0.818s] Level 5:colcon.colcon_core.verb:set package 'image_warper' build argument 'cmake_clean_first' from command line to 'False'
[0.818s] Level 5:colcon.colcon_core.verb:set package 'image_warper' build argument 'cmake_force_configure' from command line to 'False'
[0.818s] Level 5:colcon.colcon_core.verb:set package 'image_warper' build argument 'ament_cmake_args' from command line to 'None'
[0.818s] Level 5:colcon.colcon_core.verb:set package 'image_warper' build argument 'catkin_cmake_args' from command line to 'None'
[0.818s] Level 5:colcon.colcon_core.verb:set package 'image_warper' build argument 'catkin_skip_building_tests' from command line to 'False'
[0.818s] DEBUG:colcon.colcon_core.verb:Building package 'image_warper' with the following arguments: {'ament_cmake_args': None, 'build_base': '/home/mtrn/4231/A2_Project/Computer_Vision/packages/build/image_warper', 'catkin_cmake_args': None, 'catkin_skip_building_tests': False, 'cmake_args': None, 'cmake_clean_cache': False, 'cmake_clean_first': False, 'cmake_force_configure': False, 'cmake_target': None, 'cmake_target_skip_unavailable': False, 'install_base': '/home/mtrn/4231/A2_Project/Computer_Vision/packages/install/image_warper', 'merge_install': False, 'path': '/home/mtrn/4231/A2_Project/Computer_Vision/packages/src/image_warper', 'symlink_install': False, 'test_result_base': None}
[0.821s] Level 5:colcon.colcon_core.verb:set package 'yolov8_msgs' build argument 'cmake_args' from command line to 'None'
[0.821s] Level 5:colcon.colcon_core.verb:set package 'yolov8_msgs' build argument 'cmake_target' from command line to 'None'
[0.821s] Level 5:colcon.colcon_core.verb:set package 'yolov8_msgs' build argument 'cmake_target_skip_unavailable' from command line to 'False'
[0.821s] Level 5:colcon.colcon_core.verb:set package 'yolov8_msgs' build argument 'cmake_clean_cache' from command line to 'False'
[0.821s] Level 5:colcon.colcon_core.verb:set package 'yolov8_msgs' build argument 'cmake_clean_first' from command line to 'False'
[0.821s] Level 5:colcon.colcon_core.verb:set package 'yolov8_msgs' build argument 'cmake_force_configure' from command line to 'False'
[0.821s] Level 5:colcon.colcon_core.verb:set package 'yolov8_msgs' build argument 'ament_cmake_args' from command line to 'None'
[0.821s] Level 5:colcon.colcon_core.verb:set package 'yolov8_msgs' build argument 'catkin_cmake_args' from command line to 'None'
[0.821s] Level 5:colcon.colcon_core.verb:set package 'yolov8_msgs' build argument 'catkin_skip_building_tests' from command line to 'False'
[0.821s] DEBUG:colcon.colcon_core.verb:Building package 'yolov8_msgs' with the following arguments: {'ament_cmake_args': None, 'build_base': '/home/mtrn/4231/A2_Project/Computer_Vision/packages/build/yolov8_msgs', 'catkin_cmake_args': None, 'catkin_skip_building_tests': False, 'cmake_args': None, 'cmake_clean_cache': False, 'cmake_clean_first': False, 'cmake_force_configure': False, 'cmake_target': None, 'cmake_target_skip_unavailable': False, 'install_base': '/home/mtrn/4231/A2_Project/Computer_Vision/packages/install/yolov8_msgs', 'merge_install': False, 'path': '/home/mtrn/4231/A2_Project/Computer_Vision/packages/src/yolo_ros/yolov8_msgs', 'symlink_install': False, 'test_result_base': None}
[0.824s] Level 5:colcon.colcon_core.verb:set package 'yolov8_ros' build argument 'cmake_args' from command line to 'None'
[0.824s] Level 5:colcon.colcon_core.verb:set package 'yolov8_ros' build argument 'cmake_target' from command line to 'None'
[0.824s] Level 5:colcon.colcon_core.verb:set package 'yolov8_ros' build argument 'cmake_target_skip_unavailable' from command line to 'False'
[0.824s] Level 5:colcon.colcon_core.verb:set package 'yolov8_ros' build argument 'cmake_clean_cache' from command line to 'False'
[0.824s] Level 5:colcon.colcon_core.verb:set package 'yolov8_ros' build argument 'cmake_clean_first' from command line to 'False'
[0.824s] Level 5:colcon.colcon_core.verb:set package 'yolov8_ros' build argument 'cmake_force_configure' from command line to 'False'
[0.824s] Level 5:colcon.colcon_core.verb:set package 'yolov8_ros' build argument 'ament_cmake_args' from command line to 'None'
[0.824s] Level 5:colcon.colcon_core.verb:set package 'yolov8_ros' build argument 'catkin_cmake_args' from command line to 'None'
[0.824s] Level 5:colcon.colcon_core.verb:set package 'yolov8_ros' build argument 'catkin_skip_building_tests' from command line to 'False'
[0.824s] DEBUG:colcon.colcon_core.verb:Building package 'yolov8_ros' with the following arguments: {'ament_cmake_args': None, 'build_base': '/home/mtrn/4231/A2_Project/Computer_Vision/packages/build/yolov8_ros', 'catkin_cmake_args': None, 'catkin_skip_building_tests': False, 'cmake_args': None, 'cmake_clean_cache': False, 'cmake_clean_first': False, 'cmake_force_configure': False, 'cmake_target': None, 'cmake_target_skip_unavailable': False, 'install_base': '/home/mtrn/4231/A2_Project/Computer_Vision/packages/install/yolov8_ros', 'merge_install': False, 'path': '/home/mtrn/4231/A2_Project/Computer_Vision/packages/src/yolo_ros/yolov8_ros', 'symlink_install': False, 'test_result_base': None}
[0.827s] Level 5:colcon.colcon_core.verb:set package 'pizza_pos' build argument 'cmake_args' from command line to 'None'
[0.827s] Level 5:colcon.colcon_core.verb:set package 'pizza_pos' build argument 'cmake_target' from command line to 'None'
[0.827s] Level 5:colcon.colcon_core.verb:set package 'pizza_pos' build argument 'cmake_target_skip_unavailable' from command line to 'False'
[0.827s] Level 5:colcon.colcon_core.verb:set package 'pizza_pos' build argument 'cmake_clean_cache' from command line to 'False'
[0.827s] Level 5:colcon.colcon_core.verb:set package 'pizza_pos' build argument 'cmake_clean_first' from command line to 'False'
[0.827s] Level 5:colcon.colcon_core.verb:set package 'pizza_pos' build argument 'cmake_force_configure' from command line to 'False'
[0.827s] Level 5:colcon.colcon_core.verb:set package 'pizza_pos' build argument 'ament_cmake_args' from command line to 'None'
[0.827s] Level 5:colcon.colcon_core.verb:set package 'pizza_pos' build argument 'catkin_cmake_args' from command line to 'None'
[0.827s] Level 5:colcon.colcon_core.verb:set package 'pizza_pos' build argument 'catkin_skip_building_tests' from command line to 'False'
[0.827s] DEBUG:colcon.colcon_core.verb:Building package 'pizza_pos' with the following arguments: {'ament_cmake_args': None, 'build_base': '/home/mtrn/4231/A2_Project/Computer_Vision/packages/build/pizza_pos', 'catkin_cmake_args': None, 'catkin_skip_building_tests': False, 'cmake_args': None, 'cmake_clean_cache': False, 'cmake_clean_first': False, 'cmake_force_configure': False, 'cmake_target': None, 'cmake_target_skip_unavailable': False, 'install_base': '/home/mtrn/4231/A2_Project/Computer_Vision/packages/install/pizza_pos', 'merge_install': False, 'path': '/home/mtrn/4231/A2_Project/Computer_Vision/packages/src/pizza_pos', 'symlink_install': False, 'test_result_base': None}
[0.829s] Level 5:colcon.colcon_core.verb:set package 'yolov8_bringup' build argument 'cmake_args' from command line to 'None'
[0.829s] Level 5:colcon.colcon_core.verb:set package 'yolov8_bringup' build argument 'cmake_target' from command line to 'None'
[0.829s] Level 5:colcon.colcon_core.verb:set package 'yolov8_bringup' build argument 'cmake_target_skip_unavailable' from command line to 'False'
[0.829s] Level 5:colcon.colcon_core.verb:set package 'yolov8_bringup' build argument 'cmake_clean_cache' from command line to 'False'
[0.829s] Level 5:colcon.colcon_core.verb:set package 'yolov8_bringup' build argument 'cmake_clean_first' from command line to 'False'
[0.829s] Level 5:colcon.colcon_core.verb:set package 'yolov8_bringup' build argument 'cmake_force_configure' from command line to 'False'
[0.829s] Level 5:colcon.colcon_core.verb:set package 'yolov8_bringup' build argument 'ament_cmake_args' from command line to 'None'
[0.829s] Level 5:colcon.colcon_core.verb:set package 'yolov8_bringup' build argument 'catkin_cmake_args' from command line to 'None'
[0.830s] Level 5:colcon.colcon_core.verb:set package 'yolov8_bringup' build argument 'catkin_skip_building_tests' from command line to 'False'
[0.830s] DEBUG:colcon.colcon_core.verb:Building package 'yolov8_bringup' with the following arguments: {'ament_cmake_args': None, 'build_base': '/home/mtrn/4231/A2_Project/Computer_Vision/packages/build/yolov8_bringup', 'catkin_cmake_args': None, 'catkin_skip_building_tests': False, 'cmake_args': None, 'cmake_clean_cache': False, 'cmake_clean_first': False, 'cmake_force_configure': False, 'cmake_target': None, 'cmake_target_skip_unavailable': False, 'install_base': '/home/mtrn/4231/A2_Project/Computer_Vision/packages/install/yolov8_bringup', 'merge_install': False, 'path': '/home/mtrn/4231/A2_Project/Computer_Vision/packages/src/yolo_ros/yolov8_bringup', 'symlink_install': False, 'test_result_base': None}
[0.831s] INFO:colcon.colcon_core.executor:Executing jobs using 'parallel' executor
[0.841s] DEBUG:colcon.colcon_parallel_executor.executor.parallel:run_until_complete
[0.842s] INFO:colcon.colcon_ros.task.ament_python.build:Building ROS package in '/home/mtrn/4231/A2_Project/Computer_Vision/packages/src/yolo_ros/yolov8_ros' with build type 'ament_python'
[0.842s] Level 1:colcon.colcon_core.shell:create_environment_hook('yolov8_ros', 'ament_prefix_path')
[0.850s] INFO:colcon.colcon_core.plugin_system:Skipping extension 'colcon_core.shell.bat': Not used on non-Windows systems
[0.851s] INFO:colcon.colcon_core.shell:Creating environment hook '/home/mtrn/4231/A2_Project/Computer_Vision/packages/install/yolov8_ros/share/yolov8_ros/hook/ament_prefix_path.ps1'
[0.852s] INFO:colcon.colcon_core.shell:Creating environment descriptor '/home/mtrn/4231/A2_Project/Computer_Vision/packages/install/yolov8_ros/share/yolov8_ros/hook/ament_prefix_path.dsv'
[0.852s] INFO:colcon.colcon_core.shell:Creating environment hook '/home/mtrn/4231/A2_Project/Computer_Vision/packages/install/yolov8_ros/share/yolov8_ros/hook/ament_prefix_path.sh'
[0.857s] INFO:colcon.colcon_core.shell:Skip shell extension 'powershell' for command environment: Not usable outside of PowerShell
[0.857s] DEBUG:colcon.colcon_core.shell:Skip shell extension 'dsv' for command environment
[0.878s] INFO:colcon.colcon_ros.task.ament_python.build:Building ROS package in '/home/mtrn/4231/A2_Project/Computer_Vision/packages/src/image_warper' with build type 'ament_python'
[0.878s] Level 1:colcon.colcon_core.shell:create_environment_hook('image_warper', 'ament_prefix_path')
[0.883s] INFO:colcon.colcon_core.shell:Creating environment hook '/home/mtrn/4231/A2_Project/Computer_Vision/packages/install/image_warper/share/image_warper/hook/ament_prefix_path.ps1'
[0.884s] INFO:colcon.colcon_core.shell:Creating environment descriptor '/home/mtrn/4231/A2_Project/Computer_Vision/packages/install/image_warper/share/image_warper/hook/ament_prefix_path.dsv'
[0.884s] INFO:colcon.colcon_core.shell:Creating environment hook '/home/mtrn/4231/A2_Project/Computer_Vision/packages/install/image_warper/share/image_warper/hook/ament_prefix_path.sh'
[0.889s] INFO:colcon.colcon_core.shell:Skip shell extension 'powershell' for command environment: Not usable outside of PowerShell
[0.889s] DEBUG:colcon.colcon_core.shell:Skip shell extension 'dsv' for command environment
[0.910s] INFO:colcon.colcon_ros.task.ament_cmake.build:Building ROS package in '/home/mtrn/4231/A2_Project/Computer_Vision/packages/src/yolo_ros/yolov8_msgs' with build type 'ament_cmake'
[0.911s] INFO:colcon.colcon_cmake.task.cmake.build:Building CMake package in '/home/mtrn/4231/A2_Project/Computer_Vision/packages/src/yolo_ros/yolov8_msgs'
[0.915s] INFO:colcon.colcon_core.shell:Skip shell extension 'powershell' for command environment: Not usable outside of PowerShell
[0.915s] DEBUG:colcon.colcon_core.shell:Skip shell extension 'dsv' for command environment
[1.359s] INFO:colcon.colcon_core.task.python.build:Building Python package in '/home/mtrn/4231/A2_Project/Computer_Vision/packages/src/yolo_ros/yolov8_ros'
[1.364s] INFO:colcon.colcon_core.shell:Skip shell extension 'powershell' for command environment: Not usable outside of PowerShell
[1.364s] DEBUG:colcon.colcon_core.shell:Skip shell extension 'dsv' for command environment
[1.836s] INFO:colcon.colcon_core.task.python.build:Building Python package in '/home/mtrn/4231/A2_Project/Computer_Vision/packages/src/image_warper'
[1.841s] INFO:colcon.colcon_core.shell:Skip shell extension 'powershell' for command environment: Not usable outside of PowerShell
[1.841s] DEBUG:colcon.colcon_core.shell:Skip shell extension 'dsv' for command environment
[1.868s] DEBUG:colcon.colcon_core.event_handler.log_command:Invoking command in '/home/mtrn/4231/A2_Project/Computer_Vision/packages/build/yolov8_msgs': CMAKE_PREFIX_PATH=${CMAKE_PREFIX_PATH}:/home/mtrn/4231/A2_Project/Computer_Vision/packages/install/yolov8_ros:/home/mtrn/4231/A2_Project/Computer_Vision/packages/install/yolov8_node:/home/mtrn/4231/A2_Project/Computer_Vision/packages/install/image_warper:/home/mtrn/4231/ws_moveit2/install/moveit_configs_utils:/home/mtrn/4231/ws_moveit2/install/launch_param_builder:/opt/ros/humble /usr/bin/cmake --build /home/mtrn/4231/A2_Project/Computer_Vision/packages/build/yolov8_msgs -- -j6 -l6
[2.547s] DEBUG:colcon.colcon_core.event_handler.log_command:Invoking command in '/home/mtrn/4231/A2_Project/Computer_Vision/packages/src/yolo_ros/yolov8_ros': PYTHONPATH=/home/mtrn/4231/A2_Project/Computer_Vision/packages/build/yolov8_ros/prefix_override:/home/mtrn/4231/A2_Project/Computer_Vision/packages/install/yolov8_ros/lib/python3.10/site-packages:${PYTHONPATH} /usr/bin/python3 setup.py egg_info --egg-base ../../../build/yolov8_ros build --build-base /home/mtrn/4231/A2_Project/Computer_Vision/packages/build/yolov8_ros/build install --record /home/mtrn/4231/A2_Project/Computer_Vision/packages/build/yolov8_ros/install.log --single-version-externally-managed
[2.569s] DEBUG:colcon.colcon_core.event_handler.log_command:Invoking command in '/home/mtrn/4231/A2_Project/Computer_Vision/packages/src/image_warper': PYTHONPATH=/home/mtrn/4231/A2_Project/Computer_Vision/packages/build/image_warper/prefix_override:/home/mtrn/4231/A2_Project/Computer_Vision/packages/install/image_warper/lib/python3.10/site-packages:${PYTHONPATH} /usr/bin/python3 setup.py egg_info --egg-base ../../build/image_warper build --build-base /home/mtrn/4231/A2_Project/Computer_Vision/packages/build/image_warper/build install --record /home/mtrn/4231/A2_Project/Computer_Vision/packages/build/image_warper/install.log --single-version-externally-managed
[2.660s] DEBUG:colcon.colcon_core.event_handler.log_command:Invoked command in '/home/mtrn/4231/A2_Project/Computer_Vision/packages/build/yolov8_msgs' returned '0': CMAKE_PREFIX_PATH=${CMAKE_PREFIX_PATH}:/home/mtrn/4231/A2_Project/Computer_Vision/packages/install/yolov8_ros:/home/mtrn/4231/A2_Project/Computer_Vision/packages/install/yolov8_node:/home/mtrn/4231/A2_Project/Computer_Vision/packages/install/image_warper:/home/mtrn/4231/ws_moveit2/install/moveit_configs_utils:/home/mtrn/4231/ws_moveit2/install/launch_param_builder:/opt/ros/humble /usr/bin/cmake --build /home/mtrn/4231/A2_Project/Computer_Vision/packages/build/yolov8_msgs -- -j6 -l6
[3.030s] DEBUG:colcon.colcon_core.event_handler.log_command:Invoked command in '/home/mtrn/4231/A2_Project/Computer_Vision/packages/src/yolo_ros/yolov8_ros' returned '0': PYTHONPATH=/home/mtrn/4231/A2_Project/Computer_Vision/packages/build/yolov8_ros/prefix_override:/home/mtrn/4231/A2_Project/Computer_Vision/packages/install/yolov8_ros/lib/python3.10/site-packages:${PYTHONPATH} /usr/bin/python3 setup.py egg_info --egg-base ../../../build/yolov8_ros build --build-base /home/mtrn/4231/A2_Project/Computer_Vision/packages/build/yolov8_ros/build install --record /home/mtrn/4231/A2_Project/Computer_Vision/packages/build/yolov8_ros/install.log --single-version-externally-managed
[3.040s] Level 1:colcon.colcon_core.environment:checking '/home/mtrn/4231/A2_Project/Computer_Vision/packages/install/yolov8_ros' for CMake module files
[3.040s] Level 1:colcon.colcon_core.environment:checking '/home/mtrn/4231/A2_Project/Computer_Vision/packages/install/yolov8_ros' for CMake config files
[3.042s] Level 1:colcon.colcon_core.environment:checking '/home/mtrn/4231/A2_Project/Computer_Vision/packages/install/yolov8_ros/lib'
[3.042s] Level 1:colcon.colcon_core.environment:checking '/home/mtrn/4231/A2_Project/Computer_Vision/packages/install/yolov8_ros/bin'
[3.042s] Level 1:colcon.colcon_core.environment:checking '/home/mtrn/4231/A2_Project/Computer_Vision/packages/install/yolov8_ros/lib/pkgconfig/yolov8_ros.pc'
[3.042s] Level 1:colcon.colcon_core.environment:checking '/home/mtrn/4231/A2_Project/Computer_Vision/packages/install/yolov8_ros/lib/python3.10/site-packages'
[3.042s] Level 1:colcon.colcon_core.shell:create_environment_hook('yolov8_ros', 'pythonpath')
[3.048s] INFO:colcon.colcon_core.shell:Creating environment hook '/home/mtrn/4231/A2_Project/Computer_Vision/packages/install/yolov8_ros/share/yolov8_ros/hook/pythonpath.ps1'
[3.048s] INFO:colcon.colcon_core.shell:Creating environment descriptor '/home/mtrn/4231/A2_Project/Computer_Vision/packages/install/yolov8_ros/share/yolov8_ros/hook/pythonpath.dsv'
[3.049s] INFO:colcon.colcon_core.shell:Creating environment hook '/home/mtrn/4231/A2_Project/Computer_Vision/packages/install/yolov8_ros/share/yolov8_ros/hook/pythonpath.sh'
[3.050s] Level 1:colcon.colcon_core.environment:checking '/home/mtrn/4231/A2_Project/Computer_Vision/packages/install/yolov8_ros/bin'
[3.050s] Level 1:colcon.colcon_core.environment:create_environment_scripts_only(yolov8_ros)
[3.055s] INFO:colcon.colcon_core.shell:Creating package script '/home/mtrn/4231/A2_Project/Computer_Vision/packages/install/yolov8_ros/share/yolov8_ros/package.ps1'
[3.057s] INFO:colcon.colcon_core.shell:Creating package descriptor '/home/mtrn/4231/A2_Project/Computer_Vision/packages/install/yolov8_ros/share/yolov8_ros/package.dsv'
[3.058s] INFO:colcon.colcon_core.shell:Creating package script '/home/mtrn/4231/A2_Project/Computer_Vision/packages/install/yolov8_ros/share/yolov8_ros/package.sh'
[3.059s] INFO:colcon.colcon_core.shell:Creating package script '/home/mtrn/4231/A2_Project/Computer_Vision/packages/install/yolov8_ros/share/yolov8_ros/package.bash'
[3.060s] INFO:colcon.colcon_core.shell:Creating package script '/home/mtrn/4231/A2_Project/Computer_Vision/packages/install/yolov8_ros/share/yolov8_ros/package.zsh'
[3.061s] Level 1:colcon.colcon_core.environment:create_file_with_runtime_dependencies(/home/mtrn/4231/A2_Project/Computer_Vision/packages/install/yolov8_ros/share/colcon-core/packages/yolov8_ros)
[3.062s] INFO:colcon.colcon_ros.task.ament_cmake.build:Building ROS package in '/home/mtrn/4231/A2_Project/Computer_Vision/packages/src/pizza_pos' with build type 'ament_cmake'
[3.063s] INFO:colcon.colcon_cmake.task.cmake.build:Building CMake package in '/home/mtrn/4231/A2_Project/Computer_Vision/packages/src/pizza_pos'
[3.067s] INFO:colcon.colcon_core.shell:Skip shell extension 'powershell' for command environment: Not usable outside of PowerShell
[3.068s] DEBUG:colcon.colcon_core.shell:Skip shell extension 'dsv' for command environment
[3.092s] INFO:colcon.colcon_ros.task.ament_cmake.build:Building ROS package in '/home/mtrn/4231/A2_Project/Computer_Vision/packages/src/yolo_ros/yolov8_bringup' with build type 'ament_cmake'
[3.092s] INFO:colcon.colcon_cmake.task.cmake.build:Building CMake package in '/home/mtrn/4231/A2_Project/Computer_Vision/packages/src/yolo_ros/yolov8_bringup'
[3.097s] INFO:colcon.colcon_core.shell:Skip shell extension 'powershell' for command environment: Not usable outside of PowerShell
[3.097s] DEBUG:colcon.colcon_core.shell:Skip shell extension 'dsv' for command environment
[3.128s] Level 1:colcon.colcon_core.environment:checking '/home/mtrn/4231/A2_Project/Computer_Vision/packages/install/image_warper' for CMake module files
[3.128s] DEBUG:colcon.colcon_core.event_handler.log_command:Invoked command in '/home/mtrn/4231/A2_Project/Computer_Vision/packages/src/image_warper' returned '0': PYTHONPATH=/home/mtrn/4231/A2_Project/Computer_Vision/packages/build/image_warper/prefix_override:/home/mtrn/4231/A2_Project/Computer_Vision/packages/install/image_warper/lib/python3.10/site-packages:${PYTHONPATH} /usr/bin/python3 setup.py egg_info --egg-base ../../build/image_warper build --build-base /home/mtrn/4231/A2_Project/Computer_Vision/packages/build/image_warper/build install --record /home/mtrn/4231/A2_Project/Computer_Vision/packages/build/image_warper/install.log --single-version-externally-managed
[3.129s] Level 1:colcon.colcon_core.environment:checking '/home/mtrn/4231/A2_Project/Computer_Vision/packages/install/image_warper' for CMake config files
[3.130s] Level 1:colcon.colcon_core.environment:checking '/home/mtrn/4231/A2_Project/Computer_Vision/packages/install/image_warper/lib'
[3.131s] Level 1:colcon.colcon_core.environment:checking '/home/mtrn/4231/A2_Project/Computer_Vision/packages/install/image_warper/bin'
[3.131s] Level 1:colcon.colcon_core.environment:checking '/home/mtrn/4231/A2_Project/Computer_Vision/packages/install/image_warper/lib/pkgconfig/image_warper.pc'
[3.131s] Level 1:colcon.colcon_core.environment:checking '/home/mtrn/4231/A2_Project/Computer_Vision/packages/install/image_warper/lib/python3.10/site-packages'
[3.131s] Level 1:colcon.colcon_core.shell:create_environment_hook('image_warper', 'pythonpath')
[3.137s] INFO:colcon.colcon_core.shell:Creating environment hook '/home/mtrn/4231/A2_Project/Computer_Vision/packages/install/image_warper/share/image_warper/hook/pythonpath.ps1'
[3.138s] INFO:colcon.colcon_core.shell:Creating environment descriptor '/home/mtrn/4231/A2_Project/Computer_Vision/packages/install/image_warper/share/image_warper/hook/pythonpath.dsv'
[3.139s] INFO:colcon.colcon_core.shell:Creating environment hook '/home/mtrn/4231/A2_Project/Computer_Vision/packages/install/image_warper/share/image_warper/hook/pythonpath.sh'
[3.140s] Level 1:colcon.colcon_core.environment:checking '/home/mtrn/4231/A2_Project/Computer_Vision/packages/install/image_warper/bin'
[3.140s] Level 1:colcon.colcon_core.environment:create_environment_scripts_only(image_warper)
[3.145s] INFO:colcon.colcon_core.shell:Creating package script '/home/mtrn/4231/A2_Project/Computer_Vision/packages/install/image_warper/share/image_warper/package.ps1'
[3.146s] INFO:colcon.colcon_core.shell:Creating package descriptor '/home/mtrn/4231/A2_Project/Computer_Vision/packages/install/image_warper/share/image_warper/package.dsv'
[3.146s] INFO:colcon.colcon_core.shell:Creating package script '/home/mtrn/4231/A2_Project/Computer_Vision/packages/install/image_warper/share/image_warper/package.sh'
[3.147s] INFO:colcon.colcon_core.shell:Creating package script '/home/mtrn/4231/A2_Project/Computer_Vision/packages/install/image_warper/share/image_warper/package.bash'
[3.147s] INFO:colcon.colcon_core.shell:Creating package script '/home/mtrn/4231/A2_Project/Computer_Vision/packages/install/image_warper/share/image_warper/package.zsh'
[3.148s] Level 1:colcon.colcon_core.environment:create_file_with_runtime_dependencies(/home/mtrn/4231/A2_Project/Computer_Vision/packages/install/image_warper/share/colcon-core/packages/image_warper)
[3.156s] DEBUG:colcon.colcon_core.event_handler.log_command:Invoking command in '/home/mtrn/4231/A2_Project/Computer_Vision/packages/build/pizza_pos': AMENT_PREFIX_PATH=/home/mtrn/4231/A2_Project/Computer_Vision/packages/install/yolov8_ros:/home/mtrn/4231/A2_Project/Computer_Vision/packages/install/yolov8_bringup:/home/mtrn/4231/A2_Project/Computer_Vision/packages/install/yolov8_node:/home/mtrn/4231/A2_Project/Computer_Vision/packages/install/image_warper:/home/mtrn/4231/ros_ur_driver/install/ur:/home/mtrn/4231/ros_ur_driver/install/ur_calibration:/home/mtrn/4231/ros_ur_driver/install/ur_robot_driver:/home/mtrn/4231/ros_ur_driver/install/ur_moveit_config:/home/mtrn/4231/ros_ur_driver/install/ur_bringup:/home/mtrn/4231/ros_ur_driver/install/ur_controllers:/home/mtrn/4231/ros_ur_driver/install/ur_dashboard_msgs:/home/mtrn/4231/ws_moveit2/install/pilz_industrial_motion_planner_testutils:/home/mtrn/4231/ws_moveit2/install/moveit_runtime:/home/mtrn/4231/ws_moveit2/install/moveit2_tutorials:/home/mtrn/4231/ws_moveit2/install/moveit:/home/mtrn/4231/ws_moveit2/install/moveit_planners:/home/mtrn/4231/ws_moveit2/install/pilz_industrial_motion_planner:/home/mtrn/4231/ws_moveit2/install/moveit_visual_tools:/home/mtrn/4231/ws_moveit2/install/moveit_task_constructor_visualization:/home/mtrn/4231/ws_moveit2/install/moveit_task_constructor_demo:/home/mtrn/4231/ws_moveit2/install/moveit_task_constructor_capabilities:/home/mtrn/4231/ws_moveit2/install/moveit_task_constructor_core:/home/mtrn/4231/ws_moveit2/install/moveit_ros_control_interface:/home/mtrn/4231/ws_moveit2/install/moveit_plugins:/home/mtrn/4231/ws_moveit2/install/moveit_simple_controller_manager:/home/mtrn/4231/ws_moveit2/install/moveit_setup_assistant:/home/mtrn/4231/ws_moveit2/install/moveit_setup_srdf_plugins:/home/mtrn/4231/ws_moveit2/install/moveit_setup_core_plugins:/home/mtrn/4231/ws_moveit2/install/moveit_setup_controllers:/home/mtrn/4231/ws_moveit2/install/moveit_setup_app_plugins:/home/mtrn/4231/ws_moveit2/install/moveit_setup_framework:/home/mtrn/4231/ws_moveit2/install/moveit_servo:/home/mtrn/4231/ws_moveit2/install/moveit_ros:/home/mtrn/4231/ws_moveit2/install/moveit_ros_visualization:/home/mtrn/4231/ws_moveit2/install/moveit_hybrid_planning:/home/mtrn/4231/ws_moveit2/install/moveit_ros_planning_interface:/home/mtrn/4231/ws_moveit2/install/moveit_ros_benchmarks:/home/mtrn/4231/ws_moveit2/install/moveit_ros_warehouse:/home/mtrn/4231/ws_moveit2/install/moveit_ros_robot_interaction:/home/mtrn/4231/ws_moveit2/install/moveit_ros_perception:/home/mtrn/4231/ws_moveit2/install/moveit_resources_prbt_pg70_support:/home/mtrn/4231/ws_moveit2/install/moveit_resources_prbt_moveit_config:/home/mtrn/4231/ws_moveit2/install/moveit_ros_move_group:/home/mtrn/4231/ws_moveit2/install/moveit_planners_ompl:/home/mtrn/4231/ws_moveit2/install/moveit_ros_planning:/home/mtrn/4231/ws_moveit2/install/moveit_ros_occupancy_map_monitor:/home/mtrn/4231/ws_moveit2/install/moveit_resources_prbt_ikfast_manipulator_plugin:/home/mtrn/4231/ws_moveit2/install/moveit_planners_chomp:/home/mtrn/4231/ws_moveit2/install/moveit_kinematics:/home/mtrn/4231/ws_moveit2/install/moveit_chomp_optimizer_adapter:/home/mtrn/4231/ws_moveit2/install/chomp_motion_planner:/home/mtrn/4231/ws_moveit2/install/moveit_core:/home/mtrn/4231/ws_moveit2/install/moveit_configs_utils:/home/mtrn/4231/ws_moveit2/install/srdfdom:/home/mtrn/4231/ws_moveit2/install/rviz_marker_tools:/home/mtrn/4231/ws_moveit2/install/rosparam_shortcuts:/home/mtrn/4231/ws_moveit2/install/moveit_task_constructor_msgs:/home/mtrn/4231/ws_moveit2/install/moveit_resources_prbt_support:/home/mtrn/4231/ws_moveit2/install/moveit_resources:/home/mtrn/4231/ws_moveit2/install/moveit_resources_pr2_description:/home/mtrn/4231/ws_moveit2/install/moveit_resources_panda_moveit_config:/home/mtrn/4231/ws_moveit2/install/moveit_resources_panda_description:/home/mtrn/4231/ws_moveit2/install/moveit_resources_fanuc_moveit_config:/home/mtrn/4231/ws_moveit2/install/moveit_resources_fanuc_description:/home/mtrn/4231/ws_moveit2/install/moveit_common:/home/mtrn/4231/ws_moveit2/install/launch_param_builder:/opt/ros/humble CMAKE_PREFIX_PATH=${CMAKE_PREFIX_PATH}:/home/mtrn/4231/A2_Project/Computer_Vision/packages/install/yolov8_ros:/home/mtrn/4231/A2_Project/Computer_Vision/packages/install/yolov8_node:/home/mtrn/4231/A2_Project/Computer_Vision/packages/install/image_warper:/home/mtrn/4231/ws_moveit2/install/moveit_configs_utils:/home/mtrn/4231/ws_moveit2/install/launch_param_builder:/opt/ros/humble /usr/bin/cmake --build /home/mtrn/4231/A2_Project/Computer_Vision/packages/build/pizza_pos -- -j6 -l6
[3.161s] DEBUG:colcon.colcon_core.event_handler.log_command:Invoking command in '/home/mtrn/4231/A2_Project/Computer_Vision/packages/build/yolov8_bringup': AMENT_PREFIX_PATH=/home/mtrn/4231/A2_Project/Computer_Vision/packages/install/yolov8_ros:/home/mtrn/4231/A2_Project/Computer_Vision/packages/install/yolov8_bringup:/home/mtrn/4231/A2_Project/Computer_Vision/packages/install/yolov8_node:/home/mtrn/4231/A2_Project/Computer_Vision/packages/install/image_warper:/home/mtrn/4231/ros_ur_driver/install/ur:/home/mtrn/4231/ros_ur_driver/install/ur_calibration:/home/mtrn/4231/ros_ur_driver/install/ur_robot_driver:/home/mtrn/4231/ros_ur_driver/install/ur_moveit_config:/home/mtrn/4231/ros_ur_driver/install/ur_bringup:/home/mtrn/4231/ros_ur_driver/install/ur_controllers:/home/mtrn/4231/ros_ur_driver/install/ur_dashboard_msgs:/home/mtrn/4231/ws_moveit2/install/pilz_industrial_motion_planner_testutils:/home/mtrn/4231/ws_moveit2/install/moveit_runtime:/home/mtrn/4231/ws_moveit2/install/moveit2_tutorials:/home/mtrn/4231/ws_moveit2/install/moveit:/home/mtrn/4231/ws_moveit2/install/moveit_planners:/home/mtrn/4231/ws_moveit2/install/pilz_industrial_motion_planner:/home/mtrn/4231/ws_moveit2/install/moveit_visual_tools:/home/mtrn/4231/ws_moveit2/install/moveit_task_constructor_visualization:/home/mtrn/4231/ws_moveit2/install/moveit_task_constructor_demo:/home/mtrn/4231/ws_moveit2/install/moveit_task_constructor_capabilities:/home/mtrn/4231/ws_moveit2/install/moveit_task_constructor_core:/home/mtrn/4231/ws_moveit2/install/moveit_ros_control_interface:/home/mtrn/4231/ws_moveit2/install/moveit_plugins:/home/mtrn/4231/ws_moveit2/install/moveit_simple_controller_manager:/home/mtrn/4231/ws_moveit2/install/moveit_setup_assistant:/home/mtrn/4231/ws_moveit2/install/moveit_setup_srdf_plugins:/home/mtrn/4231/ws_moveit2/install/moveit_setup_core_plugins:/home/mtrn/4231/ws_moveit2/install/moveit_setup_controllers:/home/mtrn/4231/ws_moveit2/install/moveit_setup_app_plugins:/home/mtrn/4231/ws_moveit2/install/moveit_setup_framework:/home/mtrn/4231/ws_moveit2/install/moveit_servo:/home/mtrn/4231/ws_moveit2/install/moveit_ros:/home/mtrn/4231/ws_moveit2/install/moveit_ros_visualization:/home/mtrn/4231/ws_moveit2/install/moveit_hybrid_planning:/home/mtrn/4231/ws_moveit2/install/moveit_ros_planning_interface:/home/mtrn/4231/ws_moveit2/install/moveit_ros_benchmarks:/home/mtrn/4231/ws_moveit2/install/moveit_ros_warehouse:/home/mtrn/4231/ws_moveit2/install/moveit_ros_robot_interaction:/home/mtrn/4231/ws_moveit2/install/moveit_ros_perception:/home/mtrn/4231/ws_moveit2/install/moveit_resources_prbt_pg70_support:/home/mtrn/4231/ws_moveit2/install/moveit_resources_prbt_moveit_config:/home/mtrn/4231/ws_moveit2/install/moveit_ros_move_group:/home/mtrn/4231/ws_moveit2/install/moveit_planners_ompl:/home/mtrn/4231/ws_moveit2/install/moveit_ros_planning:/home/mtrn/4231/ws_moveit2/install/moveit_ros_occupancy_map_monitor:/home/mtrn/4231/ws_moveit2/install/moveit_resources_prbt_ikfast_manipulator_plugin:/home/mtrn/4231/ws_moveit2/install/moveit_planners_chomp:/home/mtrn/4231/ws_moveit2/install/moveit_kinematics:/home/mtrn/4231/ws_moveit2/install/moveit_chomp_optimizer_adapter:/home/mtrn/4231/ws_moveit2/install/chomp_motion_planner:/home/mtrn/4231/ws_moveit2/install/moveit_core:/home/mtrn/4231/ws_moveit2/install/moveit_configs_utils:/home/mtrn/4231/ws_moveit2/install/srdfdom:/home/mtrn/4231/ws_moveit2/install/rviz_marker_tools:/home/mtrn/4231/ws_moveit2/install/rosparam_shortcuts:/home/mtrn/4231/ws_moveit2/install/moveit_task_constructor_msgs:/home/mtrn/4231/ws_moveit2/install/moveit_resources_prbt_support:/home/mtrn/4231/ws_moveit2/install/moveit_resources:/home/mtrn/4231/ws_moveit2/install/moveit_resources_pr2_description:/home/mtrn/4231/ws_moveit2/install/moveit_resources_panda_moveit_config:/home/mtrn/4231/ws_moveit2/install/moveit_resources_panda_description:/home/mtrn/4231/ws_moveit2/install/moveit_resources_fanuc_moveit_config:/home/mtrn/4231/ws_moveit2/install/moveit_resources_fanuc_description:/home/mtrn/4231/ws_moveit2/install/moveit_common:/home/mtrn/4231/ws_moveit2/install/launch_param_builder:/opt/ros/humble CMAKE_PREFIX_PATH=${CMAKE_PREFIX_PATH}:/home/mtrn/4231/A2_Project/Computer_Vision/packages/install/yolov8_ros:/home/mtrn/4231/A2_Project/Computer_Vision/packages/install/yolov8_node:/home/mtrn/4231/A2_Project/Computer_Vision/packages/install/image_warper:/home/mtrn/4231/ws_moveit2/install/moveit_configs_utils:/home/mtrn/4231/ws_moveit2/install/launch_param_builder:/opt/ros/humble /usr/bin/cmake --build /home/mtrn/4231/A2_Project/Computer_Vision/packages/build/yolov8_bringup -- -j6 -l6
[3.238s] DEBUG:colcon.colcon_core.event_handler.log_command:Invoked command in '/home/mtrn/4231/A2_Project/Computer_Vision/packages/build/yolov8_bringup' returned '0': AMENT_PREFIX_PATH=/home/mtrn/4231/A2_Project/Computer_Vision/packages/install/yolov8_ros:/home/mtrn/4231/A2_Project/Computer_Vision/packages/install/yolov8_bringup:/home/mtrn/4231/A2_Project/Computer_Vision/packages/install/yolov8_node:/home/mtrn/4231/A2_Project/Computer_Vision/packages/install/image_warper:/home/mtrn/4231/ros_ur_driver/install/ur:/home/mtrn/4231/ros_ur_driver/install/ur_calibration:/home/mtrn/4231/ros_ur_driver/install/ur_robot_driver:/home/mtrn/4231/ros_ur_driver/install/ur_moveit_config:/home/mtrn/4231/ros_ur_driver/install/ur_bringup:/home/mtrn/4231/ros_ur_driver/install/ur_controllers:/home/mtrn/4231/ros_ur_driver/install/ur_dashboard_msgs:/home/mtrn/4231/ws_moveit2/install/pilz_industrial_motion_planner_testutils:/home/mtrn/4231/ws_moveit2/install/moveit_runtime:/home/mtrn/4231/ws_moveit2/install/moveit2_tutorials:/home/mtrn/4231/ws_moveit2/install/moveit:/home/mtrn/4231/ws_moveit2/install/moveit_planners:/home/mtrn/4231/ws_moveit2/install/pilz_industrial_motion_planner:/home/mtrn/4231/ws_moveit2/install/moveit_visual_tools:/home/mtrn/4231/ws_moveit2/install/moveit_task_constructor_visualization:/home/mtrn/4231/ws_moveit2/install/moveit_task_constructor_demo:/home/mtrn/4231/ws_moveit2/install/moveit_task_constructor_capabilities:/home/mtrn/4231/ws_moveit2/install/moveit_task_constructor_core:/home/mtrn/4231/ws_moveit2/install/moveit_ros_control_interface:/home/mtrn/4231/ws_moveit2/install/moveit_plugins:/home/mtrn/4231/ws_moveit2/install/moveit_simple_controller_manager:/home/mtrn/4231/ws_moveit2/install/moveit_setup_assistant:/home/mtrn/4231/ws_moveit2/install/moveit_setup_srdf_plugins:/home/mtrn/4231/ws_moveit2/install/moveit_setup_core_plugins:/home/mtrn/4231/ws_moveit2/install/moveit_setup_controllers:/home/mtrn/4231/ws_moveit2/install/moveit_setup_app_plugins:/home/mtrn/4231/ws_moveit2/install/moveit_setup_framework:/home/mtrn/4231/ws_moveit2/install/moveit_servo:/home/mtrn/4231/ws_moveit2/install/moveit_ros:/home/mtrn/4231/ws_moveit2/install/moveit_ros_visualization:/home/mtrn/4231/ws_moveit2/install/moveit_hybrid_planning:/home/mtrn/4231/ws_moveit2/install/moveit_ros_planning_interface:/home/mtrn/4231/ws_moveit2/install/moveit_ros_benchmarks:/home/mtrn/4231/ws_moveit2/install/moveit_ros_warehouse:/home/mtrn/4231/ws_moveit2/install/moveit_ros_robot_interaction:/home/mtrn/4231/ws_moveit2/install/moveit_ros_perception:/home/mtrn/4231/ws_moveit2/install/moveit_resources_prbt_pg70_support:/home/mtrn/4231/ws_moveit2/install/moveit_resources_prbt_moveit_config:/home/mtrn/4231/ws_moveit2/install/moveit_ros_move_group:/home/mtrn/4231/ws_moveit2/install/moveit_planners_ompl:/home/mtrn/4231/ws_moveit2/install/moveit_ros_planning:/home/mtrn/4231/ws_moveit2/install/moveit_ros_occupancy_map_monitor:/home/mtrn/4231/ws_moveit2/install/moveit_resources_prbt_ikfast_manipulator_plugin:/home/mtrn/4231/ws_moveit2/install/moveit_planners_chomp:/home/mtrn/4231/ws_moveit2/install/moveit_kinematics:/home/mtrn/4231/ws_moveit2/install/moveit_chomp_optimizer_adapter:/home/mtrn/4231/ws_moveit2/install/chomp_motion_planner:/home/mtrn/4231/ws_moveit2/install/moveit_core:/home/mtrn/4231/ws_moveit2/install/moveit_configs_utils:/home/mtrn/4231/ws_moveit2/install/srdfdom:/home/mtrn/4231/ws_moveit2/install/rviz_marker_tools:/home/mtrn/4231/ws_moveit2/install/rosparam_shortcuts:/home/mtrn/4231/ws_moveit2/install/moveit_task_constructor_msgs:/home/mtrn/4231/ws_moveit2/install/moveit_resources_prbt_support:/home/mtrn/4231/ws_moveit2/install/moveit_resources:/home/mtrn/4231/ws_moveit2/install/moveit_resources_pr2_description:/home/mtrn/4231/ws_moveit2/install/moveit_resources_panda_moveit_config:/home/mtrn/4231/ws_moveit2/install/moveit_resources_panda_description:/home/mtrn/4231/ws_moveit2/install/moveit_resources_fanuc_moveit_config:/home/mtrn/4231/ws_moveit2/install/moveit_resources_fanuc_description:/home/mtrn/4231/ws_moveit2/install/moveit_common:/home/mtrn/4231/ws_moveit2/install/launch_param_builder:/opt/ros/humble CMAKE_PREFIX_PATH=${CMAKE_PREFIX_PATH}:/home/mtrn/4231/A2_Project/Computer_Vision/packages/install/yolov8_ros:/home/mtrn/4231/A2_Project/Computer_Vision/packages/install/yolov8_node:/home/mtrn/4231/A2_Project/Computer_Vision/packages/install/image_warper:/home/mtrn/4231/ws_moveit2/install/moveit_configs_utils:/home/mtrn/4231/ws_moveit2/install/launch_param_builder:/opt/ros/humble /usr/bin/cmake --build /home/mtrn/4231/A2_Project/Computer_Vision/packages/build/yolov8_bringup -- -j6 -l6
[3.306s] DEBUG:colcon.colcon_core.event_handler.log_command:Invoking command in '/home/mtrn/4231/A2_Project/Computer_Vision/packages/build/yolov8_bringup': AMENT_PREFIX_PATH=/home/mtrn/4231/A2_Project/Computer_Vision/packages/install/yolov8_ros:/home/mtrn/4231/A2_Project/Computer_Vision/packages/install/yolov8_bringup:/home/mtrn/4231/A2_Project/Computer_Vision/packages/install/yolov8_node:/home/mtrn/4231/A2_Project/Computer_Vision/packages/install/image_warper:/home/mtrn/4231/ros_ur_driver/install/ur:/home/mtrn/4231/ros_ur_driver/install/ur_calibration:/home/mtrn/4231/ros_ur_driver/install/ur_robot_driver:/home/mtrn/4231/ros_ur_driver/install/ur_moveit_config:/home/mtrn/4231/ros_ur_driver/install/ur_bringup:/home/mtrn/4231/ros_ur_driver/install/ur_controllers:/home/mtrn/4231/ros_ur_driver/install/ur_dashboard_msgs:/home/mtrn/4231/ws_moveit2/install/pilz_industrial_motion_planner_testutils:/home/mtrn/4231/ws_moveit2/install/moveit_runtime:/home/mtrn/4231/ws_moveit2/install/moveit2_tutorials:/home/mtrn/4231/ws_moveit2/install/moveit:/home/mtrn/4231/ws_moveit2/install/moveit_planners:/home/mtrn/4231/ws_moveit2/install/pilz_industrial_motion_planner:/home/mtrn/4231/ws_moveit2/install/moveit_visual_tools:/home/mtrn/4231/ws_moveit2/install/moveit_task_constructor_visualization:/home/mtrn/4231/ws_moveit2/install/moveit_task_constructor_demo:/home/mtrn/4231/ws_moveit2/install/moveit_task_constructor_capabilities:/home/mtrn/4231/ws_moveit2/install/moveit_task_constructor_core:/home/mtrn/4231/ws_moveit2/install/moveit_ros_control_interface:/home/mtrn/4231/ws_moveit2/install/moveit_plugins:/home/mtrn/4231/ws_moveit2/install/moveit_simple_controller_manager:/home/mtrn/4231/ws_moveit2/install/moveit_setup_assistant:/home/mtrn/4231/ws_moveit2/install/moveit_setup_srdf_plugins:/home/mtrn/4231/ws_moveit2/install/moveit_setup_core_plugins:/home/mtrn/4231/ws_moveit2/install/moveit_setup_controllers:/home/mtrn/4231/ws_moveit2/install/moveit_setup_app_plugins:/home/mtrn/4231/ws_moveit2/install/moveit_setup_framework:/home/mtrn/4231/ws_moveit2/install/moveit_servo:/home/mtrn/4231/ws_moveit2/install/moveit_ros:/home/mtrn/4231/ws_moveit2/install/moveit_ros_visualization:/home/mtrn/4231/ws_moveit2/install/moveit_hybrid_planning:/home/mtrn/4231/ws_moveit2/install/moveit_ros_planning_interface:/home/mtrn/4231/ws_moveit2/install/moveit_ros_benchmarks:/home/mtrn/4231/ws_moveit2/install/moveit_ros_warehouse:/home/mtrn/4231/ws_moveit2/install/moveit_ros_robot_interaction:/home/mtrn/4231/ws_moveit2/install/moveit_ros_perception:/home/mtrn/4231/ws_moveit2/install/moveit_resources_prbt_pg70_support:/home/mtrn/4231/ws_moveit2/install/moveit_resources_prbt_moveit_config:/home/mtrn/4231/ws_moveit2/install/moveit_ros_move_group:/home/mtrn/4231/ws_moveit2/install/moveit_planners_ompl:/home/mtrn/4231/ws_moveit2/install/moveit_ros_planning:/home/mtrn/4231/ws_moveit2/install/moveit_ros_occupancy_map_monitor:/home/mtrn/4231/ws_moveit2/install/moveit_resources_prbt_ikfast_manipulator_plugin:/home/mtrn/4231/ws_moveit2/install/moveit_planners_chomp:/home/mtrn/4231/ws_moveit2/install/moveit_kinematics:/home/mtrn/4231/ws_moveit2/install/moveit_chomp_optimizer_adapter:/home/mtrn/4231/ws_moveit2/install/chomp_motion_planner:/home/mtrn/4231/ws_moveit2/install/moveit_core:/home/mtrn/4231/ws_moveit2/install/moveit_configs_utils:/home/mtrn/4231/ws_moveit2/install/srdfdom:/home/mtrn/4231/ws_moveit2/install/rviz_marker_tools:/home/mtrn/4231/ws_moveit2/install/rosparam_shortcuts:/home/mtrn/4231/ws_moveit2/install/moveit_task_constructor_msgs:/home/mtrn/4231/ws_moveit2/install/moveit_resources_prbt_support:/home/mtrn/4231/ws_moveit2/install/moveit_resources:/home/mtrn/4231/ws_moveit2/install/moveit_resources_pr2_description:/home/mtrn/4231/ws_moveit2/install/moveit_resources_panda_moveit_config:/home/mtrn/4231/ws_moveit2/install/moveit_resources_panda_description:/home/mtrn/4231/ws_moveit2/install/moveit_resources_fanuc_moveit_config:/home/mtrn/4231/ws_moveit2/install/moveit_resources_fanuc_description:/home/mtrn/4231/ws_moveit2/install/moveit_common:/home/mtrn/4231/ws_moveit2/install/launch_param_builder:/opt/ros/humble CMAKE_PREFIX_PATH=${CMAKE_PREFIX_PATH}:/home/mtrn/4231/A2_Project/Computer_Vision/packages/install/yolov8_ros:/home/mtrn/4231/A2_Project/Computer_Vision/packages/install/yolov8_node:/home/mtrn/4231/A2_Project/Computer_Vision/packages/install/image_warper:/home/mtrn/4231/ws_moveit2/install/moveit_configs_utils:/home/mtrn/4231/ws_moveit2/install/launch_param_builder:/opt/ros/humble /usr/bin/cmake --install /home/mtrn/4231/A2_Project/Computer_Vision/packages/build/yolov8_bringup
[3.326s] Level 1:colcon.colcon_core.environment:create_environment_scripts_only(yolov8_bringup)
[3.332s] Level 1:colcon.colcon_core.environment:checking '/home/mtrn/4231/A2_Project/Computer_Vision/packages/install/yolov8_bringup' for CMake module files
[3.334s] DEBUG:colcon.colcon_core.event_handler.log_command:Invoked command in '/home/mtrn/4231/A2_Project/Computer_Vision/packages/build/yolov8_bringup' returned '0': AMENT_PREFIX_PATH=/home/mtrn/4231/A2_Project/Computer_Vision/packages/install/yolov8_ros:/home/mtrn/4231/A2_Project/Computer_Vision/packages/install/yolov8_bringup:/home/mtrn/4231/A2_Project/Computer_Vision/packages/install/yolov8_node:/home/mtrn/4231/A2_Project/Computer_Vision/packages/install/image_warper:/home/mtrn/4231/ros_ur_driver/install/ur:/home/mtrn/4231/ros_ur_driver/install/ur_calibration:/home/mtrn/4231/ros_ur_driver/install/ur_robot_driver:/home/mtrn/4231/ros_ur_driver/install/ur_moveit_config:/home/mtrn/4231/ros_ur_driver/install/ur_bringup:/home/mtrn/4231/ros_ur_driver/install/ur_controllers:/home/mtrn/4231/ros_ur_driver/install/ur_dashboard_msgs:/home/mtrn/4231/ws_moveit2/install/pilz_industrial_motion_planner_testutils:/home/mtrn/4231/ws_moveit2/install/moveit_runtime:/home/mtrn/4231/ws_moveit2/install/moveit2_tutorials:/home/mtrn/4231/ws_moveit2/install/moveit:/home/mtrn/4231/ws_moveit2/install/moveit_planners:/home/mtrn/4231/ws_moveit2/install/pilz_industrial_motion_planner:/home/mtrn/4231/ws_moveit2/install/moveit_visual_tools:/home/mtrn/4231/ws_moveit2/install/moveit_task_constructor_visualization:/home/mtrn/4231/ws_moveit2/install/moveit_task_constructor_demo:/home/mtrn/4231/ws_moveit2/install/moveit_task_constructor_capabilities:/home/mtrn/4231/ws_moveit2/install/moveit_task_constructor_core:/home/mtrn/4231/ws_moveit2/install/moveit_ros_control_interface:/home/mtrn/4231/ws_moveit2/install/moveit_plugins:/home/mtrn/4231/ws_moveit2/install/moveit_simple_controller_manager:/home/mtrn/4231/ws_moveit2/install/moveit_setup_assistant:/home/mtrn/4231/ws_moveit2/install/moveit_setup_srdf_plugins:/home/mtrn/4231/ws_moveit2/install/moveit_setup_core_plugins:/home/mtrn/4231/ws_moveit2/install/moveit_setup_controllers:/home/mtrn/4231/ws_moveit2/install/moveit_setup_app_plugins:/home/mtrn/4231/ws_moveit2/install/moveit_setup_framework:/home/mtrn/4231/ws_moveit2/install/moveit_servo:/home/mtrn/4231/ws_moveit2/install/moveit_ros:/home/mtrn/4231/ws_moveit2/install/moveit_ros_visualization:/home/mtrn/4231/ws_moveit2/install/moveit_hybrid_planning:/home/mtrn/4231/ws_moveit2/install/moveit_ros_planning_interface:/home/mtrn/4231/ws_moveit2/install/moveit_ros_benchmarks:/home/mtrn/4231/ws_moveit2/install/moveit_ros_warehouse:/home/mtrn/4231/ws_moveit2/install/moveit_ros_robot_interaction:/home/mtrn/4231/ws_moveit2/install/moveit_ros_perception:/home/mtrn/4231/ws_moveit2/install/moveit_resources_prbt_pg70_support:/home/mtrn/4231/ws_moveit2/install/moveit_resources_prbt_moveit_config:/home/mtrn/4231/ws_moveit2/install/moveit_ros_move_group:/home/mtrn/4231/ws_moveit2/install/moveit_planners_ompl:/home/mtrn/4231/ws_moveit2/install/moveit_ros_planning:/home/mtrn/4231/ws_moveit2/install/moveit_ros_occupancy_map_monitor:/home/mtrn/4231/ws_moveit2/install/moveit_resources_prbt_ikfast_manipulator_plugin:/home/mtrn/4231/ws_moveit2/install/moveit_planners_chomp:/home/mtrn/4231/ws_moveit2/install/moveit_kinematics:/home/mtrn/4231/ws_moveit2/install/moveit_chomp_optimizer_adapter:/home/mtrn/4231/ws_moveit2/install/chomp_motion_planner:/home/mtrn/4231/ws_moveit2/install/moveit_core:/home/mtrn/4231/ws_moveit2/install/moveit_configs_utils:/home/mtrn/4231/ws_moveit2/install/srdfdom:/home/mtrn/4231/ws_moveit2/install/rviz_marker_tools:/home/mtrn/4231/ws_moveit2/install/rosparam_shortcuts:/home/mtrn/4231/ws_moveit2/install/moveit_task_constructor_msgs:/home/mtrn/4231/ws_moveit2/install/moveit_resources_prbt_support:/home/mtrn/4231/ws_moveit2/install/moveit_resources:/home/mtrn/4231/ws_moveit2/install/moveit_resources_pr2_description:/home/mtrn/4231/ws_moveit2/install/moveit_resources_panda_moveit_config:/home/mtrn/4231/ws_moveit2/install/moveit_resources_panda_description:/home/mtrn/4231/ws_moveit2/install/moveit_resources_fanuc_moveit_config:/home/mtrn/4231/ws_moveit2/install/moveit_resources_fanuc_description:/home/mtrn/4231/ws_moveit2/install/moveit_common:/home/mtrn/4231/ws_moveit2/install/launch_param_builder:/opt/ros/humble CMAKE_PREFIX_PATH=${CMAKE_PREFIX_PATH}:/home/mtrn/4231/A2_Project/Computer_Vision/packages/install/yolov8_ros:/home/mtrn/4231/A2_Project/Computer_Vision/packages/install/yolov8_node:/home/mtrn/4231/A2_Project/Computer_Vision/packages/install/image_warper:/home/mtrn/4231/ws_moveit2/install/moveit_configs_utils:/home/mtrn/4231/ws_moveit2/install/launch_param_builder:/opt/ros/humble /usr/bin/cmake --install /home/mtrn/4231/A2_Project/Computer_Vision/packages/build/yolov8_bringup
[3.335s] Level 1:colcon.colcon_core.environment:checking '/home/mtrn/4231/A2_Project/Computer_Vision/packages/install/yolov8_bringup' for CMake config files
[3.335s] Level 1:colcon.colcon_core.shell:create_environment_hook('yolov8_bringup', 'cmake_prefix_path')
[3.339s] INFO:colcon.colcon_core.shell:Creating environment hook '/home/mtrn/4231/A2_Project/Computer_Vision/packages/install/yolov8_bringup/share/yolov8_bringup/hook/cmake_prefix_path.ps1'
[3.341s] INFO:colcon.colcon_core.shell:Creating environment descriptor '/home/mtrn/4231/A2_Project/Computer_Vision/packages/install/yolov8_bringup/share/yolov8_bringup/hook/cmake_prefix_path.dsv'
[3.342s] INFO:colcon.colcon_core.shell:Creating environment hook '/home/mtrn/4231/A2_Project/Computer_Vision/packages/install/yolov8_bringup/share/yolov8_bringup/hook/cmake_prefix_path.sh'
[3.343s] Level 1:colcon.colcon_core.environment:checking '/home/mtrn/4231/A2_Project/Computer_Vision/packages/install/yolov8_bringup/bin'
[3.343s] Level 1:colcon.colcon_core.environment:checking '/home/mtrn/4231/A2_Project/Computer_Vision/packages/install/yolov8_bringup/lib/pkgconfig/yolov8_bringup.pc'
[3.343s] Level 1:colcon.colcon_core.environment:checking '/home/mtrn/4231/A2_Project/Computer_Vision/packages/install/yolov8_bringup/lib/python3.10/site-packages'
[3.343s] Level 1:colcon.colcon_core.environment:checking '/home/mtrn/4231/A2_Project/Computer_Vision/packages/install/yolov8_bringup/bin'
[3.350s] INFO:colcon.colcon_core.shell:Creating package script '/home/mtrn/4231/A2_Project/Computer_Vision/packages/install/yolov8_bringup/share/yolov8_bringup/package.ps1'
[3.351s] INFO:colcon.colcon_core.shell:Creating package descriptor '/home/mtrn/4231/A2_Project/Computer_Vision/packages/install/yolov8_bringup/share/yolov8_bringup/package.dsv'
[3.352s] INFO:colcon.colcon_core.shell:Creating package script '/home/mtrn/4231/A2_Project/Computer_Vision/packages/install/yolov8_bringup/share/yolov8_bringup/package.sh'
[3.354s] INFO:colcon.colcon_core.shell:Creating package script '/home/mtrn/4231/A2_Project/Computer_Vision/packages/install/yolov8_bringup/share/yolov8_bringup/package.bash'
[3.355s] INFO:colcon.colcon_core.shell:Creating package script '/home/mtrn/4231/A2_Project/Computer_Vision/packages/install/yolov8_bringup/share/yolov8_bringup/package.zsh'
[3.356s] Level 1:colcon.colcon_core.environment:create_file_with_runtime_dependencies(/home/mtrn/4231/A2_Project/Computer_Vision/packages/install/yolov8_bringup/share/colcon-core/packages/yolov8_bringup)
[3.411s] Level 1:colcon.colcon_core.environment:create_environment_scripts_only(yolov8_bringup)
[3.418s] Level 1:colcon.colcon_core.environment:checking '/home/mtrn/4231/A2_Project/Computer_Vision/packages/install/yolov8_bringup' for CMake module files
[3.418s] Level 1:colcon.colcon_core.environment:checking '/home/mtrn/4231/A2_Project/Computer_Vision/packages/install/yolov8_bringup' for CMake config files
[3.419s] Level 1:colcon.colcon_core.shell:create_environment_hook('yolov8_bringup', 'cmake_prefix_path')
[3.423s] INFO:colcon.colcon_core.shell:Creating environment hook '/home/mtrn/4231/A2_Project/Computer_Vision/packages/install/yolov8_bringup/share/yolov8_bringup/hook/cmake_prefix_path.ps1'
[3.424s] INFO:colcon.colcon_core.shell:Creating environment descriptor '/home/mtrn/4231/A2_Project/Computer_Vision/packages/install/yolov8_bringup/share/yolov8_bringup/hook/cmake_prefix_path.dsv'
[3.425s] INFO:colcon.colcon_core.shell:Creating environment hook '/home/mtrn/4231/A2_Project/Computer_Vision/packages/install/yolov8_bringup/share/yolov8_bringup/hook/cmake_prefix_path.sh'
[3.426s] Level 1:colcon.colcon_core.environment:checking '/home/mtrn/4231/A2_Project/Computer_Vision/packages/install/yolov8_bringup/bin'
[3.426s] Level 1:colcon.colcon_core.environment:checking '/home/mtrn/4231/A2_Project/Computer_Vision/packages/install/yolov8_bringup/lib/pkgconfig/yolov8_bringup.pc'
[3.427s] Level 1:colcon.colcon_core.environment:checking '/home/mtrn/4231/A2_Project/Computer_Vision/packages/install/yolov8_bringup/lib/python3.10/site-packages'
[3.427s] Level 1:colcon.colcon_core.environment:checking '/home/mtrn/4231/A2_Project/Computer_Vision/packages/install/yolov8_bringup/bin'
[3.431s] INFO:colcon.colcon_core.shell:Creating package script '/home/mtrn/4231/A2_Project/Computer_Vision/packages/install/yolov8_bringup/share/yolov8_bringup/package.ps1'
[3.432s] INFO:colcon.colcon_core.shell:Creating package descriptor '/home/mtrn/4231/A2_Project/Computer_Vision/packages/install/yolov8_bringup/share/yolov8_bringup/package.dsv'
[3.433s] INFO:colcon.colcon_core.shell:Creating package script '/home/mtrn/4231/A2_Project/Computer_Vision/packages/install/yolov8_bringup/share/yolov8_bringup/package.sh'
[3.434s] INFO:colcon.colcon_core.shell:Creating package script '/home/mtrn/4231/A2_Project/Computer_Vision/packages/install/yolov8_bringup/share/yolov8_bringup/package.bash'
[3.435s] INFO:colcon.colcon_core.shell:Creating package script '/home/mtrn/4231/A2_Project/Computer_Vision/packages/install/yolov8_bringup/share/yolov8_bringup/package.zsh'
[3.436s] Level 1:colcon.colcon_core.environment:create_file_with_runtime_dependencies(/home/mtrn/4231/A2_Project/Computer_Vision/packages/install/yolov8_bringup/share/colcon-core/packages/yolov8_bringup)
[3.439s] DEBUG:colcon.colcon_core.event_handler.log_command:Invoking command in '/home/mtrn/4231/A2_Project/Computer_Vision/packages/build/yolov8_msgs': CMAKE_PREFIX_PATH=${CMAKE_PREFIX_PATH}:/home/mtrn/4231/A2_Project/Computer_Vision/packages/install/yolov8_ros:/home/mtrn/4231/A2_Project/Computer_Vision/packages/install/yolov8_node:/home/mtrn/4231/A2_Project/Computer_Vision/packages/install/image_warper:/home/mtrn/4231/ws_moveit2/install/moveit_configs_utils:/home/mtrn/4231/ws_moveit2/install/launch_param_builder:/opt/ros/humble /usr/bin/cmake --install /home/mtrn/4231/A2_Project/Computer_Vision/packages/build/yolov8_msgs
[3.550s] Level 1:colcon.colcon_core.environment:create_environment_scripts_only(yolov8_msgs)
[3.559s] Level 1:colcon.colcon_core.environment:checking '/home/mtrn/4231/A2_Project/Computer_Vision/packages/install/yolov8_msgs' for CMake module files
[3.562s] DEBUG:colcon.colcon_core.event_handler.log_command:Invoked command in '/home/mtrn/4231/A2_Project/Computer_Vision/packages/build/yolov8_msgs' returned '0': CMAKE_PREFIX_PATH=${CMAKE_PREFIX_PATH}:/home/mtrn/4231/A2_Project/Computer_Vision/packages/install/yolov8_ros:/home/mtrn/4231/A2_Project/Computer_Vision/packages/install/yolov8_node:/home/mtrn/4231/A2_Project/Computer_Vision/packages/install/image_warper:/home/mtrn/4231/ws_moveit2/install/moveit_configs_utils:/home/mtrn/4231/ws_moveit2/install/launch_param_builder:/opt/ros/humble /usr/bin/cmake --install /home/mtrn/4231/A2_Project/Computer_Vision/packages/build/yolov8_msgs
[3.563s] Level 1:colcon.colcon_core.environment:checking '/home/mtrn/4231/A2_Project/Computer_Vision/packages/install/yolov8_msgs' for CMake config files
[3.564s] Level 1:colcon.colcon_core.shell:create_environment_hook('yolov8_msgs', 'cmake_prefix_path')
[3.569s] INFO:colcon.colcon_core.shell:Creating environment hook '/home/mtrn/4231/A2_Project/Computer_Vision/packages/install/yolov8_msgs/share/yolov8_msgs/hook/cmake_prefix_path.ps1'
[3.569s] INFO:colcon.colcon_core.shell:Creating environment descriptor '/home/mtrn/4231/A2_Project/Computer_Vision/packages/install/yolov8_msgs/share/yolov8_msgs/hook/cmake_prefix_path.dsv'
[3.570s] INFO:colcon.colcon_core.shell:Creating environment hook '/home/mtrn/4231/A2_Project/Computer_Vision/packages/install/yolov8_msgs/share/yolov8_msgs/hook/cmake_prefix_path.sh'
[3.571s] Level 1:colcon.colcon_core.environment:checking '/home/mtrn/4231/A2_Project/Computer_Vision/packages/install/yolov8_msgs/lib'
[3.571s] Level 1:colcon.colcon_core.shell:create_environment_hook('yolov8_msgs', 'ld_library_path_lib')
[3.576s] INFO:colcon.colcon_core.shell:Creating environment hook '/home/mtrn/4231/A2_Project/Computer_Vision/packages/install/yolov8_msgs/share/yolov8_msgs/hook/ld_library_path_lib.ps1'
[3.577s] INFO:colcon.colcon_core.shell:Creating environment descriptor '/home/mtrn/4231/A2_Project/Computer_Vision/packages/install/yolov8_msgs/share/yolov8_msgs/hook/ld_library_path_lib.dsv'
[3.577s] INFO:colcon.colcon_core.shell:Creating environment hook '/home/mtrn/4231/A2_Project/Computer_Vision/packages/install/yolov8_msgs/share/yolov8_msgs/hook/ld_library_path_lib.sh'
[3.578s] Level 1:colcon.colcon_core.environment:checking '/home/mtrn/4231/A2_Project/Computer_Vision/packages/install/yolov8_msgs/bin'
[3.578s] Level 1:colcon.colcon_core.environment:checking '/home/mtrn/4231/A2_Project/Computer_Vision/packages/install/yolov8_msgs/lib/pkgconfig/yolov8_msgs.pc'
[3.578s] Level 1:colcon.colcon_core.environment:checking '/home/mtrn/4231/A2_Project/Computer_Vision/packages/install/yolov8_msgs/lib/python3.10/site-packages'
[3.579s] Level 1:colcon.colcon_core.environment:checking '/home/mtrn/4231/A2_Project/Computer_Vision/packages/install/yolov8_msgs/bin'
[3.583s] INFO:colcon.colcon_core.shell:Creating package script '/home/mtrn/4231/A2_Project/Computer_Vision/packages/install/yolov8_msgs/share/yolov8_msgs/package.ps1'
[3.584s] INFO:colcon.colcon_core.shell:Creating package descriptor '/home/mtrn/4231/A2_Project/Computer_Vision/packages/install/yolov8_msgs/share/yolov8_msgs/package.dsv'
[3.585s] INFO:colcon.colcon_core.shell:Creating package script '/home/mtrn/4231/A2_Project/Computer_Vision/packages/install/yolov8_msgs/share/yolov8_msgs/package.sh'
[3.585s] INFO:colcon.colcon_core.shell:Creating package script '/home/mtrn/4231/A2_Project/Computer_Vision/packages/install/yolov8_msgs/share/yolov8_msgs/package.bash'
[3.586s] INFO:colcon.colcon_core.shell:Creating package script '/home/mtrn/4231/A2_Project/Computer_Vision/packages/install/yolov8_msgs/share/yolov8_msgs/package.zsh'
[3.586s] Level 1:colcon.colcon_core.environment:create_file_with_runtime_dependencies(/home/mtrn/4231/A2_Project/Computer_Vision/packages/install/yolov8_msgs/share/colcon-core/packages/yolov8_msgs)
[4.361s] Level 1:colcon.colcon_core.environment:create_environment_scripts_only(yolov8_msgs)
[4.368s] Level 1:colcon.colcon_core.environment:checking '/home/mtrn/4231/A2_Project/Computer_Vision/packages/install/yolov8_msgs' for CMake module files
[4.369s] Level 1:colcon.colcon_core.environment:checking '/home/mtrn/4231/A2_Project/Computer_Vision/packages/install/yolov8_msgs' for CMake config files
[4.369s] Level 1:colcon.colcon_core.shell:create_environment_hook('yolov8_msgs', 'cmake_prefix_path')
[4.375s] INFO:colcon.colcon_core.shell:Creating environment hook '/home/mtrn/4231/A2_Project/Computer_Vision/packages/install/yolov8_msgs/share/yolov8_msgs/hook/cmake_prefix_path.ps1'
[4.376s] INFO:colcon.colcon_core.shell:Creating environment descriptor '/home/mtrn/4231/A2_Project/Computer_Vision/packages/install/yolov8_msgs/share/yolov8_msgs/hook/cmake_prefix_path.dsv'
[4.377s] INFO:colcon.colcon_core.shell:Creating environment hook '/home/mtrn/4231/A2_Project/Computer_Vision/packages/install/yolov8_msgs/share/yolov8_msgs/hook/cmake_prefix_path.sh'
[4.378s] Level 1:colcon.colcon_core.environment:checking '/home/mtrn/4231/A2_Project/Computer_Vision/packages/install/yolov8_msgs/lib'
[4.379s] Level 1:colcon.colcon_core.shell:create_environment_hook('yolov8_msgs', 'ld_library_path_lib')
[4.385s] INFO:colcon.colcon_core.shell:Creating environment hook '/home/mtrn/4231/A2_Project/Computer_Vision/packages/install/yolov8_msgs/share/yolov8_msgs/hook/ld_library_path_lib.ps1'
[4.386s] INFO:colcon.colcon_core.shell:Creating environment descriptor '/home/mtrn/4231/A2_Project/Computer_Vision/packages/install/yolov8_msgs/share/yolov8_msgs/hook/ld_library_path_lib.dsv'
[4.387s] INFO:colcon.colcon_core.shell:Creating environment hook '/home/mtrn/4231/A2_Project/Computer_Vision/packages/install/yolov8_msgs/share/yolov8_msgs/hook/ld_library_path_lib.sh'
[4.387s] Level 1:colcon.colcon_core.environment:checking '/home/mtrn/4231/A2_Project/Computer_Vision/packages/install/yolov8_msgs/bin'
[4.387s] Level 1:colcon.colcon_core.environment:checking '/home/mtrn/4231/A2_Project/Computer_Vision/packages/install/yolov8_msgs/lib/pkgconfig/yolov8_msgs.pc'
[4.388s] Level 1:colcon.colcon_core.environment:checking '/home/mtrn/4231/A2_Project/Computer_Vision/packages/install/yolov8_msgs/lib/python3.10/site-packages'
[4.388s] Level 1:colcon.colcon_core.environment:checking '/home/mtrn/4231/A2_Project/Computer_Vision/packages/install/yolov8_msgs/bin'
[4.392s] INFO:colcon.colcon_core.shell:Creating package script '/home/mtrn/4231/A2_Project/Computer_Vision/packages/install/yolov8_msgs/share/yolov8_msgs/package.ps1'
[4.393s] INFO:colcon.colcon_core.shell:Creating package descriptor '/home/mtrn/4231/A2_Project/Computer_Vision/packages/install/yolov8_msgs/share/yolov8_msgs/package.dsv'
[4.394s] INFO:colcon.colcon_core.shell:Creating package script '/home/mtrn/4231/A2_Project/Computer_Vision/packages/install/yolov8_msgs/share/yolov8_msgs/package.sh'
[4.394s] INFO:colcon.colcon_core.shell:Creating package script '/home/mtrn/4231/A2_Project/Computer_Vision/packages/install/yolov8_msgs/share/yolov8_msgs/package.bash'
[4.395s] INFO:colcon.colcon_core.shell:Creating package script '/home/mtrn/4231/A2_Project/Computer_Vision/packages/install/yolov8_msgs/share/yolov8_msgs/package.zsh'
[4.395s] Level 1:colcon.colcon_core.environment:create_file_with_runtime_dependencies(/home/mtrn/4231/A2_Project/Computer_Vision/packages/install/yolov8_msgs/share/colcon-core/packages/yolov8_msgs)
[4.614s] DEBUG:colcon.colcon_core.event_handler.log_command:Invoked command in '/home/mtrn/4231/A2_Project/Computer_Vision/packages/build/pizza_pos' returned '2': AMENT_PREFIX_PATH=/home/mtrn/4231/A2_Project/Computer_Vision/packages/install/yolov8_ros:/home/mtrn/4231/A2_Project/Computer_Vision/packages/install/yolov8_bringup:/home/mtrn/4231/A2_Project/Computer_Vision/packages/install/yolov8_node:/home/mtrn/4231/A2_Project/Computer_Vision/packages/install/image_warper:/home/mtrn/4231/ros_ur_driver/install/ur:/home/mtrn/4231/ros_ur_driver/install/ur_calibration:/home/mtrn/4231/ros_ur_driver/install/ur_robot_driver:/home/mtrn/4231/ros_ur_driver/install/ur_moveit_config:/home/mtrn/4231/ros_ur_driver/install/ur_bringup:/home/mtrn/4231/ros_ur_driver/install/ur_controllers:/home/mtrn/4231/ros_ur_driver/install/ur_dashboard_msgs:/home/mtrn/4231/ws_moveit2/install/pilz_industrial_motion_planner_testutils:/home/mtrn/4231/ws_moveit2/install/moveit_runtime:/home/mtrn/4231/ws_moveit2/install/moveit2_tutorials:/home/mtrn/4231/ws_moveit2/install/moveit:/home/mtrn/4231/ws_moveit2/install/moveit_planners:/home/mtrn/4231/ws_moveit2/install/pilz_industrial_motion_planner:/home/mtrn/4231/ws_moveit2/install/moveit_visual_tools:/home/mtrn/4231/ws_moveit2/install/moveit_task_constructor_visualization:/home/mtrn/4231/ws_moveit2/install/moveit_task_constructor_demo:/home/mtrn/4231/ws_moveit2/install/moveit_task_constructor_capabilities:/home/mtrn/4231/ws_moveit2/install/moveit_task_constructor_core:/home/mtrn/4231/ws_moveit2/install/moveit_ros_control_interface:/home/mtrn/4231/ws_moveit2/install/moveit_plugins:/home/mtrn/4231/ws_moveit2/install/moveit_simple_controller_manager:/home/mtrn/4231/ws_moveit2/install/moveit_setup_assistant:/home/mtrn/4231/ws_moveit2/install/moveit_setup_srdf_plugins:/home/mtrn/4231/ws_moveit2/install/moveit_setup_core_plugins:/home/mtrn/4231/ws_moveit2/install/moveit_setup_controllers:/home/mtrn/4231/ws_moveit2/install/moveit_setup_app_plugins:/home/mtrn/4231/ws_moveit2/install/moveit_setup_framework:/home/mtrn/4231/ws_moveit2/install/moveit_servo:/home/mtrn/4231/ws_moveit2/install/moveit_ros:/home/mtrn/4231/ws_moveit2/install/moveit_ros_visualization:/home/mtrn/4231/ws_moveit2/install/moveit_hybrid_planning:/home/mtrn/4231/ws_moveit2/install/moveit_ros_planning_interface:/home/mtrn/4231/ws_moveit2/install/moveit_ros_benchmarks:/home/mtrn/4231/ws_moveit2/install/moveit_ros_warehouse:/home/mtrn/4231/ws_moveit2/install/moveit_ros_robot_interaction:/home/mtrn/4231/ws_moveit2/install/moveit_ros_perception:/home/mtrn/4231/ws_moveit2/install/moveit_resources_prbt_pg70_support:/home/mtrn/4231/ws_moveit2/install/moveit_resources_prbt_moveit_config:/home/mtrn/4231/ws_moveit2/install/moveit_ros_move_group:/home/mtrn/4231/ws_moveit2/install/moveit_planners_ompl:/home/mtrn/4231/ws_moveit2/install/moveit_ros_planning:/home/mtrn/4231/ws_moveit2/install/moveit_ros_occupancy_map_monitor:/home/mtrn/4231/ws_moveit2/install/moveit_resources_prbt_ikfast_manipulator_plugin:/home/mtrn/4231/ws_moveit2/install/moveit_planners_chomp:/home/mtrn/4231/ws_moveit2/install/moveit_kinematics:/home/mtrn/4231/ws_moveit2/install/moveit_chomp_optimizer_adapter:/home/mtrn/4231/ws_moveit2/install/chomp_motion_planner:/home/mtrn/4231/ws_moveit2/install/moveit_core:/home/mtrn/4231/ws_moveit2/install/moveit_configs_utils:/home/mtrn/4231/ws_moveit2/install/srdfdom:/home/mtrn/4231/ws_moveit2/install/rviz_marker_tools:/home/mtrn/4231/ws_moveit2/install/rosparam_shortcuts:/home/mtrn/4231/ws_moveit2/install/moveit_task_constructor_msgs:/home/mtrn/4231/ws_moveit2/install/moveit_resources_prbt_support:/home/mtrn/4231/ws_moveit2/install/moveit_resources:/home/mtrn/4231/ws_moveit2/install/moveit_resources_pr2_description:/home/mtrn/4231/ws_moveit2/install/moveit_resources_panda_moveit_config:/home/mtrn/4231/ws_moveit2/install/moveit_resources_panda_description:/home/mtrn/4231/ws_moveit2/install/moveit_resources_fanuc_moveit_config:/home/mtrn/4231/ws_moveit2/install/moveit_resources_fanuc_description:/home/mtrn/4231/ws_moveit2/install/moveit_common:/home/mtrn/4231/ws_moveit2/install/launch_param_builder:/opt/ros/humble CMAKE_PREFIX_PATH=${CMAKE_PREFIX_PATH}:/home/mtrn/4231/A2_Project/Computer_Vision/packages/install/yolov8_ros:/home/mtrn/4231/A2_Project/Computer_Vision/packages/install/yolov8_node:/home/mtrn/4231/A2_Project/Computer_Vision/packages/install/image_warper:/home/mtrn/4231/ws_moveit2/install/moveit_configs_utils:/home/mtrn/4231/ws_moveit2/install/launch_param_builder:/opt/ros/humble /usr/bin/cmake --build /home/mtrn/4231/A2_Project/Computer_Vision/packages/build/pizza_pos -- -j6 -l6
[4.677s] Level 1:colcon.colcon_core.environment:create_environment_scripts_only(pizza_pos)
[4.683s] Level 1:colcon.colcon_core.environment:checking '/home/mtrn/4231/A2_Project/Computer_Vision/packages/install/pizza_pos' for CMake module files
[4.684s] Level 1:colcon.colcon_core.environment:checking '/home/mtrn/4231/A2_Project/Computer_Vision/packages/install/pizza_pos' for CMake config files
[4.684s] Level 1:colcon.colcon_core.environment:checking '/home/mtrn/4231/A2_Project/Computer_Vision/packages/install/pizza_pos/bin'
[4.684s] Level 1:colcon.colcon_core.environment:checking '/home/mtrn/4231/A2_Project/Computer_Vision/packages/install/pizza_pos/lib/pkgconfig/pizza_pos.pc'
[4.685s] Level 1:colcon.colcon_core.environment:checking '/home/mtrn/4231/A2_Project/Computer_Vision/packages/install/pizza_pos/lib/python3.10/site-packages'
[4.685s] Level 1:colcon.colcon_core.environment:checking '/home/mtrn/4231/A2_Project/Computer_Vision/packages/install/pizza_pos/bin'
[4.689s] INFO:colcon.colcon_core.shell:Creating package script '/home/mtrn/4231/A2_Project/Computer_Vision/packages/install/pizza_pos/share/pizza_pos/package.ps1'
[4.691s] INFO:colcon.colcon_core.shell:Creating package descriptor '/home/mtrn/4231/A2_Project/Computer_Vision/packages/install/pizza_pos/share/pizza_pos/package.dsv'
[4.691s] INFO:colcon.colcon_core.shell:Creating package script '/home/mtrn/4231/A2_Project/Computer_Vision/packages/install/pizza_pos/share/pizza_pos/package.sh'
[4.692s] INFO:colcon.colcon_core.shell:Creating package script '/home/mtrn/4231/A2_Project/Computer_Vision/packages/install/pizza_pos/share/pizza_pos/package.bash'
[4.692s] INFO:colcon.colcon_core.shell:Creating package script '/home/mtrn/4231/A2_Project/Computer_Vision/packages/install/pizza_pos/share/pizza_pos/package.zsh'
[4.693s] Level 1:colcon.colcon_core.environment:create_file_with_runtime_dependencies(/home/mtrn/4231/A2_Project/Computer_Vision/packages/install/pizza_pos/share/colcon-core/packages/pizza_pos)
[4.704s] DEBUG:colcon.colcon_parallel_executor.executor.parallel:closing loop
[4.704s] DEBUG:colcon.colcon_parallel_executor.executor.parallel:loop closed
[4.705s] DEBUG:colcon.colcon_parallel_executor.executor.parallel:run_until_complete finished with '2'
[4.705s] DEBUG:colcon.colcon_core.event_reactor:joining thread
[4.715s] INFO:colcon.colcon_core.plugin_system:Skipping extension 'colcon_notification.desktop_notification.terminal_notifier': Not used on non-Darwin systems
[4.715s] INFO:colcon.colcon_core.plugin_system:Skipping extension 'colcon_notification.desktop_notification.win32': Not used on non-Windows systems
[4.715s] INFO:colcon.colcon_notification.desktop_notification:Sending desktop notification using 'notify2'
[4.731s] DEBUG:colcon.colcon_core.event_reactor:joined thread
[4.736s] INFO:colcon.colcon_core.shell:Creating prefix script '/home/mtrn/4231/A2_Project/Computer_Vision/packages/install/local_setup.ps1'
[4.737s] INFO:colcon.colcon_core.shell:Creating prefix util module '/home/mtrn/4231/A2_Project/Computer_Vision/packages/install/_local_setup_util_ps1.py'
[4.739s] INFO:colcon.colcon_core.shell:Creating prefix chain script '/home/mtrn/4231/A2_Project/Computer_Vision/packages/install/setup.ps1'
[4.746s] INFO:colcon.colcon_core.shell:Creating prefix script '/home/mtrn/4231/A2_Project/Computer_Vision/packages/install/local_setup.sh'
[4.747s] INFO:colcon.colcon_core.shell:Creating prefix util module '/home/mtrn/4231/A2_Project/Computer_Vision/packages/install/_local_setup_util_sh.py'
[4.748s] INFO:colcon.colcon_core.shell:Creating prefix chain script '/home/mtrn/4231/A2_Project/Computer_Vision/packages/install/setup.sh'
[4.755s] INFO:colcon.colcon_core.shell:Creating prefix script '/home/mtrn/4231/A2_Project/Computer_Vision/packages/install/local_setup.bash'
[4.756s] INFO:colcon.colcon_core.shell:Creating prefix chain script '/home/mtrn/4231/A2_Project/Computer_Vision/packages/install/setup.bash'
[4.762s] INFO:colcon.colcon_core.shell:Creating prefix script '/home/mtrn/4231/A2_Project/Computer_Vision/packages/install/local_setup.zsh'
[4.763s] INFO:colcon.colcon_core.shell:Creating prefix chain script '/home/mtrn/4231/A2_Project/Computer_Vision/packages/install/setup.zsh'
