[0.604s] DEBUG:colcon:Command line arguments: ['/usr/bin/colcon', 'build']
[0.604s] DEBUG:colcon:Parsed command line arguments: Namespace(log_base=None, log_level=None, verb_name='build', build_base='build', install_base='install', merge_install=False, symlink_install=False, test_result_base=None, continue_on_error=False, executor='parallel', parallel_workers=6, event_handlers=None, ignore_user_meta=False, metas=['./colcon.meta'], base_paths=['.'], packages_ignore=None, packages_ignore_regex=None, paths=None, packages_up_to=None, packages_up_to_regex=None, packages_above=None, packages_above_and_dependencies=None, packages_above_depth=None, packages_select_by_dep=None, packages_skip_by_dep=None, packages_skip_up_to=None, packages_select_build_failed=False, packages_skip_build_finished=False, packages_select_test_failures=False, packages_skip_test_passed=False, packages_select=None, packages_skip=None, packages_select_regex=None, packages_skip_regex=None, packages_start=None, packages_end=None, allow_overriding=[], cmake_args=None, cmake_target=None, cmake_target_skip_unavailable=False, cmake_clean_cache=False, cmake_clean_first=False, cmake_force_configure=False, ament_cmake_args=None, catkin_cmake_args=None, catkin_skip_building_tests=False, mixin_files=None, mixin=None, verb_parser=<colcon_mixin.mixin.mixin_argument.MixinArgumentDecorator object at 0x7fc51ef0a9e0>, verb_extension=<colcon_core.verb.build.BuildVerb object at 0x7fc51f985870>, main=<bound method BuildVerb.main of <colcon_core.verb.build.BuildVerb object at 0x7fc51f985870>>, mixin_verb=('build',))
[0.656s] Level 1:colcon.colcon_core.package_discovery:discover_packages(colcon_meta) check parameters
[0.656s] Level 1:colcon.colcon_core.package_discovery:discover_packages(recursive) check parameters
[0.656s] Level 1:colcon.colcon_core.package_discovery:discover_packages(ignore) check parameters
[0.656s] Level 1:colcon.colcon_core.package_discovery:discover_packages(path) check parameters
[0.656s] Level 1:colcon.colcon_core.package_discovery:discover_packages(colcon_meta) discover
[0.657s] Level 1:colcon.colcon_core.package_discovery:discover_packages(recursive) discover
[0.657s] INFO:colcon.colcon_core.package_discovery:Crawling recursively for packages in '/home/mtrn/4231/A2_Project/Computer_Vision/packages'
[0.657s] Level 1:colcon.colcon_core.package_identification:_identify(.) by extensions ['ignore', 'ignore_ament_install']
[0.657s] Level 1:colcon.colcon_core.package_identification:_identify(.) by extension 'ignore'
[0.657s] Level 1:colcon.colcon_core.package_identification:_identify(.) by extension 'ignore_ament_install'
[0.657s] Level 1:colcon.colcon_core.package_identification:_identify(.) by extensions ['colcon_pkg']
[0.657s] Level 1:colcon.colcon_core.package_identification:_identify(.) by extension 'colcon_pkg'
[0.657s] Level 1:colcon.colcon_core.package_identification:_identify(.) by extensions ['colcon_meta']
[0.658s] Level 1:colcon.colcon_core.package_identification:_identify(.) by extension 'colcon_meta'
[0.658s] Level 1:colcon.colcon_core.package_identification:_identify(.) by extensions ['ros']
[0.658s] Level 1:colcon.colcon_core.package_identification:_identify(.) by extension 'ros'
[0.676s] Level 1:colcon.colcon_core.package_identification:_identify(.) by extensions ['cmake', 'python']
[0.676s] Level 1:colcon.colcon_core.package_identification:_identify(.) by extension 'cmake'
[0.676s] Level 1:colcon.colcon_core.package_identification:_identify(.) by extension 'python'
[0.676s] Level 1:colcon.colcon_core.package_identification:_identify(.) by extensions ['python_setup_py']
[0.676s] Level 1:colcon.colcon_core.package_identification:_identify(.) by extension 'python_setup_py'
[0.676s] Level 1:colcon.colcon_core.package_identification:_identify(build) by extensions ['ignore', 'ignore_ament_install']
[0.676s] Level 1:colcon.colcon_core.package_identification:_identify(build) by extension 'ignore'
[0.677s] Level 1:colcon.colcon_core.package_identification:_identify(build) ignored
[0.677s] Level 1:colcon.colcon_core.package_identification:_identify(install) by extensions ['ignore', 'ignore_ament_install']
[0.677s] Level 1:colcon.colcon_core.package_identification:_identify(install) by extension 'ignore'
[0.677s] Level 1:colcon.colcon_core.package_identification:_identify(install) ignored
[0.677s] Level 1:colcon.colcon_core.package_identification:_identify(log) by extensions ['ignore', 'ignore_ament_install']
[0.678s] Level 1:colcon.colcon_core.package_identification:_identify(log) by extension 'ignore'
[0.678s] Level 1:colcon.colcon_core.package_identification:_identify(log) ignored
[0.678s] Level 1:colcon.colcon_core.package_identification:_identify(src) by extensions ['ignore', 'ignore_ament_install']
[0.678s] Level 1:colcon.colcon_core.package_identification:_identify(src) by extension 'ignore'
[0.678s] Level 1:colcon.colcon_core.package_identification:_identify(src) by extension 'ignore_ament_install'
[0.678s] Level 1:colcon.colcon_core.package_identification:_identify(src) by extensions ['colcon_pkg']
[0.678s] Level 1:colcon.colcon_core.package_identification:_identify(src) by extension 'colcon_pkg'
[0.678s] Level 1:colcon.colcon_core.package_identification:_identify(src) by extensions ['colcon_meta']
[0.678s] Level 1:colcon.colcon_core.package_identification:_identify(src) by extension 'colcon_meta'
[0.678s] Level 1:colcon.colcon_core.package_identification:_identify(src) by extensions ['ros']
[0.678s] Level 1:colcon.colcon_core.package_identification:_identify(src) by extension 'ros'
[0.679s] Level 1:colcon.colcon_core.package_identification:_identify(src) by extensions ['cmake', 'python']
[0.679s] Level 1:colcon.colcon_core.package_identification:_identify(src) by extension 'cmake'
[0.679s] Level 1:colcon.colcon_core.package_identification:_identify(src) by extension 'python'
[0.679s] Level 1:colcon.colcon_core.package_identification:_identify(src) by extensions ['python_setup_py']
[0.679s] Level 1:colcon.colcon_core.package_identification:_identify(src) by extension 'python_setup_py'
[0.679s] Level 1:colcon.colcon_core.package_identification:_identify(src/image_warper) by extensions ['ignore', 'ignore_ament_install']
[0.680s] Level 1:colcon.colcon_core.package_identification:_identify(src/image_warper) by extension 'ignore'
[0.680s] Level 1:colcon.colcon_core.package_identification:_identify(src/image_warper) by extension 'ignore_ament_install'
[0.680s] Level 1:colcon.colcon_core.package_identification:_identify(src/image_warper) by extensions ['colcon_pkg']
[0.680s] Level 1:colcon.colcon_core.package_identification:_identify(src/image_warper) by extension 'colcon_pkg'
[0.680s] Level 1:colcon.colcon_core.package_identification:_identify(src/image_warper) by extensions ['colcon_meta']
[0.680s] Level 1:colcon.colcon_core.package_identification:_identify(src/image_warper) by extension 'colcon_meta'
[0.680s] Level 1:colcon.colcon_core.package_identification:_identify(src/image_warper) by extensions ['ros']
[0.680s] Level 1:colcon.colcon_core.package_identification:_identify(src/image_warper) by extension 'ros'
[0.685s] DEBUG:colcon.colcon_core.package_identification:Package 'src/image_warper' with type 'ros.ament_python' and name 'image_warper'
[0.685s] Level 1:colcon.colcon_core.package_identification:_identify(src/yolov8_node) by extensions ['ignore', 'ignore_ament_install']
[0.685s] Level 1:colcon.colcon_core.package_identification:_identify(src/yolov8_node) by extension 'ignore'
[0.685s] Level 1:colcon.colcon_core.package_identification:_identify(src/yolov8_node) by extension 'ignore_ament_install'
[0.685s] Level 1:colcon.colcon_core.package_identification:_identify(src/yolov8_node) by extensions ['colcon_pkg']
[0.685s] Level 1:colcon.colcon_core.package_identification:_identify(src/yolov8_node) by extension 'colcon_pkg'
[0.685s] Level 1:colcon.colcon_core.package_identification:_identify(src/yolov8_node) by extensions ['colcon_meta']
[0.685s] Level 1:colcon.colcon_core.package_identification:_identify(src/yolov8_node) by extension 'colcon_meta'
[0.685s] Level 1:colcon.colcon_core.package_identification:_identify(src/yolov8_node) by extensions ['ros']
[0.686s] Level 1:colcon.colcon_core.package_identification:_identify(src/yolov8_node) by extension 'ros'
[0.686s] DEBUG:colcon.colcon_core.package_identification:Package 'src/yolov8_node' with type 'ros.ament_python' and name 'yolov8_node'
[0.686s] Level 1:colcon.colcon_core.package_discovery:discover_packages(recursive) using defaults
[0.687s] Level 1:colcon.colcon_core.package_discovery:discover_packages(ignore) discover
[0.687s] Level 1:colcon.colcon_core.package_discovery:discover_packages(ignore) using defaults
[0.687s] Level 1:colcon.colcon_core.package_discovery:discover_packages(path) discover
[0.687s] Level 1:colcon.colcon_core.package_discovery:discover_packages(path) using defaults
[0.734s] Level 1:colcon.colcon_core.package_discovery:discover_packages(prefix_path) check parameters
[0.734s] Level 1:colcon.colcon_core.package_discovery:discover_packages(prefix_path) discover
[0.748s] DEBUG:colcon.colcon_installed_package_information.package_discovery:Found 2 installed packages in /home/mtrn/4231/A2_Project/Computer_Vision/packages/install
[0.750s] DEBUG:colcon.colcon_installed_package_information.package_discovery:Found 7 installed packages in /home/mtrn/4231/ros_ur_driver/install
[0.756s] DEBUG:colcon.colcon_installed_package_information.package_discovery:Found 55 installed packages in /home/mtrn/4231/ws_moveit2/install
[0.762s] DEBUG:colcon.colcon_installed_package_information.package_discovery:Found 341 installed packages in /opt/ros/humble
[0.767s] Level 1:colcon.colcon_core.package_discovery:discover_packages(prefix_path) using defaults
[0.882s] Level 5:colcon.colcon_core.verb:set package 'image_warper' build argument 'cmake_args' from command line to 'None'
[0.882s] Level 5:colcon.colcon_core.verb:set package 'image_warper' build argument 'cmake_target' from command line to 'None'
[0.882s] Level 5:colcon.colcon_core.verb:set package 'image_warper' build argument 'cmake_target_skip_unavailable' from command line to 'False'
[0.882s] Level 5:colcon.colcon_core.verb:set package 'image_warper' build argument 'cmake_clean_cache' from command line to 'False'
[0.882s] Level 5:colcon.colcon_core.verb:set package 'image_warper' build argument 'cmake_clean_first' from command line to 'False'
[0.882s] Level 5:colcon.colcon_core.verb:set package 'image_warper' build argument 'cmake_force_configure' from command line to 'False'
[0.882s] Level 5:colcon.colcon_core.verb:set package 'image_warper' build argument 'ament_cmake_args' from command line to 'None'
[0.882s] Level 5:colcon.colcon_core.verb:set package 'image_warper' build argument 'catkin_cmake_args' from command line to 'None'
[0.882s] Level 5:colcon.colcon_core.verb:set package 'image_warper' build argument 'catkin_skip_building_tests' from command line to 'False'
[0.882s] DEBUG:colcon.colcon_core.verb:Building package 'image_warper' with the following arguments: {'ament_cmake_args': None, 'build_base': '/home/mtrn/4231/A2_Project/Computer_Vision/packages/build/image_warper', 'catkin_cmake_args': None, 'catkin_skip_building_tests': False, 'cmake_args': None, 'cmake_clean_cache': False, 'cmake_clean_first': False, 'cmake_force_configure': False, 'cmake_target': None, 'cmake_target_skip_unavailable': False, 'install_base': '/home/mtrn/4231/A2_Project/Computer_Vision/packages/install/image_warper', 'merge_install': False, 'path': '/home/mtrn/4231/A2_Project/Computer_Vision/packages/src/image_warper', 'symlink_install': False, 'test_result_base': None}
[0.885s] Level 5:colcon.colcon_core.verb:set package 'yolov8_node' build argument 'cmake_args' from command line to 'None'
[0.885s] Level 5:colcon.colcon_core.verb:set package 'yolov8_node' build argument 'cmake_target' from command line to 'None'
[0.885s] Level 5:colcon.colcon_core.verb:set package 'yolov8_node' build argument 'cmake_target_skip_unavailable' from command line to 'False'
[0.885s] Level 5:colcon.colcon_core.verb:set package 'yolov8_node' build argument 'cmake_clean_cache' from command line to 'False'
[0.885s] Level 5:colcon.colcon_core.verb:set package 'yolov8_node' build argument 'cmake_clean_first' from command line to 'False'
[0.885s] Level 5:colcon.colcon_core.verb:set package 'yolov8_node' build argument 'cmake_force_configure' from command line to 'False'
[0.885s] Level 5:colcon.colcon_core.verb:set package 'yolov8_node' build argument 'ament_cmake_args' from command line to 'None'
[0.885s] Level 5:colcon.colcon_core.verb:set package 'yolov8_node' build argument 'catkin_cmake_args' from command line to 'None'
[0.885s] Level 5:colcon.colcon_core.verb:set package 'yolov8_node' build argument 'catkin_skip_building_tests' from command line to 'False'
[0.885s] DEBUG:colcon.colcon_core.verb:Building package 'yolov8_node' with the following arguments: {'ament_cmake_args': None, 'build_base': '/home/mtrn/4231/A2_Project/Computer_Vision/packages/build/yolov8_node', 'catkin_cmake_args': None, 'catkin_skip_building_tests': False, 'cmake_args': None, 'cmake_clean_cache': False, 'cmake_clean_first': False, 'cmake_force_configure': False, 'cmake_target': None, 'cmake_target_skip_unavailable': False, 'install_base': '/home/mtrn/4231/A2_Project/Computer_Vision/packages/install/yolov8_node', 'merge_install': False, 'path': '/home/mtrn/4231/A2_Project/Computer_Vision/packages/src/yolov8_node', 'symlink_install': False, 'test_result_base': None}
[0.887s] INFO:colcon.colcon_core.executor:Executing jobs using 'parallel' executor
[0.896s] DEBUG:colcon.colcon_parallel_executor.executor.parallel:run_until_complete
[0.897s] INFO:colcon.colcon_ros.task.ament_python.build:Building ROS package in '/home/mtrn/4231/A2_Project/Computer_Vision/packages/src/image_warper' with build type 'ament_python'
[0.897s] Level 1:colcon.colcon_core.shell:create_environment_hook('image_warper', 'ament_prefix_path')
[0.906s] INFO:colcon.colcon_core.plugin_system:Skipping extension 'colcon_core.shell.bat': Not used on non-Windows systems
[0.906s] INFO:colcon.colcon_core.shell:Creating environment hook '/home/mtrn/4231/A2_Project/Computer_Vision/packages/install/image_warper/share/image_warper/hook/ament_prefix_path.ps1'
[0.907s] INFO:colcon.colcon_core.shell:Creating environment descriptor '/home/mtrn/4231/A2_Project/Computer_Vision/packages/install/image_warper/share/image_warper/hook/ament_prefix_path.dsv'
[0.908s] INFO:colcon.colcon_core.shell:Creating environment hook '/home/mtrn/4231/A2_Project/Computer_Vision/packages/install/image_warper/share/image_warper/hook/ament_prefix_path.sh'
[0.912s] INFO:colcon.colcon_core.shell:Skip shell extension 'powershell' for command environment: Not usable outside of PowerShell
[0.912s] DEBUG:colcon.colcon_core.shell:Skip shell extension 'dsv' for command environment
[0.937s] INFO:colcon.colcon_ros.task.ament_python.build:Building ROS package in '/home/mtrn/4231/A2_Project/Computer_Vision/packages/src/yolov8_node' with build type 'ament_python'
[0.937s] Level 1:colcon.colcon_core.shell:create_environment_hook('yolov8_node', 'ament_prefix_path')
[0.942s] INFO:colcon.colcon_core.shell:Creating environment hook '/home/mtrn/4231/A2_Project/Computer_Vision/packages/install/yolov8_node/share/yolov8_node/hook/ament_prefix_path.ps1'
[0.943s] INFO:colcon.colcon_core.shell:Creating environment descriptor '/home/mtrn/4231/A2_Project/Computer_Vision/packages/install/yolov8_node/share/yolov8_node/hook/ament_prefix_path.dsv'
[0.943s] INFO:colcon.colcon_core.shell:Creating environment hook '/home/mtrn/4231/A2_Project/Computer_Vision/packages/install/yolov8_node/share/yolov8_node/hook/ament_prefix_path.sh'
[0.948s] INFO:colcon.colcon_core.shell:Skip shell extension 'powershell' for command environment: Not usable outside of PowerShell
[0.948s] DEBUG:colcon.colcon_core.shell:Skip shell extension 'dsv' for command environment
[1.471s] INFO:colcon.colcon_core.task.python.build:Building Python package in '/home/mtrn/4231/A2_Project/Computer_Vision/packages/src/image_warper'
[1.476s] INFO:colcon.colcon_core.shell:Skip shell extension 'powershell' for command environment: Not usable outside of PowerShell
[1.476s] DEBUG:colcon.colcon_core.shell:Skip shell extension 'dsv' for command environment
[1.961s] INFO:colcon.colcon_core.task.python.build:Building Python package in '/home/mtrn/4231/A2_Project/Computer_Vision/packages/src/yolov8_node'
[1.965s] INFO:colcon.colcon_core.shell:Skip shell extension 'powershell' for command environment: Not usable outside of PowerShell
[1.965s] DEBUG:colcon.colcon_core.shell:Skip shell extension 'dsv' for command environment
[2.655s] DEBUG:colcon.colcon_core.event_handler.log_command:Invoking command in '/home/mtrn/4231/A2_Project/Computer_Vision/packages/src/image_warper': PYTHONPATH=/home/mtrn/4231/A2_Project/Computer_Vision/packages/build/image_warper/prefix_override:/home/mtrn/4231/A2_Project/Computer_Vision/packages/install/image_warper/lib/python3.10/site-packages:${PYTHONPATH} /usr/bin/python3 setup.py egg_info --egg-base ../../build/image_warper build --build-base /home/mtrn/4231/A2_Project/Computer_Vision/packages/build/image_warper/build install --record /home/mtrn/4231/A2_Project/Computer_Vision/packages/build/image_warper/install.log --single-version-externally-managed
[2.698s] DEBUG:colcon.colcon_core.event_handler.log_command:Invoking command in '/home/mtrn/4231/A2_Project/Computer_Vision/packages/src/yolov8_node': PYTHONPATH=/home/mtrn/4231/A2_Project/Computer_Vision/packages/build/yolov8_node/prefix_override:/home/mtrn/4231/A2_Project/Computer_Vision/packages/install/yolov8_node/lib/python3.10/site-packages:${PYTHONPATH} /usr/bin/python3 setup.py egg_info --egg-base ../../build/yolov8_node build --build-base /home/mtrn/4231/A2_Project/Computer_Vision/packages/build/yolov8_node/build install --record /home/mtrn/4231/A2_Project/Computer_Vision/packages/build/yolov8_node/install.log --single-version-externally-managed
[3.178s] DEBUG:colcon.colcon_core.event_handler.log_command:Invoked command in '/home/mtrn/4231/A2_Project/Computer_Vision/packages/src/image_warper' returned '0': PYTHONPATH=/home/mtrn/4231/A2_Project/Computer_Vision/packages/build/image_warper/prefix_override:/home/mtrn/4231/A2_Project/Computer_Vision/packages/install/image_warper/lib/python3.10/site-packages:${PYTHONPATH} /usr/bin/python3 setup.py egg_info --egg-base ../../build/image_warper build --build-base /home/mtrn/4231/A2_Project/Computer_Vision/packages/build/image_warper/build install --record /home/mtrn/4231/A2_Project/Computer_Vision/packages/build/image_warper/install.log --single-version-externally-managed
[3.187s] Level 1:colcon.colcon_core.environment:checking '/home/mtrn/4231/A2_Project/Computer_Vision/packages/install/image_warper' for CMake module files
[3.187s] Level 1:colcon.colcon_core.environment:checking '/home/mtrn/4231/A2_Project/Computer_Vision/packages/install/image_warper' for CMake config files
[3.189s] Level 1:colcon.colcon_core.environment:checking '/home/mtrn/4231/A2_Project/Computer_Vision/packages/install/image_warper/lib'
[3.189s] Level 1:colcon.colcon_core.environment:checking '/home/mtrn/4231/A2_Project/Computer_Vision/packages/install/image_warper/bin'
[3.189s] Level 1:colcon.colcon_core.environment:checking '/home/mtrn/4231/A2_Project/Computer_Vision/packages/install/image_warper/lib/pkgconfig/image_warper.pc'
[3.189s] Level 1:colcon.colcon_core.environment:checking '/home/mtrn/4231/A2_Project/Computer_Vision/packages/install/image_warper/lib/python3.10/site-packages'
[3.189s] Level 1:colcon.colcon_core.shell:create_environment_hook('image_warper', 'pythonpath')
[3.193s] INFO:colcon.colcon_core.shell:Creating environment hook '/home/mtrn/4231/A2_Project/Computer_Vision/packages/install/image_warper/share/image_warper/hook/pythonpath.ps1'
[3.195s] INFO:colcon.colcon_core.shell:Creating environment descriptor '/home/mtrn/4231/A2_Project/Computer_Vision/packages/install/image_warper/share/image_warper/hook/pythonpath.dsv'
[3.196s] INFO:colcon.colcon_core.shell:Creating environment hook '/home/mtrn/4231/A2_Project/Computer_Vision/packages/install/image_warper/share/image_warper/hook/pythonpath.sh'
[3.197s] Level 1:colcon.colcon_core.environment:checking '/home/mtrn/4231/A2_Project/Computer_Vision/packages/install/image_warper/bin'
[3.197s] Level 1:colcon.colcon_core.environment:create_environment_scripts_only(image_warper)
[3.201s] INFO:colcon.colcon_core.shell:Creating package script '/home/mtrn/4231/A2_Project/Computer_Vision/packages/install/image_warper/share/image_warper/package.ps1'
[3.203s] INFO:colcon.colcon_core.shell:Creating package descriptor '/home/mtrn/4231/A2_Project/Computer_Vision/packages/install/image_warper/share/image_warper/package.dsv'
[3.204s] INFO:colcon.colcon_core.shell:Creating package script '/home/mtrn/4231/A2_Project/Computer_Vision/packages/install/image_warper/share/image_warper/package.sh'
[3.205s] INFO:colcon.colcon_core.shell:Creating package script '/home/mtrn/4231/A2_Project/Computer_Vision/packages/install/image_warper/share/image_warper/package.bash'
[3.206s] INFO:colcon.colcon_core.shell:Creating package script '/home/mtrn/4231/A2_Project/Computer_Vision/packages/install/image_warper/share/image_warper/package.zsh'
[3.207s] Level 1:colcon.colcon_core.environment:create_file_with_runtime_dependencies(/home/mtrn/4231/A2_Project/Computer_Vision/packages/install/image_warper/share/colcon-core/packages/image_warper)
[3.233s] Level 1:colcon.colcon_core.environment:checking '/home/mtrn/4231/A2_Project/Computer_Vision/packages/install/yolov8_node' for CMake module files
[3.234s] DEBUG:colcon.colcon_core.event_handler.log_command:Invoked command in '/home/mtrn/4231/A2_Project/Computer_Vision/packages/src/yolov8_node' returned '0': PYTHONPATH=/home/mtrn/4231/A2_Project/Computer_Vision/packages/build/yolov8_node/prefix_override:/home/mtrn/4231/A2_Project/Computer_Vision/packages/install/yolov8_node/lib/python3.10/site-packages:${PYTHONPATH} /usr/bin/python3 setup.py egg_info --egg-base ../../build/yolov8_node build --build-base /home/mtrn/4231/A2_Project/Computer_Vision/packages/build/yolov8_node/build install --record /home/mtrn/4231/A2_Project/Computer_Vision/packages/build/yolov8_node/install.log --single-version-externally-managed
[3.234s] Level 1:colcon.colcon_core.environment:checking '/home/mtrn/4231/A2_Project/Computer_Vision/packages/install/yolov8_node' for CMake config files
[3.235s] Level 1:colcon.colcon_core.environment:checking '/home/mtrn/4231/A2_Project/Computer_Vision/packages/install/yolov8_node/lib'
[3.236s] Level 1:colcon.colcon_core.environment:checking '/home/mtrn/4231/A2_Project/Computer_Vision/packages/install/yolov8_node/bin'
[3.236s] Level 1:colcon.colcon_core.environment:checking '/home/mtrn/4231/A2_Project/Computer_Vision/packages/install/yolov8_node/lib/pkgconfig/yolov8_node.pc'
[3.236s] Level 1:colcon.colcon_core.environment:checking '/home/mtrn/4231/A2_Project/Computer_Vision/packages/install/yolov8_node/lib/python3.10/site-packages'
[3.236s] Level 1:colcon.colcon_core.shell:create_environment_hook('yolov8_node', 'pythonpath')
[3.240s] INFO:colcon.colcon_core.shell:Creating environment hook '/home/mtrn/4231/A2_Project/Computer_Vision/packages/install/yolov8_node/share/yolov8_node/hook/pythonpath.ps1'
[3.241s] INFO:colcon.colcon_core.shell:Creating environment descriptor '/home/mtrn/4231/A2_Project/Computer_Vision/packages/install/yolov8_node/share/yolov8_node/hook/pythonpath.dsv'
[3.242s] INFO:colcon.colcon_core.shell:Creating environment hook '/home/mtrn/4231/A2_Project/Computer_Vision/packages/install/yolov8_node/share/yolov8_node/hook/pythonpath.sh'
[3.242s] Level 1:colcon.colcon_core.environment:checking '/home/mtrn/4231/A2_Project/Computer_Vision/packages/install/yolov8_node/bin'
[3.243s] Level 1:colcon.colcon_core.environment:create_environment_scripts_only(yolov8_node)
[3.246s] INFO:colcon.colcon_core.shell:Creating package script '/home/mtrn/4231/A2_Project/Computer_Vision/packages/install/yolov8_node/share/yolov8_node/package.ps1'
[3.247s] INFO:colcon.colcon_core.shell:Creating package descriptor '/home/mtrn/4231/A2_Project/Computer_Vision/packages/install/yolov8_node/share/yolov8_node/package.dsv'
[3.248s] INFO:colcon.colcon_core.shell:Creating package script '/home/mtrn/4231/A2_Project/Computer_Vision/packages/install/yolov8_node/share/yolov8_node/package.sh'
[3.249s] INFO:colcon.colcon_core.shell:Creating package script '/home/mtrn/4231/A2_Project/Computer_Vision/packages/install/yolov8_node/share/yolov8_node/package.bash'
[3.249s] INFO:colcon.colcon_core.shell:Creating package script '/home/mtrn/4231/A2_Project/Computer_Vision/packages/install/yolov8_node/share/yolov8_node/package.zsh'
[3.250s] Level 1:colcon.colcon_core.environment:create_file_with_runtime_dependencies(/home/mtrn/4231/A2_Project/Computer_Vision/packages/install/yolov8_node/share/colcon-core/packages/yolov8_node)
[3.250s] DEBUG:colcon.colcon_parallel_executor.executor.parallel:closing loop
[3.251s] DEBUG:colcon.colcon_parallel_executor.executor.parallel:loop closed
[3.251s] DEBUG:colcon.colcon_parallel_executor.executor.parallel:run_until_complete finished with '0'
[3.251s] DEBUG:colcon.colcon_core.event_reactor:joining thread
[3.263s] INFO:colcon.colcon_core.plugin_system:Skipping extension 'colcon_notification.desktop_notification.terminal_notifier': Not used on non-Darwin systems
[3.263s] INFO:colcon.colcon_core.plugin_system:Skipping extension 'colcon_notification.desktop_notification.win32': Not used on non-Windows systems
[3.263s] INFO:colcon.colcon_notification.desktop_notification:Sending desktop notification using 'notify2'
[3.282s] DEBUG:colcon.colcon_core.event_reactor:joined thread
[3.287s] INFO:colcon.colcon_core.shell:Creating prefix script '/home/mtrn/4231/A2_Project/Computer_Vision/packages/install/local_setup.ps1'
[3.288s] INFO:colcon.colcon_core.shell:Creating prefix util module '/home/mtrn/4231/A2_Project/Computer_Vision/packages/install/_local_setup_util_ps1.py'
[3.290s] INFO:colcon.colcon_core.shell:Creating prefix chain script '/home/mtrn/4231/A2_Project/Computer_Vision/packages/install/setup.ps1'
[3.299s] INFO:colcon.colcon_core.shell:Creating prefix script '/home/mtrn/4231/A2_Project/Computer_Vision/packages/install/local_setup.sh'
[3.300s] INFO:colcon.colcon_core.shell:Creating prefix util module '/home/mtrn/4231/A2_Project/Computer_Vision/packages/install/_local_setup_util_sh.py'
[3.301s] INFO:colcon.colcon_core.shell:Creating prefix chain script '/home/mtrn/4231/A2_Project/Computer_Vision/packages/install/setup.sh'
[3.312s] INFO:colcon.colcon_core.shell:Creating prefix script '/home/mtrn/4231/A2_Project/Computer_Vision/packages/install/local_setup.bash'
[3.313s] INFO:colcon.colcon_core.shell:Creating prefix chain script '/home/mtrn/4231/A2_Project/Computer_Vision/packages/install/setup.bash'
[3.322s] INFO:colcon.colcon_core.shell:Creating prefix script '/home/mtrn/4231/A2_Project/Computer_Vision/packages/install/local_setup.zsh'
[3.323s] INFO:colcon.colcon_core.shell:Creating prefix chain script '/home/mtrn/4231/A2_Project/Computer_Vision/packages/install/setup.zsh'
