[1.946s] Invoking command in '/home/mtrn/4231/A2_Project/Computer_Vision/packages/src/yolo_ros/yolov8_ros': PYTHONPATH=/home/mtrn/4231/A2_Project/Computer_Vision/packages/build/yolov8_ros/prefix_override:/home/mtrn/4231/A2_Project/Computer_Vision/packages/install/yolov8_ros/lib/python3.10/site-packages:${PYTHONPATH} /usr/bin/python3 setup.py egg_info --egg-base ../../../build/yolov8_ros build --build-base /home/mtrn/4231/A2_Project/Computer_Vision/packages/build/yolov8_ros/build install --record /home/mtrn/4231/A2_Project/Computer_Vision/packages/build/yolov8_ros/install.log --single-version-externally-managed
[2.350s] running egg_info
[2.354s] creating ../../../build/yolov8_ros/image_warper.egg-info
[2.354s] writing ../../../build/yolov8_ros/image_warper.egg-info/PKG-INFO
[2.354s] writing dependency_links to ../../../build/yolov8_ros/image_warper.egg-info/dependency_links.txt
[2.354s] writing entry points to ../../../build/yolov8_ros/image_warper.egg-info/entry_points.txt
[2.354s] writing requirements to ../../../build/yolov8_ros/image_warper.egg-info/requires.txt
[2.354s] writing top-level names to ../../../build/yolov8_ros/image_warper.egg-info/top_level.txt
[2.354s] writing manifest file '../../../build/yolov8_ros/image_warper.egg-info/SOURCES.txt'
[2.358s] reading manifest file '../../../build/yolov8_ros/image_warper.egg-info/SOURCES.txt'
[2.358s] writing manifest file '../../../build/yolov8_ros/image_warper.egg-info/SOURCES.txt'
[2.358s] running build
[2.359s] running build_py
[2.359s] running install
[2.359s] /usr/lib/python3/dist-packages/setuptools/command/install.py:34: SetuptoolsDeprecationWarning: setup.py install is deprecated. Use build and pip and other standards-based tools.
[2.359s]   warnings.warn(
[2.359s] running install_lib
[2.359s] running install_data
[2.360s] error: can't copy 'resource/image_warper': doesn't exist or not a regular file
[2.389s] Invoked command in '/home/mtrn/4231/A2_Project/Computer_Vision/packages/src/yolo_ros/yolov8_ros' returned '1': PYTHONPATH=/home/mtrn/4231/A2_Project/Computer_Vision/packages/build/yolov8_ros/prefix_override:/home/mtrn/4231/A2_Project/Computer_Vision/packages/install/yolov8_ros/lib/python3.10/site-packages:${PYTHONPATH} /usr/bin/python3 setup.py egg_info --egg-base ../../../build/yolov8_ros build --build-base /home/mtrn/4231/A2_Project/Computer_Vision/packages/build/yolov8_ros/build install --record /home/mtrn/4231/A2_Project/Computer_Vision/packages/build/yolov8_ros/install.log --single-version-externally-managed
