[0.030s] Invoking command in '/home/mtrn/A2_project/A2_Project/build/yolov8_bringup': AMENT_PREFIX_PATH=/home/mtrn/A2_project/A2_Project/install/yolov8_ros:${AMENT_PREFIX_PATH} CMAKE_PREFIX_PATH=${CMAKE_PREFIX_PATH}:/home/mtrn/4231/ws_moveit2/install/moveit_configs_utils:/home/mtrn/4231/ws_moveit2/install/launch_param_builder:/opt/ros/humble PYTHONPATH=/home/mtrn/A2_project/A2_Project/install/yolov8_ros/lib/python3.10/site-packages:${PYTHONPATH} /home/mtrn/.local/bin/cmake /home/mtrn/A2_project/A2_Project/Computer_Vision/packages/src/yolo_ros/yolov8_bringup -DCMAKE_INSTALL_PREFIX=/home/mtrn/A2_project/A2_Project/install/yolov8_bringup
[0.180s] -- The C compiler identification is GNU 11.4.0
[0.288s] -- The CXX compiler identification is GNU 11.4.0
[0.341s] -- Detecting C compiler ABI info
[0.476s] -- Detecting C compiler ABI info - done
[0.503s] -- Check for working C compiler: /usr/bin/cc - skipped
[0.504s] -- Detecting C compile features
[0.505s] -- Detecting C compile features - done
[0.534s] -- Detecting CXX compiler ABI info
[0.713s] -- Detecting CXX compiler ABI info - done
[0.735s] -- Check for working CXX compiler: /usr/bin/c++ - skipped
[0.736s] -- Detecting CXX compile features
[0.737s] -- Detecting CXX compile features - done
[0.751s] -- Found ament_cmake: 1.3.5 (/opt/ros/humble/share/ament_cmake/cmake)
[1.733s] -- Found Python3: /usr/bin/python3.10 (found version "3.10.12") found components: Interpreter 
[2.081s] -- Configuring done (2.0s)
[2.085s] -- Generating done (0.0s)
[2.087s] -- Build files have been written to: /home/mtrn/A2_project/A2_Project/build/yolov8_bringup
[2.099s] Invoked command in '/home/mtrn/A2_project/A2_Project/build/yolov8_bringup' returned '0': AMENT_PREFIX_PATH=/home/mtrn/A2_project/A2_Project/install/yolov8_ros:${AMENT_PREFIX_PATH} CMAKE_PREFIX_PATH=${CMAKE_PREFIX_PATH}:/home/mtrn/4231/ws_moveit2/install/moveit_configs_utils:/home/mtrn/4231/ws_moveit2/install/launch_param_builder:/opt/ros/humble PYTHONPATH=/home/mtrn/A2_project/A2_Project/install/yolov8_ros/lib/python3.10/site-packages:${PYTHONPATH} /home/mtrn/.local/bin/cmake /home/mtrn/A2_project/A2_Project/Computer_Vision/packages/src/yolo_ros/yolov8_bringup -DCMAKE_INSTALL_PREFIX=/home/mtrn/A2_project/A2_Project/install/yolov8_bringup
[2.103s] Invoking command in '/home/mtrn/A2_project/A2_Project/build/yolov8_bringup': AMENT_PREFIX_PATH=/home/mtrn/A2_project/A2_Project/install/yolov8_ros:${AMENT_PREFIX_PATH} CMAKE_PREFIX_PATH=${CMAKE_PREFIX_PATH}:/home/mtrn/4231/ws_moveit2/install/moveit_configs_utils:/home/mtrn/4231/ws_moveit2/install/launch_param_builder:/opt/ros/humble PYTHONPATH=/home/mtrn/A2_project/A2_Project/install/yolov8_ros/lib/python3.10/site-packages:${PYTHONPATH} /home/mtrn/.local/bin/cmake --build /home/mtrn/A2_project/A2_Project/build/yolov8_bringup -- -j12 -l12
[2.211s] Invoked command in '/home/mtrn/A2_project/A2_Project/build/yolov8_bringup' returned '0': AMENT_PREFIX_PATH=/home/mtrn/A2_project/A2_Project/install/yolov8_ros:${AMENT_PREFIX_PATH} CMAKE_PREFIX_PATH=${CMAKE_PREFIX_PATH}:/home/mtrn/4231/ws_moveit2/install/moveit_configs_utils:/home/mtrn/4231/ws_moveit2/install/launch_param_builder:/opt/ros/humble PYTHONPATH=/home/mtrn/A2_project/A2_Project/install/yolov8_ros/lib/python3.10/site-packages:${PYTHONPATH} /home/mtrn/.local/bin/cmake --build /home/mtrn/A2_project/A2_Project/build/yolov8_bringup -- -j12 -l12
[2.382s] Invoking command in '/home/mtrn/A2_project/A2_Project/build/yolov8_bringup': AMENT_PREFIX_PATH=/home/mtrn/A2_project/A2_Project/install/yolov8_ros:${AMENT_PREFIX_PATH} CMAKE_PREFIX_PATH=${CMAKE_PREFIX_PATH}:/home/mtrn/4231/ws_moveit2/install/moveit_configs_utils:/home/mtrn/4231/ws_moveit2/install/launch_param_builder:/opt/ros/humble PYTHONPATH=/home/mtrn/A2_project/A2_Project/install/yolov8_ros/lib/python3.10/site-packages:${PYTHONPATH} /home/mtrn/.local/bin/cmake --install /home/mtrn/A2_project/A2_Project/build/yolov8_bringup
[2.434s] -- Install configuration: ""
[2.434s] -- Installing: /home/mtrn/A2_project/A2_Project/install/yolov8_bringup/share/yolov8_bringup//launch
[2.434s] -- Installing: /home/mtrn/A2_project/A2_Project/install/yolov8_bringup/share/yolov8_bringup//launch/yolov8_3d.launch.py
[2.435s] -- Installing: /home/mtrn/A2_project/A2_Project/install/yolov8_bringup/share/yolov8_bringup//launch/yolov8.launch.py
[2.435s] -- Installing: /home/mtrn/A2_project/A2_Project/install/yolov8_bringup/share/ament_index/resource_index/package_run_dependencies/yolov8_bringup
[2.436s] -- Installing: /home/mtrn/A2_project/A2_Project/install/yolov8_bringup/share/ament_index/resource_index/parent_prefix_path/yolov8_bringup
[2.436s] -- Installing: /home/mtrn/A2_project/A2_Project/install/yolov8_bringup/share/yolov8_bringup/environment/ament_prefix_path.sh
[2.436s] -- Installing: /home/mtrn/A2_project/A2_Project/install/yolov8_bringup/share/yolov8_bringup/environment/ament_prefix_path.dsv
[2.437s] -- Installing: /home/mtrn/A2_project/A2_Project/install/yolov8_bringup/share/yolov8_bringup/environment/path.sh
[2.437s] -- Installing: /home/mtrn/A2_project/A2_Project/install/yolov8_bringup/share/yolov8_bringup/environment/path.dsv
[2.438s] -- Installing: /home/mtrn/A2_project/A2_Project/install/yolov8_bringup/share/yolov8_bringup/local_setup.bash
[2.438s] -- Installing: /home/mtrn/A2_project/A2_Project/install/yolov8_bringup/share/yolov8_bringup/local_setup.sh
[2.438s] -- Installing: /home/mtrn/A2_project/A2_Project/install/yolov8_bringup/share/yolov8_bringup/local_setup.zsh
[2.438s] -- Installing: /home/mtrn/A2_project/A2_Project/install/yolov8_bringup/share/yolov8_bringup/local_setup.dsv
[2.439s] -- Installing: /home/mtrn/A2_project/A2_Project/install/yolov8_bringup/share/yolov8_bringup/package.dsv
[2.439s] -- Installing: /home/mtrn/A2_project/A2_Project/install/yolov8_bringup/share/ament_index/resource_index/packages/yolov8_bringup
[2.439s] -- Installing: /home/mtrn/A2_project/A2_Project/install/yolov8_bringup/share/yolov8_bringup/cmake/yolov8_bringupConfig.cmake
[2.439s] -- Installing: /home/mtrn/A2_project/A2_Project/install/yolov8_bringup/share/yolov8_bringup/cmake/yolov8_bringupConfig-version.cmake
[2.440s] -- Installing: /home/mtrn/A2_project/A2_Project/install/yolov8_bringup/share/yolov8_bringup/package.xml
[2.452s] Invoked command in '/home/mtrn/A2_project/A2_Project/build/yolov8_bringup' returned '0': AMENT_PREFIX_PATH=/home/mtrn/A2_project/A2_Project/install/yolov8_ros:${AMENT_PREFIX_PATH} CMAKE_PREFIX_PATH=${CMAKE_PREFIX_PATH}:/home/mtrn/4231/ws_moveit2/install/moveit_configs_utils:/home/mtrn/4231/ws_moveit2/install/launch_param_builder:/opt/ros/humble PYTHONPATH=/home/mtrn/A2_project/A2_Project/install/yolov8_ros/lib/python3.10/site-packages:${PYTHONPATH} /home/mtrn/.local/bin/cmake --install /home/mtrn/A2_project/A2_Project/build/yolov8_bringup
