-- Found ament_cmake: 1.3.5 (/opt/ros/humble/share/ament_cmake/cmake)
-- Found rclcpp: 16.0.5 (/opt/ros/humble/share/rclcpp/cmake)
-- Found rosidl_generator_c: 3.1.5 (/opt/ros/humble/share/rosidl_generator_c/cmake)
-- Found rosidl_adapter: 3.1.5 (/opt/ros/humble/share/rosidl_adapter/cmake)
-- Found rosidl_generator_cpp: 3.1.5 (/opt/ros/humble/share/rosidl_generator_cpp/cmake)
-- Using all available rosidl_typesupport_c: rosidl_typesupport_fastrtps_c;rosidl_typesupport_introspection_c
-- Using all available rosidl_typesupport_cpp: rosidl_typesupport_fastrtps_cpp;rosidl_typesupport_introspection_cpp
-- Found rmw_implementation_cmake: 6.1.1 (/opt/ros/humble/share/rmw_implementation_cmake/cmake)
-- Found rmw_cyclonedds_cpp: 1.3.4 (/opt/ros/humble/share/rmw_cyclonedds_cpp/cmake)
-- Using RMW implementation 'rmw_cyclonedds_cpp' as default
-- Found yolov8_msgs: 0.0.0 (/home/mtrn/4231/A2_Project/Computer_Vision/packages/install/yolov8_msgs/share/yolov8_msgs/cmake)
-- Found sensor_msgs: 4.2.3 (/opt/ros/humble/share/sensor_msgs/cmake)
-- Found OpenCV: /usr (found version "4.5.4") 
-- Found cv_bridge: 3.2.1 (/opt/ros/humble/share/cv_bridge/cmake)
-- Found ament_lint_auto: 0.12.7 (/opt/ros/humble/share/ament_lint_auto/cmake)
-- Added test 'cppcheck' to perform static code analysis on C / C++ code
-- Configured cppcheck include dirs: 
-- Configured cppcheck exclude dirs and/or files: 
-- Added test 'lint_cmake' to check CMake code style
-- Added test 'uncrustify' to check C / C++ code style
-- Configured uncrustify additional arguments: 
-- Added test 'xmllint' to check XML markup files
-- Configuring done
-- Generating done
-- Build files have been written to: /home/mtrn/4231/A2_Project/Computer_Vision/packages/build/pizza_pos
[35m[1mConsolidate compiler generated dependencies of target subscriber_node[0m
[ 50%] [32mBuilding CXX object CMakeFiles/subscriber_node.dir/src/subscriber_node.cpp.o[0m
[100%] [32m[1mLinking CXX executable subscriber_node[0m
[100%] Built target subscriber_node
-- Install configuration: ""
-- Installing: /home/mtrn/4231/A2_Project/Computer_Vision/packages/install/pizza_pos/lib/pizza_pos/subscriber_node
-- Set runtime path of "/home/mtrn/4231/A2_Project/Computer_Vision/packages/install/pizza_pos/lib/pizza_pos/subscriber_node" to ""
-- Up-to-date: /home/mtrn/4231/A2_Project/Computer_Vision/packages/install/pizza_pos/share/ament_index/resource_index/package_run_dependencies/pizza_pos
-- Installing: /home/mtrn/4231/A2_Project/Computer_Vision/packages/install/pizza_pos/share/ament_index/resource_index/parent_prefix_path/pizza_pos
-- Up-to-date: /home/mtrn/4231/A2_Project/Computer_Vision/packages/install/pizza_pos/share/pizza_pos/environment/ament_prefix_path.sh
-- Installing: /home/mtrn/4231/A2_Project/Computer_Vision/packages/install/pizza_pos/share/pizza_pos/environment/ament_prefix_path.dsv
-- Up-to-date: /home/mtrn/4231/A2_Project/Computer_Vision/packages/install/pizza_pos/share/pizza_pos/environment/path.sh
-- Installing: /home/mtrn/4231/A2_Project/Computer_Vision/packages/install/pizza_pos/share/pizza_pos/environment/path.dsv
-- Up-to-date: /home/mtrn/4231/A2_Project/Computer_Vision/packages/install/pizza_pos/share/pizza_pos/local_setup.bash
-- Up-to-date: /home/mtrn/4231/A2_Project/Computer_Vision/packages/install/pizza_pos/share/pizza_pos/local_setup.sh
-- Up-to-date: /home/mtrn/4231/A2_Project/Computer_Vision/packages/install/pizza_pos/share/pizza_pos/local_setup.zsh
-- Installing: /home/mtrn/4231/A2_Project/Computer_Vision/packages/install/pizza_pos/share/pizza_pos/local_setup.dsv
-- Installing: /home/mtrn/4231/A2_Project/Computer_Vision/packages/install/pizza_pos/share/pizza_pos/package.dsv
-- Up-to-date: /home/mtrn/4231/A2_Project/Computer_Vision/packages/install/pizza_pos/share/ament_index/resource_index/packages/pizza_pos
-- Up-to-date: /home/mtrn/4231/A2_Project/Computer_Vision/packages/install/pizza_pos/share/pizza_pos/cmake/pizza_posConfig.cmake
-- Up-to-date: /home/mtrn/4231/A2_Project/Computer_Vision/packages/install/pizza_pos/share/pizza_pos/cmake/pizza_posConfig-version.cmake
-- Up-to-date: /home/mtrn/4231/A2_Project/Computer_Vision/packages/install/pizza_pos/share/pizza_pos/package.xml
