[2.723s] Invoking command in '/home/mtrn/A2_project/A2_Project/Computer_Vision/packages/src/image_warper': PYTHONPATH=/home/mtrn/A2_project/A2_Project/Computer_Vision/packages/build/image_warper/prefix_override:/home/mtrn/A2_project/A2_Project/Computer_Vision/packages/install/image_warper/lib/python3.10/site-packages:${PYTHONPATH} /usr/bin/python3 setup.py egg_info --egg-base ../../build/image_warper build --build-base /home/mtrn/A2_project/A2_Project/Computer_Vision/packages/build/image_warper/build install --record /home/mtrn/A2_project/A2_Project/Computer_Vision/packages/build/image_warper/install.log --single-version-externally-managed
[3.225s] running egg_info
[3.226s] writing ../../build/image_warper/image_warper.egg-info/PKG-INFO
[3.227s] writing dependency_links to ../../build/image_warper/image_warper.egg-info/dependency_links.txt
[3.227s] writing entry points to ../../build/image_warper/image_warper.egg-info/entry_points.txt
[3.227s] writing requirements to ../../build/image_warper/image_warper.egg-info/requires.txt
[3.227s] writing top-level names to ../../build/image_warper/image_warper.egg-info/top_level.txt
[3.231s] reading manifest file '../../build/image_warper/image_warper.egg-info/SOURCES.txt'
[3.235s] writing manifest file '../../build/image_warper/image_warper.egg-info/SOURCES.txt'
[3.235s] running build
[3.236s] running build_py
[3.236s] running install
[3.236s] running install_lib
[3.236s] /usr/lib/python3/dist-packages/setuptools/command/install.py:34: SetuptoolsDeprecationWarning: setup.py install is deprecated. Use build and pip and other standards-based tools.
[3.236s]   warnings.warn(
[3.236s] running install_data
[3.237s] running install_egg_info
[3.241s] removing '/home/mtrn/A2_project/A2_Project/Computer_Vision/packages/install/image_warper/lib/python3.10/site-packages/image_warper-0.0.0-py3.10.egg-info' (and everything under it)
[3.241s] Copying ../../build/image_warper/image_warper.egg-info to /home/mtrn/A2_project/A2_Project/Computer_Vision/packages/install/image_warper/lib/python3.10/site-packages/image_warper-0.0.0-py3.10.egg-info
[3.242s] running install_scripts
[3.278s] Installing ImagePublisher script to /home/mtrn/A2_project/A2_Project/Computer_Vision/packages/install/image_warper/lib/image_warper
[3.279s] Installing image_warper script to /home/mtrn/A2_project/A2_Project/Computer_Vision/packages/install/image_warper/lib/image_warper
[3.279s] writing list of installed files to '/home/mtrn/A2_project/A2_Project/Computer_Vision/packages/build/image_warper/install.log'
[3.415s] Invoked command in '/home/mtrn/A2_project/A2_Project/Computer_Vision/packages/src/image_warper' returned '0': PYTHONPATH=/home/mtrn/A2_project/A2_Project/Computer_Vision/packages/build/image_warper/prefix_override:/home/mtrn/A2_project/A2_Project/Computer_Vision/packages/install/image_warper/lib/python3.10/site-packages:${PYTHONPATH} /usr/bin/python3 setup.py egg_info --egg-base ../../build/image_warper build --build-base /home/mtrn/A2_project/A2_Project/Computer_Vision/packages/build/image_warper/build install --record /home/mtrn/A2_project/A2_Project/Computer_Vision/packages/build/image_warper/install.log --single-version-externally-managed
