[0.945s] Invoking command in '/home/mtrn/4231/A2_Project/Computer_Vision/packages/build/yolov8_msgs': CMAKE_PREFIX_PATH=${CMAKE_PREFIX_PATH}:/home/mtrn/4231/A2_Project/Computer_Vision/packages/install/yolov8_ros:/home/mtrn/4231/A2_Project/Computer_Vision/packages/install/yolov8_node:/home/mtrn/4231/A2_Project/Computer_Vision/packages/install/image_warper:/home/mtrn/4231/ws_moveit2/install/moveit_configs_utils:/home/mtrn/4231/ws_moveit2/install/launch_param_builder:/opt/ros/humble /usr/bin/cmake --build /home/mtrn/4231/A2_Project/Computer_Vision/packages/build/yolov8_msgs -- -j6 -l6
[1.080s] [ 12%] Built target yolov8_msgs__rosidl_generator_c
[1.089s] [ 12%] Built target yolov8_msgs__cpp
[1.143s] [ 12%] Built target ament_cmake_python_copy_yolov8_msgs
[1.198s] [ 24%] Built target yolov8_msgs__rosidl_typesupport_fastrtps_c
[1.209s] [ 36%] Built target yolov8_msgs__rosidl_typesupport_introspection_c
[1.232s] [ 48%] Built target yolov8_msgs__rosidl_typesupport_c
[1.238s] [ 59%] Built target yolov8_msgs__rosidl_typesupport_fastrtps_cpp
[1.255s] [ 77%] Built target yolov8_msgs__rosidl_typesupport_introspection_cpp
[1.255s] [ 83%] Built target yolov8_msgs__rosidl_typesupport_cpp
[1.300s] [ 83%] Built target yolov8_msgs
[1.350s] [ 84%] Built target yolov8_msgs__py
[1.413s] [ 95%] Built target yolov8_msgs__rosidl_generator_py
[1.485s] [ 97%] Built target yolov8_msgs__rosidl_typesupport_fastrtps_c__pyext
[1.494s] [ 99%] Built target yolov8_msgs__rosidl_typesupport_introspection_c__pyext
[1.501s] [100%] Built target yolov8_msgs__rosidl_typesupport_c__pyext
[1.803s] running egg_info
[1.804s] writing yolov8_msgs.egg-info/PKG-INFO
[1.804s] writing dependency_links to yolov8_msgs.egg-info/dependency_links.txt
[1.805s] writing top-level names to yolov8_msgs.egg-info/top_level.txt
[1.808s] reading manifest file 'yolov8_msgs.egg-info/SOURCES.txt'
[1.809s] writing manifest file 'yolov8_msgs.egg-info/SOURCES.txt'
[1.869s] [100%] Built target ament_cmake_python_build_yolov8_msgs_egg
[1.903s] Invoked command in '/home/mtrn/4231/A2_Project/Computer_Vision/packages/build/yolov8_msgs' returned '0': CMAKE_PREFIX_PATH=${CMAKE_PREFIX_PATH}:/home/mtrn/4231/A2_Project/Computer_Vision/packages/install/yolov8_ros:/home/mtrn/4231/A2_Project/Computer_Vision/packages/install/yolov8_node:/home/mtrn/4231/A2_Project/Computer_Vision/packages/install/image_warper:/home/mtrn/4231/ws_moveit2/install/moveit_configs_utils:/home/mtrn/4231/ws_moveit2/install/launch_param_builder:/opt/ros/humble /usr/bin/cmake --build /home/mtrn/4231/A2_Project/Computer_Vision/packages/build/yolov8_msgs -- -j6 -l6
[2.849s] Invoking command in '/home/mtrn/4231/A2_Project/Computer_Vision/packages/build/yolov8_msgs': CMAKE_PREFIX_PATH=${CMAKE_PREFIX_PATH}:/home/mtrn/4231/A2_Project/Computer_Vision/packages/install/yolov8_ros:/home/mtrn/4231/A2_Project/Computer_Vision/packages/install/yolov8_node:/home/mtrn/4231/A2_Project/Computer_Vision/packages/install/image_warper:/home/mtrn/4231/ws_moveit2/install/moveit_configs_utils:/home/mtrn/4231/ws_moveit2/install/launch_param_builder:/opt/ros/humble /usr/bin/cmake --install /home/mtrn/4231/A2_Project/Computer_Vision/packages/build/yolov8_msgs
[2.866s] -- Install configuration: ""
[2.866s] -- Up-to-date: /home/mtrn/4231/A2_Project/Computer_Vision/packages/install/yolov8_msgs/share/ament_index/resource_index/rosidl_interfaces/yolov8_msgs
[2.867s] -- Up-to-date: /home/mtrn/4231/A2_Project/Computer_Vision/packages/install/yolov8_msgs/include/yolov8_msgs/yolov8_msgs
[2.867s] -- Up-to-date: /home/mtrn/4231/A2_Project/Computer_Vision/packages/install/yolov8_msgs/include/yolov8_msgs/yolov8_msgs/msg
[2.867s] -- Up-to-date: /home/mtrn/4231/A2_Project/Computer_Vision/packages/install/yolov8_msgs/include/yolov8_msgs/yolov8_msgs/msg/mask.h
[2.867s] -- Up-to-date: /home/mtrn/4231/A2_Project/Computer_Vision/packages/install/yolov8_msgs/include/yolov8_msgs/yolov8_msgs/msg/key_point3_d_array.h
[2.867s] -- Up-to-date: /home/mtrn/4231/A2_Project/Computer_Vision/packages/install/yolov8_msgs/include/yolov8_msgs/yolov8_msgs/msg/key_point2_d.h
[2.867s] -- Up-to-date: /home/mtrn/4231/A2_Project/Computer_Vision/packages/install/yolov8_msgs/include/yolov8_msgs/yolov8_msgs/msg/point2_d.h
[2.867s] -- Up-to-date: /home/mtrn/4231/A2_Project/Computer_Vision/packages/install/yolov8_msgs/include/yolov8_msgs/yolov8_msgs/msg/detection.h
[2.867s] -- Up-to-date: /home/mtrn/4231/A2_Project/Computer_Vision/packages/install/yolov8_msgs/include/yolov8_msgs/yolov8_msgs/msg/pose2_d.h
[2.868s] -- Up-to-date: /home/mtrn/4231/A2_Project/Computer_Vision/packages/install/yolov8_msgs/include/yolov8_msgs/yolov8_msgs/msg/bounding_box3_d.h
[2.868s] -- Up-to-date: /home/mtrn/4231/A2_Project/Computer_Vision/packages/install/yolov8_msgs/include/yolov8_msgs/yolov8_msgs/msg/bounding_box2_d.h
[2.868s] -- Up-to-date: /home/mtrn/4231/A2_Project/Computer_Vision/packages/install/yolov8_msgs/include/yolov8_msgs/yolov8_msgs/msg/rosidl_generator_c__visibility_control.h
[2.868s] -- Up-to-date: /home/mtrn/4231/A2_Project/Computer_Vision/packages/install/yolov8_msgs/include/yolov8_msgs/yolov8_msgs/msg/key_point2_d_array.h
[2.868s] -- Up-to-date: /home/mtrn/4231/A2_Project/Computer_Vision/packages/install/yolov8_msgs/include/yolov8_msgs/yolov8_msgs/msg/detection_array.h
[2.868s] -- Up-to-date: /home/mtrn/4231/A2_Project/Computer_Vision/packages/install/yolov8_msgs/include/yolov8_msgs/yolov8_msgs/msg/key_point3_d.h
[2.868s] -- Up-to-date: /home/mtrn/4231/A2_Project/Computer_Vision/packages/install/yolov8_msgs/include/yolov8_msgs/yolov8_msgs/msg/detail
[2.868s] -- Up-to-date: /home/mtrn/4231/A2_Project/Computer_Vision/packages/install/yolov8_msgs/include/yolov8_msgs/yolov8_msgs/msg/detail/key_point3_d_array__functions.h
[2.868s] -- Up-to-date: /home/mtrn/4231/A2_Project/Computer_Vision/packages/install/yolov8_msgs/include/yolov8_msgs/yolov8_msgs/msg/detail/detection_array__struct.h
[2.868s] -- Up-to-date: /home/mtrn/4231/A2_Project/Computer_Vision/packages/install/yolov8_msgs/include/yolov8_msgs/yolov8_msgs/msg/detail/mask__type_support.h
[2.869s] -- Up-to-date: /home/mtrn/4231/A2_Project/Computer_Vision/packages/install/yolov8_msgs/include/yolov8_msgs/yolov8_msgs/msg/detail/mask__functions.c
[2.869s] -- Up-to-date: /home/mtrn/4231/A2_Project/Computer_Vision/packages/install/yolov8_msgs/include/yolov8_msgs/yolov8_msgs/msg/detail/point2_d__functions.c
[2.869s] -- Up-to-date: /home/mtrn/4231/A2_Project/Computer_Vision/packages/install/yolov8_msgs/include/yolov8_msgs/yolov8_msgs/msg/detail/pose2_d__struct.h
[2.869s] -- Up-to-date: /home/mtrn/4231/A2_Project/Computer_Vision/packages/install/yolov8_msgs/include/yolov8_msgs/yolov8_msgs/msg/detail/key_point3_d__type_support.h
[2.869s] -- Up-to-date: /home/mtrn/4231/A2_Project/Computer_Vision/packages/install/yolov8_msgs/include/yolov8_msgs/yolov8_msgs/msg/detail/bounding_box3_d__functions.c
[2.869s] -- Up-to-date: /home/mtrn/4231/A2_Project/Computer_Vision/packages/install/yolov8_msgs/include/yolov8_msgs/yolov8_msgs/msg/detail/key_point2_d_array__type_support.h
[2.869s] -- Up-to-date: /home/mtrn/4231/A2_Project/Computer_Vision/packages/install/yolov8_msgs/include/yolov8_msgs/yolov8_msgs/msg/detail/key_point2_d__functions.c
[2.870s] -- Up-to-date: /home/mtrn/4231/A2_Project/Computer_Vision/packages/install/yolov8_msgs/include/yolov8_msgs/yolov8_msgs/msg/detail/bounding_box2_d__functions.c
[2.870s] -- Up-to-date: /home/mtrn/4231/A2_Project/Computer_Vision/packages/install/yolov8_msgs/include/yolov8_msgs/yolov8_msgs/msg/detail/point2_d__type_support.h
[2.871s] -- Up-to-date: /home/mtrn/4231/A2_Project/Computer_Vision/packages/install/yolov8_msgs/include/yolov8_msgs/yolov8_msgs/msg/detail/detection_array__type_support.h
[2.871s] -- Up-to-date: /home/mtrn/4231/A2_Project/Computer_Vision/packages/install/yolov8_msgs/include/yolov8_msgs/yolov8_msgs/msg/detail/bounding_box2_d__functions.h
[2.872s] -- Up-to-date: /home/mtrn/4231/A2_Project/Computer_Vision/packages/install/yolov8_msgs/include/yolov8_msgs/yolov8_msgs/msg/detail/key_point2_d__struct.h
[2.872s] -- Up-to-date: /home/mtrn/4231/A2_Project/Computer_Vision/packages/install/yolov8_msgs/include/yolov8_msgs/yolov8_msgs/msg/detail/key_point3_d__struct.h
[2.872s] -- Up-to-date: /home/mtrn/4231/A2_Project/Computer_Vision/packages/install/yolov8_msgs/include/yolov8_msgs/yolov8_msgs/msg/detail/bounding_box3_d__functions.h
[2.872s] -- Up-to-date: /home/mtrn/4231/A2_Project/Computer_Vision/packages/install/yolov8_msgs/include/yolov8_msgs/yolov8_msgs/msg/detail/vector2__functions.h
[2.872s] -- Up-to-date: /home/mtrn/4231/A2_Project/Computer_Vision/packages/install/yolov8_msgs/include/yolov8_msgs/yolov8_msgs/msg/detail/point2_d__functions.h
[2.872s] -- Up-to-date: /home/mtrn/4231/A2_Project/Computer_Vision/packages/install/yolov8_msgs/include/yolov8_msgs/yolov8_msgs/msg/detail/key_point3_d__functions.h
[2.873s] -- Up-to-date: /home/mtrn/4231/A2_Project/Computer_Vision/packages/install/yolov8_msgs/include/yolov8_msgs/yolov8_msgs/msg/detail/detection_array__functions.c
[2.873s] -- Up-to-date: /home/mtrn/4231/A2_Project/Computer_Vision/packages/install/yolov8_msgs/include/yolov8_msgs/yolov8_msgs/msg/detail/key_point2_d_array__functions.h
[2.873s] -- Up-to-date: /home/mtrn/4231/A2_Project/Computer_Vision/packages/install/yolov8_msgs/include/yolov8_msgs/yolov8_msgs/msg/detail/pose2_d__type_support.h
[2.873s] -- Up-to-date: /home/mtrn/4231/A2_Project/Computer_Vision/packages/install/yolov8_msgs/include/yolov8_msgs/yolov8_msgs/msg/detail/detection__struct.h
[2.873s] -- Up-to-date: /home/mtrn/4231/A2_Project/Computer_Vision/packages/install/yolov8_msgs/include/yolov8_msgs/yolov8_msgs/msg/detail/key_point3_d_array__type_support.h
[2.873s] -- Up-to-date: /home/mtrn/4231/A2_Project/Computer_Vision/packages/install/yolov8_msgs/include/yolov8_msgs/yolov8_msgs/msg/detail/key_point2_d_array__functions.c
[2.874s] -- Up-to-date: /home/mtrn/4231/A2_Project/Computer_Vision/packages/install/yolov8_msgs/include/yolov8_msgs/yolov8_msgs/msg/detail/bounding_box2_d__struct.h
[2.874s] -- Up-to-date: /home/mtrn/4231/A2_Project/Computer_Vision/packages/install/yolov8_msgs/include/yolov8_msgs/yolov8_msgs/msg/detail/detection__functions.c
[2.874s] -- Up-to-date: /home/mtrn/4231/A2_Project/Computer_Vision/packages/install/yolov8_msgs/include/yolov8_msgs/yolov8_msgs/msg/detail/detection__type_support.h
[2.875s] -- Up-to-date: /home/mtrn/4231/A2_Project/Computer_Vision/packages/install/yolov8_msgs/include/yolov8_msgs/yolov8_msgs/msg/detail/mask__struct.h
[2.875s] -- Up-to-date: /home/mtrn/4231/A2_Project/Computer_Vision/packages/install/yolov8_msgs/include/yolov8_msgs/yolov8_msgs/msg/detail/key_point3_d_array__struct.h
[2.875s] -- Up-to-date: /home/mtrn/4231/A2_Project/Computer_Vision/packages/install/yolov8_msgs/include/yolov8_msgs/yolov8_msgs/msg/detail/mask__functions.h
[2.875s] -- Up-to-date: /home/mtrn/4231/A2_Project/Computer_Vision/packages/install/yolov8_msgs/include/yolov8_msgs/yolov8_msgs/msg/detail/vector2__struct.h
[2.875s] -- Up-to-date: /home/mtrn/4231/A2_Project/Computer_Vision/packages/install/yolov8_msgs/include/yolov8_msgs/yolov8_msgs/msg/detail/key_point3_d_array__functions.c
[2.875s] -- Up-to-date: /home/mtrn/4231/A2_Project/Computer_Vision/packages/install/yolov8_msgs/include/yolov8_msgs/yolov8_msgs/msg/detail/bounding_box2_d__type_support.h
[2.876s] -- Up-to-date: /home/mtrn/4231/A2_Project/Computer_Vision/packages/install/yolov8_msgs/include/yolov8_msgs/yolov8_msgs/msg/detail/bounding_box3_d__struct.h
[2.876s] -- Up-to-date: /home/mtrn/4231/A2_Project/Computer_Vision/packages/install/yolov8_msgs/include/yolov8_msgs/yolov8_msgs/msg/detail/key_point2_d__functions.h
[2.878s] -- Up-to-date: /home/mtrn/4231/A2_Project/Computer_Vision/packages/install/yolov8_msgs/include/yolov8_msgs/yolov8_msgs/msg/detail/vector2__functions.c
[2.878s] -- Up-to-date: /home/mtrn/4231/A2_Project/Computer_Vision/packages/install/yolov8_msgs/include/yolov8_msgs/yolov8_msgs/msg/detail/bounding_box3_d__type_support.h
[2.878s] -- Up-to-date: /home/mtrn/4231/A2_Project/Computer_Vision/packages/install/yolov8_msgs/include/yolov8_msgs/yolov8_msgs/msg/detail/key_point2_d__type_support.h
[2.878s] -- Up-to-date: /home/mtrn/4231/A2_Project/Computer_Vision/packages/install/yolov8_msgs/include/yolov8_msgs/yolov8_msgs/msg/detail/detection__functions.h
[2.879s] -- Up-to-date: /home/mtrn/4231/A2_Project/Computer_Vision/packages/install/yolov8_msgs/include/yolov8_msgs/yolov8_msgs/msg/detail/key_point2_d_array__struct.h
[2.879s] -- Up-to-date: /home/mtrn/4231/A2_Project/Computer_Vision/packages/install/yolov8_msgs/include/yolov8_msgs/yolov8_msgs/msg/detail/key_point3_d__functions.c
[2.879s] -- Up-to-date: /home/mtrn/4231/A2_Project/Computer_Vision/packages/install/yolov8_msgs/include/yolov8_msgs/yolov8_msgs/msg/detail/detection_array__functions.h
[2.879s] -- Up-to-date: /home/mtrn/4231/A2_Project/Computer_Vision/packages/install/yolov8_msgs/include/yolov8_msgs/yolov8_msgs/msg/detail/pose2_d__functions.c
[2.880s] -- Up-to-date: /home/mtrn/4231/A2_Project/Computer_Vision/packages/install/yolov8_msgs/include/yolov8_msgs/yolov8_msgs/msg/detail/vector2__type_support.h
[2.881s] -- Up-to-date: /home/mtrn/4231/A2_Project/Computer_Vision/packages/install/yolov8_msgs/include/yolov8_msgs/yolov8_msgs/msg/detail/pose2_d__functions.h
[2.882s] -- Up-to-date: /home/mtrn/4231/A2_Project/Computer_Vision/packages/install/yolov8_msgs/include/yolov8_msgs/yolov8_msgs/msg/detail/point2_d__struct.h
[2.882s] -- Up-to-date: /home/mtrn/4231/A2_Project/Computer_Vision/packages/install/yolov8_msgs/include/yolov8_msgs/yolov8_msgs/msg/vector2.h
[2.882s] -- Up-to-date: /home/mtrn/4231/A2_Project/Computer_Vision/packages/install/yolov8_msgs/share/yolov8_msgs/environment/library_path.sh
[2.882s] -- Up-to-date: /home/mtrn/4231/A2_Project/Computer_Vision/packages/install/yolov8_msgs/share/yolov8_msgs/environment/library_path.dsv
[2.882s] -- Up-to-date: /home/mtrn/4231/A2_Project/Computer_Vision/packages/install/yolov8_msgs/lib/libyolov8_msgs__rosidl_generator_c.so
[2.883s] -- Up-to-date: /home/mtrn/4231/A2_Project/Computer_Vision/packages/install/yolov8_msgs/include/yolov8_msgs/yolov8_msgs
[2.883s] -- Up-to-date: /home/mtrn/4231/A2_Project/Computer_Vision/packages/install/yolov8_msgs/include/yolov8_msgs/yolov8_msgs/msg
[2.883s] -- Up-to-date: /home/mtrn/4231/A2_Project/Computer_Vision/packages/install/yolov8_msgs/include/yolov8_msgs/yolov8_msgs/msg/rosidl_typesupport_fastrtps_c__visibility_control.h
[2.883s] -- Up-to-date: /home/mtrn/4231/A2_Project/Computer_Vision/packages/install/yolov8_msgs/include/yolov8_msgs/yolov8_msgs/msg/detail
[2.883s] -- Up-to-date: /home/mtrn/4231/A2_Project/Computer_Vision/packages/install/yolov8_msgs/include/yolov8_msgs/yolov8_msgs/msg/detail/pose2_d__rosidl_typesupport_fastrtps_c.h
[2.884s] -- Up-to-date: /home/mtrn/4231/A2_Project/Computer_Vision/packages/install/yolov8_msgs/include/yolov8_msgs/yolov8_msgs/msg/detail/key_point3_d__rosidl_typesupport_fastrtps_c.h
[2.884s] -- Up-to-date: /home/mtrn/4231/A2_Project/Computer_Vision/packages/install/yolov8_msgs/include/yolov8_msgs/yolov8_msgs/msg/detail/mask__rosidl_typesupport_fastrtps_c.h
[2.885s] -- Up-to-date: /home/mtrn/4231/A2_Project/Computer_Vision/packages/install/yolov8_msgs/include/yolov8_msgs/yolov8_msgs/msg/detail/key_point3_d_array__rosidl_typesupport_fastrtps_c.h
[2.885s] -- Up-to-date: /home/mtrn/4231/A2_Project/Computer_Vision/packages/install/yolov8_msgs/include/yolov8_msgs/yolov8_msgs/msg/detail/vector2__rosidl_typesupport_fastrtps_c.h
[2.885s] -- Up-to-date: /home/mtrn/4231/A2_Project/Computer_Vision/packages/install/yolov8_msgs/include/yolov8_msgs/yolov8_msgs/msg/detail/key_point2_d_array__rosidl_typesupport_fastrtps_c.h
[2.886s] -- Up-to-date: /home/mtrn/4231/A2_Project/Computer_Vision/packages/install/yolov8_msgs/include/yolov8_msgs/yolov8_msgs/msg/detail/point2_d__rosidl_typesupport_fastrtps_c.h
[2.886s] -- Up-to-date: /home/mtrn/4231/A2_Project/Computer_Vision/packages/install/yolov8_msgs/include/yolov8_msgs/yolov8_msgs/msg/detail/detection_array__rosidl_typesupport_fastrtps_c.h
[2.886s] -- Up-to-date: /home/mtrn/4231/A2_Project/Computer_Vision/packages/install/yolov8_msgs/include/yolov8_msgs/yolov8_msgs/msg/detail/key_point2_d__rosidl_typesupport_fastrtps_c.h
[2.886s] -- Up-to-date: /home/mtrn/4231/A2_Project/Computer_Vision/packages/install/yolov8_msgs/include/yolov8_msgs/yolov8_msgs/msg/detail/detection__rosidl_typesupport_fastrtps_c.h
[2.886s] -- Up-to-date: /home/mtrn/4231/A2_Project/Computer_Vision/packages/install/yolov8_msgs/include/yolov8_msgs/yolov8_msgs/msg/detail/bounding_box2_d__rosidl_typesupport_fastrtps_c.h
[2.887s] -- Up-to-date: /home/mtrn/4231/A2_Project/Computer_Vision/packages/install/yolov8_msgs/include/yolov8_msgs/yolov8_msgs/msg/detail/bounding_box3_d__rosidl_typesupport_fastrtps_c.h
[2.887s] -- Up-to-date: /home/mtrn/4231/A2_Project/Computer_Vision/packages/install/yolov8_msgs/lib/libyolov8_msgs__rosidl_typesupport_fastrtps_c.so
[2.887s] -- Up-to-date: /home/mtrn/4231/A2_Project/Computer_Vision/packages/install/yolov8_msgs/include/yolov8_msgs/yolov8_msgs
[2.887s] -- Up-to-date: /home/mtrn/4231/A2_Project/Computer_Vision/packages/install/yolov8_msgs/include/yolov8_msgs/yolov8_msgs/msg
[2.887s] -- Up-to-date: /home/mtrn/4231/A2_Project/Computer_Vision/packages/install/yolov8_msgs/include/yolov8_msgs/yolov8_msgs/msg/rosidl_typesupport_introspection_c__visibility_control.h
[2.887s] -- Up-to-date: /home/mtrn/4231/A2_Project/Computer_Vision/packages/install/yolov8_msgs/include/yolov8_msgs/yolov8_msgs/msg/detail
[2.887s] -- Up-to-date: /home/mtrn/4231/A2_Project/Computer_Vision/packages/install/yolov8_msgs/include/yolov8_msgs/yolov8_msgs/msg/detail/key_point2_d_array__rosidl_typesupport_introspection_c.h
[2.887s] -- Up-to-date: /home/mtrn/4231/A2_Project/Computer_Vision/packages/install/yolov8_msgs/include/yolov8_msgs/yolov8_msgs/msg/detail/key_point3_d__type_support.c
[2.888s] -- Up-to-date: /home/mtrn/4231/A2_Project/Computer_Vision/packages/install/yolov8_msgs/include/yolov8_msgs/yolov8_msgs/msg/detail/mask__rosidl_typesupport_introspection_c.h
[2.888s] -- Up-to-date: /home/mtrn/4231/A2_Project/Computer_Vision/packages/install/yolov8_msgs/include/yolov8_msgs/yolov8_msgs/msg/detail/bounding_box2_d__rosidl_typesupport_introspection_c.h
[2.888s] -- Up-to-date: /home/mtrn/4231/A2_Project/Computer_Vision/packages/install/yolov8_msgs/include/yolov8_msgs/yolov8_msgs/msg/detail/mask__type_support.c
[2.888s] -- Up-to-date: /home/mtrn/4231/A2_Project/Computer_Vision/packages/install/yolov8_msgs/include/yolov8_msgs/yolov8_msgs/msg/detail/vector2__rosidl_typesupport_introspection_c.h
[2.888s] -- Up-to-date: /home/mtrn/4231/A2_Project/Computer_Vision/packages/install/yolov8_msgs/include/yolov8_msgs/yolov8_msgs/msg/detail/pose2_d__type_support.c
[2.888s] -- Up-to-date: /home/mtrn/4231/A2_Project/Computer_Vision/packages/install/yolov8_msgs/include/yolov8_msgs/yolov8_msgs/msg/detail/bounding_box3_d__rosidl_typesupport_introspection_c.h
[2.890s] -- Up-to-date: /home/mtrn/4231/A2_Project/Computer_Vision/packages/install/yolov8_msgs/include/yolov8_msgs/yolov8_msgs/msg/detail/key_point3_d_array__rosidl_typesupport_introspection_c.h
[2.890s] -- Up-to-date: /home/mtrn/4231/A2_Project/Computer_Vision/packages/install/yolov8_msgs/include/yolov8_msgs/yolov8_msgs/msg/detail/detection_array__type_support.c
[2.890s] -- Up-to-date: /home/mtrn/4231/A2_Project/Computer_Vision/packages/install/yolov8_msgs/include/yolov8_msgs/yolov8_msgs/msg/detail/detection__type_support.c
[2.890s] -- Up-to-date: /home/mtrn/4231/A2_Project/Computer_Vision/packages/install/yolov8_msgs/include/yolov8_msgs/yolov8_msgs/msg/detail/key_point2_d_array__type_support.c
[2.890s] -- Up-to-date: /home/mtrn/4231/A2_Project/Computer_Vision/packages/install/yolov8_msgs/include/yolov8_msgs/yolov8_msgs/msg/detail/key_point3_d_array__type_support.c
[2.890s] -- Up-to-date: /home/mtrn/4231/A2_Project/Computer_Vision/packages/install/yolov8_msgs/include/yolov8_msgs/yolov8_msgs/msg/detail/point2_d__type_support.c
[2.891s] -- Up-to-date: /home/mtrn/4231/A2_Project/Computer_Vision/packages/install/yolov8_msgs/include/yolov8_msgs/yolov8_msgs/msg/detail/bounding_box3_d__type_support.c
[2.891s] -- Up-to-date: /home/mtrn/4231/A2_Project/Computer_Vision/packages/install/yolov8_msgs/include/yolov8_msgs/yolov8_msgs/msg/detail/pose2_d__rosidl_typesupport_introspection_c.h
[2.891s] -- Up-to-date: /home/mtrn/4231/A2_Project/Computer_Vision/packages/install/yolov8_msgs/include/yolov8_msgs/yolov8_msgs/msg/detail/point2_d__rosidl_typesupport_introspection_c.h
[2.892s] -- Up-to-date: /home/mtrn/4231/A2_Project/Computer_Vision/packages/install/yolov8_msgs/include/yolov8_msgs/yolov8_msgs/msg/detail/key_point2_d__rosidl_typesupport_introspection_c.h
[2.892s] -- Up-to-date: /home/mtrn/4231/A2_Project/Computer_Vision/packages/install/yolov8_msgs/include/yolov8_msgs/yolov8_msgs/msg/detail/detection__rosidl_typesupport_introspection_c.h
[2.892s] -- Up-to-date: /home/mtrn/4231/A2_Project/Computer_Vision/packages/install/yolov8_msgs/include/yolov8_msgs/yolov8_msgs/msg/detail/vector2__type_support.c
[2.892s] -- Up-to-date: /home/mtrn/4231/A2_Project/Computer_Vision/packages/install/yolov8_msgs/include/yolov8_msgs/yolov8_msgs/msg/detail/detection_array__rosidl_typesupport_introspection_c.h
[2.892s] -- Up-to-date: /home/mtrn/4231/A2_Project/Computer_Vision/packages/install/yolov8_msgs/include/yolov8_msgs/yolov8_msgs/msg/detail/key_point3_d__rosidl_typesupport_introspection_c.h
[2.892s] -- Up-to-date: /home/mtrn/4231/A2_Project/Computer_Vision/packages/install/yolov8_msgs/include/yolov8_msgs/yolov8_msgs/msg/detail/bounding_box2_d__type_support.c
[2.893s] -- Up-to-date: /home/mtrn/4231/A2_Project/Computer_Vision/packages/install/yolov8_msgs/include/yolov8_msgs/yolov8_msgs/msg/detail/key_point2_d__type_support.c
[2.893s] -- Up-to-date: /home/mtrn/4231/A2_Project/Computer_Vision/packages/install/yolov8_msgs/lib/libyolov8_msgs__rosidl_typesupport_introspection_c.so
[2.893s] -- Up-to-date: /home/mtrn/4231/A2_Project/Computer_Vision/packages/install/yolov8_msgs/lib/libyolov8_msgs__rosidl_typesupport_c.so
[2.893s] -- Up-to-date: /home/mtrn/4231/A2_Project/Computer_Vision/packages/install/yolov8_msgs/include/yolov8_msgs/yolov8_msgs
[2.893s] -- Up-to-date: /home/mtrn/4231/A2_Project/Computer_Vision/packages/install/yolov8_msgs/include/yolov8_msgs/yolov8_msgs/msg
[2.893s] -- Up-to-date: /home/mtrn/4231/A2_Project/Computer_Vision/packages/install/yolov8_msgs/include/yolov8_msgs/yolov8_msgs/msg/vector2.hpp
[2.893s] -- Up-to-date: /home/mtrn/4231/A2_Project/Computer_Vision/packages/install/yolov8_msgs/include/yolov8_msgs/yolov8_msgs/msg/key_point2_d_array.hpp
[2.893s] -- Up-to-date: /home/mtrn/4231/A2_Project/Computer_Vision/packages/install/yolov8_msgs/include/yolov8_msgs/yolov8_msgs/msg/point2_d.hpp
[2.894s] -- Up-to-date: /home/mtrn/4231/A2_Project/Computer_Vision/packages/install/yolov8_msgs/include/yolov8_msgs/yolov8_msgs/msg/key_point2_d.hpp
[2.894s] -- Up-to-date: /home/mtrn/4231/A2_Project/Computer_Vision/packages/install/yolov8_msgs/include/yolov8_msgs/yolov8_msgs/msg/mask.hpp
[2.894s] -- Up-to-date: /home/mtrn/4231/A2_Project/Computer_Vision/packages/install/yolov8_msgs/include/yolov8_msgs/yolov8_msgs/msg/detection_array.hpp
[2.894s] -- Up-to-date: /home/mtrn/4231/A2_Project/Computer_Vision/packages/install/yolov8_msgs/include/yolov8_msgs/yolov8_msgs/msg/key_point3_d.hpp
[2.894s] -- Up-to-date: /home/mtrn/4231/A2_Project/Computer_Vision/packages/install/yolov8_msgs/include/yolov8_msgs/yolov8_msgs/msg/pose2_d.hpp
[2.894s] -- Up-to-date: /home/mtrn/4231/A2_Project/Computer_Vision/packages/install/yolov8_msgs/include/yolov8_msgs/yolov8_msgs/msg/detection.hpp
[2.895s] -- Up-to-date: /home/mtrn/4231/A2_Project/Computer_Vision/packages/install/yolov8_msgs/include/yolov8_msgs/yolov8_msgs/msg/key_point3_d_array.hpp
[2.895s] -- Up-to-date: /home/mtrn/4231/A2_Project/Computer_Vision/packages/install/yolov8_msgs/include/yolov8_msgs/yolov8_msgs/msg/bounding_box2_d.hpp
[2.895s] -- Up-to-date: /home/mtrn/4231/A2_Project/Computer_Vision/packages/install/yolov8_msgs/include/yolov8_msgs/yolov8_msgs/msg/detail
[2.895s] -- Up-to-date: /home/mtrn/4231/A2_Project/Computer_Vision/packages/install/yolov8_msgs/include/yolov8_msgs/yolov8_msgs/msg/detail/detection__struct.hpp
[2.895s] -- Up-to-date: /home/mtrn/4231/A2_Project/Computer_Vision/packages/install/yolov8_msgs/include/yolov8_msgs/yolov8_msgs/msg/detail/key_point2_d_array__traits.hpp
[2.895s] -- Up-to-date: /home/mtrn/4231/A2_Project/Computer_Vision/packages/install/yolov8_msgs/include/yolov8_msgs/yolov8_msgs/msg/detail/vector2__struct.hpp
[2.896s] -- Up-to-date: /home/mtrn/4231/A2_Project/Computer_Vision/packages/install/yolov8_msgs/include/yolov8_msgs/yolov8_msgs/msg/detail/bounding_box2_d__builder.hpp
[2.896s] -- Up-to-date: /home/mtrn/4231/A2_Project/Computer_Vision/packages/install/yolov8_msgs/include/yolov8_msgs/yolov8_msgs/msg/detail/mask__builder.hpp
[2.896s] -- Up-to-date: /home/mtrn/4231/A2_Project/Computer_Vision/packages/install/yolov8_msgs/include/yolov8_msgs/yolov8_msgs/msg/detail/key_point2_d__struct.hpp
[2.896s] -- Up-to-date: /home/mtrn/4231/A2_Project/Computer_Vision/packages/install/yolov8_msgs/include/yolov8_msgs/yolov8_msgs/msg/detail/key_point3_d_array__traits.hpp
[2.896s] -- Up-to-date: /home/mtrn/4231/A2_Project/Computer_Vision/packages/install/yolov8_msgs/include/yolov8_msgs/yolov8_msgs/msg/detail/bounding_box3_d__struct.hpp
[2.896s] -- Up-to-date: /home/mtrn/4231/A2_Project/Computer_Vision/packages/install/yolov8_msgs/include/yolov8_msgs/yolov8_msgs/msg/detail/bounding_box3_d__builder.hpp
[2.896s] -- Up-to-date: /home/mtrn/4231/A2_Project/Computer_Vision/packages/install/yolov8_msgs/include/yolov8_msgs/yolov8_msgs/msg/detail/key_point2_d__builder.hpp
[2.896s] -- Up-to-date: /home/mtrn/4231/A2_Project/Computer_Vision/packages/install/yolov8_msgs/include/yolov8_msgs/yolov8_msgs/msg/detail/mask__traits.hpp
[2.897s] -- Up-to-date: /home/mtrn/4231/A2_Project/Computer_Vision/packages/install/yolov8_msgs/include/yolov8_msgs/yolov8_msgs/msg/detail/detection_array__struct.hpp
[2.897s] -- Up-to-date: /home/mtrn/4231/A2_Project/Computer_Vision/packages/install/yolov8_msgs/include/yolov8_msgs/yolov8_msgs/msg/detail/key_point3_d_array__builder.hpp
[2.897s] -- Up-to-date: /home/mtrn/4231/A2_Project/Computer_Vision/packages/install/yolov8_msgs/include/yolov8_msgs/yolov8_msgs/msg/detail/detection__traits.hpp
[2.897s] -- Up-to-date: /home/mtrn/4231/A2_Project/Computer_Vision/packages/install/yolov8_msgs/include/yolov8_msgs/yolov8_msgs/msg/detail/detection__builder.hpp
[2.897s] -- Up-to-date: /home/mtrn/4231/A2_Project/Computer_Vision/packages/install/yolov8_msgs/include/yolov8_msgs/yolov8_msgs/msg/detail/detection_array__builder.hpp
[2.897s] -- Up-to-date: /home/mtrn/4231/A2_Project/Computer_Vision/packages/install/yolov8_msgs/include/yolov8_msgs/yolov8_msgs/msg/detail/mask__struct.hpp
[2.897s] -- Up-to-date: /home/mtrn/4231/A2_Project/Computer_Vision/packages/install/yolov8_msgs/include/yolov8_msgs/yolov8_msgs/msg/detail/key_point3_d_array__struct.hpp
[2.897s] -- Up-to-date: /home/mtrn/4231/A2_Project/Computer_Vision/packages/install/yolov8_msgs/include/yolov8_msgs/yolov8_msgs/msg/detail/detection_array__traits.hpp
[2.897s] -- Up-to-date: /home/mtrn/4231/A2_Project/Computer_Vision/packages/install/yolov8_msgs/include/yolov8_msgs/yolov8_msgs/msg/detail/point2_d__builder.hpp
[2.897s] -- Up-to-date: /home/mtrn/4231/A2_Project/Computer_Vision/packages/install/yolov8_msgs/include/yolov8_msgs/yolov8_msgs/msg/detail/vector2__builder.hpp
[2.898s] -- Up-to-date: /home/mtrn/4231/A2_Project/Computer_Vision/packages/install/yolov8_msgs/include/yolov8_msgs/yolov8_msgs/msg/detail/key_point3_d__builder.hpp
[2.898s] -- Up-to-date: /home/mtrn/4231/A2_Project/Computer_Vision/packages/install/yolov8_msgs/include/yolov8_msgs/yolov8_msgs/msg/detail/point2_d__struct.hpp
[2.898s] -- Up-to-date: /home/mtrn/4231/A2_Project/Computer_Vision/packages/install/yolov8_msgs/include/yolov8_msgs/yolov8_msgs/msg/detail/bounding_box2_d__struct.hpp
[2.898s] -- Up-to-date: /home/mtrn/4231/A2_Project/Computer_Vision/packages/install/yolov8_msgs/include/yolov8_msgs/yolov8_msgs/msg/detail/pose2_d__builder.hpp
[2.898s] -- Up-to-date: /home/mtrn/4231/A2_Project/Computer_Vision/packages/install/yolov8_msgs/include/yolov8_msgs/yolov8_msgs/msg/detail/pose2_d__struct.hpp
[2.898s] -- Up-to-date: /home/mtrn/4231/A2_Project/Computer_Vision/packages/install/yolov8_msgs/include/yolov8_msgs/yolov8_msgs/msg/detail/bounding_box2_d__traits.hpp
[2.898s] -- Up-to-date: /home/mtrn/4231/A2_Project/Computer_Vision/packages/install/yolov8_msgs/include/yolov8_msgs/yolov8_msgs/msg/detail/bounding_box3_d__traits.hpp
[2.898s] -- Up-to-date: /home/mtrn/4231/A2_Project/Computer_Vision/packages/install/yolov8_msgs/include/yolov8_msgs/yolov8_msgs/msg/detail/key_point3_d__struct.hpp
[2.898s] -- Up-to-date: /home/mtrn/4231/A2_Project/Computer_Vision/packages/install/yolov8_msgs/include/yolov8_msgs/yolov8_msgs/msg/detail/point2_d__traits.hpp
[2.899s] -- Up-to-date: /home/mtrn/4231/A2_Project/Computer_Vision/packages/install/yolov8_msgs/include/yolov8_msgs/yolov8_msgs/msg/detail/key_point2_d__traits.hpp
[2.899s] -- Up-to-date: /home/mtrn/4231/A2_Project/Computer_Vision/packages/install/yolov8_msgs/include/yolov8_msgs/yolov8_msgs/msg/detail/key_point2_d_array__builder.hpp
[2.899s] -- Up-to-date: /home/mtrn/4231/A2_Project/Computer_Vision/packages/install/yolov8_msgs/include/yolov8_msgs/yolov8_msgs/msg/detail/key_point3_d__traits.hpp
[2.899s] -- Up-to-date: /home/mtrn/4231/A2_Project/Computer_Vision/packages/install/yolov8_msgs/include/yolov8_msgs/yolov8_msgs/msg/detail/vector2__traits.hpp
[2.899s] -- Up-to-date: /home/mtrn/4231/A2_Project/Computer_Vision/packages/install/yolov8_msgs/include/yolov8_msgs/yolov8_msgs/msg/detail/pose2_d__traits.hpp
[2.899s] -- Up-to-date: /home/mtrn/4231/A2_Project/Computer_Vision/packages/install/yolov8_msgs/include/yolov8_msgs/yolov8_msgs/msg/detail/key_point2_d_array__struct.hpp
[2.899s] -- Up-to-date: /home/mtrn/4231/A2_Project/Computer_Vision/packages/install/yolov8_msgs/include/yolov8_msgs/yolov8_msgs/msg/bounding_box3_d.hpp
[2.899s] -- Up-to-date: /home/mtrn/4231/A2_Project/Computer_Vision/packages/install/yolov8_msgs/include/yolov8_msgs/yolov8_msgs
[2.900s] -- Up-to-date: /home/mtrn/4231/A2_Project/Computer_Vision/packages/install/yolov8_msgs/include/yolov8_msgs/yolov8_msgs/msg
[2.900s] -- Up-to-date: /home/mtrn/4231/A2_Project/Computer_Vision/packages/install/yolov8_msgs/include/yolov8_msgs/yolov8_msgs/msg/detail
[2.900s] -- Up-to-date: /home/mtrn/4231/A2_Project/Computer_Vision/packages/install/yolov8_msgs/include/yolov8_msgs/yolov8_msgs/msg/detail/bounding_box2_d__rosidl_typesupport_fastrtps_cpp.hpp
[2.900s] -- Up-to-date: /home/mtrn/4231/A2_Project/Computer_Vision/packages/install/yolov8_msgs/include/yolov8_msgs/yolov8_msgs/msg/detail/mask__rosidl_typesupport_fastrtps_cpp.hpp
[2.900s] -- Up-to-date: /home/mtrn/4231/A2_Project/Computer_Vision/packages/install/yolov8_msgs/include/yolov8_msgs/yolov8_msgs/msg/detail/bounding_box3_d__rosidl_typesupport_fastrtps_cpp.hpp
[2.900s] -- Up-to-date: /home/mtrn/4231/A2_Project/Computer_Vision/packages/install/yolov8_msgs/include/yolov8_msgs/yolov8_msgs/msg/detail/key_point2_d_array__rosidl_typesupport_fastrtps_cpp.hpp
[2.901s] -- Up-to-date: /home/mtrn/4231/A2_Project/Computer_Vision/packages/install/yolov8_msgs/include/yolov8_msgs/yolov8_msgs/msg/detail/pose2_d__rosidl_typesupport_fastrtps_cpp.hpp
[2.901s] -- Up-to-date: /home/mtrn/4231/A2_Project/Computer_Vision/packages/install/yolov8_msgs/include/yolov8_msgs/yolov8_msgs/msg/detail/detection__rosidl_typesupport_fastrtps_cpp.hpp
[2.903s] -- Up-to-date: /home/mtrn/4231/A2_Project/Computer_Vision/packages/install/yolov8_msgs/include/yolov8_msgs/yolov8_msgs/msg/detail/key_point2_d__rosidl_typesupport_fastrtps_cpp.hpp
[2.903s] -- Up-to-date: /home/mtrn/4231/A2_Project/Computer_Vision/packages/install/yolov8_msgs/include/yolov8_msgs/yolov8_msgs/msg/detail/key_point3_d__rosidl_typesupport_fastrtps_cpp.hpp
[2.903s] -- Up-to-date: /home/mtrn/4231/A2_Project/Computer_Vision/packages/install/yolov8_msgs/include/yolov8_msgs/yolov8_msgs/msg/detail/detection_array__rosidl_typesupport_fastrtps_cpp.hpp
[2.903s] -- Up-to-date: /home/mtrn/4231/A2_Project/Computer_Vision/packages/install/yolov8_msgs/include/yolov8_msgs/yolov8_msgs/msg/detail/dds_fastrtps
[2.903s] -- Up-to-date: /home/mtrn/4231/A2_Project/Computer_Vision/packages/install/yolov8_msgs/include/yolov8_msgs/yolov8_msgs/msg/detail/point2_d__rosidl_typesupport_fastrtps_cpp.hpp
[2.904s] -- Up-to-date: /home/mtrn/4231/A2_Project/Computer_Vision/packages/install/yolov8_msgs/include/yolov8_msgs/yolov8_msgs/msg/detail/key_point3_d_array__rosidl_typesupport_fastrtps_cpp.hpp
[2.904s] -- Up-to-date: /home/mtrn/4231/A2_Project/Computer_Vision/packages/install/yolov8_msgs/include/yolov8_msgs/yolov8_msgs/msg/detail/vector2__rosidl_typesupport_fastrtps_cpp.hpp
[2.904s] -- Up-to-date: /home/mtrn/4231/A2_Project/Computer_Vision/packages/install/yolov8_msgs/include/yolov8_msgs/yolov8_msgs/msg/rosidl_typesupport_fastrtps_cpp__visibility_control.h
[2.904s] -- Up-to-date: /home/mtrn/4231/A2_Project/Computer_Vision/packages/install/yolov8_msgs/lib/libyolov8_msgs__rosidl_typesupport_fastrtps_cpp.so
[2.904s] -- Up-to-date: /home/mtrn/4231/A2_Project/Computer_Vision/packages/install/yolov8_msgs/include/yolov8_msgs/yolov8_msgs
[2.904s] -- Up-to-date: /home/mtrn/4231/A2_Project/Computer_Vision/packages/install/yolov8_msgs/include/yolov8_msgs/yolov8_msgs/msg
[2.904s] -- Up-to-date: /home/mtrn/4231/A2_Project/Computer_Vision/packages/install/yolov8_msgs/include/yolov8_msgs/yolov8_msgs/msg/detail
[2.904s] -- Up-to-date: /home/mtrn/4231/A2_Project/Computer_Vision/packages/install/yolov8_msgs/include/yolov8_msgs/yolov8_msgs/msg/detail/key_point3_d__type_support.cpp
[2.904s] -- Up-to-date: /home/mtrn/4231/A2_Project/Computer_Vision/packages/install/yolov8_msgs/include/yolov8_msgs/yolov8_msgs/msg/detail/vector2__type_support.cpp
[2.905s] -- Up-to-date: /home/mtrn/4231/A2_Project/Computer_Vision/packages/install/yolov8_msgs/include/yolov8_msgs/yolov8_msgs/msg/detail/mask__rosidl_typesupport_introspection_cpp.hpp
[2.905s] -- Up-to-date: /home/mtrn/4231/A2_Project/Computer_Vision/packages/install/yolov8_msgs/include/yolov8_msgs/yolov8_msgs/msg/detail/key_point3_d_array__rosidl_typesupport_introspection_cpp.hpp
[2.905s] -- Up-to-date: /home/mtrn/4231/A2_Project/Computer_Vision/packages/install/yolov8_msgs/include/yolov8_msgs/yolov8_msgs/msg/detail/detection__rosidl_typesupport_introspection_cpp.hpp
[2.905s] -- Up-to-date: /home/mtrn/4231/A2_Project/Computer_Vision/packages/install/yolov8_msgs/include/yolov8_msgs/yolov8_msgs/msg/detail/point2_d__rosidl_typesupport_introspection_cpp.hpp
[2.905s] -- Up-to-date: /home/mtrn/4231/A2_Project/Computer_Vision/packages/install/yolov8_msgs/include/yolov8_msgs/yolov8_msgs/msg/detail/key_point3_d__rosidl_typesupport_introspection_cpp.hpp
[2.905s] -- Up-to-date: /home/mtrn/4231/A2_Project/Computer_Vision/packages/install/yolov8_msgs/include/yolov8_msgs/yolov8_msgs/msg/detail/detection_array__type_support.cpp
[2.905s] -- Up-to-date: /home/mtrn/4231/A2_Project/Computer_Vision/packages/install/yolov8_msgs/include/yolov8_msgs/yolov8_msgs/msg/detail/bounding_box3_d__type_support.cpp
[2.905s] -- Up-to-date: /home/mtrn/4231/A2_Project/Computer_Vision/packages/install/yolov8_msgs/include/yolov8_msgs/yolov8_msgs/msg/detail/key_point3_d_array__type_support.cpp
[2.905s] -- Up-to-date: /home/mtrn/4231/A2_Project/Computer_Vision/packages/install/yolov8_msgs/include/yolov8_msgs/yolov8_msgs/msg/detail/mask__type_support.cpp
[2.906s] -- Up-to-date: /home/mtrn/4231/A2_Project/Computer_Vision/packages/install/yolov8_msgs/include/yolov8_msgs/yolov8_msgs/msg/detail/key_point2_d_array__rosidl_typesupport_introspection_cpp.hpp
[2.906s] -- Up-to-date: /home/mtrn/4231/A2_Project/Computer_Vision/packages/install/yolov8_msgs/include/yolov8_msgs/yolov8_msgs/msg/detail/bounding_box2_d__type_support.cpp
[2.906s] -- Up-to-date: /home/mtrn/4231/A2_Project/Computer_Vision/packages/install/yolov8_msgs/include/yolov8_msgs/yolov8_msgs/msg/detail/pose2_d__rosidl_typesupport_introspection_cpp.hpp
[2.906s] -- Up-to-date: /home/mtrn/4231/A2_Project/Computer_Vision/packages/install/yolov8_msgs/include/yolov8_msgs/yolov8_msgs/msg/detail/detection__type_support.cpp
[2.906s] -- Up-to-date: /home/mtrn/4231/A2_Project/Computer_Vision/packages/install/yolov8_msgs/include/yolov8_msgs/yolov8_msgs/msg/detail/detection_array__rosidl_typesupport_introspection_cpp.hpp
[2.906s] -- Up-to-date: /home/mtrn/4231/A2_Project/Computer_Vision/packages/install/yolov8_msgs/include/yolov8_msgs/yolov8_msgs/msg/detail/pose2_d__type_support.cpp
[2.906s] -- Up-to-date: /home/mtrn/4231/A2_Project/Computer_Vision/packages/install/yolov8_msgs/include/yolov8_msgs/yolov8_msgs/msg/detail/vector2__rosidl_typesupport_introspection_cpp.hpp
[2.906s] -- Up-to-date: /home/mtrn/4231/A2_Project/Computer_Vision/packages/install/yolov8_msgs/include/yolov8_msgs/yolov8_msgs/msg/detail/key_point2_d__rosidl_typesupport_introspection_cpp.hpp
[2.906s] -- Up-to-date: /home/mtrn/4231/A2_Project/Computer_Vision/packages/install/yolov8_msgs/include/yolov8_msgs/yolov8_msgs/msg/detail/key_point2_d_array__type_support.cpp
[2.907s] -- Up-to-date: /home/mtrn/4231/A2_Project/Computer_Vision/packages/install/yolov8_msgs/include/yolov8_msgs/yolov8_msgs/msg/detail/bounding_box3_d__rosidl_typesupport_introspection_cpp.hpp
[2.907s] -- Up-to-date: /home/mtrn/4231/A2_Project/Computer_Vision/packages/install/yolov8_msgs/include/yolov8_msgs/yolov8_msgs/msg/detail/point2_d__type_support.cpp
[2.907s] -- Up-to-date: /home/mtrn/4231/A2_Project/Computer_Vision/packages/install/yolov8_msgs/include/yolov8_msgs/yolov8_msgs/msg/detail/bounding_box2_d__rosidl_typesupport_introspection_cpp.hpp
[2.907s] -- Up-to-date: /home/mtrn/4231/A2_Project/Computer_Vision/packages/install/yolov8_msgs/include/yolov8_msgs/yolov8_msgs/msg/detail/key_point2_d__type_support.cpp
[2.908s] -- Up-to-date: /home/mtrn/4231/A2_Project/Computer_Vision/packages/install/yolov8_msgs/lib/libyolov8_msgs__rosidl_typesupport_introspection_cpp.so
[2.908s] -- Up-to-date: /home/mtrn/4231/A2_Project/Computer_Vision/packages/install/yolov8_msgs/lib/libyolov8_msgs__rosidl_typesupport_cpp.so
[2.908s] -- Up-to-date: /home/mtrn/4231/A2_Project/Computer_Vision/packages/install/yolov8_msgs/share/yolov8_msgs/environment/pythonpath.sh
[2.908s] -- Up-to-date: /home/mtrn/4231/A2_Project/Computer_Vision/packages/install/yolov8_msgs/share/yolov8_msgs/environment/pythonpath.dsv
[2.908s] -- Up-to-date: /home/mtrn/4231/A2_Project/Computer_Vision/packages/install/yolov8_msgs/local/lib/python3.10/dist-packages/yolov8_msgs-0.0.0-py3.10.egg-info
[2.908s] -- Installing: /home/mtrn/4231/A2_Project/Computer_Vision/packages/install/yolov8_msgs/local/lib/python3.10/dist-packages/yolov8_msgs-0.0.0-py3.10.egg-info/top_level.txt
[2.908s] -- Installing: /home/mtrn/4231/A2_Project/Computer_Vision/packages/install/yolov8_msgs/local/lib/python3.10/dist-packages/yolov8_msgs-0.0.0-py3.10.egg-info/SOURCES.txt
[2.908s] -- Installing: /home/mtrn/4231/A2_Project/Computer_Vision/packages/install/yolov8_msgs/local/lib/python3.10/dist-packages/yolov8_msgs-0.0.0-py3.10.egg-info/PKG-INFO
[2.908s] -- Installing: /home/mtrn/4231/A2_Project/Computer_Vision/packages/install/yolov8_msgs/local/lib/python3.10/dist-packages/yolov8_msgs-0.0.0-py3.10.egg-info/dependency_links.txt
[2.908s] -- Up-to-date: /home/mtrn/4231/A2_Project/Computer_Vision/packages/install/yolov8_msgs/local/lib/python3.10/dist-packages/yolov8_msgs
[2.909s] -- Up-to-date: /home/mtrn/4231/A2_Project/Computer_Vision/packages/install/yolov8_msgs/local/lib/python3.10/dist-packages/yolov8_msgs/yolov8_msgs_s__rosidl_typesupport_introspection_c.cpython-310-x86_64-linux-gnu.so
[2.909s] -- Up-to-date: /home/mtrn/4231/A2_Project/Computer_Vision/packages/install/yolov8_msgs/local/lib/python3.10/dist-packages/yolov8_msgs/_yolov8_msgs_s.ep.rosidl_typesupport_c.c
[2.909s] -- Up-to-date: /home/mtrn/4231/A2_Project/Computer_Vision/packages/install/yolov8_msgs/local/lib/python3.10/dist-packages/yolov8_msgs/yolov8_msgs_s__rosidl_typesupport_fastrtps_c.cpython-310-x86_64-linux-gnu.so
[2.909s] -- Up-to-date: /home/mtrn/4231/A2_Project/Computer_Vision/packages/install/yolov8_msgs/local/lib/python3.10/dist-packages/yolov8_msgs/yolov8_msgs_s__rosidl_typesupport_c.cpython-310-x86_64-linux-gnu.so
[2.909s] -- Up-to-date: /home/mtrn/4231/A2_Project/Computer_Vision/packages/install/yolov8_msgs/local/lib/python3.10/dist-packages/yolov8_msgs/_yolov8_msgs_s.ep.rosidl_typesupport_fastrtps_c.c
[2.909s] -- Up-to-date: /home/mtrn/4231/A2_Project/Computer_Vision/packages/install/yolov8_msgs/local/lib/python3.10/dist-packages/yolov8_msgs/msg
[2.909s] -- Up-to-date: /home/mtrn/4231/A2_Project/Computer_Vision/packages/install/yolov8_msgs/local/lib/python3.10/dist-packages/yolov8_msgs/msg/_key_point3_d_array.py
[2.909s] -- Up-to-date: /home/mtrn/4231/A2_Project/Computer_Vision/packages/install/yolov8_msgs/local/lib/python3.10/dist-packages/yolov8_msgs/msg/_bounding_box3_d_s.c
[2.909s] -- Up-to-date: /home/mtrn/4231/A2_Project/Computer_Vision/packages/install/yolov8_msgs/local/lib/python3.10/dist-packages/yolov8_msgs/msg/_detection_s.c
[2.909s] -- Up-to-date: /home/mtrn/4231/A2_Project/Computer_Vision/packages/install/yolov8_msgs/local/lib/python3.10/dist-packages/yolov8_msgs/msg/_pose2_d_s.c
[2.910s] -- Up-to-date: /home/mtrn/4231/A2_Project/Computer_Vision/packages/install/yolov8_msgs/local/lib/python3.10/dist-packages/yolov8_msgs/msg/_mask_s.c
[2.910s] -- Up-to-date: /home/mtrn/4231/A2_Project/Computer_Vision/packages/install/yolov8_msgs/local/lib/python3.10/dist-packages/yolov8_msgs/msg/_key_point2_d_array.py
[2.910s] -- Up-to-date: /home/mtrn/4231/A2_Project/Computer_Vision/packages/install/yolov8_msgs/local/lib/python3.10/dist-packages/yolov8_msgs/msg/_detection_array.py
[2.910s] -- Up-to-date: /home/mtrn/4231/A2_Project/Computer_Vision/packages/install/yolov8_msgs/local/lib/python3.10/dist-packages/yolov8_msgs/msg/_key_point3_d_array_s.c
[2.910s] -- Up-to-date: /home/mtrn/4231/A2_Project/Computer_Vision/packages/install/yolov8_msgs/local/lib/python3.10/dist-packages/yolov8_msgs/msg/_key_point2_d_s.c
[2.910s] -- Up-to-date: /home/mtrn/4231/A2_Project/Computer_Vision/packages/install/yolov8_msgs/local/lib/python3.10/dist-packages/yolov8_msgs/msg/_detection_array_s.c
[2.910s] -- Up-to-date: /home/mtrn/4231/A2_Project/Computer_Vision/packages/install/yolov8_msgs/local/lib/python3.10/dist-packages/yolov8_msgs/msg/_vector2_s.c
[2.910s] -- Up-to-date: /home/mtrn/4231/A2_Project/Computer_Vision/packages/install/yolov8_msgs/local/lib/python3.10/dist-packages/yolov8_msgs/msg/_key_point2_d.py
[2.910s] -- Up-to-date: /home/mtrn/4231/A2_Project/Computer_Vision/packages/install/yolov8_msgs/local/lib/python3.10/dist-packages/yolov8_msgs/msg/_bounding_box2_d.py
[2.910s] -- Up-to-date: /home/mtrn/4231/A2_Project/Computer_Vision/packages/install/yolov8_msgs/local/lib/python3.10/dist-packages/yolov8_msgs/msg/_point2_d.py
[2.910s] -- Up-to-date: /home/mtrn/4231/A2_Project/Computer_Vision/packages/install/yolov8_msgs/local/lib/python3.10/dist-packages/yolov8_msgs/msg/_key_point3_d.py
[2.911s] -- Up-to-date: /home/mtrn/4231/A2_Project/Computer_Vision/packages/install/yolov8_msgs/local/lib/python3.10/dist-packages/yolov8_msgs/msg/_key_point3_d_s.c
[2.911s] -- Up-to-date: /home/mtrn/4231/A2_Project/Computer_Vision/packages/install/yolov8_msgs/local/lib/python3.10/dist-packages/yolov8_msgs/msg/_pose2_d.py
[2.911s] -- Up-to-date: /home/mtrn/4231/A2_Project/Computer_Vision/packages/install/yolov8_msgs/local/lib/python3.10/dist-packages/yolov8_msgs/msg/_detection.py
[2.911s] -- Up-to-date: /home/mtrn/4231/A2_Project/Computer_Vision/packages/install/yolov8_msgs/local/lib/python3.10/dist-packages/yolov8_msgs/msg/_vector2.py
[2.911s] -- Up-to-date: /home/mtrn/4231/A2_Project/Computer_Vision/packages/install/yolov8_msgs/local/lib/python3.10/dist-packages/yolov8_msgs/msg/_mask.py
[2.911s] -- Up-to-date: /home/mtrn/4231/A2_Project/Computer_Vision/packages/install/yolov8_msgs/local/lib/python3.10/dist-packages/yolov8_msgs/msg/_bounding_box2_d_s.c
[2.911s] -- Up-to-date: /home/mtrn/4231/A2_Project/Computer_Vision/packages/install/yolov8_msgs/local/lib/python3.10/dist-packages/yolov8_msgs/msg/__init__.py
[2.911s] -- Up-to-date: /home/mtrn/4231/A2_Project/Computer_Vision/packages/install/yolov8_msgs/local/lib/python3.10/dist-packages/yolov8_msgs/msg/_bounding_box3_d.py
[2.912s] -- Up-to-date: /home/mtrn/4231/A2_Project/Computer_Vision/packages/install/yolov8_msgs/local/lib/python3.10/dist-packages/yolov8_msgs/msg/_point2_d_s.c
[2.912s] -- Up-to-date: /home/mtrn/4231/A2_Project/Computer_Vision/packages/install/yolov8_msgs/local/lib/python3.10/dist-packages/yolov8_msgs/msg/_key_point2_d_array_s.c
[2.912s] -- Up-to-date: /home/mtrn/4231/A2_Project/Computer_Vision/packages/install/yolov8_msgs/local/lib/python3.10/dist-packages/yolov8_msgs/libyolov8_msgs__rosidl_generator_py.so
[2.912s] -- Up-to-date: /home/mtrn/4231/A2_Project/Computer_Vision/packages/install/yolov8_msgs/local/lib/python3.10/dist-packages/yolov8_msgs/__init__.py
[2.912s] -- Up-to-date: /home/mtrn/4231/A2_Project/Computer_Vision/packages/install/yolov8_msgs/local/lib/python3.10/dist-packages/yolov8_msgs/_yolov8_msgs_s.ep.rosidl_typesupport_introspection_c.c
[2.952s] Listing '/home/mtrn/4231/A2_Project/Computer_Vision/packages/install/yolov8_msgs/local/lib/python3.10/dist-packages/yolov8_msgs'...
[2.952s] Listing '/home/mtrn/4231/A2_Project/Computer_Vision/packages/install/yolov8_msgs/local/lib/python3.10/dist-packages/yolov8_msgs/msg'...
[2.960s] -- Up-to-date: /home/mtrn/4231/A2_Project/Computer_Vision/packages/install/yolov8_msgs/local/lib/python3.10/dist-packages/yolov8_msgs/yolov8_msgs_s__rosidl_typesupport_fastrtps_c.cpython-310-x86_64-linux-gnu.so
[2.960s] -- Up-to-date: /home/mtrn/4231/A2_Project/Computer_Vision/packages/install/yolov8_msgs/local/lib/python3.10/dist-packages/yolov8_msgs/yolov8_msgs_s__rosidl_typesupport_introspection_c.cpython-310-x86_64-linux-gnu.so
[2.960s] -- Up-to-date: /home/mtrn/4231/A2_Project/Computer_Vision/packages/install/yolov8_msgs/local/lib/python3.10/dist-packages/yolov8_msgs/yolov8_msgs_s__rosidl_typesupport_c.cpython-310-x86_64-linux-gnu.so
[2.961s] -- Up-to-date: /home/mtrn/4231/A2_Project/Computer_Vision/packages/install/yolov8_msgs/lib/libyolov8_msgs__rosidl_generator_py.so
[2.961s] -- Up-to-date: /home/mtrn/4231/A2_Project/Computer_Vision/packages/install/yolov8_msgs/share/yolov8_msgs/msg/Point2D.idl
[2.962s] -- Up-to-date: /home/mtrn/4231/A2_Project/Computer_Vision/packages/install/yolov8_msgs/share/yolov8_msgs/msg/Vector2.idl
[2.962s] -- Up-to-date: /home/mtrn/4231/A2_Project/Computer_Vision/packages/install/yolov8_msgs/share/yolov8_msgs/msg/Pose2D.idl
[2.962s] -- Up-to-date: /home/mtrn/4231/A2_Project/Computer_Vision/packages/install/yolov8_msgs/share/yolov8_msgs/msg/BoundingBox2D.idl
[2.962s] -- Up-to-date: /home/mtrn/4231/A2_Project/Computer_Vision/packages/install/yolov8_msgs/share/yolov8_msgs/msg/BoundingBox3D.idl
[2.962s] -- Up-to-date: /home/mtrn/4231/A2_Project/Computer_Vision/packages/install/yolov8_msgs/share/yolov8_msgs/msg/Mask.idl
[2.963s] -- Up-to-date: /home/mtrn/4231/A2_Project/Computer_Vision/packages/install/yolov8_msgs/share/yolov8_msgs/msg/KeyPoint2D.idl
[2.963s] -- Up-to-date: /home/mtrn/4231/A2_Project/Computer_Vision/packages/install/yolov8_msgs/share/yolov8_msgs/msg/KeyPoint2DArray.idl
[2.964s] -- Up-to-date: /home/mtrn/4231/A2_Project/Computer_Vision/packages/install/yolov8_msgs/share/yolov8_msgs/msg/KeyPoint3D.idl
[2.965s] -- Up-to-date: /home/mtrn/4231/A2_Project/Computer_Vision/packages/install/yolov8_msgs/share/yolov8_msgs/msg/KeyPoint3DArray.idl
[2.965s] -- Up-to-date: /home/mtrn/4231/A2_Project/Computer_Vision/packages/install/yolov8_msgs/share/yolov8_msgs/msg/Detection.idl
[2.965s] -- Up-to-date: /home/mtrn/4231/A2_Project/Computer_Vision/packages/install/yolov8_msgs/share/yolov8_msgs/msg/DetectionArray.idl
[2.965s] -- Up-to-date: /home/mtrn/4231/A2_Project/Computer_Vision/packages/install/yolov8_msgs/share/yolov8_msgs/msg/Point2D.msg
[2.966s] -- Up-to-date: /home/mtrn/4231/A2_Project/Computer_Vision/packages/install/yolov8_msgs/share/yolov8_msgs/msg/Vector2.msg
[2.966s] -- Up-to-date: /home/mtrn/4231/A2_Project/Computer_Vision/packages/install/yolov8_msgs/share/yolov8_msgs/msg/Pose2D.msg
[2.966s] -- Up-to-date: /home/mtrn/4231/A2_Project/Computer_Vision/packages/install/yolov8_msgs/share/yolov8_msgs/msg/BoundingBox2D.msg
[2.966s] -- Up-to-date: /home/mtrn/4231/A2_Project/Computer_Vision/packages/install/yolov8_msgs/share/yolov8_msgs/msg/BoundingBox3D.msg
[2.967s] -- Up-to-date: /home/mtrn/4231/A2_Project/Computer_Vision/packages/install/yolov8_msgs/share/yolov8_msgs/msg/Mask.msg
[2.967s] -- Up-to-date: /home/mtrn/4231/A2_Project/Computer_Vision/packages/install/yolov8_msgs/share/yolov8_msgs/msg/KeyPoint2D.msg
[2.967s] -- Up-to-date: /home/mtrn/4231/A2_Project/Computer_Vision/packages/install/yolov8_msgs/share/yolov8_msgs/msg/KeyPoint2DArray.msg
[2.967s] -- Up-to-date: /home/mtrn/4231/A2_Project/Computer_Vision/packages/install/yolov8_msgs/share/yolov8_msgs/msg/KeyPoint3D.msg
[2.967s] -- Up-to-date: /home/mtrn/4231/A2_Project/Computer_Vision/packages/install/yolov8_msgs/share/yolov8_msgs/msg/KeyPoint3DArray.msg
[2.967s] -- Up-to-date: /home/mtrn/4231/A2_Project/Computer_Vision/packages/install/yolov8_msgs/share/yolov8_msgs/msg/Detection.msg
[2.967s] -- Up-to-date: /home/mtrn/4231/A2_Project/Computer_Vision/packages/install/yolov8_msgs/share/yolov8_msgs/msg/DetectionArray.msg
[2.968s] -- Up-to-date: /home/mtrn/4231/A2_Project/Computer_Vision/packages/install/yolov8_msgs/share/ament_index/resource_index/package_run_dependencies/yolov8_msgs
[2.968s] -- Up-to-date: /home/mtrn/4231/A2_Project/Computer_Vision/packages/install/yolov8_msgs/share/ament_index/resource_index/parent_prefix_path/yolov8_msgs
[2.968s] -- Up-to-date: /home/mtrn/4231/A2_Project/Computer_Vision/packages/install/yolov8_msgs/share/yolov8_msgs/environment/ament_prefix_path.sh
[2.968s] -- Up-to-date: /home/mtrn/4231/A2_Project/Computer_Vision/packages/install/yolov8_msgs/share/yolov8_msgs/environment/ament_prefix_path.dsv
[2.968s] -- Up-to-date: /home/mtrn/4231/A2_Project/Computer_Vision/packages/install/yolov8_msgs/share/yolov8_msgs/environment/path.sh
[2.968s] -- Up-to-date: /home/mtrn/4231/A2_Project/Computer_Vision/packages/install/yolov8_msgs/share/yolov8_msgs/environment/path.dsv
[2.969s] -- Up-to-date: /home/mtrn/4231/A2_Project/Computer_Vision/packages/install/yolov8_msgs/share/yolov8_msgs/local_setup.bash
[2.969s] -- Up-to-date: /home/mtrn/4231/A2_Project/Computer_Vision/packages/install/yolov8_msgs/share/yolov8_msgs/local_setup.sh
[2.969s] -- Up-to-date: /home/mtrn/4231/A2_Project/Computer_Vision/packages/install/yolov8_msgs/share/yolov8_msgs/local_setup.zsh
[2.969s] -- Up-to-date: /home/mtrn/4231/A2_Project/Computer_Vision/packages/install/yolov8_msgs/share/yolov8_msgs/local_setup.dsv
[2.969s] -- Installing: /home/mtrn/4231/A2_Project/Computer_Vision/packages/install/yolov8_msgs/share/yolov8_msgs/package.dsv
[2.970s] -- Up-to-date: /home/mtrn/4231/A2_Project/Computer_Vision/packages/install/yolov8_msgs/share/ament_index/resource_index/packages/yolov8_msgs
[2.970s] -- Up-to-date: /home/mtrn/4231/A2_Project/Computer_Vision/packages/install/yolov8_msgs/share/yolov8_msgs/cmake/export_yolov8_msgs__rosidl_generator_cExport.cmake
[2.970s] -- Up-to-date: /home/mtrn/4231/A2_Project/Computer_Vision/packages/install/yolov8_msgs/share/yolov8_msgs/cmake/export_yolov8_msgs__rosidl_generator_cExport-noconfig.cmake
[2.970s] -- Up-to-date: /home/mtrn/4231/A2_Project/Computer_Vision/packages/install/yolov8_msgs/share/yolov8_msgs/cmake/export_yolov8_msgs__rosidl_typesupport_fastrtps_cExport.cmake
[2.971s] -- Up-to-date: /home/mtrn/4231/A2_Project/Computer_Vision/packages/install/yolov8_msgs/share/yolov8_msgs/cmake/export_yolov8_msgs__rosidl_typesupport_fastrtps_cExport-noconfig.cmake
[2.971s] -- Up-to-date: /home/mtrn/4231/A2_Project/Computer_Vision/packages/install/yolov8_msgs/share/yolov8_msgs/cmake/yolov8_msgs__rosidl_typesupport_introspection_cExport.cmake
[2.971s] -- Up-to-date: /home/mtrn/4231/A2_Project/Computer_Vision/packages/install/yolov8_msgs/share/yolov8_msgs/cmake/yolov8_msgs__rosidl_typesupport_introspection_cExport-noconfig.cmake
[2.972s] -- Up-to-date: /home/mtrn/4231/A2_Project/Computer_Vision/packages/install/yolov8_msgs/share/yolov8_msgs/cmake/yolov8_msgs__rosidl_typesupport_cExport.cmake
[2.972s] -- Up-to-date: /home/mtrn/4231/A2_Project/Computer_Vision/packages/install/yolov8_msgs/share/yolov8_msgs/cmake/yolov8_msgs__rosidl_typesupport_cExport-noconfig.cmake
[2.972s] -- Up-to-date: /home/mtrn/4231/A2_Project/Computer_Vision/packages/install/yolov8_msgs/share/yolov8_msgs/cmake/export_yolov8_msgs__rosidl_generator_cppExport.cmake
[2.972s] -- Up-to-date: /home/mtrn/4231/A2_Project/Computer_Vision/packages/install/yolov8_msgs/share/yolov8_msgs/cmake/export_yolov8_msgs__rosidl_typesupport_fastrtps_cppExport.cmake
[2.972s] -- Up-to-date: /home/mtrn/4231/A2_Project/Computer_Vision/packages/install/yolov8_msgs/share/yolov8_msgs/cmake/export_yolov8_msgs__rosidl_typesupport_fastrtps_cppExport-noconfig.cmake
[2.973s] -- Up-to-date: /home/mtrn/4231/A2_Project/Computer_Vision/packages/install/yolov8_msgs/share/yolov8_msgs/cmake/yolov8_msgs__rosidl_typesupport_introspection_cppExport.cmake
[2.973s] -- Up-to-date: /home/mtrn/4231/A2_Project/Computer_Vision/packages/install/yolov8_msgs/share/yolov8_msgs/cmake/yolov8_msgs__rosidl_typesupport_introspection_cppExport-noconfig.cmake
[2.973s] -- Up-to-date: /home/mtrn/4231/A2_Project/Computer_Vision/packages/install/yolov8_msgs/share/yolov8_msgs/cmake/yolov8_msgs__rosidl_typesupport_cppExport.cmake
[2.974s] -- Up-to-date: /home/mtrn/4231/A2_Project/Computer_Vision/packages/install/yolov8_msgs/share/yolov8_msgs/cmake/yolov8_msgs__rosidl_typesupport_cppExport-noconfig.cmake
[2.974s] -- Up-to-date: /home/mtrn/4231/A2_Project/Computer_Vision/packages/install/yolov8_msgs/share/yolov8_msgs/cmake/export_yolov8_msgs__rosidl_generator_pyExport.cmake
[2.974s] -- Up-to-date: /home/mtrn/4231/A2_Project/Computer_Vision/packages/install/yolov8_msgs/share/yolov8_msgs/cmake/export_yolov8_msgs__rosidl_generator_pyExport-noconfig.cmake
[2.974s] -- Up-to-date: /home/mtrn/4231/A2_Project/Computer_Vision/packages/install/yolov8_msgs/share/yolov8_msgs/cmake/rosidl_cmake-extras.cmake
[2.975s] -- Up-to-date: /home/mtrn/4231/A2_Project/Computer_Vision/packages/install/yolov8_msgs/share/yolov8_msgs/cmake/ament_cmake_export_dependencies-extras.cmake
[2.975s] -- Up-to-date: /home/mtrn/4231/A2_Project/Computer_Vision/packages/install/yolov8_msgs/share/yolov8_msgs/cmake/ament_cmake_export_include_directories-extras.cmake
[2.975s] -- Up-to-date: /home/mtrn/4231/A2_Project/Computer_Vision/packages/install/yolov8_msgs/share/yolov8_msgs/cmake/ament_cmake_export_libraries-extras.cmake
[2.975s] -- Up-to-date: /home/mtrn/4231/A2_Project/Computer_Vision/packages/install/yolov8_msgs/share/yolov8_msgs/cmake/ament_cmake_export_targets-extras.cmake
[2.976s] -- Up-to-date: /home/mtrn/4231/A2_Project/Computer_Vision/packages/install/yolov8_msgs/share/yolov8_msgs/cmake/rosidl_cmake_export_typesupport_targets-extras.cmake
[2.976s] -- Up-to-date: /home/mtrn/4231/A2_Project/Computer_Vision/packages/install/yolov8_msgs/share/yolov8_msgs/cmake/rosidl_cmake_export_typesupport_libraries-extras.cmake
[2.976s] -- Up-to-date: /home/mtrn/4231/A2_Project/Computer_Vision/packages/install/yolov8_msgs/share/yolov8_msgs/cmake/yolov8_msgsConfig.cmake
[2.976s] -- Up-to-date: /home/mtrn/4231/A2_Project/Computer_Vision/packages/install/yolov8_msgs/share/yolov8_msgs/cmake/yolov8_msgsConfig-version.cmake
[2.976s] -- Up-to-date: /home/mtrn/4231/A2_Project/Computer_Vision/packages/install/yolov8_msgs/share/yolov8_msgs/package.xml
[2.991s] Invoked command in '/home/mtrn/4231/A2_Project/Computer_Vision/packages/build/yolov8_msgs' returned '0': CMAKE_PREFIX_PATH=${CMAKE_PREFIX_PATH}:/home/mtrn/4231/A2_Project/Computer_Vision/packages/install/yolov8_ros:/home/mtrn/4231/A2_Project/Computer_Vision/packages/install/yolov8_node:/home/mtrn/4231/A2_Project/Computer_Vision/packages/install/image_warper:/home/mtrn/4231/ws_moveit2/install/moveit_configs_utils:/home/mtrn/4231/ws_moveit2/install/launch_param_builder:/opt/ros/humble /usr/bin/cmake --install /home/mtrn/4231/A2_Project/Computer_Vision/packages/build/yolov8_msgs
