[0.051s] Invoking command in '/home/mtrn/A2_project/A2_Project/Computer_Vision/packages/build/yolov8_bringup': AMENT_PREFIX_PATH=/home/mtrn/A2_project/A2_Project/Computer_Vision/packages/install/yolov8_ros:${AMENT_PREFIX_PATH} CMAKE_PREFIX_PATH=${CMAKE_PREFIX_PATH}:/home/mtrn/4231/ws_moveit2/install/moveit_configs_utils:/home/mtrn/4231/ws_moveit2/install/launch_param_builder:/opt/ros/humble PYTHONPATH=/home/mtrn/A2_project/A2_Project/Computer_Vision/packages/install/yolov8_ros/lib/python3.10/site-packages:${PYTHONPATH} /home/mtrn/.local/bin/cmake /home/mtrn/A2_project/A2_Project/Computer_Vision/packages/src/yolo_ros/yolov8_bringup -DCMAKE_INSTALL_PREFIX=/home/mtrn/A2_project/A2_Project/Computer_Vision/packages/install/yolov8_bringup
[0.209s] -- The C compiler identification is GNU 11.4.0
[0.317s] -- The CXX compiler identification is GNU 11.4.0
[0.354s] -- Detecting C compiler ABI info
[0.519s] -- Detecting C compiler ABI info - done
[0.540s] -- Check for working C compiler: /usr/bin/cc - skipped
[0.540s] -- Detecting C compile features
[0.541s] -- Detecting C compile features - done
[0.565s] -- Detecting CXX compiler ABI info
[0.729s] -- Detecting CXX compiler ABI info - done
[0.761s] -- Check for working CXX compiler: /usr/bin/c++ - skipped
[0.761s] -- Detecting CXX compile features
[0.762s] -- Detecting CXX compile features - done
[0.772s] -- Found ament_cmake: 1.3.5 (/opt/ros/humble/share/ament_cmake/cmake)
[1.780s] -- Found Python3: /usr/bin/python3.10 (found version "3.10.12") found components: Interpreter 
[2.132s] -- Configuring done (2.0s)
[2.135s] -- Generating done (0.0s)
[2.137s] -- Build files have been written to: /home/mtrn/A2_project/A2_Project/Computer_Vision/packages/build/yolov8_bringup
[2.156s] Invoked command in '/home/mtrn/A2_project/A2_Project/Computer_Vision/packages/build/yolov8_bringup' returned '0': AMENT_PREFIX_PATH=/home/mtrn/A2_project/A2_Project/Computer_Vision/packages/install/yolov8_ros:${AMENT_PREFIX_PATH} CMAKE_PREFIX_PATH=${CMAKE_PREFIX_PATH}:/home/mtrn/4231/ws_moveit2/install/moveit_configs_utils:/home/mtrn/4231/ws_moveit2/install/launch_param_builder:/opt/ros/humble PYTHONPATH=/home/mtrn/A2_project/A2_Project/Computer_Vision/packages/install/yolov8_ros/lib/python3.10/site-packages:${PYTHONPATH} /home/mtrn/.local/bin/cmake /home/mtrn/A2_project/A2_Project/Computer_Vision/packages/src/yolo_ros/yolov8_bringup -DCMAKE_INSTALL_PREFIX=/home/mtrn/A2_project/A2_Project/Computer_Vision/packages/install/yolov8_bringup
[2.159s] Invoking command in '/home/mtrn/A2_project/A2_Project/Computer_Vision/packages/build/yolov8_bringup': AMENT_PREFIX_PATH=/home/mtrn/A2_project/A2_Project/Computer_Vision/packages/install/yolov8_ros:${AMENT_PREFIX_PATH} CMAKE_PREFIX_PATH=${CMAKE_PREFIX_PATH}:/home/mtrn/4231/ws_moveit2/install/moveit_configs_utils:/home/mtrn/4231/ws_moveit2/install/launch_param_builder:/opt/ros/humble PYTHONPATH=/home/mtrn/A2_project/A2_Project/Computer_Vision/packages/install/yolov8_ros/lib/python3.10/site-packages:${PYTHONPATH} /home/mtrn/.local/bin/cmake --build /home/mtrn/A2_project/A2_Project/Computer_Vision/packages/build/yolov8_bringup -- -j12 -l12
[2.268s] Invoked command in '/home/mtrn/A2_project/A2_Project/Computer_Vision/packages/build/yolov8_bringup' returned '0': AMENT_PREFIX_PATH=/home/mtrn/A2_project/A2_Project/Computer_Vision/packages/install/yolov8_ros:${AMENT_PREFIX_PATH} CMAKE_PREFIX_PATH=${CMAKE_PREFIX_PATH}:/home/mtrn/4231/ws_moveit2/install/moveit_configs_utils:/home/mtrn/4231/ws_moveit2/install/launch_param_builder:/opt/ros/humble PYTHONPATH=/home/mtrn/A2_project/A2_Project/Computer_Vision/packages/install/yolov8_ros/lib/python3.10/site-packages:${PYTHONPATH} /home/mtrn/.local/bin/cmake --build /home/mtrn/A2_project/A2_Project/Computer_Vision/packages/build/yolov8_bringup -- -j12 -l12
[2.461s] Invoking command in '/home/mtrn/A2_project/A2_Project/Computer_Vision/packages/build/yolov8_bringup': AMENT_PREFIX_PATH=/home/mtrn/A2_project/A2_Project/Computer_Vision/packages/install/yolov8_ros:${AMENT_PREFIX_PATH} CMAKE_PREFIX_PATH=${CMAKE_PREFIX_PATH}:/home/mtrn/4231/ws_moveit2/install/moveit_configs_utils:/home/mtrn/4231/ws_moveit2/install/launch_param_builder:/opt/ros/humble PYTHONPATH=/home/mtrn/A2_project/A2_Project/Computer_Vision/packages/install/yolov8_ros/lib/python3.10/site-packages:${PYTHONPATH} /home/mtrn/.local/bin/cmake --install /home/mtrn/A2_project/A2_Project/Computer_Vision/packages/build/yolov8_bringup
[2.506s] -- Install configuration: ""
[2.506s] -- Installing: /home/mtrn/A2_project/A2_Project/Computer_Vision/packages/install/yolov8_bringup/share/yolov8_bringup//launch
[2.507s] -- Installing: /home/mtrn/A2_project/A2_Project/Computer_Vision/packages/install/yolov8_bringup/share/yolov8_bringup//launch/yolov8_3d.launch.py
[2.507s] -- Installing: /home/mtrn/A2_project/A2_Project/Computer_Vision/packages/install/yolov8_bringup/share/yolov8_bringup//launch/yolov8.launch.py
[2.507s] -- Installing: /home/mtrn/A2_project/A2_Project/Computer_Vision/packages/install/yolov8_bringup/share/ament_index/resource_index/package_run_dependencies/yolov8_bringup
[2.507s] -- Installing: /home/mtrn/A2_project/A2_Project/Computer_Vision/packages/install/yolov8_bringup/share/ament_index/resource_index/parent_prefix_path/yolov8_bringup
[2.507s] -- Installing: /home/mtrn/A2_project/A2_Project/Computer_Vision/packages/install/yolov8_bringup/share/yolov8_bringup/environment/ament_prefix_path.sh
[2.507s] -- Installing: /home/mtrn/A2_project/A2_Project/Computer_Vision/packages/install/yolov8_bringup/share/yolov8_bringup/environment/ament_prefix_path.dsv
[2.508s] -- Installing: /home/mtrn/A2_project/A2_Project/Computer_Vision/packages/install/yolov8_bringup/share/yolov8_bringup/environment/path.sh
[2.508s] -- Installing: /home/mtrn/A2_project/A2_Project/Computer_Vision/packages/install/yolov8_bringup/share/yolov8_bringup/environment/path.dsv
[2.508s] -- Installing: /home/mtrn/A2_project/A2_Project/Computer_Vision/packages/install/yolov8_bringup/share/yolov8_bringup/local_setup.bash
[2.508s] -- Installing: /home/mtrn/A2_project/A2_Project/Computer_Vision/packages/install/yolov8_bringup/share/yolov8_bringup/local_setup.sh
[2.508s] -- Installing: /home/mtrn/A2_project/A2_Project/Computer_Vision/packages/install/yolov8_bringup/share/yolov8_bringup/local_setup.zsh
[2.508s] -- Installing: /home/mtrn/A2_project/A2_Project/Computer_Vision/packages/install/yolov8_bringup/share/yolov8_bringup/local_setup.dsv
[2.508s] -- Installing: /home/mtrn/A2_project/A2_Project/Computer_Vision/packages/install/yolov8_bringup/share/yolov8_bringup/package.dsv
[2.508s] -- Installing: /home/mtrn/A2_project/A2_Project/Computer_Vision/packages/install/yolov8_bringup/share/ament_index/resource_index/packages/yolov8_bringup
[2.509s] -- Installing: /home/mtrn/A2_project/A2_Project/Computer_Vision/packages/install/yolov8_bringup/share/yolov8_bringup/cmake/yolov8_bringupConfig.cmake
[2.509s] -- Installing: /home/mtrn/A2_project/A2_Project/Computer_Vision/packages/install/yolov8_bringup/share/yolov8_bringup/cmake/yolov8_bringupConfig-version.cmake
[2.509s] -- Installing: /home/mtrn/A2_project/A2_Project/Computer_Vision/packages/install/yolov8_bringup/share/yolov8_bringup/package.xml
[2.525s] Invoked command in '/home/mtrn/A2_project/A2_Project/Computer_Vision/packages/build/yolov8_bringup' returned '0': AMENT_PREFIX_PATH=/home/mtrn/A2_project/A2_Project/Computer_Vision/packages/install/yolov8_ros:${AMENT_PREFIX_PATH} CMAKE_PREFIX_PATH=${CMAKE_PREFIX_PATH}:/home/mtrn/4231/ws_moveit2/install/moveit_configs_utils:/home/mtrn/4231/ws_moveit2/install/launch_param_builder:/opt/ros/humble PYTHONPATH=/home/mtrn/A2_project/A2_Project/Computer_Vision/packages/install/yolov8_ros/lib/python3.10/site-packages:${PYTHONPATH} /home/mtrn/.local/bin/cmake --install /home/mtrn/A2_project/A2_Project/Computer_Vision/packages/build/yolov8_bringup
