[0.044s] Invoking command in '/home/mtrn/A2_project/A2_Project/src/moveit_ur/build/moveit_ur': CMAKE_PREFIX_PATH=${CMAKE_PREFIX_PATH}:/home/mtrn/4231/ws_moveit2/install/moveit_configs_utils:/home/mtrn/4231/ws_moveit2/install/launch_param_builder:/opt/ros/humble /home/mtrn/.local/bin/cmake --build /home/mtrn/A2_project/A2_Project/src/moveit_ur/build/moveit_ur -- -j12 -l12
[0.275s] [ 50%] [32mBuilding CXX object CMakeFiles/moveit_trajectory.dir/src/moveit_trajectory.cpp.o[0m
[8.960s] [01m[K/home/mtrn/A2_project/A2_Project/src/moveit_ur/src/moveit_trajectory.cpp:[m[K In member function ‘[01m[Kvoid moveit_trajectory::move_to_pose_cartesian(std::vector<geometry_msgs::msg::Pose_<std::allocator<void> > >)[m[K’:
[8.960s] [01m[K/home/mtrn/A2_project/A2_Project/src/moveit_ur/src/moveit_trajectory.cpp:262:10:[m[K [01;35m[Kwarning: [m[Kunused variable ‘[01m[Kfraction[m[K’ [[01;35m[K]8;;https://gcc.gnu.org/onlinedocs/gcc/Warning-Options.html#index-Wunused-variable-Wunused-variable]8;;[m[K]
[8.961s]   262 |   double [01;35m[Kfraction[m[K = move_group_interface->computeCartesianPath(waypoints, eef_step, jump_threshold, trajectory);
[8.961s]       |          [01;35m[K^~~~~~~~[m[K
[8.961s] [01m[K/home/mtrn/A2_project/A2_Project/src/moveit_ur/src/moveit_trajectory.cpp:[m[K In member function ‘[01m[Kvoid moveit_trajectory::set_orientation(geometry_msgs::msg::Quaternion)[m[K’:
[8.961s] [01m[K/home/mtrn/A2_project/A2_Project/src/moveit_ur/src/moveit_trajectory.cpp:281:72:[m[K [01;35m[Kwarning: [m[Kunused parameter ‘[01m[Ktarget_orientation[m[K’ [[01;35m[K]8;;https://gcc.gnu.org/onlinedocs/gcc/Warning-Options.html#index-Wunused-parameter-Wunused-parameter]8;;[m[K]
[8.962s]   281 | void moveit_trajectory::set_orientation([01;35m[Kgeometry_msgs::msg::Quaternion target_orientation[m[K) {
[8.962s]       |                                         [01;35m[K~~~~~~~~~~~~~~~~~~~~~~~~~~~~~~~^~~~~~~~~~~~~~~~~~[m[K
[24.045s] [100%] [32m[1mLinking CXX executable moveit_trajectory[0m
[25.855s] [100%] Built target moveit_trajectory
[25.889s] Invoked command in '/home/mtrn/A2_project/A2_Project/src/moveit_ur/build/moveit_ur' returned '0': CMAKE_PREFIX_PATH=${CMAKE_PREFIX_PATH}:/home/mtrn/4231/ws_moveit2/install/moveit_configs_utils:/home/mtrn/4231/ws_moveit2/install/launch_param_builder:/opt/ros/humble /home/mtrn/.local/bin/cmake --build /home/mtrn/A2_project/A2_Project/src/moveit_ur/build/moveit_ur -- -j12 -l12
[26.159s] Invoking command in '/home/mtrn/A2_project/A2_Project/src/moveit_ur/build/moveit_ur': CMAKE_PREFIX_PATH=${CMAKE_PREFIX_PATH}:/home/mtrn/4231/ws_moveit2/install/moveit_configs_utils:/home/mtrn/4231/ws_moveit2/install/launch_param_builder:/opt/ros/humble /home/mtrn/.local/bin/cmake --install /home/mtrn/A2_project/A2_Project/src/moveit_ur/build/moveit_ur
[26.227s] -- Install configuration: ""
[26.228s] -- Installing: /home/mtrn/A2_project/A2_Project/src/moveit_ur/install/moveit_ur/lib/moveit_ur/moveit_trajectory
[26.245s] -- Set runtime path of "/home/mtrn/A2_project/A2_Project/src/moveit_ur/install/moveit_ur/lib/moveit_ur/moveit_trajectory" to ""
[26.245s] -- Up-to-date: /home/mtrn/A2_project/A2_Project/src/moveit_ur/install/moveit_ur/share/moveit_ur//launch
[26.246s] -- Up-to-date: /home/mtrn/A2_project/A2_Project/src/moveit_ur/install/moveit_ur/share/moveit_ur//launch/moveit_trajectory_launch.py
[26.246s] -- Up-to-date: /home/mtrn/A2_project/A2_Project/src/moveit_ur/install/moveit_ur/share/ament_index/resource_index/package_run_dependencies/moveit_ur
[26.246s] -- Up-to-date: /home/mtrn/A2_project/A2_Project/src/moveit_ur/install/moveit_ur/share/ament_index/resource_index/parent_prefix_path/moveit_ur
[26.246s] -- Up-to-date: /home/mtrn/A2_project/A2_Project/src/moveit_ur/install/moveit_ur/share/moveit_ur/environment/ament_prefix_path.sh
[26.246s] -- Up-to-date: /home/mtrn/A2_project/A2_Project/src/moveit_ur/install/moveit_ur/share/moveit_ur/environment/ament_prefix_path.dsv
[26.247s] -- Up-to-date: /home/mtrn/A2_project/A2_Project/src/moveit_ur/install/moveit_ur/share/moveit_ur/environment/path.sh
[26.247s] -- Up-to-date: /home/mtrn/A2_project/A2_Project/src/moveit_ur/install/moveit_ur/share/moveit_ur/environment/path.dsv
[26.247s] -- Up-to-date: /home/mtrn/A2_project/A2_Project/src/moveit_ur/install/moveit_ur/share/moveit_ur/local_setup.bash
[26.247s] -- Up-to-date: /home/mtrn/A2_project/A2_Project/src/moveit_ur/install/moveit_ur/share/moveit_ur/local_setup.sh
[26.247s] -- Up-to-date: /home/mtrn/A2_project/A2_Project/src/moveit_ur/install/moveit_ur/share/moveit_ur/local_setup.zsh
[26.247s] -- Up-to-date: /home/mtrn/A2_project/A2_Project/src/moveit_ur/install/moveit_ur/share/moveit_ur/local_setup.dsv
[26.247s] -- Installing: /home/mtrn/A2_project/A2_Project/src/moveit_ur/install/moveit_ur/share/moveit_ur/package.dsv
[26.248s] -- Up-to-date: /home/mtrn/A2_project/A2_Project/src/moveit_ur/install/moveit_ur/share/ament_index/resource_index/packages/moveit_ur
[26.248s] -- Up-to-date: /home/mtrn/A2_project/A2_Project/src/moveit_ur/install/moveit_ur/share/moveit_ur/cmake/moveit_urConfig.cmake
[26.248s] -- Up-to-date: /home/mtrn/A2_project/A2_Project/src/moveit_ur/install/moveit_ur/share/moveit_ur/cmake/moveit_urConfig-version.cmake
[26.248s] -- Up-to-date: /home/mtrn/A2_project/A2_Project/src/moveit_ur/install/moveit_ur/share/moveit_ur/package.xml
[26.259s] Invoked command in '/home/mtrn/A2_project/A2_Project/src/moveit_ur/build/moveit_ur' returned '0': CMAKE_PREFIX_PATH=${CMAKE_PREFIX_PATH}:/home/mtrn/4231/ws_moveit2/install/moveit_configs_utils:/home/mtrn/4231/ws_moveit2/install/launch_param_builder:/opt/ros/humble /home/mtrn/.local/bin/cmake --install /home/mtrn/A2_project/A2_Project/src/moveit_ur/build/moveit_ur
