[0.889s] Invoking command in '/home/mtrn/4231/A2_Project/Computer_Vision/packages/build/yolov8_msgs': CMAKE_PREFIX_PATH=${CMAKE_PREFIX_PATH}:/home/mtrn/4231/A2_Project/Computer_Vision/packages/install/yolov8_ros:/home/mtrn/4231/A2_Project/Computer_Vision/packages/install/yolov8_node:/home/mtrn/4231/A2_Project/Computer_Vision/packages/install/image_warper:/home/mtrn/4231/ws_moveit2/install/moveit_configs_utils:/home/mtrn/4231/ws_moveit2/install/launch_param_builder:/opt/ros/humble /usr/bin/cmake --build /home/mtrn/4231/A2_Project/Computer_Vision/packages/build/yolov8_msgs -- -j6 -l6
[1.026s] [ 12%] Built target yolov8_msgs__rosidl_generator_c
[1.045s] [ 12%] Built target yolov8_msgs__cpp
[1.047s] [ 12%] Built target ament_cmake_python_copy_yolov8_msgs
[1.140s] [ 24%] Built target yolov8_msgs__rosidl_typesupport_introspection_c
[1.142s] [ 36%] Built target yolov8_msgs__rosidl_typesupport_fastrtps_c
[1.143s] [ 48%] Built target yolov8_msgs__rosidl_typesupport_c
[1.158s] [ 59%] Built target yolov8_msgs__rosidl_typesupport_fastrtps_cpp
[1.164s] [ 71%] Built target yolov8_msgs__rosidl_typesupport_cpp
[1.183s] [ 83%] Built target yolov8_msgs__rosidl_typesupport_introspection_cpp
[1.244s] [ 83%] Built target yolov8_msgs
[1.305s] [ 84%] Built target yolov8_msgs__py
[1.377s] [ 95%] Built target yolov8_msgs__rosidl_generator_py
[1.445s] [ 97%] Built target yolov8_msgs__rosidl_typesupport_fastrtps_c__pyext
[1.448s] [ 99%] Built target yolov8_msgs__rosidl_typesupport_introspection_c__pyext
[1.452s] [100%] Built target yolov8_msgs__rosidl_typesupport_c__pyext
[1.627s] running egg_info
[1.628s] writing yolov8_msgs.egg-info/PKG-INFO
[1.628s] writing dependency_links to yolov8_msgs.egg-info/dependency_links.txt
[1.628s] writing top-level names to yolov8_msgs.egg-info/top_level.txt
[1.631s] reading manifest file 'yolov8_msgs.egg-info/SOURCES.txt'
[1.632s] writing manifest file 'yolov8_msgs.egg-info/SOURCES.txt'
[1.688s] [100%] Built target ament_cmake_python_build_yolov8_msgs_egg
[1.717s] Invoked command in '/home/mtrn/4231/A2_Project/Computer_Vision/packages/build/yolov8_msgs' returned '0': CMAKE_PREFIX_PATH=${CMAKE_PREFIX_PATH}:/home/mtrn/4231/A2_Project/Computer_Vision/packages/install/yolov8_ros:/home/mtrn/4231/A2_Project/Computer_Vision/packages/install/yolov8_node:/home/mtrn/4231/A2_Project/Computer_Vision/packages/install/image_warper:/home/mtrn/4231/ws_moveit2/install/moveit_configs_utils:/home/mtrn/4231/ws_moveit2/install/launch_param_builder:/opt/ros/humble /usr/bin/cmake --build /home/mtrn/4231/A2_Project/Computer_Vision/packages/build/yolov8_msgs -- -j6 -l6
[2.593s] Invoking command in '/home/mtrn/4231/A2_Project/Computer_Vision/packages/build/yolov8_msgs': CMAKE_PREFIX_PATH=${CMAKE_PREFIX_PATH}:/home/mtrn/4231/A2_Project/Computer_Vision/packages/install/yolov8_ros:/home/mtrn/4231/A2_Project/Computer_Vision/packages/install/yolov8_node:/home/mtrn/4231/A2_Project/Computer_Vision/packages/install/image_warper:/home/mtrn/4231/ws_moveit2/install/moveit_configs_utils:/home/mtrn/4231/ws_moveit2/install/launch_param_builder:/opt/ros/humble /usr/bin/cmake --install /home/mtrn/4231/A2_Project/Computer_Vision/packages/build/yolov8_msgs
[2.615s] -- Install configuration: ""
[2.615s] -- Up-to-date: /home/mtrn/4231/A2_Project/Computer_Vision/packages/install/yolov8_msgs/share/ament_index/resource_index/rosidl_interfaces/yolov8_msgs
[2.616s] -- Up-to-date: /home/mtrn/4231/A2_Project/Computer_Vision/packages/install/yolov8_msgs/include/yolov8_msgs/yolov8_msgs
[2.616s] -- Up-to-date: /home/mtrn/4231/A2_Project/Computer_Vision/packages/install/yolov8_msgs/include/yolov8_msgs/yolov8_msgs/msg
[2.616s] -- Up-to-date: /home/mtrn/4231/A2_Project/Computer_Vision/packages/install/yolov8_msgs/include/yolov8_msgs/yolov8_msgs/msg/mask.h
[2.616s] -- Up-to-date: /home/mtrn/4231/A2_Project/Computer_Vision/packages/install/yolov8_msgs/include/yolov8_msgs/yolov8_msgs/msg/key_point3_d_array.h
[2.616s] -- Up-to-date: /home/mtrn/4231/A2_Project/Computer_Vision/packages/install/yolov8_msgs/include/yolov8_msgs/yolov8_msgs/msg/key_point2_d.h
[2.616s] -- Up-to-date: /home/mtrn/4231/A2_Project/Computer_Vision/packages/install/yolov8_msgs/include/yolov8_msgs/yolov8_msgs/msg/point2_d.h
[2.617s] -- Up-to-date: /home/mtrn/4231/A2_Project/Computer_Vision/packages/install/yolov8_msgs/include/yolov8_msgs/yolov8_msgs/msg/detection.h
[2.617s] -- Up-to-date: /home/mtrn/4231/A2_Project/Computer_Vision/packages/install/yolov8_msgs/include/yolov8_msgs/yolov8_msgs/msg/pose2_d.h
[2.617s] -- Up-to-date: /home/mtrn/4231/A2_Project/Computer_Vision/packages/install/yolov8_msgs/include/yolov8_msgs/yolov8_msgs/msg/bounding_box3_d.h
[2.617s] -- Up-to-date: /home/mtrn/4231/A2_Project/Computer_Vision/packages/install/yolov8_msgs/include/yolov8_msgs/yolov8_msgs/msg/bounding_box2_d.h
[2.617s] -- Up-to-date: /home/mtrn/4231/A2_Project/Computer_Vision/packages/install/yolov8_msgs/include/yolov8_msgs/yolov8_msgs/msg/rosidl_generator_c__visibility_control.h
[2.617s] -- Up-to-date: /home/mtrn/4231/A2_Project/Computer_Vision/packages/install/yolov8_msgs/include/yolov8_msgs/yolov8_msgs/msg/key_point2_d_array.h
[2.618s] -- Up-to-date: /home/mtrn/4231/A2_Project/Computer_Vision/packages/install/yolov8_msgs/include/yolov8_msgs/yolov8_msgs/msg/detection_array.h
[2.618s] -- Up-to-date: /home/mtrn/4231/A2_Project/Computer_Vision/packages/install/yolov8_msgs/include/yolov8_msgs/yolov8_msgs/msg/key_point3_d.h
[2.618s] -- Up-to-date: /home/mtrn/4231/A2_Project/Computer_Vision/packages/install/yolov8_msgs/include/yolov8_msgs/yolov8_msgs/msg/detail
[2.618s] -- Up-to-date: /home/mtrn/4231/A2_Project/Computer_Vision/packages/install/yolov8_msgs/include/yolov8_msgs/yolov8_msgs/msg/detail/key_point3_d_array__functions.h
[2.618s] -- Up-to-date: /home/mtrn/4231/A2_Project/Computer_Vision/packages/install/yolov8_msgs/include/yolov8_msgs/yolov8_msgs/msg/detail/detection_array__struct.h
[2.619s] -- Up-to-date: /home/mtrn/4231/A2_Project/Computer_Vision/packages/install/yolov8_msgs/include/yolov8_msgs/yolov8_msgs/msg/detail/mask__type_support.h
[2.619s] -- Up-to-date: /home/mtrn/4231/A2_Project/Computer_Vision/packages/install/yolov8_msgs/include/yolov8_msgs/yolov8_msgs/msg/detail/mask__functions.c
[2.620s] -- Up-to-date: /home/mtrn/4231/A2_Project/Computer_Vision/packages/install/yolov8_msgs/include/yolov8_msgs/yolov8_msgs/msg/detail/point2_d__functions.c
[2.621s] -- Up-to-date: /home/mtrn/4231/A2_Project/Computer_Vision/packages/install/yolov8_msgs/include/yolov8_msgs/yolov8_msgs/msg/detail/pose2_d__struct.h
[2.627s] -- Up-to-date: /home/mtrn/4231/A2_Project/Computer_Vision/packages/install/yolov8_msgs/include/yolov8_msgs/yolov8_msgs/msg/detail/key_point3_d__type_support.h
[2.631s] -- Up-to-date: /home/mtrn/4231/A2_Project/Computer_Vision/packages/install/yolov8_msgs/include/yolov8_msgs/yolov8_msgs/msg/detail/bounding_box3_d__functions.c
[2.631s] -- Up-to-date: /home/mtrn/4231/A2_Project/Computer_Vision/packages/install/yolov8_msgs/include/yolov8_msgs/yolov8_msgs/msg/detail/key_point2_d_array__type_support.h
[2.631s] -- Up-to-date: /home/mtrn/4231/A2_Project/Computer_Vision/packages/install/yolov8_msgs/include/yolov8_msgs/yolov8_msgs/msg/detail/key_point2_d__functions.c
[2.632s] -- Up-to-date: /home/mtrn/4231/A2_Project/Computer_Vision/packages/install/yolov8_msgs/include/yolov8_msgs/yolov8_msgs/msg/detail/bounding_box2_d__functions.c
[2.632s] -- Up-to-date: /home/mtrn/4231/A2_Project/Computer_Vision/packages/install/yolov8_msgs/include/yolov8_msgs/yolov8_msgs/msg/detail/point2_d__type_support.h
[2.632s] -- Up-to-date: /home/mtrn/4231/A2_Project/Computer_Vision/packages/install/yolov8_msgs/include/yolov8_msgs/yolov8_msgs/msg/detail/detection_array__type_support.h
[2.632s] -- Up-to-date: /home/mtrn/4231/A2_Project/Computer_Vision/packages/install/yolov8_msgs/include/yolov8_msgs/yolov8_msgs/msg/detail/bounding_box2_d__functions.h
[2.632s] -- Up-to-date: /home/mtrn/4231/A2_Project/Computer_Vision/packages/install/yolov8_msgs/include/yolov8_msgs/yolov8_msgs/msg/detail/key_point2_d__struct.h
[2.632s] -- Up-to-date: /home/mtrn/4231/A2_Project/Computer_Vision/packages/install/yolov8_msgs/include/yolov8_msgs/yolov8_msgs/msg/detail/key_point3_d__struct.h
[2.632s] -- Up-to-date: /home/mtrn/4231/A2_Project/Computer_Vision/packages/install/yolov8_msgs/include/yolov8_msgs/yolov8_msgs/msg/detail/bounding_box3_d__functions.h
[2.633s] -- Up-to-date: /home/mtrn/4231/A2_Project/Computer_Vision/packages/install/yolov8_msgs/include/yolov8_msgs/yolov8_msgs/msg/detail/vector2__functions.h
[2.633s] -- Up-to-date: /home/mtrn/4231/A2_Project/Computer_Vision/packages/install/yolov8_msgs/include/yolov8_msgs/yolov8_msgs/msg/detail/point2_d__functions.h
[2.633s] -- Up-to-date: /home/mtrn/4231/A2_Project/Computer_Vision/packages/install/yolov8_msgs/include/yolov8_msgs/yolov8_msgs/msg/detail/key_point3_d__functions.h
[2.633s] -- Up-to-date: /home/mtrn/4231/A2_Project/Computer_Vision/packages/install/yolov8_msgs/include/yolov8_msgs/yolov8_msgs/msg/detail/detection_array__functions.c
[2.633s] -- Up-to-date: /home/mtrn/4231/A2_Project/Computer_Vision/packages/install/yolov8_msgs/include/yolov8_msgs/yolov8_msgs/msg/detail/key_point2_d_array__functions.h
[2.634s] -- Up-to-date: /home/mtrn/4231/A2_Project/Computer_Vision/packages/install/yolov8_msgs/include/yolov8_msgs/yolov8_msgs/msg/detail/pose2_d__type_support.h
[2.634s] -- Up-to-date: /home/mtrn/4231/A2_Project/Computer_Vision/packages/install/yolov8_msgs/include/yolov8_msgs/yolov8_msgs/msg/detail/detection__struct.h
[2.634s] -- Up-to-date: /home/mtrn/4231/A2_Project/Computer_Vision/packages/install/yolov8_msgs/include/yolov8_msgs/yolov8_msgs/msg/detail/key_point3_d_array__type_support.h
[2.634s] -- Up-to-date: /home/mtrn/4231/A2_Project/Computer_Vision/packages/install/yolov8_msgs/include/yolov8_msgs/yolov8_msgs/msg/detail/key_point2_d_array__functions.c
[2.634s] -- Up-to-date: /home/mtrn/4231/A2_Project/Computer_Vision/packages/install/yolov8_msgs/include/yolov8_msgs/yolov8_msgs/msg/detail/bounding_box2_d__struct.h
[2.635s] -- Up-to-date: /home/mtrn/4231/A2_Project/Computer_Vision/packages/install/yolov8_msgs/include/yolov8_msgs/yolov8_msgs/msg/detail/detection__functions.c
[2.635s] -- Up-to-date: /home/mtrn/4231/A2_Project/Computer_Vision/packages/install/yolov8_msgs/include/yolov8_msgs/yolov8_msgs/msg/detail/detection__type_support.h
[2.635s] -- Up-to-date: /home/mtrn/4231/A2_Project/Computer_Vision/packages/install/yolov8_msgs/include/yolov8_msgs/yolov8_msgs/msg/detail/mask__struct.h
[2.635s] -- Up-to-date: /home/mtrn/4231/A2_Project/Computer_Vision/packages/install/yolov8_msgs/include/yolov8_msgs/yolov8_msgs/msg/detail/key_point3_d_array__struct.h
[2.635s] -- Up-to-date: /home/mtrn/4231/A2_Project/Computer_Vision/packages/install/yolov8_msgs/include/yolov8_msgs/yolov8_msgs/msg/detail/mask__functions.h
[2.635s] -- Up-to-date: /home/mtrn/4231/A2_Project/Computer_Vision/packages/install/yolov8_msgs/include/yolov8_msgs/yolov8_msgs/msg/detail/vector2__struct.h
[2.635s] -- Up-to-date: /home/mtrn/4231/A2_Project/Computer_Vision/packages/install/yolov8_msgs/include/yolov8_msgs/yolov8_msgs/msg/detail/key_point3_d_array__functions.c
[2.636s] -- Up-to-date: /home/mtrn/4231/A2_Project/Computer_Vision/packages/install/yolov8_msgs/include/yolov8_msgs/yolov8_msgs/msg/detail/bounding_box2_d__type_support.h
[2.636s] -- Up-to-date: /home/mtrn/4231/A2_Project/Computer_Vision/packages/install/yolov8_msgs/include/yolov8_msgs/yolov8_msgs/msg/detail/bounding_box3_d__struct.h
[2.636s] -- Up-to-date: /home/mtrn/4231/A2_Project/Computer_Vision/packages/install/yolov8_msgs/include/yolov8_msgs/yolov8_msgs/msg/detail/key_point2_d__functions.h
[2.636s] -- Up-to-date: /home/mtrn/4231/A2_Project/Computer_Vision/packages/install/yolov8_msgs/include/yolov8_msgs/yolov8_msgs/msg/detail/vector2__functions.c
[2.636s] -- Up-to-date: /home/mtrn/4231/A2_Project/Computer_Vision/packages/install/yolov8_msgs/include/yolov8_msgs/yolov8_msgs/msg/detail/bounding_box3_d__type_support.h
[2.636s] -- Up-to-date: /home/mtrn/4231/A2_Project/Computer_Vision/packages/install/yolov8_msgs/include/yolov8_msgs/yolov8_msgs/msg/detail/key_point2_d__type_support.h
[2.636s] -- Up-to-date: /home/mtrn/4231/A2_Project/Computer_Vision/packages/install/yolov8_msgs/include/yolov8_msgs/yolov8_msgs/msg/detail/detection__functions.h
[2.637s] -- Up-to-date: /home/mtrn/4231/A2_Project/Computer_Vision/packages/install/yolov8_msgs/include/yolov8_msgs/yolov8_msgs/msg/detail/key_point2_d_array__struct.h
[2.637s] -- Up-to-date: /home/mtrn/4231/A2_Project/Computer_Vision/packages/install/yolov8_msgs/include/yolov8_msgs/yolov8_msgs/msg/detail/key_point3_d__functions.c
[2.637s] -- Up-to-date: /home/mtrn/4231/A2_Project/Computer_Vision/packages/install/yolov8_msgs/include/yolov8_msgs/yolov8_msgs/msg/detail/detection_array__functions.h
[2.637s] -- Up-to-date: /home/mtrn/4231/A2_Project/Computer_Vision/packages/install/yolov8_msgs/include/yolov8_msgs/yolov8_msgs/msg/detail/pose2_d__functions.c
[2.637s] -- Up-to-date: /home/mtrn/4231/A2_Project/Computer_Vision/packages/install/yolov8_msgs/include/yolov8_msgs/yolov8_msgs/msg/detail/vector2__type_support.h
[2.638s] -- Up-to-date: /home/mtrn/4231/A2_Project/Computer_Vision/packages/install/yolov8_msgs/include/yolov8_msgs/yolov8_msgs/msg/detail/pose2_d__functions.h
[2.638s] -- Up-to-date: /home/mtrn/4231/A2_Project/Computer_Vision/packages/install/yolov8_msgs/include/yolov8_msgs/yolov8_msgs/msg/detail/point2_d__struct.h
[2.638s] -- Up-to-date: /home/mtrn/4231/A2_Project/Computer_Vision/packages/install/yolov8_msgs/include/yolov8_msgs/yolov8_msgs/msg/vector2.h
[2.638s] -- Up-to-date: /home/mtrn/4231/A2_Project/Computer_Vision/packages/install/yolov8_msgs/share/yolov8_msgs/environment/library_path.sh
[2.638s] -- Up-to-date: /home/mtrn/4231/A2_Project/Computer_Vision/packages/install/yolov8_msgs/share/yolov8_msgs/environment/library_path.dsv
[2.638s] -- Up-to-date: /home/mtrn/4231/A2_Project/Computer_Vision/packages/install/yolov8_msgs/lib/libyolov8_msgs__rosidl_generator_c.so
[2.638s] -- Up-to-date: /home/mtrn/4231/A2_Project/Computer_Vision/packages/install/yolov8_msgs/include/yolov8_msgs/yolov8_msgs
[2.639s] -- Up-to-date: /home/mtrn/4231/A2_Project/Computer_Vision/packages/install/yolov8_msgs/include/yolov8_msgs/yolov8_msgs/msg
[2.639s] -- Up-to-date: /home/mtrn/4231/A2_Project/Computer_Vision/packages/install/yolov8_msgs/include/yolov8_msgs/yolov8_msgs/msg/rosidl_typesupport_fastrtps_c__visibility_control.h
[2.639s] -- Up-to-date: /home/mtrn/4231/A2_Project/Computer_Vision/packages/install/yolov8_msgs/include/yolov8_msgs/yolov8_msgs/msg/detail
[2.639s] -- Up-to-date: /home/mtrn/4231/A2_Project/Computer_Vision/packages/install/yolov8_msgs/include/yolov8_msgs/yolov8_msgs/msg/detail/pose2_d__rosidl_typesupport_fastrtps_c.h
[2.639s] -- Up-to-date: /home/mtrn/4231/A2_Project/Computer_Vision/packages/install/yolov8_msgs/include/yolov8_msgs/yolov8_msgs/msg/detail/key_point3_d__rosidl_typesupport_fastrtps_c.h
[2.639s] -- Up-to-date: /home/mtrn/4231/A2_Project/Computer_Vision/packages/install/yolov8_msgs/include/yolov8_msgs/yolov8_msgs/msg/detail/mask__rosidl_typesupport_fastrtps_c.h
[2.640s] -- Up-to-date: /home/mtrn/4231/A2_Project/Computer_Vision/packages/install/yolov8_msgs/include/yolov8_msgs/yolov8_msgs/msg/detail/key_point3_d_array__rosidl_typesupport_fastrtps_c.h
[2.640s] -- Up-to-date: /home/mtrn/4231/A2_Project/Computer_Vision/packages/install/yolov8_msgs/include/yolov8_msgs/yolov8_msgs/msg/detail/vector2__rosidl_typesupport_fastrtps_c.h
[2.640s] -- Up-to-date: /home/mtrn/4231/A2_Project/Computer_Vision/packages/install/yolov8_msgs/include/yolov8_msgs/yolov8_msgs/msg/detail/key_point2_d_array__rosidl_typesupport_fastrtps_c.h
[2.640s] -- Up-to-date: /home/mtrn/4231/A2_Project/Computer_Vision/packages/install/yolov8_msgs/include/yolov8_msgs/yolov8_msgs/msg/detail/point2_d__rosidl_typesupport_fastrtps_c.h
[2.640s] -- Up-to-date: /home/mtrn/4231/A2_Project/Computer_Vision/packages/install/yolov8_msgs/include/yolov8_msgs/yolov8_msgs/msg/detail/detection_array__rosidl_typesupport_fastrtps_c.h
[2.640s] -- Up-to-date: /home/mtrn/4231/A2_Project/Computer_Vision/packages/install/yolov8_msgs/include/yolov8_msgs/yolov8_msgs/msg/detail/key_point2_d__rosidl_typesupport_fastrtps_c.h
[2.640s] -- Up-to-date: /home/mtrn/4231/A2_Project/Computer_Vision/packages/install/yolov8_msgs/include/yolov8_msgs/yolov8_msgs/msg/detail/detection__rosidl_typesupport_fastrtps_c.h
[2.641s] -- Up-to-date: /home/mtrn/4231/A2_Project/Computer_Vision/packages/install/yolov8_msgs/include/yolov8_msgs/yolov8_msgs/msg/detail/bounding_box2_d__rosidl_typesupport_fastrtps_c.h
[2.641s] -- Up-to-date: /home/mtrn/4231/A2_Project/Computer_Vision/packages/install/yolov8_msgs/include/yolov8_msgs/yolov8_msgs/msg/detail/bounding_box3_d__rosidl_typesupport_fastrtps_c.h
[2.641s] -- Up-to-date: /home/mtrn/4231/A2_Project/Computer_Vision/packages/install/yolov8_msgs/lib/libyolov8_msgs__rosidl_typesupport_fastrtps_c.so
[2.641s] -- Up-to-date: /home/mtrn/4231/A2_Project/Computer_Vision/packages/install/yolov8_msgs/include/yolov8_msgs/yolov8_msgs
[2.641s] -- Up-to-date: /home/mtrn/4231/A2_Project/Computer_Vision/packages/install/yolov8_msgs/include/yolov8_msgs/yolov8_msgs/msg
[2.641s] -- Up-to-date: /home/mtrn/4231/A2_Project/Computer_Vision/packages/install/yolov8_msgs/include/yolov8_msgs/yolov8_msgs/msg/rosidl_typesupport_introspection_c__visibility_control.h
[2.642s] -- Up-to-date: /home/mtrn/4231/A2_Project/Computer_Vision/packages/install/yolov8_msgs/include/yolov8_msgs/yolov8_msgs/msg/detail
[2.642s] -- Up-to-date: /home/mtrn/4231/A2_Project/Computer_Vision/packages/install/yolov8_msgs/include/yolov8_msgs/yolov8_msgs/msg/detail/key_point2_d_array__rosidl_typesupport_introspection_c.h
[2.642s] -- Up-to-date: /home/mtrn/4231/A2_Project/Computer_Vision/packages/install/yolov8_msgs/include/yolov8_msgs/yolov8_msgs/msg/detail/key_point3_d__type_support.c
[2.642s] -- Up-to-date: /home/mtrn/4231/A2_Project/Computer_Vision/packages/install/yolov8_msgs/include/yolov8_msgs/yolov8_msgs/msg/detail/mask__rosidl_typesupport_introspection_c.h
[2.642s] -- Up-to-date: /home/mtrn/4231/A2_Project/Computer_Vision/packages/install/yolov8_msgs/include/yolov8_msgs/yolov8_msgs/msg/detail/bounding_box2_d__rosidl_typesupport_introspection_c.h
[2.642s] -- Up-to-date: /home/mtrn/4231/A2_Project/Computer_Vision/packages/install/yolov8_msgs/include/yolov8_msgs/yolov8_msgs/msg/detail/mask__type_support.c
[2.643s] -- Up-to-date: /home/mtrn/4231/A2_Project/Computer_Vision/packages/install/yolov8_msgs/include/yolov8_msgs/yolov8_msgs/msg/detail/vector2__rosidl_typesupport_introspection_c.h
[2.643s] -- Up-to-date: /home/mtrn/4231/A2_Project/Computer_Vision/packages/install/yolov8_msgs/include/yolov8_msgs/yolov8_msgs/msg/detail/pose2_d__type_support.c
[2.643s] -- Up-to-date: /home/mtrn/4231/A2_Project/Computer_Vision/packages/install/yolov8_msgs/include/yolov8_msgs/yolov8_msgs/msg/detail/bounding_box3_d__rosidl_typesupport_introspection_c.h
[2.643s] -- Up-to-date: /home/mtrn/4231/A2_Project/Computer_Vision/packages/install/yolov8_msgs/include/yolov8_msgs/yolov8_msgs/msg/detail/key_point3_d_array__rosidl_typesupport_introspection_c.h
[2.644s] -- Up-to-date: /home/mtrn/4231/A2_Project/Computer_Vision/packages/install/yolov8_msgs/include/yolov8_msgs/yolov8_msgs/msg/detail/detection_array__type_support.c
[2.644s] -- Up-to-date: /home/mtrn/4231/A2_Project/Computer_Vision/packages/install/yolov8_msgs/include/yolov8_msgs/yolov8_msgs/msg/detail/detection__type_support.c
[2.645s] -- Up-to-date: /home/mtrn/4231/A2_Project/Computer_Vision/packages/install/yolov8_msgs/include/yolov8_msgs/yolov8_msgs/msg/detail/key_point2_d_array__type_support.c
[2.645s] -- Up-to-date: /home/mtrn/4231/A2_Project/Computer_Vision/packages/install/yolov8_msgs/include/yolov8_msgs/yolov8_msgs/msg/detail/key_point3_d_array__type_support.c
[2.645s] -- Up-to-date: /home/mtrn/4231/A2_Project/Computer_Vision/packages/install/yolov8_msgs/include/yolov8_msgs/yolov8_msgs/msg/detail/point2_d__type_support.c
[2.646s] -- Up-to-date: /home/mtrn/4231/A2_Project/Computer_Vision/packages/install/yolov8_msgs/include/yolov8_msgs/yolov8_msgs/msg/detail/bounding_box3_d__type_support.c
[2.646s] -- Up-to-date: /home/mtrn/4231/A2_Project/Computer_Vision/packages/install/yolov8_msgs/include/yolov8_msgs/yolov8_msgs/msg/detail/pose2_d__rosidl_typesupport_introspection_c.h
[2.646s] -- Up-to-date: /home/mtrn/4231/A2_Project/Computer_Vision/packages/install/yolov8_msgs/include/yolov8_msgs/yolov8_msgs/msg/detail/point2_d__rosidl_typesupport_introspection_c.h
[2.647s] -- Up-to-date: /home/mtrn/4231/A2_Project/Computer_Vision/packages/install/yolov8_msgs/include/yolov8_msgs/yolov8_msgs/msg/detail/key_point2_d__rosidl_typesupport_introspection_c.h
[2.647s] -- Up-to-date: /home/mtrn/4231/A2_Project/Computer_Vision/packages/install/yolov8_msgs/include/yolov8_msgs/yolov8_msgs/msg/detail/detection__rosidl_typesupport_introspection_c.h
[2.647s] -- Up-to-date: /home/mtrn/4231/A2_Project/Computer_Vision/packages/install/yolov8_msgs/include/yolov8_msgs/yolov8_msgs/msg/detail/vector2__type_support.c
[2.648s] -- Up-to-date: /home/mtrn/4231/A2_Project/Computer_Vision/packages/install/yolov8_msgs/include/yolov8_msgs/yolov8_msgs/msg/detail/detection_array__rosidl_typesupport_introspection_c.h
[2.648s] -- Up-to-date: /home/mtrn/4231/A2_Project/Computer_Vision/packages/install/yolov8_msgs/include/yolov8_msgs/yolov8_msgs/msg/detail/key_point3_d__rosidl_typesupport_introspection_c.h
[2.648s] -- Up-to-date: /home/mtrn/4231/A2_Project/Computer_Vision/packages/install/yolov8_msgs/include/yolov8_msgs/yolov8_msgs/msg/detail/bounding_box2_d__type_support.c
[2.649s] -- Up-to-date: /home/mtrn/4231/A2_Project/Computer_Vision/packages/install/yolov8_msgs/include/yolov8_msgs/yolov8_msgs/msg/detail/key_point2_d__type_support.c
[2.649s] -- Up-to-date: /home/mtrn/4231/A2_Project/Computer_Vision/packages/install/yolov8_msgs/lib/libyolov8_msgs__rosidl_typesupport_introspection_c.so
[2.655s] -- Up-to-date: /home/mtrn/4231/A2_Project/Computer_Vision/packages/install/yolov8_msgs/lib/libyolov8_msgs__rosidl_typesupport_c.so
[2.655s] -- Up-to-date: /home/mtrn/4231/A2_Project/Computer_Vision/packages/install/yolov8_msgs/include/yolov8_msgs/yolov8_msgs
[2.655s] -- Up-to-date: /home/mtrn/4231/A2_Project/Computer_Vision/packages/install/yolov8_msgs/include/yolov8_msgs/yolov8_msgs/msg
[2.656s] -- Up-to-date: /home/mtrn/4231/A2_Project/Computer_Vision/packages/install/yolov8_msgs/include/yolov8_msgs/yolov8_msgs/msg/vector2.hpp
[2.657s] -- Up-to-date: /home/mtrn/4231/A2_Project/Computer_Vision/packages/install/yolov8_msgs/include/yolov8_msgs/yolov8_msgs/msg/key_point2_d_array.hpp
[2.657s] -- Up-to-date: /home/mtrn/4231/A2_Project/Computer_Vision/packages/install/yolov8_msgs/include/yolov8_msgs/yolov8_msgs/msg/point2_d.hpp
[2.657s] -- Up-to-date: /home/mtrn/4231/A2_Project/Computer_Vision/packages/install/yolov8_msgs/include/yolov8_msgs/yolov8_msgs/msg/key_point2_d.hpp
[2.657s] -- Up-to-date: /home/mtrn/4231/A2_Project/Computer_Vision/packages/install/yolov8_msgs/include/yolov8_msgs/yolov8_msgs/msg/mask.hpp
[2.658s] -- Up-to-date: /home/mtrn/4231/A2_Project/Computer_Vision/packages/install/yolov8_msgs/include/yolov8_msgs/yolov8_msgs/msg/detection_array.hpp
[2.659s] -- Up-to-date: /home/mtrn/4231/A2_Project/Computer_Vision/packages/install/yolov8_msgs/include/yolov8_msgs/yolov8_msgs/msg/key_point3_d.hpp
[2.660s] -- Up-to-date: /home/mtrn/4231/A2_Project/Computer_Vision/packages/install/yolov8_msgs/include/yolov8_msgs/yolov8_msgs/msg/pose2_d.hpp
[2.660s] -- Up-to-date: /home/mtrn/4231/A2_Project/Computer_Vision/packages/install/yolov8_msgs/include/yolov8_msgs/yolov8_msgs/msg/detection.hpp
[2.660s] -- Up-to-date: /home/mtrn/4231/A2_Project/Computer_Vision/packages/install/yolov8_msgs/include/yolov8_msgs/yolov8_msgs/msg/key_point3_d_array.hpp
[2.660s] -- Up-to-date: /home/mtrn/4231/A2_Project/Computer_Vision/packages/install/yolov8_msgs/include/yolov8_msgs/yolov8_msgs/msg/bounding_box2_d.hpp
[2.661s] -- Up-to-date: /home/mtrn/4231/A2_Project/Computer_Vision/packages/install/yolov8_msgs/include/yolov8_msgs/yolov8_msgs/msg/detail
[2.661s] -- Up-to-date: /home/mtrn/4231/A2_Project/Computer_Vision/packages/install/yolov8_msgs/include/yolov8_msgs/yolov8_msgs/msg/detail/detection__struct.hpp
[2.661s] -- Up-to-date: /home/mtrn/4231/A2_Project/Computer_Vision/packages/install/yolov8_msgs/include/yolov8_msgs/yolov8_msgs/msg/detail/key_point2_d_array__traits.hpp
[2.661s] -- Up-to-date: /home/mtrn/4231/A2_Project/Computer_Vision/packages/install/yolov8_msgs/include/yolov8_msgs/yolov8_msgs/msg/detail/vector2__struct.hpp
[2.661s] -- Up-to-date: /home/mtrn/4231/A2_Project/Computer_Vision/packages/install/yolov8_msgs/include/yolov8_msgs/yolov8_msgs/msg/detail/bounding_box2_d__builder.hpp
[2.662s] -- Up-to-date: /home/mtrn/4231/A2_Project/Computer_Vision/packages/install/yolov8_msgs/include/yolov8_msgs/yolov8_msgs/msg/detail/mask__builder.hpp
[2.662s] -- Up-to-date: /home/mtrn/4231/A2_Project/Computer_Vision/packages/install/yolov8_msgs/include/yolov8_msgs/yolov8_msgs/msg/detail/key_point2_d__struct.hpp
[2.662s] -- Up-to-date: /home/mtrn/4231/A2_Project/Computer_Vision/packages/install/yolov8_msgs/include/yolov8_msgs/yolov8_msgs/msg/detail/key_point3_d_array__traits.hpp
[2.662s] -- Up-to-date: /home/mtrn/4231/A2_Project/Computer_Vision/packages/install/yolov8_msgs/include/yolov8_msgs/yolov8_msgs/msg/detail/bounding_box3_d__struct.hpp
[2.662s] -- Up-to-date: /home/mtrn/4231/A2_Project/Computer_Vision/packages/install/yolov8_msgs/include/yolov8_msgs/yolov8_msgs/msg/detail/bounding_box3_d__builder.hpp
[2.663s] -- Up-to-date: /home/mtrn/4231/A2_Project/Computer_Vision/packages/install/yolov8_msgs/include/yolov8_msgs/yolov8_msgs/msg/detail/key_point2_d__builder.hpp
[2.663s] -- Up-to-date: /home/mtrn/4231/A2_Project/Computer_Vision/packages/install/yolov8_msgs/include/yolov8_msgs/yolov8_msgs/msg/detail/mask__traits.hpp
[2.663s] -- Up-to-date: /home/mtrn/4231/A2_Project/Computer_Vision/packages/install/yolov8_msgs/include/yolov8_msgs/yolov8_msgs/msg/detail/detection_array__struct.hpp
[2.663s] -- Up-to-date: /home/mtrn/4231/A2_Project/Computer_Vision/packages/install/yolov8_msgs/include/yolov8_msgs/yolov8_msgs/msg/detail/key_point3_d_array__builder.hpp
[2.663s] -- Up-to-date: /home/mtrn/4231/A2_Project/Computer_Vision/packages/install/yolov8_msgs/include/yolov8_msgs/yolov8_msgs/msg/detail/detection__traits.hpp
[2.663s] -- Up-to-date: /home/mtrn/4231/A2_Project/Computer_Vision/packages/install/yolov8_msgs/include/yolov8_msgs/yolov8_msgs/msg/detail/detection__builder.hpp
[2.664s] -- Up-to-date: /home/mtrn/4231/A2_Project/Computer_Vision/packages/install/yolov8_msgs/include/yolov8_msgs/yolov8_msgs/msg/detail/detection_array__builder.hpp
[2.664s] -- Up-to-date: /home/mtrn/4231/A2_Project/Computer_Vision/packages/install/yolov8_msgs/include/yolov8_msgs/yolov8_msgs/msg/detail/mask__struct.hpp
[2.664s] -- Up-to-date: /home/mtrn/4231/A2_Project/Computer_Vision/packages/install/yolov8_msgs/include/yolov8_msgs/yolov8_msgs/msg/detail/key_point3_d_array__struct.hpp
[2.664s] -- Up-to-date: /home/mtrn/4231/A2_Project/Computer_Vision/packages/install/yolov8_msgs/include/yolov8_msgs/yolov8_msgs/msg/detail/detection_array__traits.hpp
[2.664s] -- Up-to-date: /home/mtrn/4231/A2_Project/Computer_Vision/packages/install/yolov8_msgs/include/yolov8_msgs/yolov8_msgs/msg/detail/point2_d__builder.hpp
[2.664s] -- Up-to-date: /home/mtrn/4231/A2_Project/Computer_Vision/packages/install/yolov8_msgs/include/yolov8_msgs/yolov8_msgs/msg/detail/vector2__builder.hpp
[2.665s] -- Up-to-date: /home/mtrn/4231/A2_Project/Computer_Vision/packages/install/yolov8_msgs/include/yolov8_msgs/yolov8_msgs/msg/detail/key_point3_d__builder.hpp
[2.665s] -- Up-to-date: /home/mtrn/4231/A2_Project/Computer_Vision/packages/install/yolov8_msgs/include/yolov8_msgs/yolov8_msgs/msg/detail/point2_d__struct.hpp
[2.665s] -- Up-to-date: /home/mtrn/4231/A2_Project/Computer_Vision/packages/install/yolov8_msgs/include/yolov8_msgs/yolov8_msgs/msg/detail/bounding_box2_d__struct.hpp
[2.666s] -- Up-to-date: /home/mtrn/4231/A2_Project/Computer_Vision/packages/install/yolov8_msgs/include/yolov8_msgs/yolov8_msgs/msg/detail/pose2_d__builder.hpp
[2.666s] -- Up-to-date: /home/mtrn/4231/A2_Project/Computer_Vision/packages/install/yolov8_msgs/include/yolov8_msgs/yolov8_msgs/msg/detail/pose2_d__struct.hpp
[2.666s] -- Up-to-date: /home/mtrn/4231/A2_Project/Computer_Vision/packages/install/yolov8_msgs/include/yolov8_msgs/yolov8_msgs/msg/detail/bounding_box2_d__traits.hpp
[2.667s] -- Up-to-date: /home/mtrn/4231/A2_Project/Computer_Vision/packages/install/yolov8_msgs/include/yolov8_msgs/yolov8_msgs/msg/detail/bounding_box3_d__traits.hpp
[2.667s] -- Up-to-date: /home/mtrn/4231/A2_Project/Computer_Vision/packages/install/yolov8_msgs/include/yolov8_msgs/yolov8_msgs/msg/detail/key_point3_d__struct.hpp
[2.667s] -- Up-to-date: /home/mtrn/4231/A2_Project/Computer_Vision/packages/install/yolov8_msgs/include/yolov8_msgs/yolov8_msgs/msg/detail/point2_d__traits.hpp
[2.667s] -- Up-to-date: /home/mtrn/4231/A2_Project/Computer_Vision/packages/install/yolov8_msgs/include/yolov8_msgs/yolov8_msgs/msg/detail/key_point2_d__traits.hpp
[2.668s] -- Up-to-date: /home/mtrn/4231/A2_Project/Computer_Vision/packages/install/yolov8_msgs/include/yolov8_msgs/yolov8_msgs/msg/detail/key_point2_d_array__builder.hpp
[2.668s] -- Up-to-date: /home/mtrn/4231/A2_Project/Computer_Vision/packages/install/yolov8_msgs/include/yolov8_msgs/yolov8_msgs/msg/detail/key_point3_d__traits.hpp
[2.668s] -- Up-to-date: /home/mtrn/4231/A2_Project/Computer_Vision/packages/install/yolov8_msgs/include/yolov8_msgs/yolov8_msgs/msg/detail/vector2__traits.hpp
[2.668s] -- Up-to-date: /home/mtrn/4231/A2_Project/Computer_Vision/packages/install/yolov8_msgs/include/yolov8_msgs/yolov8_msgs/msg/detail/pose2_d__traits.hpp
[2.668s] -- Up-to-date: /home/mtrn/4231/A2_Project/Computer_Vision/packages/install/yolov8_msgs/include/yolov8_msgs/yolov8_msgs/msg/detail/key_point2_d_array__struct.hpp
[2.669s] -- Up-to-date: /home/mtrn/4231/A2_Project/Computer_Vision/packages/install/yolov8_msgs/include/yolov8_msgs/yolov8_msgs/msg/bounding_box3_d.hpp
[2.669s] -- Up-to-date: /home/mtrn/4231/A2_Project/Computer_Vision/packages/install/yolov8_msgs/include/yolov8_msgs/yolov8_msgs
[2.669s] -- Up-to-date: /home/mtrn/4231/A2_Project/Computer_Vision/packages/install/yolov8_msgs/include/yolov8_msgs/yolov8_msgs/msg
[2.669s] -- Up-to-date: /home/mtrn/4231/A2_Project/Computer_Vision/packages/install/yolov8_msgs/include/yolov8_msgs/yolov8_msgs/msg/detail
[2.670s] -- Up-to-date: /home/mtrn/4231/A2_Project/Computer_Vision/packages/install/yolov8_msgs/include/yolov8_msgs/yolov8_msgs/msg/detail/bounding_box2_d__rosidl_typesupport_fastrtps_cpp.hpp
[2.670s] -- Up-to-date: /home/mtrn/4231/A2_Project/Computer_Vision/packages/install/yolov8_msgs/include/yolov8_msgs/yolov8_msgs/msg/detail/mask__rosidl_typesupport_fastrtps_cpp.hpp
[2.670s] -- Up-to-date: /home/mtrn/4231/A2_Project/Computer_Vision/packages/install/yolov8_msgs/include/yolov8_msgs/yolov8_msgs/msg/detail/bounding_box3_d__rosidl_typesupport_fastrtps_cpp.hpp
[2.671s] -- Up-to-date: /home/mtrn/4231/A2_Project/Computer_Vision/packages/install/yolov8_msgs/include/yolov8_msgs/yolov8_msgs/msg/detail/key_point2_d_array__rosidl_typesupport_fastrtps_cpp.hpp
[2.671s] -- Up-to-date: /home/mtrn/4231/A2_Project/Computer_Vision/packages/install/yolov8_msgs/include/yolov8_msgs/yolov8_msgs/msg/detail/pose2_d__rosidl_typesupport_fastrtps_cpp.hpp
[2.671s] -- Up-to-date: /home/mtrn/4231/A2_Project/Computer_Vision/packages/install/yolov8_msgs/include/yolov8_msgs/yolov8_msgs/msg/detail/detection__rosidl_typesupport_fastrtps_cpp.hpp
[2.671s] -- Up-to-date: /home/mtrn/4231/A2_Project/Computer_Vision/packages/install/yolov8_msgs/include/yolov8_msgs/yolov8_msgs/msg/detail/key_point2_d__rosidl_typesupport_fastrtps_cpp.hpp
[2.671s] -- Up-to-date: /home/mtrn/4231/A2_Project/Computer_Vision/packages/install/yolov8_msgs/include/yolov8_msgs/yolov8_msgs/msg/detail/key_point3_d__rosidl_typesupport_fastrtps_cpp.hpp
[2.672s] -- Up-to-date: /home/mtrn/4231/A2_Project/Computer_Vision/packages/install/yolov8_msgs/include/yolov8_msgs/yolov8_msgs/msg/detail/detection_array__rosidl_typesupport_fastrtps_cpp.hpp
[2.672s] -- Up-to-date: /home/mtrn/4231/A2_Project/Computer_Vision/packages/install/yolov8_msgs/include/yolov8_msgs/yolov8_msgs/msg/detail/dds_fastrtps
[2.672s] -- Up-to-date: /home/mtrn/4231/A2_Project/Computer_Vision/packages/install/yolov8_msgs/include/yolov8_msgs/yolov8_msgs/msg/detail/point2_d__rosidl_typesupport_fastrtps_cpp.hpp
[2.673s] -- Up-to-date: /home/mtrn/4231/A2_Project/Computer_Vision/packages/install/yolov8_msgs/include/yolov8_msgs/yolov8_msgs/msg/detail/key_point3_d_array__rosidl_typesupport_fastrtps_cpp.hpp
[2.673s] -- Up-to-date: /home/mtrn/4231/A2_Project/Computer_Vision/packages/install/yolov8_msgs/include/yolov8_msgs/yolov8_msgs/msg/detail/vector2__rosidl_typesupport_fastrtps_cpp.hpp
[2.673s] -- Up-to-date: /home/mtrn/4231/A2_Project/Computer_Vision/packages/install/yolov8_msgs/include/yolov8_msgs/yolov8_msgs/msg/rosidl_typesupport_fastrtps_cpp__visibility_control.h
[2.673s] -- Up-to-date: /home/mtrn/4231/A2_Project/Computer_Vision/packages/install/yolov8_msgs/lib/libyolov8_msgs__rosidl_typesupport_fastrtps_cpp.so
[2.673s] -- Up-to-date: /home/mtrn/4231/A2_Project/Computer_Vision/packages/install/yolov8_msgs/include/yolov8_msgs/yolov8_msgs
[2.674s] -- Up-to-date: /home/mtrn/4231/A2_Project/Computer_Vision/packages/install/yolov8_msgs/include/yolov8_msgs/yolov8_msgs/msg
[2.674s] -- Up-to-date: /home/mtrn/4231/A2_Project/Computer_Vision/packages/install/yolov8_msgs/include/yolov8_msgs/yolov8_msgs/msg/detail
[2.674s] -- Up-to-date: /home/mtrn/4231/A2_Project/Computer_Vision/packages/install/yolov8_msgs/include/yolov8_msgs/yolov8_msgs/msg/detail/key_point3_d__type_support.cpp
[2.675s] -- Up-to-date: /home/mtrn/4231/A2_Project/Computer_Vision/packages/install/yolov8_msgs/include/yolov8_msgs/yolov8_msgs/msg/detail/vector2__type_support.cpp
[2.675s] -- Up-to-date: /home/mtrn/4231/A2_Project/Computer_Vision/packages/install/yolov8_msgs/include/yolov8_msgs/yolov8_msgs/msg/detail/mask__rosidl_typesupport_introspection_cpp.hpp
[2.675s] -- Up-to-date: /home/mtrn/4231/A2_Project/Computer_Vision/packages/install/yolov8_msgs/include/yolov8_msgs/yolov8_msgs/msg/detail/key_point3_d_array__rosidl_typesupport_introspection_cpp.hpp
[2.675s] -- Up-to-date: /home/mtrn/4231/A2_Project/Computer_Vision/packages/install/yolov8_msgs/include/yolov8_msgs/yolov8_msgs/msg/detail/detection__rosidl_typesupport_introspection_cpp.hpp
[2.675s] -- Up-to-date: /home/mtrn/4231/A2_Project/Computer_Vision/packages/install/yolov8_msgs/include/yolov8_msgs/yolov8_msgs/msg/detail/point2_d__rosidl_typesupport_introspection_cpp.hpp
[2.675s] -- Up-to-date: /home/mtrn/4231/A2_Project/Computer_Vision/packages/install/yolov8_msgs/include/yolov8_msgs/yolov8_msgs/msg/detail/key_point3_d__rosidl_typesupport_introspection_cpp.hpp
[2.676s] -- Up-to-date: /home/mtrn/4231/A2_Project/Computer_Vision/packages/install/yolov8_msgs/include/yolov8_msgs/yolov8_msgs/msg/detail/detection_array__type_support.cpp
[2.676s] -- Up-to-date: /home/mtrn/4231/A2_Project/Computer_Vision/packages/install/yolov8_msgs/include/yolov8_msgs/yolov8_msgs/msg/detail/bounding_box3_d__type_support.cpp
[2.676s] -- Up-to-date: /home/mtrn/4231/A2_Project/Computer_Vision/packages/install/yolov8_msgs/include/yolov8_msgs/yolov8_msgs/msg/detail/key_point3_d_array__type_support.cpp
[2.676s] -- Up-to-date: /home/mtrn/4231/A2_Project/Computer_Vision/packages/install/yolov8_msgs/include/yolov8_msgs/yolov8_msgs/msg/detail/mask__type_support.cpp
[2.677s] -- Up-to-date: /home/mtrn/4231/A2_Project/Computer_Vision/packages/install/yolov8_msgs/include/yolov8_msgs/yolov8_msgs/msg/detail/key_point2_d_array__rosidl_typesupport_introspection_cpp.hpp
[2.677s] -- Up-to-date: /home/mtrn/4231/A2_Project/Computer_Vision/packages/install/yolov8_msgs/include/yolov8_msgs/yolov8_msgs/msg/detail/bounding_box2_d__type_support.cpp
[2.691s] -- Up-to-date: /home/mtrn/4231/A2_Project/Computer_Vision/packages/install/yolov8_msgs/include/yolov8_msgs/yolov8_msgs/msg/detail/pose2_d__rosidl_typesupport_introspection_cpp.hpp
[2.691s] -- Up-to-date: /home/mtrn/4231/A2_Project/Computer_Vision/packages/install/yolov8_msgs/include/yolov8_msgs/yolov8_msgs/msg/detail/detection__type_support.cpp
[2.692s] -- Up-to-date: /home/mtrn/4231/A2_Project/Computer_Vision/packages/install/yolov8_msgs/include/yolov8_msgs/yolov8_msgs/msg/detail/detection_array__rosidl_typesupport_introspection_cpp.hpp
[2.692s] -- Up-to-date: /home/mtrn/4231/A2_Project/Computer_Vision/packages/install/yolov8_msgs/include/yolov8_msgs/yolov8_msgs/msg/detail/pose2_d__type_support.cpp
[2.692s] -- Up-to-date: /home/mtrn/4231/A2_Project/Computer_Vision/packages/install/yolov8_msgs/include/yolov8_msgs/yolov8_msgs/msg/detail/vector2__rosidl_typesupport_introspection_cpp.hpp
[2.693s] -- Up-to-date: /home/mtrn/4231/A2_Project/Computer_Vision/packages/install/yolov8_msgs/include/yolov8_msgs/yolov8_msgs/msg/detail/key_point2_d__rosidl_typesupport_introspection_cpp.hpp
[2.693s] -- Up-to-date: /home/mtrn/4231/A2_Project/Computer_Vision/packages/install/yolov8_msgs/include/yolov8_msgs/yolov8_msgs/msg/detail/key_point2_d_array__type_support.cpp
[2.693s] -- Up-to-date: /home/mtrn/4231/A2_Project/Computer_Vision/packages/install/yolov8_msgs/include/yolov8_msgs/yolov8_msgs/msg/detail/bounding_box3_d__rosidl_typesupport_introspection_cpp.hpp
[2.693s] -- Up-to-date: /home/mtrn/4231/A2_Project/Computer_Vision/packages/install/yolov8_msgs/include/yolov8_msgs/yolov8_msgs/msg/detail/point2_d__type_support.cpp
[2.694s] -- Up-to-date: /home/mtrn/4231/A2_Project/Computer_Vision/packages/install/yolov8_msgs/include/yolov8_msgs/yolov8_msgs/msg/detail/bounding_box2_d__rosidl_typesupport_introspection_cpp.hpp
[2.694s] -- Up-to-date: /home/mtrn/4231/A2_Project/Computer_Vision/packages/install/yolov8_msgs/include/yolov8_msgs/yolov8_msgs/msg/detail/key_point2_d__type_support.cpp
[2.695s] -- Up-to-date: /home/mtrn/4231/A2_Project/Computer_Vision/packages/install/yolov8_msgs/lib/libyolov8_msgs__rosidl_typesupport_introspection_cpp.so
[2.695s] -- Up-to-date: /home/mtrn/4231/A2_Project/Computer_Vision/packages/install/yolov8_msgs/lib/libyolov8_msgs__rosidl_typesupport_cpp.so
[2.695s] -- Up-to-date: /home/mtrn/4231/A2_Project/Computer_Vision/packages/install/yolov8_msgs/share/yolov8_msgs/environment/pythonpath.sh
[2.695s] -- Up-to-date: /home/mtrn/4231/A2_Project/Computer_Vision/packages/install/yolov8_msgs/share/yolov8_msgs/environment/pythonpath.dsv
[2.696s] -- Up-to-date: /home/mtrn/4231/A2_Project/Computer_Vision/packages/install/yolov8_msgs/local/lib/python3.10/dist-packages/yolov8_msgs-0.0.0-py3.10.egg-info
[2.697s] -- Installing: /home/mtrn/4231/A2_Project/Computer_Vision/packages/install/yolov8_msgs/local/lib/python3.10/dist-packages/yolov8_msgs-0.0.0-py3.10.egg-info/top_level.txt
[2.703s] -- Installing: /home/mtrn/4231/A2_Project/Computer_Vision/packages/install/yolov8_msgs/local/lib/python3.10/dist-packages/yolov8_msgs-0.0.0-py3.10.egg-info/SOURCES.txt
[2.704s] -- Installing: /home/mtrn/4231/A2_Project/Computer_Vision/packages/install/yolov8_msgs/local/lib/python3.10/dist-packages/yolov8_msgs-0.0.0-py3.10.egg-info/PKG-INFO
[2.704s] -- Installing: /home/mtrn/4231/A2_Project/Computer_Vision/packages/install/yolov8_msgs/local/lib/python3.10/dist-packages/yolov8_msgs-0.0.0-py3.10.egg-info/dependency_links.txt
[2.704s] -- Up-to-date: /home/mtrn/4231/A2_Project/Computer_Vision/packages/install/yolov8_msgs/local/lib/python3.10/dist-packages/yolov8_msgs
[2.704s] -- Up-to-date: /home/mtrn/4231/A2_Project/Computer_Vision/packages/install/yolov8_msgs/local/lib/python3.10/dist-packages/yolov8_msgs/yolov8_msgs_s__rosidl_typesupport_introspection_c.cpython-310-x86_64-linux-gnu.so
[2.706s] -- Up-to-date: /home/mtrn/4231/A2_Project/Computer_Vision/packages/install/yolov8_msgs/local/lib/python3.10/dist-packages/yolov8_msgs/_yolov8_msgs_s.ep.rosidl_typesupport_c.c
[2.706s] -- Up-to-date: /home/mtrn/4231/A2_Project/Computer_Vision/packages/install/yolov8_msgs/local/lib/python3.10/dist-packages/yolov8_msgs/yolov8_msgs_s__rosidl_typesupport_fastrtps_c.cpython-310-x86_64-linux-gnu.so
[2.706s] -- Up-to-date: /home/mtrn/4231/A2_Project/Computer_Vision/packages/install/yolov8_msgs/local/lib/python3.10/dist-packages/yolov8_msgs/yolov8_msgs_s__rosidl_typesupport_c.cpython-310-x86_64-linux-gnu.so
[2.706s] -- Up-to-date: /home/mtrn/4231/A2_Project/Computer_Vision/packages/install/yolov8_msgs/local/lib/python3.10/dist-packages/yolov8_msgs/_yolov8_msgs_s.ep.rosidl_typesupport_fastrtps_c.c
[2.707s] -- Up-to-date: /home/mtrn/4231/A2_Project/Computer_Vision/packages/install/yolov8_msgs/local/lib/python3.10/dist-packages/yolov8_msgs/msg
[2.707s] -- Up-to-date: /home/mtrn/4231/A2_Project/Computer_Vision/packages/install/yolov8_msgs/local/lib/python3.10/dist-packages/yolov8_msgs/msg/_key_point3_d_array.py
[2.707s] -- Up-to-date: /home/mtrn/4231/A2_Project/Computer_Vision/packages/install/yolov8_msgs/local/lib/python3.10/dist-packages/yolov8_msgs/msg/_bounding_box3_d_s.c
[2.707s] -- Up-to-date: /home/mtrn/4231/A2_Project/Computer_Vision/packages/install/yolov8_msgs/local/lib/python3.10/dist-packages/yolov8_msgs/msg/_detection_s.c
[2.708s] -- Up-to-date: /home/mtrn/4231/A2_Project/Computer_Vision/packages/install/yolov8_msgs/local/lib/python3.10/dist-packages/yolov8_msgs/msg/_pose2_d_s.c
[2.708s] -- Up-to-date: /home/mtrn/4231/A2_Project/Computer_Vision/packages/install/yolov8_msgs/local/lib/python3.10/dist-packages/yolov8_msgs/msg/_mask_s.c
[2.708s] -- Up-to-date: /home/mtrn/4231/A2_Project/Computer_Vision/packages/install/yolov8_msgs/local/lib/python3.10/dist-packages/yolov8_msgs/msg/_key_point2_d_array.py
[2.708s] -- Up-to-date: /home/mtrn/4231/A2_Project/Computer_Vision/packages/install/yolov8_msgs/local/lib/python3.10/dist-packages/yolov8_msgs/msg/_detection_array.py
[2.709s] -- Up-to-date: /home/mtrn/4231/A2_Project/Computer_Vision/packages/install/yolov8_msgs/local/lib/python3.10/dist-packages/yolov8_msgs/msg/_key_point3_d_array_s.c
[2.709s] -- Up-to-date: /home/mtrn/4231/A2_Project/Computer_Vision/packages/install/yolov8_msgs/local/lib/python3.10/dist-packages/yolov8_msgs/msg/_key_point2_d_s.c
[2.709s] -- Up-to-date: /home/mtrn/4231/A2_Project/Computer_Vision/packages/install/yolov8_msgs/local/lib/python3.10/dist-packages/yolov8_msgs/msg/_detection_array_s.c
[2.709s] -- Up-to-date: /home/mtrn/4231/A2_Project/Computer_Vision/packages/install/yolov8_msgs/local/lib/python3.10/dist-packages/yolov8_msgs/msg/_vector2_s.c
[2.709s] -- Up-to-date: /home/mtrn/4231/A2_Project/Computer_Vision/packages/install/yolov8_msgs/local/lib/python3.10/dist-packages/yolov8_msgs/msg/_key_point2_d.py
[2.709s] -- Up-to-date: /home/mtrn/4231/A2_Project/Computer_Vision/packages/install/yolov8_msgs/local/lib/python3.10/dist-packages/yolov8_msgs/msg/_bounding_box2_d.py
[2.710s] -- Up-to-date: /home/mtrn/4231/A2_Project/Computer_Vision/packages/install/yolov8_msgs/local/lib/python3.10/dist-packages/yolov8_msgs/msg/_point2_d.py
[2.710s] -- Up-to-date: /home/mtrn/4231/A2_Project/Computer_Vision/packages/install/yolov8_msgs/local/lib/python3.10/dist-packages/yolov8_msgs/msg/_key_point3_d.py
[2.710s] -- Up-to-date: /home/mtrn/4231/A2_Project/Computer_Vision/packages/install/yolov8_msgs/local/lib/python3.10/dist-packages/yolov8_msgs/msg/_key_point3_d_s.c
[2.710s] -- Up-to-date: /home/mtrn/4231/A2_Project/Computer_Vision/packages/install/yolov8_msgs/local/lib/python3.10/dist-packages/yolov8_msgs/msg/_pose2_d.py
[2.710s] -- Up-to-date: /home/mtrn/4231/A2_Project/Computer_Vision/packages/install/yolov8_msgs/local/lib/python3.10/dist-packages/yolov8_msgs/msg/_detection.py
[2.710s] -- Up-to-date: /home/mtrn/4231/A2_Project/Computer_Vision/packages/install/yolov8_msgs/local/lib/python3.10/dist-packages/yolov8_msgs/msg/_vector2.py
[2.711s] -- Up-to-date: /home/mtrn/4231/A2_Project/Computer_Vision/packages/install/yolov8_msgs/local/lib/python3.10/dist-packages/yolov8_msgs/msg/_mask.py
[2.711s] -- Up-to-date: /home/mtrn/4231/A2_Project/Computer_Vision/packages/install/yolov8_msgs/local/lib/python3.10/dist-packages/yolov8_msgs/msg/_bounding_box2_d_s.c
[2.711s] -- Up-to-date: /home/mtrn/4231/A2_Project/Computer_Vision/packages/install/yolov8_msgs/local/lib/python3.10/dist-packages/yolov8_msgs/msg/__init__.py
[2.712s] -- Up-to-date: /home/mtrn/4231/A2_Project/Computer_Vision/packages/install/yolov8_msgs/local/lib/python3.10/dist-packages/yolov8_msgs/msg/_bounding_box3_d.py
[2.712s] -- Up-to-date: /home/mtrn/4231/A2_Project/Computer_Vision/packages/install/yolov8_msgs/local/lib/python3.10/dist-packages/yolov8_msgs/msg/_point2_d_s.c
[2.712s] -- Up-to-date: /home/mtrn/4231/A2_Project/Computer_Vision/packages/install/yolov8_msgs/local/lib/python3.10/dist-packages/yolov8_msgs/msg/_key_point2_d_array_s.c
[2.712s] -- Up-to-date: /home/mtrn/4231/A2_Project/Computer_Vision/packages/install/yolov8_msgs/local/lib/python3.10/dist-packages/yolov8_msgs/libyolov8_msgs__rosidl_generator_py.so
[2.712s] -- Up-to-date: /home/mtrn/4231/A2_Project/Computer_Vision/packages/install/yolov8_msgs/local/lib/python3.10/dist-packages/yolov8_msgs/__init__.py
[2.712s] -- Up-to-date: /home/mtrn/4231/A2_Project/Computer_Vision/packages/install/yolov8_msgs/local/lib/python3.10/dist-packages/yolov8_msgs/_yolov8_msgs_s.ep.rosidl_typesupport_introspection_c.c
[2.714s] Listing '/home/mtrn/4231/A2_Project/Computer_Vision/packages/install/yolov8_msgs/local/lib/python3.10/dist-packages/yolov8_msgs'...
[2.715s] Listing '/home/mtrn/4231/A2_Project/Computer_Vision/packages/install/yolov8_msgs/local/lib/python3.10/dist-packages/yolov8_msgs/msg'...
[2.715s] -- Up-to-date: /home/mtrn/4231/A2_Project/Computer_Vision/packages/install/yolov8_msgs/local/lib/python3.10/dist-packages/yolov8_msgs/yolov8_msgs_s__rosidl_typesupport_fastrtps_c.cpython-310-x86_64-linux-gnu.so
[2.715s] -- Up-to-date: /home/mtrn/4231/A2_Project/Computer_Vision/packages/install/yolov8_msgs/local/lib/python3.10/dist-packages/yolov8_msgs/yolov8_msgs_s__rosidl_typesupport_introspection_c.cpython-310-x86_64-linux-gnu.so
[2.716s] -- Up-to-date: /home/mtrn/4231/A2_Project/Computer_Vision/packages/install/yolov8_msgs/local/lib/python3.10/dist-packages/yolov8_msgs/yolov8_msgs_s__rosidl_typesupport_c.cpython-310-x86_64-linux-gnu.so
[2.716s] -- Up-to-date: /home/mtrn/4231/A2_Project/Computer_Vision/packages/install/yolov8_msgs/lib/libyolov8_msgs__rosidl_generator_py.so
[2.716s] -- Up-to-date: /home/mtrn/4231/A2_Project/Computer_Vision/packages/install/yolov8_msgs/share/yolov8_msgs/msg/Point2D.idl
[2.716s] -- Up-to-date: /home/mtrn/4231/A2_Project/Computer_Vision/packages/install/yolov8_msgs/share/yolov8_msgs/msg/Vector2.idl
[2.716s] -- Up-to-date: /home/mtrn/4231/A2_Project/Computer_Vision/packages/install/yolov8_msgs/share/yolov8_msgs/msg/Pose2D.idl
[2.716s] -- Up-to-date: /home/mtrn/4231/A2_Project/Computer_Vision/packages/install/yolov8_msgs/share/yolov8_msgs/msg/BoundingBox2D.idl
[2.717s] -- Up-to-date: /home/mtrn/4231/A2_Project/Computer_Vision/packages/install/yolov8_msgs/share/yolov8_msgs/msg/BoundingBox3D.idl
[2.717s] -- Up-to-date: /home/mtrn/4231/A2_Project/Computer_Vision/packages/install/yolov8_msgs/share/yolov8_msgs/msg/Mask.idl
[2.717s] -- Up-to-date: /home/mtrn/4231/A2_Project/Computer_Vision/packages/install/yolov8_msgs/share/yolov8_msgs/msg/KeyPoint2D.idl
[2.717s] -- Up-to-date: /home/mtrn/4231/A2_Project/Computer_Vision/packages/install/yolov8_msgs/share/yolov8_msgs/msg/KeyPoint2DArray.idl
[2.717s] -- Up-to-date: /home/mtrn/4231/A2_Project/Computer_Vision/packages/install/yolov8_msgs/share/yolov8_msgs/msg/KeyPoint3D.idl
[2.718s] -- Up-to-date: /home/mtrn/4231/A2_Project/Computer_Vision/packages/install/yolov8_msgs/share/yolov8_msgs/msg/KeyPoint3DArray.idl
[2.718s] -- Up-to-date: /home/mtrn/4231/A2_Project/Computer_Vision/packages/install/yolov8_msgs/share/yolov8_msgs/msg/Detection.idl
[2.718s] -- Up-to-date: /home/mtrn/4231/A2_Project/Computer_Vision/packages/install/yolov8_msgs/share/yolov8_msgs/msg/DetectionArray.idl
[2.718s] -- Up-to-date: /home/mtrn/4231/A2_Project/Computer_Vision/packages/install/yolov8_msgs/share/yolov8_msgs/msg/Point2D.msg
[2.718s] -- Up-to-date: /home/mtrn/4231/A2_Project/Computer_Vision/packages/install/yolov8_msgs/share/yolov8_msgs/msg/Vector2.msg
[2.719s] -- Up-to-date: /home/mtrn/4231/A2_Project/Computer_Vision/packages/install/yolov8_msgs/share/yolov8_msgs/msg/Pose2D.msg
[2.719s] -- Up-to-date: /home/mtrn/4231/A2_Project/Computer_Vision/packages/install/yolov8_msgs/share/yolov8_msgs/msg/BoundingBox2D.msg
[2.719s] -- Up-to-date: /home/mtrn/4231/A2_Project/Computer_Vision/packages/install/yolov8_msgs/share/yolov8_msgs/msg/BoundingBox3D.msg
[2.719s] -- Up-to-date: /home/mtrn/4231/A2_Project/Computer_Vision/packages/install/yolov8_msgs/share/yolov8_msgs/msg/Mask.msg
[2.719s] -- Up-to-date: /home/mtrn/4231/A2_Project/Computer_Vision/packages/install/yolov8_msgs/share/yolov8_msgs/msg/KeyPoint2D.msg
[2.719s] -- Up-to-date: /home/mtrn/4231/A2_Project/Computer_Vision/packages/install/yolov8_msgs/share/yolov8_msgs/msg/KeyPoint2DArray.msg
[2.720s] -- Up-to-date: /home/mtrn/4231/A2_Project/Computer_Vision/packages/install/yolov8_msgs/share/yolov8_msgs/msg/KeyPoint3D.msg
[2.720s] -- Up-to-date: /home/mtrn/4231/A2_Project/Computer_Vision/packages/install/yolov8_msgs/share/yolov8_msgs/msg/KeyPoint3DArray.msg
[2.721s] -- Up-to-date: /home/mtrn/4231/A2_Project/Computer_Vision/packages/install/yolov8_msgs/share/yolov8_msgs/msg/Detection.msg
[2.721s] -- Up-to-date: /home/mtrn/4231/A2_Project/Computer_Vision/packages/install/yolov8_msgs/share/yolov8_msgs/msg/DetectionArray.msg
[2.726s] -- Up-to-date: /home/mtrn/4231/A2_Project/Computer_Vision/packages/install/yolov8_msgs/share/ament_index/resource_index/package_run_dependencies/yolov8_msgs
[2.727s] -- Up-to-date: /home/mtrn/4231/A2_Project/Computer_Vision/packages/install/yolov8_msgs/share/ament_index/resource_index/parent_prefix_path/yolov8_msgs
[2.727s] -- Up-to-date: /home/mtrn/4231/A2_Project/Computer_Vision/packages/install/yolov8_msgs/share/yolov8_msgs/environment/ament_prefix_path.sh
[2.727s] -- Up-to-date: /home/mtrn/4231/A2_Project/Computer_Vision/packages/install/yolov8_msgs/share/yolov8_msgs/environment/ament_prefix_path.dsv
[2.728s] -- Up-to-date: /home/mtrn/4231/A2_Project/Computer_Vision/packages/install/yolov8_msgs/share/yolov8_msgs/environment/path.sh
[2.728s] -- Up-to-date: /home/mtrn/4231/A2_Project/Computer_Vision/packages/install/yolov8_msgs/share/yolov8_msgs/environment/path.dsv
[2.729s] -- Up-to-date: /home/mtrn/4231/A2_Project/Computer_Vision/packages/install/yolov8_msgs/share/yolov8_msgs/local_setup.bash
[2.729s] -- Up-to-date: /home/mtrn/4231/A2_Project/Computer_Vision/packages/install/yolov8_msgs/share/yolov8_msgs/local_setup.sh
[2.729s] -- Up-to-date: /home/mtrn/4231/A2_Project/Computer_Vision/packages/install/yolov8_msgs/share/yolov8_msgs/local_setup.zsh
[2.729s] -- Up-to-date: /home/mtrn/4231/A2_Project/Computer_Vision/packages/install/yolov8_msgs/share/yolov8_msgs/local_setup.dsv
[2.730s] -- Installing: /home/mtrn/4231/A2_Project/Computer_Vision/packages/install/yolov8_msgs/share/yolov8_msgs/package.dsv
[2.730s] -- Up-to-date: /home/mtrn/4231/A2_Project/Computer_Vision/packages/install/yolov8_msgs/share/ament_index/resource_index/packages/yolov8_msgs
[2.730s] -- Up-to-date: /home/mtrn/4231/A2_Project/Computer_Vision/packages/install/yolov8_msgs/share/yolov8_msgs/cmake/export_yolov8_msgs__rosidl_generator_cExport.cmake
[2.730s] -- Up-to-date: /home/mtrn/4231/A2_Project/Computer_Vision/packages/install/yolov8_msgs/share/yolov8_msgs/cmake/export_yolov8_msgs__rosidl_generator_cExport-noconfig.cmake
[2.731s] -- Up-to-date: /home/mtrn/4231/A2_Project/Computer_Vision/packages/install/yolov8_msgs/share/yolov8_msgs/cmake/export_yolov8_msgs__rosidl_typesupport_fastrtps_cExport.cmake
[2.731s] -- Up-to-date: /home/mtrn/4231/A2_Project/Computer_Vision/packages/install/yolov8_msgs/share/yolov8_msgs/cmake/export_yolov8_msgs__rosidl_typesupport_fastrtps_cExport-noconfig.cmake
[2.731s] -- Up-to-date: /home/mtrn/4231/A2_Project/Computer_Vision/packages/install/yolov8_msgs/share/yolov8_msgs/cmake/yolov8_msgs__rosidl_typesupport_introspection_cExport.cmake
[2.731s] -- Up-to-date: /home/mtrn/4231/A2_Project/Computer_Vision/packages/install/yolov8_msgs/share/yolov8_msgs/cmake/yolov8_msgs__rosidl_typesupport_introspection_cExport-noconfig.cmake
[2.731s] -- Up-to-date: /home/mtrn/4231/A2_Project/Computer_Vision/packages/install/yolov8_msgs/share/yolov8_msgs/cmake/yolov8_msgs__rosidl_typesupport_cExport.cmake
[2.732s] -- Up-to-date: /home/mtrn/4231/A2_Project/Computer_Vision/packages/install/yolov8_msgs/share/yolov8_msgs/cmake/yolov8_msgs__rosidl_typesupport_cExport-noconfig.cmake
[2.732s] -- Up-to-date: /home/mtrn/4231/A2_Project/Computer_Vision/packages/install/yolov8_msgs/share/yolov8_msgs/cmake/export_yolov8_msgs__rosidl_generator_cppExport.cmake
[2.732s] -- Up-to-date: /home/mtrn/4231/A2_Project/Computer_Vision/packages/install/yolov8_msgs/share/yolov8_msgs/cmake/export_yolov8_msgs__rosidl_typesupport_fastrtps_cppExport.cmake
[2.732s] -- Up-to-date: /home/mtrn/4231/A2_Project/Computer_Vision/packages/install/yolov8_msgs/share/yolov8_msgs/cmake/export_yolov8_msgs__rosidl_typesupport_fastrtps_cppExport-noconfig.cmake
[2.733s] -- Up-to-date: /home/mtrn/4231/A2_Project/Computer_Vision/packages/install/yolov8_msgs/share/yolov8_msgs/cmake/yolov8_msgs__rosidl_typesupport_introspection_cppExport.cmake
[2.733s] -- Up-to-date: /home/mtrn/4231/A2_Project/Computer_Vision/packages/install/yolov8_msgs/share/yolov8_msgs/cmake/yolov8_msgs__rosidl_typesupport_introspection_cppExport-noconfig.cmake
[2.734s] -- Up-to-date: /home/mtrn/4231/A2_Project/Computer_Vision/packages/install/yolov8_msgs/share/yolov8_msgs/cmake/yolov8_msgs__rosidl_typesupport_cppExport.cmake
[2.734s] -- Up-to-date: /home/mtrn/4231/A2_Project/Computer_Vision/packages/install/yolov8_msgs/share/yolov8_msgs/cmake/yolov8_msgs__rosidl_typesupport_cppExport-noconfig.cmake
[2.734s] -- Up-to-date: /home/mtrn/4231/A2_Project/Computer_Vision/packages/install/yolov8_msgs/share/yolov8_msgs/cmake/export_yolov8_msgs__rosidl_generator_pyExport.cmake
[2.734s] -- Up-to-date: /home/mtrn/4231/A2_Project/Computer_Vision/packages/install/yolov8_msgs/share/yolov8_msgs/cmake/export_yolov8_msgs__rosidl_generator_pyExport-noconfig.cmake
[2.735s] -- Up-to-date: /home/mtrn/4231/A2_Project/Computer_Vision/packages/install/yolov8_msgs/share/yolov8_msgs/cmake/rosidl_cmake-extras.cmake
[2.735s] -- Up-to-date: /home/mtrn/4231/A2_Project/Computer_Vision/packages/install/yolov8_msgs/share/yolov8_msgs/cmake/ament_cmake_export_dependencies-extras.cmake
[2.735s] -- Up-to-date: /home/mtrn/4231/A2_Project/Computer_Vision/packages/install/yolov8_msgs/share/yolov8_msgs/cmake/ament_cmake_export_include_directories-extras.cmake
[2.735s] -- Up-to-date: /home/mtrn/4231/A2_Project/Computer_Vision/packages/install/yolov8_msgs/share/yolov8_msgs/cmake/ament_cmake_export_libraries-extras.cmake
[2.735s] -- Up-to-date: /home/mtrn/4231/A2_Project/Computer_Vision/packages/install/yolov8_msgs/share/yolov8_msgs/cmake/ament_cmake_export_targets-extras.cmake
[2.735s] -- Up-to-date: /home/mtrn/4231/A2_Project/Computer_Vision/packages/install/yolov8_msgs/share/yolov8_msgs/cmake/rosidl_cmake_export_typesupport_targets-extras.cmake
[2.736s] -- Up-to-date: /home/mtrn/4231/A2_Project/Computer_Vision/packages/install/yolov8_msgs/share/yolov8_msgs/cmake/rosidl_cmake_export_typesupport_libraries-extras.cmake
[2.736s] -- Up-to-date: /home/mtrn/4231/A2_Project/Computer_Vision/packages/install/yolov8_msgs/share/yolov8_msgs/cmake/yolov8_msgsConfig.cmake
[2.736s] -- Up-to-date: /home/mtrn/4231/A2_Project/Computer_Vision/packages/install/yolov8_msgs/share/yolov8_msgs/cmake/yolov8_msgsConfig-version.cmake
[2.736s] -- Up-to-date: /home/mtrn/4231/A2_Project/Computer_Vision/packages/install/yolov8_msgs/share/yolov8_msgs/package.xml
[2.750s] Invoked command in '/home/mtrn/4231/A2_Project/Computer_Vision/packages/build/yolov8_msgs' returned '0': CMAKE_PREFIX_PATH=${CMAKE_PREFIX_PATH}:/home/mtrn/4231/A2_Project/Computer_Vision/packages/install/yolov8_ros:/home/mtrn/4231/A2_Project/Computer_Vision/packages/install/yolov8_node:/home/mtrn/4231/A2_Project/Computer_Vision/packages/install/image_warper:/home/mtrn/4231/ws_moveit2/install/moveit_configs_utils:/home/mtrn/4231/ws_moveit2/install/launch_param_builder:/opt/ros/humble /usr/bin/cmake --install /home/mtrn/4231/A2_Project/Computer_Vision/packages/build/yolov8_msgs
