[0.038s] Invoking command in '/home/mtrn/A2_project/A2_Project/build/pizza_pos': AMENT_PREFIX_PATH=/home/mtrn/A2_project/A2_Project/install/yolov8_ros:${AMENT_PREFIX_PATH} CMAKE_PREFIX_PATH=${CMAKE_PREFIX_PATH}:/home/mtrn/4231/ws_moveit2/install/moveit_configs_utils:/home/mtrn/4231/ws_moveit2/install/launch_param_builder:/opt/ros/humble PYTHONPATH=/home/mtrn/A2_project/A2_Project/install/yolov8_ros/lib/python3.10/site-packages:${PYTHONPATH} /home/mtrn/.local/bin/cmake /home/mtrn/A2_project/A2_Project/Computer_Vision/packages/src/pizza_pos -DCMAKE_INSTALL_PREFIX=/home/mtrn/A2_project/A2_Project/install/pizza_pos
[0.194s] -- The C compiler identification is GNU 11.4.0
[0.307s] -- The CXX compiler identification is GNU 11.4.0
[0.353s] -- Detecting C compiler ABI info
[0.535s] -- Detecting C compiler ABI info - done
[0.555s] -- Check for working C compiler: /usr/bin/cc - skipped
[0.556s] -- Detecting C compile features
[0.557s] -- Detecting C compile features - done
[0.581s] -- Detecting CXX compiler ABI info
[0.765s] -- Detecting CXX compiler ABI info - done
[0.787s] -- Check for working CXX compiler: /usr/bin/c++ - skipped
[0.787s] -- Detecting CXX compile features
[0.789s] -- Detecting CXX compile features - done
[0.804s] -- Found ament_cmake: 1.3.5 (/opt/ros/humble/share/ament_cmake/cmake)
[1.846s] -- Found Python3: /usr/bin/python3.10 (found version "3.10.12") found components: Interpreter 
[2.097s] -- Found rclcpp: 16.0.5 (/opt/ros/humble/share/rclcpp/cmake)
[2.270s] -- Found rosidl_generator_c: 3.1.5 (/opt/ros/humble/share/rosidl_generator_c/cmake)
[2.297s] -- Found rosidl_adapter: 3.1.5 (/opt/ros/humble/share/rosidl_adapter/cmake)
[2.332s] -- Found rosidl_generator_cpp: 3.1.5 (/opt/ros/humble/share/rosidl_generator_cpp/cmake)
[2.385s] -- Using all available rosidl_typesupport_c: rosidl_typesupport_fastrtps_c;rosidl_typesupport_introspection_c
[2.452s] -- Using all available rosidl_typesupport_cpp: rosidl_typesupport_fastrtps_cpp;rosidl_typesupport_introspection_cpp
[2.674s] -- Found rmw_implementation_cmake: 6.1.1 (/opt/ros/humble/share/rmw_implementation_cmake/cmake)
[2.689s] -- Found rmw_fastrtps_cpp: 6.2.3 (/opt/ros/humble/share/rmw_fastrtps_cpp/cmake)
[3.030s] -- Found OpenSSL: /usr/lib/x86_64-linux-gnu/libcrypto.so (found version "3.0.2")  
[3.094s] -- Found FastRTPS: /opt/ros/humble/include  
[3.189s] -- Using RMW implementation 'rmw_fastrtps_cpp' as default
[3.225s] -- Performing Test CMAKE_HAVE_LIBC_PTHREAD
[3.433s] -- Performing Test CMAKE_HAVE_LIBC_PTHREAD - Success
[3.435s] -- Found Threads: TRUE  
[3.753s] [31mCMake Error at CMakeLists.txt:12 (find_package):
[3.753s]   By not providing "Findyolov8_msgs.cmake" in CMAKE_MODULE_PATH this project
[3.754s]   has asked CMake to find a package configuration file provided by
[3.754s]   "yolov8_msgs", but CMake did not find one.
[3.754s] 
[3.754s]   Could not find a package configuration file provided by "yolov8_msgs" with
[3.755s]   any of the following names:
[3.755s] 
[3.755s]     yolov8_msgsConfig.cmake
[3.755s]     yolov8_msgs-config.cmake
[3.755s] 
[3.755s]   Add the installation prefix of "yolov8_msgs" to CMAKE_PREFIX_PATH or set
[3.756s]   "yolov8_msgs_DIR" to a directory containing one of the above files.  If
[3.756s]   "yolov8_msgs" provides a separate development package or SDK, be sure it
[3.756s]   has been installed.
[3.756s] 
[3.756s] [0m
[3.756s] -- Configuring incomplete, errors occurred!
[3.780s] Invoked command in '/home/mtrn/A2_project/A2_Project/build/pizza_pos' returned '1': AMENT_PREFIX_PATH=/home/mtrn/A2_project/A2_Project/install/yolov8_ros:${AMENT_PREFIX_PATH} CMAKE_PREFIX_PATH=${CMAKE_PREFIX_PATH}:/home/mtrn/4231/ws_moveit2/install/moveit_configs_utils:/home/mtrn/4231/ws_moveit2/install/launch_param_builder:/opt/ros/humble PYTHONPATH=/home/mtrn/A2_project/A2_Project/install/yolov8_ros/lib/python3.10/site-packages:${PYTHONPATH} /home/mtrn/.local/bin/cmake /home/mtrn/A2_project/A2_Project/Computer_Vision/packages/src/pizza_pos -DCMAKE_INSTALL_PREFIX=/home/mtrn/A2_project/A2_Project/install/pizza_pos
