[2.997s] Invoking command in '/home/mtrn/A2_project/A2_Project/Computer_Vision/packages/src/yolo_ros/yolov8_ros': PYTHONPATH=/home/mtrn/A2_project/A2_Project/Computer_Vision/packages/build/yolov8_ros/prefix_override:/home/mtrn/A2_project/A2_Project/Computer_Vision/packages/install/yolov8_ros/lib/python3.10/site-packages:${PYTHONPATH} /usr/bin/python3 setup.py egg_info --egg-base ../../../build/yolov8_ros build --build-base /home/mtrn/A2_project/A2_Project/Computer_Vision/packages/build/yolov8_ros/build install --record /home/mtrn/A2_project/A2_Project/Computer_Vision/packages/build/yolov8_ros/install.log --single-version-externally-managed
[3.589s] running egg_info
[3.589s] writing ../../../build/yolov8_ros/yolov8_ros.egg-info/PKG-INFO
[3.590s] writing dependency_links to ../../../build/yolov8_ros/yolov8_ros.egg-info/dependency_links.txt
[3.590s] writing entry points to ../../../build/yolov8_ros/yolov8_ros.egg-info/entry_points.txt
[3.590s] writing requirements to ../../../build/yolov8_ros/yolov8_ros.egg-info/requires.txt
[3.590s] writing top-level names to ../../../build/yolov8_ros/yolov8_ros.egg-info/top_level.txt
[3.599s] reading manifest file '../../../build/yolov8_ros/yolov8_ros.egg-info/SOURCES.txt'
[3.606s] writing manifest file '../../../build/yolov8_ros/yolov8_ros.egg-info/SOURCES.txt'
[3.606s] running build
[3.606s] running build_py
[3.607s] running install
[3.607s] running install_lib
[3.609s] running install_data
[3.610s] running install_egg_info
[3.617s] removing '/home/mtrn/A2_project/A2_Project/Computer_Vision/packages/install/yolov8_ros/lib/python3.10/site-packages/yolov8_ros-0.0.0-py3.10.egg-info' (and everything under it)
[3.618s] Copying ../../../build/yolov8_ros/yolov8_ros.egg-info to /home/mtrn/A2_project/A2_Project/Computer_Vision/packages/install/yolov8_ros/lib/python3.10/site-packages/yolov8_ros-0.0.0-py3.10.egg-info
[3.619s] running install_scripts
[3.693s] Installing debug_node script to /home/mtrn/A2_project/A2_Project/Computer_Vision/packages/install/yolov8_ros/lib/yolov8_ros
[3.694s] Installing detect_3d_node script to /home/mtrn/A2_project/A2_Project/Computer_Vision/packages/install/yolov8_ros/lib/yolov8_ros
[3.697s] Installing tracking_node script to /home/mtrn/A2_project/A2_Project/Computer_Vision/packages/install/yolov8_ros/lib/yolov8_ros
[3.698s] Installing yolov8_node script to /home/mtrn/A2_project/A2_Project/Computer_Vision/packages/install/yolov8_ros/lib/yolov8_ros
[3.699s] writing list of installed files to '/home/mtrn/A2_project/A2_Project/Computer_Vision/packages/build/yolov8_ros/install.log'
[3.913s] Invoked command in '/home/mtrn/A2_project/A2_Project/Computer_Vision/packages/src/yolo_ros/yolov8_ros' returned '0': PYTHONPATH=/home/mtrn/A2_project/A2_Project/Computer_Vision/packages/build/yolov8_ros/prefix_override:/home/mtrn/A2_project/A2_Project/Computer_Vision/packages/install/yolov8_ros/lib/python3.10/site-packages:${PYTHONPATH} /usr/bin/python3 setup.py egg_info --egg-base ../../../build/yolov8_ros build --build-base /home/mtrn/A2_project/A2_Project/Computer_Vision/packages/build/yolov8_ros/build install --record /home/mtrn/A2_project/A2_Project/Computer_Vision/packages/build/yolov8_ros/install.log --single-version-externally-managed
