[0.574s] DEBUG:colcon:Command line arguments: ['/usr/bin/colcon', 'build']
[0.574s] DEBUG:colcon:Parsed command line arguments: Namespace(log_base=None, log_level=None, verb_name='build', build_base='build', install_base='install', merge_install=False, symlink_install=False, test_result_base=None, continue_on_error=False, executor='parallel', parallel_workers=4, event_handlers=None, ignore_user_meta=False, metas=['./colcon.meta'], base_paths=['.'], packages_ignore=None, packages_ignore_regex=None, paths=None, packages_up_to=None, packages_up_to_regex=None, packages_above=None, packages_above_and_dependencies=None, packages_above_depth=None, packages_select_by_dep=None, packages_skip_by_dep=None, packages_skip_up_to=None, packages_select_build_failed=False, packages_skip_build_finished=False, packages_select_test_failures=False, packages_skip_test_passed=False, packages_select=None, packages_skip=None, packages_select_regex=None, packages_skip_regex=None, packages_start=None, packages_end=None, allow_overriding=[], cmake_args=None, cmake_target=None, cmake_target_skip_unavailable=False, cmake_clean_cache=False, cmake_clean_first=False, cmake_force_configure=False, ament_cmake_args=None, catkin_cmake_args=None, catkin_skip_building_tests=False, mixin_files=None, mixin=None, verb_parser=<colcon_mixin.mixin.mixin_argument.MixinArgumentDecorator object at 0x7f19bf4e0c10>, verb_extension=<colcon_core.verb.build.BuildVerb object at 0x7f19bf64ddb0>, main=<bound method BuildVerb.main of <colcon_core.verb.build.BuildVerb object at 0x7f19bf64ddb0>>, mixin_verb=('build',))
[0.613s] Level 1:colcon.colcon_core.package_discovery:discover_packages(colcon_meta) check parameters
[0.613s] Level 1:colcon.colcon_core.package_discovery:discover_packages(recursive) check parameters
[0.613s] Level 1:colcon.colcon_core.package_discovery:discover_packages(ignore) check parameters
[0.613s] Level 1:colcon.colcon_core.package_discovery:discover_packages(path) check parameters
[0.613s] Level 1:colcon.colcon_core.package_discovery:discover_packages(colcon_meta) discover
[0.614s] Level 1:colcon.colcon_core.package_discovery:discover_packages(recursive) discover
[0.614s] INFO:colcon.colcon_core.package_discovery:Crawling recursively for packages in '/home/mtrn/4231/A2_Project/Computer_Vision/src'
[0.614s] Level 1:colcon.colcon_core.package_identification:_identify(.) by extensions ['ignore', 'ignore_ament_install']
[0.614s] Level 1:colcon.colcon_core.package_identification:_identify(.) by extension 'ignore'
[0.614s] Level 1:colcon.colcon_core.package_identification:_identify(.) by extension 'ignore_ament_install'
[0.614s] Level 1:colcon.colcon_core.package_identification:_identify(.) by extensions ['colcon_pkg']
[0.614s] Level 1:colcon.colcon_core.package_identification:_identify(.) by extension 'colcon_pkg'
[0.614s] Level 1:colcon.colcon_core.package_identification:_identify(.) by extensions ['colcon_meta']
[0.614s] Level 1:colcon.colcon_core.package_identification:_identify(.) by extension 'colcon_meta'
[0.614s] Level 1:colcon.colcon_core.package_identification:_identify(.) by extensions ['ros']
[0.614s] Level 1:colcon.colcon_core.package_identification:_identify(.) by extension 'ros'
[0.629s] Level 1:colcon.colcon_core.package_identification:_identify(.) by extensions ['cmake', 'python']
[0.629s] Level 1:colcon.colcon_core.package_identification:_identify(.) by extension 'cmake'
[0.629s] Level 1:colcon.colcon_core.package_identification:_identify(.) by extension 'python'
[0.629s] Level 1:colcon.colcon_core.package_identification:_identify(.) by extensions ['python_setup_py']
[0.629s] Level 1:colcon.colcon_core.package_identification:_identify(.) by extension 'python_setup_py'
[0.630s] Level 1:colcon.colcon_core.package_identification:_identify(build) by extensions ['ignore', 'ignore_ament_install']
[0.630s] Level 1:colcon.colcon_core.package_identification:_identify(build) by extension 'ignore'
[0.630s] Level 1:colcon.colcon_core.package_identification:_identify(build) ignored
[0.630s] Level 1:colcon.colcon_core.package_identification:_identify(image_warper) by extensions ['ignore', 'ignore_ament_install']
[0.630s] Level 1:colcon.colcon_core.package_identification:_identify(image_warper) by extension 'ignore'
[0.630s] Level 1:colcon.colcon_core.package_identification:_identify(image_warper) by extension 'ignore_ament_install'
[0.630s] Level 1:colcon.colcon_core.package_identification:_identify(image_warper) by extensions ['colcon_pkg']
[0.630s] Level 1:colcon.colcon_core.package_identification:_identify(image_warper) by extension 'colcon_pkg'
[0.630s] Level 1:colcon.colcon_core.package_identification:_identify(image_warper) by extensions ['colcon_meta']
[0.630s] Level 1:colcon.colcon_core.package_identification:_identify(image_warper) by extension 'colcon_meta'
[0.630s] Level 1:colcon.colcon_core.package_identification:_identify(image_warper) by extensions ['ros']
[0.631s] Level 1:colcon.colcon_core.package_identification:_identify(image_warper) by extension 'ros'
[0.634s] DEBUG:colcon.colcon_core.package_identification:Package 'image_warper' with type 'ros.ament_python' and name 'image_warper'
[0.634s] Level 1:colcon.colcon_core.package_identification:_identify(install) by extensions ['ignore', 'ignore_ament_install']
[0.634s] Level 1:colcon.colcon_core.package_identification:_identify(install) by extension 'ignore'
[0.634s] Level 1:colcon.colcon_core.package_identification:_identify(install) ignored
[0.635s] Level 1:colcon.colcon_core.package_identification:_identify(log) by extensions ['ignore', 'ignore_ament_install']
[0.635s] Level 1:colcon.colcon_core.package_identification:_identify(log) by extension 'ignore'
[0.635s] Level 1:colcon.colcon_core.package_identification:_identify(log) ignored
[0.635s] Level 1:colcon.colcon_core.package_discovery:discover_packages(recursive) using defaults
[0.635s] Level 1:colcon.colcon_core.package_discovery:discover_packages(ignore) discover
[0.635s] Level 1:colcon.colcon_core.package_discovery:discover_packages(ignore) using defaults
[0.635s] Level 1:colcon.colcon_core.package_discovery:discover_packages(path) discover
[0.635s] Level 1:colcon.colcon_core.package_discovery:discover_packages(path) using defaults
[0.672s] Level 1:colcon.colcon_core.package_discovery:discover_packages(prefix_path) check parameters
[0.672s] Level 1:colcon.colcon_core.package_discovery:discover_packages(prefix_path) discover
[0.680s] DEBUG:colcon.colcon_installed_package_information.package_discovery:Found 1 installed packages in /home/mtrn/4231/A2_Project/Computer_Vision/src/install
[0.682s] DEBUG:colcon.colcon_installed_package_information.package_discovery:Found 7 installed packages in /home/mtrn/4231/ros_ur_driver/install
[0.686s] DEBUG:colcon.colcon_installed_package_information.package_discovery:Found 55 installed packages in /home/mtrn/4231/ws_moveit2/install
[0.690s] DEBUG:colcon.colcon_installed_package_information.package_discovery:Found 341 installed packages in /opt/ros/humble
[0.693s] Level 1:colcon.colcon_core.package_discovery:discover_packages(prefix_path) using defaults
[0.789s] Level 5:colcon.colcon_core.verb:set package 'image_warper' build argument 'cmake_args' from command line to 'None'
[0.789s] Level 5:colcon.colcon_core.verb:set package 'image_warper' build argument 'cmake_target' from command line to 'None'
[0.789s] Level 5:colcon.colcon_core.verb:set package 'image_warper' build argument 'cmake_target_skip_unavailable' from command line to 'False'
[0.789s] Level 5:colcon.colcon_core.verb:set package 'image_warper' build argument 'cmake_clean_cache' from command line to 'False'
[0.789s] Level 5:colcon.colcon_core.verb:set package 'image_warper' build argument 'cmake_clean_first' from command line to 'False'
[0.789s] Level 5:colcon.colcon_core.verb:set package 'image_warper' build argument 'cmake_force_configure' from command line to 'False'
[0.789s] Level 5:colcon.colcon_core.verb:set package 'image_warper' build argument 'ament_cmake_args' from command line to 'None'
[0.789s] Level 5:colcon.colcon_core.verb:set package 'image_warper' build argument 'catkin_cmake_args' from command line to 'None'
[0.789s] Level 5:colcon.colcon_core.verb:set package 'image_warper' build argument 'catkin_skip_building_tests' from command line to 'False'
[0.790s] DEBUG:colcon.colcon_core.verb:Building package 'image_warper' with the following arguments: {'ament_cmake_args': None, 'build_base': '/home/mtrn/4231/A2_Project/Computer_Vision/src/build/image_warper', 'catkin_cmake_args': None, 'catkin_skip_building_tests': False, 'cmake_args': None, 'cmake_clean_cache': False, 'cmake_clean_first': False, 'cmake_force_configure': False, 'cmake_target': None, 'cmake_target_skip_unavailable': False, 'install_base': '/home/mtrn/4231/A2_Project/Computer_Vision/src/install/image_warper', 'merge_install': False, 'path': '/home/mtrn/4231/A2_Project/Computer_Vision/src/image_warper', 'symlink_install': False, 'test_result_base': None}
[0.792s] INFO:colcon.colcon_core.executor:Executing jobs using 'parallel' executor
[0.801s] DEBUG:colcon.colcon_parallel_executor.executor.parallel:run_until_complete
[0.801s] INFO:colcon.colcon_ros.task.ament_python.build:Building ROS package in '/home/mtrn/4231/A2_Project/Computer_Vision/src/image_warper' with build type 'ament_python'
[0.801s] Level 1:colcon.colcon_core.shell:create_environment_hook('image_warper', 'ament_prefix_path')
[0.810s] INFO:colcon.colcon_core.plugin_system:Skipping extension 'colcon_core.shell.bat': Not used on non-Windows systems
[0.810s] INFO:colcon.colcon_core.shell:Creating environment hook '/home/mtrn/4231/A2_Project/Computer_Vision/src/install/image_warper/share/image_warper/hook/ament_prefix_path.ps1'
[0.811s] INFO:colcon.colcon_core.shell:Creating environment descriptor '/home/mtrn/4231/A2_Project/Computer_Vision/src/install/image_warper/share/image_warper/hook/ament_prefix_path.dsv'
[0.812s] INFO:colcon.colcon_core.shell:Creating environment hook '/home/mtrn/4231/A2_Project/Computer_Vision/src/install/image_warper/share/image_warper/hook/ament_prefix_path.sh'
[0.816s] INFO:colcon.colcon_core.shell:Skip shell extension 'powershell' for command environment: Not usable outside of PowerShell
[0.817s] DEBUG:colcon.colcon_core.shell:Skip shell extension 'dsv' for command environment
[1.241s] INFO:colcon.colcon_core.task.python.build:Building Python package in '/home/mtrn/4231/A2_Project/Computer_Vision/src/image_warper'
[1.246s] INFO:colcon.colcon_core.shell:Skip shell extension 'powershell' for command environment: Not usable outside of PowerShell
[1.246s] DEBUG:colcon.colcon_core.shell:Skip shell extension 'dsv' for command environment
[1.788s] DEBUG:colcon.colcon_core.event_handler.log_command:Invoking command in '/home/mtrn/4231/A2_Project/Computer_Vision/src/image_warper': PYTHONPATH=/home/mtrn/4231/A2_Project/Computer_Vision/src/build/image_warper/prefix_override:/home/mtrn/4231/A2_Project/Computer_Vision/src/install/image_warper/lib/python3.10/site-packages:${PYTHONPATH} /usr/bin/python3 setup.py egg_info --egg-base ../build/image_warper build --build-base /home/mtrn/4231/A2_Project/Computer_Vision/src/build/image_warper/build install --record /home/mtrn/4231/A2_Project/Computer_Vision/src/build/image_warper/install.log --single-version-externally-managed
[2.198s] DEBUG:colcon.colcon_core.event_handler.log_command:Invoked command in '/home/mtrn/4231/A2_Project/Computer_Vision/src/image_warper' returned '0': PYTHONPATH=/home/mtrn/4231/A2_Project/Computer_Vision/src/build/image_warper/prefix_override:/home/mtrn/4231/A2_Project/Computer_Vision/src/install/image_warper/lib/python3.10/site-packages:${PYTHONPATH} /usr/bin/python3 setup.py egg_info --egg-base ../build/image_warper build --build-base /home/mtrn/4231/A2_Project/Computer_Vision/src/build/image_warper/build install --record /home/mtrn/4231/A2_Project/Computer_Vision/src/build/image_warper/install.log --single-version-externally-managed
[2.206s] Level 1:colcon.colcon_core.environment:checking '/home/mtrn/4231/A2_Project/Computer_Vision/src/install/image_warper' for CMake module files
[2.207s] Level 1:colcon.colcon_core.environment:checking '/home/mtrn/4231/A2_Project/Computer_Vision/src/install/image_warper' for CMake config files
[2.208s] Level 1:colcon.colcon_core.environment:checking '/home/mtrn/4231/A2_Project/Computer_Vision/src/install/image_warper/lib'
[2.208s] Level 1:colcon.colcon_core.environment:checking '/home/mtrn/4231/A2_Project/Computer_Vision/src/install/image_warper/bin'
[2.208s] Level 1:colcon.colcon_core.environment:checking '/home/mtrn/4231/A2_Project/Computer_Vision/src/install/image_warper/lib/pkgconfig/image_warper.pc'
[2.209s] Level 1:colcon.colcon_core.environment:checking '/home/mtrn/4231/A2_Project/Computer_Vision/src/install/image_warper/lib/python3.10/site-packages'
[2.209s] Level 1:colcon.colcon_core.shell:create_environment_hook('image_warper', 'pythonpath')
[2.213s] INFO:colcon.colcon_core.shell:Creating environment hook '/home/mtrn/4231/A2_Project/Computer_Vision/src/install/image_warper/share/image_warper/hook/pythonpath.ps1'
[2.214s] INFO:colcon.colcon_core.shell:Creating environment descriptor '/home/mtrn/4231/A2_Project/Computer_Vision/src/install/image_warper/share/image_warper/hook/pythonpath.dsv'
[2.215s] INFO:colcon.colcon_core.shell:Creating environment hook '/home/mtrn/4231/A2_Project/Computer_Vision/src/install/image_warper/share/image_warper/hook/pythonpath.sh'
[2.216s] Level 1:colcon.colcon_core.environment:checking '/home/mtrn/4231/A2_Project/Computer_Vision/src/install/image_warper/bin'
[2.216s] Level 1:colcon.colcon_core.environment:create_environment_scripts_only(image_warper)
[2.220s] INFO:colcon.colcon_core.shell:Creating package script '/home/mtrn/4231/A2_Project/Computer_Vision/src/install/image_warper/share/image_warper/package.ps1'
[2.222s] INFO:colcon.colcon_core.shell:Creating package descriptor '/home/mtrn/4231/A2_Project/Computer_Vision/src/install/image_warper/share/image_warper/package.dsv'
[2.223s] INFO:colcon.colcon_core.shell:Creating package script '/home/mtrn/4231/A2_Project/Computer_Vision/src/install/image_warper/share/image_warper/package.sh'
[2.224s] INFO:colcon.colcon_core.shell:Creating package script '/home/mtrn/4231/A2_Project/Computer_Vision/src/install/image_warper/share/image_warper/package.bash'
[2.226s] INFO:colcon.colcon_core.shell:Creating package script '/home/mtrn/4231/A2_Project/Computer_Vision/src/install/image_warper/share/image_warper/package.zsh'
[2.226s] Level 1:colcon.colcon_core.environment:create_file_with_runtime_dependencies(/home/mtrn/4231/A2_Project/Computer_Vision/src/install/image_warper/share/colcon-core/packages/image_warper)
[2.227s] DEBUG:colcon.colcon_parallel_executor.executor.parallel:closing loop
[2.228s] DEBUG:colcon.colcon_parallel_executor.executor.parallel:loop closed
[2.228s] DEBUG:colcon.colcon_parallel_executor.executor.parallel:run_until_complete finished with '0'
[2.228s] DEBUG:colcon.colcon_core.event_reactor:joining thread
[2.236s] INFO:colcon.colcon_core.plugin_system:Skipping extension 'colcon_notification.desktop_notification.terminal_notifier': Not used on non-Darwin systems
[2.237s] INFO:colcon.colcon_core.plugin_system:Skipping extension 'colcon_notification.desktop_notification.win32': Not used on non-Windows systems
[2.237s] INFO:colcon.colcon_notification.desktop_notification:Sending desktop notification using 'notify2'
[2.259s] DEBUG:colcon.colcon_core.event_reactor:joined thread
[2.264s] INFO:colcon.colcon_core.shell:Creating prefix script '/home/mtrn/4231/A2_Project/Computer_Vision/src/install/local_setup.ps1'
[2.265s] INFO:colcon.colcon_core.shell:Creating prefix util module '/home/mtrn/4231/A2_Project/Computer_Vision/src/install/_local_setup_util_ps1.py'
[2.267s] INFO:colcon.colcon_core.shell:Creating prefix chain script '/home/mtrn/4231/A2_Project/Computer_Vision/src/install/setup.ps1'
[2.274s] INFO:colcon.colcon_core.shell:Creating prefix script '/home/mtrn/4231/A2_Project/Computer_Vision/src/install/local_setup.sh'
[2.275s] INFO:colcon.colcon_core.shell:Creating prefix util module '/home/mtrn/4231/A2_Project/Computer_Vision/src/install/_local_setup_util_sh.py'
[2.276s] INFO:colcon.colcon_core.shell:Creating prefix chain script '/home/mtrn/4231/A2_Project/Computer_Vision/src/install/setup.sh'
[2.284s] INFO:colcon.colcon_core.shell:Creating prefix script '/home/mtrn/4231/A2_Project/Computer_Vision/src/install/local_setup.bash'
[2.284s] INFO:colcon.colcon_core.shell:Creating prefix chain script '/home/mtrn/4231/A2_Project/Computer_Vision/src/install/setup.bash'
[2.291s] INFO:colcon.colcon_core.shell:Creating prefix script '/home/mtrn/4231/A2_Project/Computer_Vision/src/install/local_setup.zsh'
[2.293s] INFO:colcon.colcon_core.shell:Creating prefix chain script '/home/mtrn/4231/A2_Project/Computer_Vision/src/install/setup.zsh'
