[0.903s] DEBUG:colcon:Command line arguments: ['/usr/bin/colcon', 'build', '--packages-select', 'pizza_pos']
[0.904s] DEBUG:colcon:Parsed command line arguments: Namespace(log_base=None, log_level=None, verb_name='build', build_base='build', install_base='install', merge_install=False, symlink_install=False, test_result_base=None, continue_on_error=False, executor='parallel', parallel_workers=12, event_handlers=None, ignore_user_meta=False, metas=['./colcon.meta'], base_paths=['.'], packages_ignore=None, packages_ignore_regex=None, paths=None, packages_up_to=None, packages_up_to_regex=None, packages_above=None, packages_above_and_dependencies=None, packages_above_depth=None, packages_select_by_dep=None, packages_skip_by_dep=None, packages_skip_up_to=None, packages_select_build_failed=False, packages_skip_build_finished=False, packages_select_test_failures=False, packages_skip_test_passed=False, packages_select=['pizza_pos'], packages_skip=None, packages_select_regex=None, packages_skip_regex=None, packages_start=None, packages_end=None, allow_overriding=[], cmake_args=None, cmake_target=None, cmake_target_skip_unavailable=False, cmake_clean_cache=False, cmake_clean_first=False, cmake_force_configure=False, ament_cmake_args=None, catkin_cmake_args=None, catkin_skip_building_tests=False, mixin_files=None, mixin=None, verb_parser=<colcon_mixin.mixin.mixin_argument.MixinArgumentDecorator object at 0x7f1baf6a19c0>, verb_extension=<colcon_core.verb.build.BuildVerb object at 0x7f1bb00a1510>, main=<bound method BuildVerb.main of <colcon_core.verb.build.BuildVerb object at 0x7f1bb00a1510>>, mixin_verb=('build',))
[0.964s] Level 1:colcon.colcon_core.package_discovery:discover_packages(colcon_meta) check parameters
[0.965s] Level 1:colcon.colcon_core.package_discovery:discover_packages(recursive) check parameters
[0.965s] Level 1:colcon.colcon_core.package_discovery:discover_packages(ignore) check parameters
[0.966s] Level 1:colcon.colcon_core.package_discovery:discover_packages(path) check parameters
[0.966s] Level 1:colcon.colcon_core.package_discovery:discover_packages(colcon_meta) discover
[0.966s] Level 1:colcon.colcon_core.package_discovery:discover_packages(recursive) discover
[0.967s] INFO:colcon.colcon_core.package_discovery:Crawling recursively for packages in '/home/mtrn/A2_project/A2_Project/Computer_Vision/packages'
[0.967s] Level 1:colcon.colcon_core.package_identification:_identify(.) by extensions ['ignore', 'ignore_ament_install']
[0.967s] Level 1:colcon.colcon_core.package_identification:_identify(.) by extension 'ignore'
[0.968s] Level 1:colcon.colcon_core.package_identification:_identify(.) by extension 'ignore_ament_install'
[0.968s] Level 1:colcon.colcon_core.package_identification:_identify(.) by extensions ['colcon_pkg']
[0.968s] Level 1:colcon.colcon_core.package_identification:_identify(.) by extension 'colcon_pkg'
[0.969s] Level 1:colcon.colcon_core.package_identification:_identify(.) by extensions ['colcon_meta']
[0.969s] Level 1:colcon.colcon_core.package_identification:_identify(.) by extension 'colcon_meta'
[0.969s] Level 1:colcon.colcon_core.package_identification:_identify(.) by extensions ['ros']
[0.970s] Level 1:colcon.colcon_core.package_identification:_identify(.) by extension 'ros'
[0.999s] Level 1:colcon.colcon_core.package_identification:_identify(.) by extensions ['cmake', 'python']
[0.999s] Level 1:colcon.colcon_core.package_identification:_identify(.) by extension 'cmake'
[1.000s] Level 1:colcon.colcon_core.package_identification:_identify(.) by extension 'python'
[1.000s] Level 1:colcon.colcon_core.package_identification:_identify(.) by extensions ['python_setup_py']
[1.000s] Level 1:colcon.colcon_core.package_identification:_identify(.) by extension 'python_setup_py'
[1.001s] Level 1:colcon.colcon_core.package_identification:_identify(build) by extensions ['ignore', 'ignore_ament_install']
[1.001s] Level 1:colcon.colcon_core.package_identification:_identify(build) by extension 'ignore'
[1.001s] Level 1:colcon.colcon_core.package_identification:_identify(build) ignored
[1.002s] Level 1:colcon.colcon_core.package_identification:_identify(install) by extensions ['ignore', 'ignore_ament_install']
[1.002s] Level 1:colcon.colcon_core.package_identification:_identify(install) by extension 'ignore'
[1.002s] Level 1:colcon.colcon_core.package_identification:_identify(install) ignored
[1.002s] Level 1:colcon.colcon_core.package_identification:_identify(log) by extensions ['ignore', 'ignore_ament_install']
[1.002s] Level 1:colcon.colcon_core.package_identification:_identify(log) by extension 'ignore'
[1.002s] Level 1:colcon.colcon_core.package_identification:_identify(log) ignored
[1.002s] Level 1:colcon.colcon_core.package_identification:_identify(src) by extensions ['ignore', 'ignore_ament_install']
[1.002s] Level 1:colcon.colcon_core.package_identification:_identify(src) by extension 'ignore'
[1.002s] Level 1:colcon.colcon_core.package_identification:_identify(src) by extension 'ignore_ament_install'
[1.002s] Level 1:colcon.colcon_core.package_identification:_identify(src) by extensions ['colcon_pkg']
[1.002s] Level 1:colcon.colcon_core.package_identification:_identify(src) by extension 'colcon_pkg'
[1.002s] Level 1:colcon.colcon_core.package_identification:_identify(src) by extensions ['colcon_meta']
[1.002s] Level 1:colcon.colcon_core.package_identification:_identify(src) by extension 'colcon_meta'
[1.003s] Level 1:colcon.colcon_core.package_identification:_identify(src) by extensions ['ros']
[1.003s] Level 1:colcon.colcon_core.package_identification:_identify(src) by extension 'ros'
[1.003s] Level 1:colcon.colcon_core.package_identification:_identify(src) by extensions ['cmake', 'python']
[1.003s] Level 1:colcon.colcon_core.package_identification:_identify(src) by extension 'cmake'
[1.003s] Level 1:colcon.colcon_core.package_identification:_identify(src) by extension 'python'
[1.003s] Level 1:colcon.colcon_core.package_identification:_identify(src) by extensions ['python_setup_py']
[1.003s] Level 1:colcon.colcon_core.package_identification:_identify(src) by extension 'python_setup_py'
[1.003s] Level 1:colcon.colcon_core.package_identification:_identify(src/image_warper) by extensions ['ignore', 'ignore_ament_install']
[1.003s] Level 1:colcon.colcon_core.package_identification:_identify(src/image_warper) by extension 'ignore'
[1.003s] Level 1:colcon.colcon_core.package_identification:_identify(src/image_warper) by extension 'ignore_ament_install'
[1.003s] Level 1:colcon.colcon_core.package_identification:_identify(src/image_warper) by extensions ['colcon_pkg']
[1.003s] Level 1:colcon.colcon_core.package_identification:_identify(src/image_warper) by extension 'colcon_pkg'
[1.003s] Level 1:colcon.colcon_core.package_identification:_identify(src/image_warper) by extensions ['colcon_meta']
[1.003s] Level 1:colcon.colcon_core.package_identification:_identify(src/image_warper) by extension 'colcon_meta'
[1.003s] Level 1:colcon.colcon_core.package_identification:_identify(src/image_warper) by extensions ['ros']
[1.004s] Level 1:colcon.colcon_core.package_identification:_identify(src/image_warper) by extension 'ros'
[1.009s] DEBUG:colcon.colcon_core.package_identification:Package 'src/image_warper' with type 'ros.ament_python' and name 'image_warper'
[1.009s] Level 1:colcon.colcon_core.package_identification:_identify(src/pizza_pos) by extensions ['ignore', 'ignore_ament_install']
[1.010s] Level 1:colcon.colcon_core.package_identification:_identify(src/pizza_pos) by extension 'ignore'
[1.010s] Level 1:colcon.colcon_core.package_identification:_identify(src/pizza_pos) by extension 'ignore_ament_install'
[1.010s] Level 1:colcon.colcon_core.package_identification:_identify(src/pizza_pos) by extensions ['colcon_pkg']
[1.010s] Level 1:colcon.colcon_core.package_identification:_identify(src/pizza_pos) by extension 'colcon_pkg'
[1.010s] Level 1:colcon.colcon_core.package_identification:_identify(src/pizza_pos) by extensions ['colcon_meta']
[1.010s] Level 1:colcon.colcon_core.package_identification:_identify(src/pizza_pos) by extension 'colcon_meta'
[1.010s] Level 1:colcon.colcon_core.package_identification:_identify(src/pizza_pos) by extensions ['ros']
[1.010s] Level 1:colcon.colcon_core.package_identification:_identify(src/pizza_pos) by extension 'ros'
[1.015s] DEBUG:colcon.colcon_core.package_identification:Package 'src/pizza_pos' with type 'ros.ament_cmake' and name 'pizza_pos'
[1.016s] Level 1:colcon.colcon_core.package_identification:_identify(src/yolo_ros) by extensions ['ignore', 'ignore_ament_install']
[1.016s] Level 1:colcon.colcon_core.package_identification:_identify(src/yolo_ros) by extension 'ignore'
[1.016s] Level 1:colcon.colcon_core.package_identification:_identify(src/yolo_ros) by extension 'ignore_ament_install'
[1.016s] Level 1:colcon.colcon_core.package_identification:_identify(src/yolo_ros) by extensions ['colcon_pkg']
[1.016s] Level 1:colcon.colcon_core.package_identification:_identify(src/yolo_ros) by extension 'colcon_pkg'
[1.016s] Level 1:colcon.colcon_core.package_identification:_identify(src/yolo_ros) by extensions ['colcon_meta']
[1.016s] Level 1:colcon.colcon_core.package_identification:_identify(src/yolo_ros) by extension 'colcon_meta'
[1.016s] Level 1:colcon.colcon_core.package_identification:_identify(src/yolo_ros) by extensions ['ros']
[1.016s] Level 1:colcon.colcon_core.package_identification:_identify(src/yolo_ros) by extension 'ros'
[1.016s] Level 1:colcon.colcon_core.package_identification:_identify(src/yolo_ros) by extensions ['cmake', 'python']
[1.016s] Level 1:colcon.colcon_core.package_identification:_identify(src/yolo_ros) by extension 'cmake'
[1.016s] Level 1:colcon.colcon_core.package_identification:_identify(src/yolo_ros) by extension 'python'
[1.017s] Level 1:colcon.colcon_core.package_identification:_identify(src/yolo_ros) by extensions ['python_setup_py']
[1.017s] Level 1:colcon.colcon_core.package_identification:_identify(src/yolo_ros) by extension 'python_setup_py'
[1.017s] Level 1:colcon.colcon_core.package_identification:_identify(src/yolo_ros/yolov8_bringup) by extensions ['ignore', 'ignore_ament_install']
[1.017s] Level 1:colcon.colcon_core.package_identification:_identify(src/yolo_ros/yolov8_bringup) by extension 'ignore'
[1.017s] Level 1:colcon.colcon_core.package_identification:_identify(src/yolo_ros/yolov8_bringup) by extension 'ignore_ament_install'
[1.017s] Level 1:colcon.colcon_core.package_identification:_identify(src/yolo_ros/yolov8_bringup) by extensions ['colcon_pkg']
[1.017s] Level 1:colcon.colcon_core.package_identification:_identify(src/yolo_ros/yolov8_bringup) by extension 'colcon_pkg'
[1.017s] Level 1:colcon.colcon_core.package_identification:_identify(src/yolo_ros/yolov8_bringup) by extensions ['colcon_meta']
[1.017s] Level 1:colcon.colcon_core.package_identification:_identify(src/yolo_ros/yolov8_bringup) by extension 'colcon_meta'
[1.017s] Level 1:colcon.colcon_core.package_identification:_identify(src/yolo_ros/yolov8_bringup) by extensions ['ros']
[1.017s] Level 1:colcon.colcon_core.package_identification:_identify(src/yolo_ros/yolov8_bringup) by extension 'ros'
[1.019s] DEBUG:colcon.colcon_core.package_identification:Package 'src/yolo_ros/yolov8_bringup' with type 'ros.ament_cmake' and name 'yolov8_bringup'
[1.020s] Level 1:colcon.colcon_core.package_identification:_identify(src/yolo_ros/yolov8_msgs) by extensions ['ignore', 'ignore_ament_install']
[1.020s] Level 1:colcon.colcon_core.package_identification:_identify(src/yolo_ros/yolov8_msgs) by extension 'ignore'
[1.020s] Level 1:colcon.colcon_core.package_identification:_identify(src/yolo_ros/yolov8_msgs) by extension 'ignore_ament_install'
[1.021s] Level 1:colcon.colcon_core.package_identification:_identify(src/yolo_ros/yolov8_msgs) by extensions ['colcon_pkg']
[1.021s] Level 1:colcon.colcon_core.package_identification:_identify(src/yolo_ros/yolov8_msgs) by extension 'colcon_pkg'
[1.021s] Level 1:colcon.colcon_core.package_identification:_identify(src/yolo_ros/yolov8_msgs) by extensions ['colcon_meta']
[1.021s] Level 1:colcon.colcon_core.package_identification:_identify(src/yolo_ros/yolov8_msgs) by extension 'colcon_meta'
[1.021s] Level 1:colcon.colcon_core.package_identification:_identify(src/yolo_ros/yolov8_msgs) by extensions ['ros']
[1.021s] Level 1:colcon.colcon_core.package_identification:_identify(src/yolo_ros/yolov8_msgs) by extension 'ros'
[1.022s] DEBUG:colcon.colcon_core.package_identification:Package 'src/yolo_ros/yolov8_msgs' with type 'ros.ament_cmake' and name 'yolov8_msgs'
[1.022s] Level 1:colcon.colcon_core.package_identification:_identify(src/yolo_ros/yolov8_ros) by extensions ['ignore', 'ignore_ament_install']
[1.023s] Level 1:colcon.colcon_core.package_identification:_identify(src/yolo_ros/yolov8_ros) by extension 'ignore'
[1.023s] Level 1:colcon.colcon_core.package_identification:_identify(src/yolo_ros/yolov8_ros) by extension 'ignore_ament_install'
[1.023s] Level 1:colcon.colcon_core.package_identification:_identify(src/yolo_ros/yolov8_ros) by extensions ['colcon_pkg']
[1.023s] Level 1:colcon.colcon_core.package_identification:_identify(src/yolo_ros/yolov8_ros) by extension 'colcon_pkg'
[1.023s] Level 1:colcon.colcon_core.package_identification:_identify(src/yolo_ros/yolov8_ros) by extensions ['colcon_meta']
[1.023s] Level 1:colcon.colcon_core.package_identification:_identify(src/yolo_ros/yolov8_ros) by extension 'colcon_meta'
[1.023s] Level 1:colcon.colcon_core.package_identification:_identify(src/yolo_ros/yolov8_ros) by extensions ['ros']
[1.023s] Level 1:colcon.colcon_core.package_identification:_identify(src/yolo_ros/yolov8_ros) by extension 'ros'
[1.026s] DEBUG:colcon.colcon_core.package_identification:Package 'src/yolo_ros/yolov8_ros' with type 'ros.ament_python' and name 'yolov8_ros'
[1.026s] Level 1:colcon.colcon_core.package_discovery:discover_packages(recursive) using defaults
[1.026s] Level 1:colcon.colcon_core.package_discovery:discover_packages(ignore) discover
[1.027s] Level 1:colcon.colcon_core.package_discovery:discover_packages(ignore) using defaults
[1.027s] Level 1:colcon.colcon_core.package_discovery:discover_packages(path) discover
[1.027s] Level 1:colcon.colcon_core.package_discovery:discover_packages(path) using defaults
[1.083s] INFO:colcon.colcon_core.package_selection:Skipping not selected package 'image_warper' in 'src/image_warper'
[1.083s] INFO:colcon.colcon_core.package_selection:Skipping not selected package 'yolov8_msgs' in 'src/yolo_ros/yolov8_msgs'
[1.083s] INFO:colcon.colcon_core.package_selection:Skipping not selected package 'yolov8_ros' in 'src/yolo_ros/yolov8_ros'
[1.083s] INFO:colcon.colcon_core.package_selection:Skipping not selected package 'yolov8_bringup' in 'src/yolo_ros/yolov8_bringup'
[1.084s] Level 1:colcon.colcon_core.package_discovery:discover_packages(prefix_path) check parameters
[1.084s] Level 1:colcon.colcon_core.package_discovery:discover_packages(prefix_path) discover
[1.086s] WARNING:colcon.colcon_ros.prefix_path.ament:The path '/home/mtrn/A2_project/A2_Project/Computer_Vision/packages/install/yolov8_node' in the environment variable AMENT_PREFIX_PATH doesn't exist
[1.091s] DEBUG:colcon.colcon_installed_package_information.package_discovery:Found 5 installed packages in /home/mtrn/A2_project/A2_Project/Computer_Vision/packages/install
[1.097s] DEBUG:colcon.colcon_installed_package_information.package_discovery:Found 55 installed packages in /home/mtrn/4231/ws_moveit2/install
[1.103s] DEBUG:colcon.colcon_installed_package_information.package_discovery:Found 7 installed packages in /home/mtrn/4231/ros_ur_driver/install
[1.110s] DEBUG:colcon.colcon_installed_package_information.package_discovery:Found 338 installed packages in /opt/ros/humble
[1.113s] Level 1:colcon.colcon_core.package_discovery:discover_packages(prefix_path) using defaults
[1.247s] Level 5:colcon.colcon_core.verb:set package 'pizza_pos' build argument 'cmake_args' from command line to 'None'
[1.247s] Level 5:colcon.colcon_core.verb:set package 'pizza_pos' build argument 'cmake_target' from command line to 'None'
[1.247s] Level 5:colcon.colcon_core.verb:set package 'pizza_pos' build argument 'cmake_target_skip_unavailable' from command line to 'False'
[1.248s] Level 5:colcon.colcon_core.verb:set package 'pizza_pos' build argument 'cmake_clean_cache' from command line to 'False'
[1.248s] Level 5:colcon.colcon_core.verb:set package 'pizza_pos' build argument 'cmake_clean_first' from command line to 'False'
[1.248s] Level 5:colcon.colcon_core.verb:set package 'pizza_pos' build argument 'cmake_force_configure' from command line to 'False'
[1.248s] Level 5:colcon.colcon_core.verb:set package 'pizza_pos' build argument 'ament_cmake_args' from command line to 'None'
[1.249s] Level 5:colcon.colcon_core.verb:set package 'pizza_pos' build argument 'catkin_cmake_args' from command line to 'None'
[1.249s] Level 5:colcon.colcon_core.verb:set package 'pizza_pos' build argument 'catkin_skip_building_tests' from command line to 'False'
[1.249s] DEBUG:colcon.colcon_core.verb:Building package 'pizza_pos' with the following arguments: {'ament_cmake_args': None, 'build_base': '/home/mtrn/A2_project/A2_Project/Computer_Vision/packages/build/pizza_pos', 'catkin_cmake_args': None, 'catkin_skip_building_tests': False, 'cmake_args': None, 'cmake_clean_cache': False, 'cmake_clean_first': False, 'cmake_force_configure': False, 'cmake_target': None, 'cmake_target_skip_unavailable': False, 'install_base': '/home/mtrn/A2_project/A2_Project/Computer_Vision/packages/install/pizza_pos', 'merge_install': False, 'path': '/home/mtrn/A2_project/A2_Project/Computer_Vision/packages/src/pizza_pos', 'symlink_install': False, 'test_result_base': None}
[1.251s] INFO:colcon.colcon_core.executor:Executing jobs using 'parallel' executor
[1.257s] DEBUG:colcon.colcon_parallel_executor.executor.parallel:run_until_complete
[1.258s] INFO:colcon.colcon_ros.task.ament_cmake.build:Building ROS package in '/home/mtrn/A2_project/A2_Project/Computer_Vision/packages/src/pizza_pos' with build type 'ament_cmake'
[1.259s] INFO:colcon.colcon_cmake.task.cmake.build:Building CMake package in '/home/mtrn/A2_project/A2_Project/Computer_Vision/packages/src/pizza_pos'
[1.278s] INFO:colcon.colcon_core.plugin_system:Skipping extension 'colcon_core.shell.bat': Not used on non-Windows systems
[1.280s] INFO:colcon.colcon_core.shell:Skip shell extension 'powershell' for command environment: Not usable outside of PowerShell
[1.280s] DEBUG:colcon.colcon_core.shell:Skip shell extension 'dsv' for command environment
[1.331s] DEBUG:colcon.colcon_core.event_handler.log_command:Invoking command in '/home/mtrn/A2_project/A2_Project/Computer_Vision/packages/build/pizza_pos': AMENT_PREFIX_PATH=/home/mtrn/A2_project/A2_Project/Computer_Vision/packages/install/yolov8_ros:/home/mtrn/A2_project/A2_Project/Computer_Vision/packages/install/yolov8_bringup:/home/mtrn/A2_project/A2_Project/Computer_Vision/packages/install/pizza_pos:/home/mtrn/A2_project/A2_Project/Computer_Vision/packages/install/yolov8_node:/home/mtrn/A2_project/A2_Project/Computer_Vision/packages/install/yolov8_msgs:/home/mtrn/A2_project/A2_Project/Computer_Vision/packages/install/image_warper:/home/mtrn/4231/ws_moveit2/install/pilz_industrial_motion_planner_testutils:/home/mtrn/4231/ws_moveit2/install/moveit_runtime:/home/mtrn/4231/ws_moveit2/install/moveit2_tutorials:/home/mtrn/4231/ws_moveit2/install/moveit:/home/mtrn/4231/ws_moveit2/install/moveit_planners:/home/mtrn/4231/ws_moveit2/install/pilz_industrial_motion_planner:/home/mtrn/4231/ws_moveit2/install/moveit_visual_tools:/home/mtrn/4231/ws_moveit2/install/moveit_task_constructor_visualization:/home/mtrn/4231/ws_moveit2/install/moveit_task_constructor_demo:/home/mtrn/4231/ws_moveit2/install/moveit_task_constructor_capabilities:/home/mtrn/4231/ws_moveit2/install/moveit_task_constructor_core:/home/mtrn/4231/ws_moveit2/install/moveit_ros_control_interface:/home/mtrn/4231/ws_moveit2/install/moveit_plugins:/home/mtrn/4231/ws_moveit2/install/moveit_simple_controller_manager:/home/mtrn/4231/ws_moveit2/install/moveit_setup_assistant:/home/mtrn/4231/ws_moveit2/install/moveit_setup_srdf_plugins:/home/mtrn/4231/ws_moveit2/install/moveit_setup_core_plugins:/home/mtrn/4231/ws_moveit2/install/moveit_setup_controllers:/home/mtrn/4231/ws_moveit2/install/moveit_setup_app_plugins:/home/mtrn/4231/ws_moveit2/install/moveit_setup_framework:/home/mtrn/4231/ws_moveit2/install/moveit_servo:/home/mtrn/4231/ws_moveit2/install/moveit_ros:/home/mtrn/4231/ws_moveit2/install/moveit_ros_visualization:/home/mtrn/4231/ws_moveit2/install/moveit_hybrid_planning:/home/mtrn/4231/ws_moveit2/install/moveit_ros_planning_interface:/home/mtrn/4231/ws_moveit2/install/moveit_ros_benchmarks:/home/mtrn/4231/ws_moveit2/install/moveit_ros_warehouse:/home/mtrn/4231/ws_moveit2/install/moveit_ros_robot_interaction:/home/mtrn/4231/ws_moveit2/install/moveit_ros_perception:/home/mtrn/4231/ws_moveit2/install/moveit_resources_prbt_pg70_support:/home/mtrn/4231/ws_moveit2/install/moveit_resources_prbt_moveit_config:/home/mtrn/4231/ws_moveit2/install/moveit_ros_move_group:/home/mtrn/4231/ws_moveit2/install/moveit_planners_ompl:/home/mtrn/4231/ws_moveit2/install/moveit_ros_planning:/home/mtrn/4231/ws_moveit2/install/moveit_ros_occupancy_map_monitor:/home/mtrn/4231/ws_moveit2/install/moveit_resources_prbt_ikfast_manipulator_plugin:/home/mtrn/4231/ws_moveit2/install/moveit_planners_chomp:/home/mtrn/4231/ws_moveit2/install/moveit_kinematics:/home/mtrn/4231/ws_moveit2/install/moveit_chomp_optimizer_adapter:/home/mtrn/4231/ws_moveit2/install/chomp_motion_planner:/home/mtrn/4231/ws_moveit2/install/moveit_core:/home/mtrn/4231/ws_moveit2/install/moveit_configs_utils:/home/mtrn/4231/ws_moveit2/install/srdfdom:/home/mtrn/4231/ws_moveit2/install/rviz_marker_tools:/home/mtrn/4231/ws_moveit2/install/rosparam_shortcuts:/home/mtrn/4231/ws_moveit2/install/moveit_task_constructor_msgs:/home/mtrn/4231/ws_moveit2/install/moveit_resources_prbt_support:/home/mtrn/4231/ws_moveit2/install/moveit_resources:/home/mtrn/4231/ws_moveit2/install/moveit_resources_pr2_description:/home/mtrn/4231/ws_moveit2/install/moveit_resources_panda_moveit_config:/home/mtrn/4231/ws_moveit2/install/moveit_resources_panda_description:/home/mtrn/4231/ws_moveit2/install/moveit_resources_fanuc_moveit_config:/home/mtrn/4231/ws_moveit2/install/moveit_resources_fanuc_description:/home/mtrn/4231/ws_moveit2/install/moveit_common:/home/mtrn/4231/ws_moveit2/install/launch_param_builder:/home/mtrn/4231/ros_ur_driver/install/ur:/home/mtrn/4231/ros_ur_driver/install/ur_calibration:/home/mtrn/4231/ros_ur_driver/install/ur_robot_driver:/home/mtrn/4231/ros_ur_driver/install/ur_moveit_config:/home/mtrn/4231/ros_ur_driver/install/ur_bringup:/home/mtrn/4231/ros_ur_driver/install/ur_controllers:/home/mtrn/4231/ros_ur_driver/install/ur_dashboard_msgs:/opt/ros/humble CMAKE_PREFIX_PATH=${CMAKE_PREFIX_PATH}:/home/mtrn/A2_project/A2_Project/Computer_Vision/packages/install/yolov8_ros:/home/mtrn/A2_project/A2_Project/Computer_Vision/packages/install/yolov8_node:/home/mtrn/A2_project/A2_Project/Computer_Vision/packages/install/image_warper:/home/mtrn/4231/ws_moveit2/install/moveit_configs_utils:/home/mtrn/4231/ws_moveit2/install/launch_param_builder:/opt/ros/humble /home/mtrn/.local/bin/cmake /home/mtrn/A2_project/A2_Project/Computer_Vision/packages/src/pizza_pos -DCMAKE_INSTALL_PREFIX=/home/mtrn/A2_project/A2_Project/Computer_Vision/packages/install/pizza_pos
[4.402s] DEBUG:colcon.colcon_core.event_handler.log_command:Invoked command in '/home/mtrn/A2_project/A2_Project/Computer_Vision/packages/build/pizza_pos' returned '0': AMENT_PREFIX_PATH=/home/mtrn/A2_project/A2_Project/Computer_Vision/packages/install/yolov8_ros:/home/mtrn/A2_project/A2_Project/Computer_Vision/packages/install/yolov8_bringup:/home/mtrn/A2_project/A2_Project/Computer_Vision/packages/install/pizza_pos:/home/mtrn/A2_project/A2_Project/Computer_Vision/packages/install/yolov8_node:/home/mtrn/A2_project/A2_Project/Computer_Vision/packages/install/yolov8_msgs:/home/mtrn/A2_project/A2_Project/Computer_Vision/packages/install/image_warper:/home/mtrn/4231/ws_moveit2/install/pilz_industrial_motion_planner_testutils:/home/mtrn/4231/ws_moveit2/install/moveit_runtime:/home/mtrn/4231/ws_moveit2/install/moveit2_tutorials:/home/mtrn/4231/ws_moveit2/install/moveit:/home/mtrn/4231/ws_moveit2/install/moveit_planners:/home/mtrn/4231/ws_moveit2/install/pilz_industrial_motion_planner:/home/mtrn/4231/ws_moveit2/install/moveit_visual_tools:/home/mtrn/4231/ws_moveit2/install/moveit_task_constructor_visualization:/home/mtrn/4231/ws_moveit2/install/moveit_task_constructor_demo:/home/mtrn/4231/ws_moveit2/install/moveit_task_constructor_capabilities:/home/mtrn/4231/ws_moveit2/install/moveit_task_constructor_core:/home/mtrn/4231/ws_moveit2/install/moveit_ros_control_interface:/home/mtrn/4231/ws_moveit2/install/moveit_plugins:/home/mtrn/4231/ws_moveit2/install/moveit_simple_controller_manager:/home/mtrn/4231/ws_moveit2/install/moveit_setup_assistant:/home/mtrn/4231/ws_moveit2/install/moveit_setup_srdf_plugins:/home/mtrn/4231/ws_moveit2/install/moveit_setup_core_plugins:/home/mtrn/4231/ws_moveit2/install/moveit_setup_controllers:/home/mtrn/4231/ws_moveit2/install/moveit_setup_app_plugins:/home/mtrn/4231/ws_moveit2/install/moveit_setup_framework:/home/mtrn/4231/ws_moveit2/install/moveit_servo:/home/mtrn/4231/ws_moveit2/install/moveit_ros:/home/mtrn/4231/ws_moveit2/install/moveit_ros_visualization:/home/mtrn/4231/ws_moveit2/install/moveit_hybrid_planning:/home/mtrn/4231/ws_moveit2/install/moveit_ros_planning_interface:/home/mtrn/4231/ws_moveit2/install/moveit_ros_benchmarks:/home/mtrn/4231/ws_moveit2/install/moveit_ros_warehouse:/home/mtrn/4231/ws_moveit2/install/moveit_ros_robot_interaction:/home/mtrn/4231/ws_moveit2/install/moveit_ros_perception:/home/mtrn/4231/ws_moveit2/install/moveit_resources_prbt_pg70_support:/home/mtrn/4231/ws_moveit2/install/moveit_resources_prbt_moveit_config:/home/mtrn/4231/ws_moveit2/install/moveit_ros_move_group:/home/mtrn/4231/ws_moveit2/install/moveit_planners_ompl:/home/mtrn/4231/ws_moveit2/install/moveit_ros_planning:/home/mtrn/4231/ws_moveit2/install/moveit_ros_occupancy_map_monitor:/home/mtrn/4231/ws_moveit2/install/moveit_resources_prbt_ikfast_manipulator_plugin:/home/mtrn/4231/ws_moveit2/install/moveit_planners_chomp:/home/mtrn/4231/ws_moveit2/install/moveit_kinematics:/home/mtrn/4231/ws_moveit2/install/moveit_chomp_optimizer_adapter:/home/mtrn/4231/ws_moveit2/install/chomp_motion_planner:/home/mtrn/4231/ws_moveit2/install/moveit_core:/home/mtrn/4231/ws_moveit2/install/moveit_configs_utils:/home/mtrn/4231/ws_moveit2/install/srdfdom:/home/mtrn/4231/ws_moveit2/install/rviz_marker_tools:/home/mtrn/4231/ws_moveit2/install/rosparam_shortcuts:/home/mtrn/4231/ws_moveit2/install/moveit_task_constructor_msgs:/home/mtrn/4231/ws_moveit2/install/moveit_resources_prbt_support:/home/mtrn/4231/ws_moveit2/install/moveit_resources:/home/mtrn/4231/ws_moveit2/install/moveit_resources_pr2_description:/home/mtrn/4231/ws_moveit2/install/moveit_resources_panda_moveit_config:/home/mtrn/4231/ws_moveit2/install/moveit_resources_panda_description:/home/mtrn/4231/ws_moveit2/install/moveit_resources_fanuc_moveit_config:/home/mtrn/4231/ws_moveit2/install/moveit_resources_fanuc_description:/home/mtrn/4231/ws_moveit2/install/moveit_common:/home/mtrn/4231/ws_moveit2/install/launch_param_builder:/home/mtrn/4231/ros_ur_driver/install/ur:/home/mtrn/4231/ros_ur_driver/install/ur_calibration:/home/mtrn/4231/ros_ur_driver/install/ur_robot_driver:/home/mtrn/4231/ros_ur_driver/install/ur_moveit_config:/home/mtrn/4231/ros_ur_driver/install/ur_bringup:/home/mtrn/4231/ros_ur_driver/install/ur_controllers:/home/mtrn/4231/ros_ur_driver/install/ur_dashboard_msgs:/opt/ros/humble CMAKE_PREFIX_PATH=${CMAKE_PREFIX_PATH}:/home/mtrn/A2_project/A2_Project/Computer_Vision/packages/install/yolov8_ros:/home/mtrn/A2_project/A2_Project/Computer_Vision/packages/install/yolov8_node:/home/mtrn/A2_project/A2_Project/Computer_Vision/packages/install/image_warper:/home/mtrn/4231/ws_moveit2/install/moveit_configs_utils:/home/mtrn/4231/ws_moveit2/install/launch_param_builder:/opt/ros/humble /home/mtrn/.local/bin/cmake /home/mtrn/A2_project/A2_Project/Computer_Vision/packages/src/pizza_pos -DCMAKE_INSTALL_PREFIX=/home/mtrn/A2_project/A2_Project/Computer_Vision/packages/install/pizza_pos
[4.403s] DEBUG:colcon.colcon_core.event_handler.log_command:Invoking command in '/home/mtrn/A2_project/A2_Project/Computer_Vision/packages/build/pizza_pos': AMENT_PREFIX_PATH=/home/mtrn/A2_project/A2_Project/Computer_Vision/packages/install/yolov8_ros:/home/mtrn/A2_project/A2_Project/Computer_Vision/packages/install/yolov8_bringup:/home/mtrn/A2_project/A2_Project/Computer_Vision/packages/install/pizza_pos:/home/mtrn/A2_project/A2_Project/Computer_Vision/packages/install/yolov8_node:/home/mtrn/A2_project/A2_Project/Computer_Vision/packages/install/yolov8_msgs:/home/mtrn/A2_project/A2_Project/Computer_Vision/packages/install/image_warper:/home/mtrn/4231/ws_moveit2/install/pilz_industrial_motion_planner_testutils:/home/mtrn/4231/ws_moveit2/install/moveit_runtime:/home/mtrn/4231/ws_moveit2/install/moveit2_tutorials:/home/mtrn/4231/ws_moveit2/install/moveit:/home/mtrn/4231/ws_moveit2/install/moveit_planners:/home/mtrn/4231/ws_moveit2/install/pilz_industrial_motion_planner:/home/mtrn/4231/ws_moveit2/install/moveit_visual_tools:/home/mtrn/4231/ws_moveit2/install/moveit_task_constructor_visualization:/home/mtrn/4231/ws_moveit2/install/moveit_task_constructor_demo:/home/mtrn/4231/ws_moveit2/install/moveit_task_constructor_capabilities:/home/mtrn/4231/ws_moveit2/install/moveit_task_constructor_core:/home/mtrn/4231/ws_moveit2/install/moveit_ros_control_interface:/home/mtrn/4231/ws_moveit2/install/moveit_plugins:/home/mtrn/4231/ws_moveit2/install/moveit_simple_controller_manager:/home/mtrn/4231/ws_moveit2/install/moveit_setup_assistant:/home/mtrn/4231/ws_moveit2/install/moveit_setup_srdf_plugins:/home/mtrn/4231/ws_moveit2/install/moveit_setup_core_plugins:/home/mtrn/4231/ws_moveit2/install/moveit_setup_controllers:/home/mtrn/4231/ws_moveit2/install/moveit_setup_app_plugins:/home/mtrn/4231/ws_moveit2/install/moveit_setup_framework:/home/mtrn/4231/ws_moveit2/install/moveit_servo:/home/mtrn/4231/ws_moveit2/install/moveit_ros:/home/mtrn/4231/ws_moveit2/install/moveit_ros_visualization:/home/mtrn/4231/ws_moveit2/install/moveit_hybrid_planning:/home/mtrn/4231/ws_moveit2/install/moveit_ros_planning_interface:/home/mtrn/4231/ws_moveit2/install/moveit_ros_benchmarks:/home/mtrn/4231/ws_moveit2/install/moveit_ros_warehouse:/home/mtrn/4231/ws_moveit2/install/moveit_ros_robot_interaction:/home/mtrn/4231/ws_moveit2/install/moveit_ros_perception:/home/mtrn/4231/ws_moveit2/install/moveit_resources_prbt_pg70_support:/home/mtrn/4231/ws_moveit2/install/moveit_resources_prbt_moveit_config:/home/mtrn/4231/ws_moveit2/install/moveit_ros_move_group:/home/mtrn/4231/ws_moveit2/install/moveit_planners_ompl:/home/mtrn/4231/ws_moveit2/install/moveit_ros_planning:/home/mtrn/4231/ws_moveit2/install/moveit_ros_occupancy_map_monitor:/home/mtrn/4231/ws_moveit2/install/moveit_resources_prbt_ikfast_manipulator_plugin:/home/mtrn/4231/ws_moveit2/install/moveit_planners_chomp:/home/mtrn/4231/ws_moveit2/install/moveit_kinematics:/home/mtrn/4231/ws_moveit2/install/moveit_chomp_optimizer_adapter:/home/mtrn/4231/ws_moveit2/install/chomp_motion_planner:/home/mtrn/4231/ws_moveit2/install/moveit_core:/home/mtrn/4231/ws_moveit2/install/moveit_configs_utils:/home/mtrn/4231/ws_moveit2/install/srdfdom:/home/mtrn/4231/ws_moveit2/install/rviz_marker_tools:/home/mtrn/4231/ws_moveit2/install/rosparam_shortcuts:/home/mtrn/4231/ws_moveit2/install/moveit_task_constructor_msgs:/home/mtrn/4231/ws_moveit2/install/moveit_resources_prbt_support:/home/mtrn/4231/ws_moveit2/install/moveit_resources:/home/mtrn/4231/ws_moveit2/install/moveit_resources_pr2_description:/home/mtrn/4231/ws_moveit2/install/moveit_resources_panda_moveit_config:/home/mtrn/4231/ws_moveit2/install/moveit_resources_panda_description:/home/mtrn/4231/ws_moveit2/install/moveit_resources_fanuc_moveit_config:/home/mtrn/4231/ws_moveit2/install/moveit_resources_fanuc_description:/home/mtrn/4231/ws_moveit2/install/moveit_common:/home/mtrn/4231/ws_moveit2/install/launch_param_builder:/home/mtrn/4231/ros_ur_driver/install/ur:/home/mtrn/4231/ros_ur_driver/install/ur_calibration:/home/mtrn/4231/ros_ur_driver/install/ur_robot_driver:/home/mtrn/4231/ros_ur_driver/install/ur_moveit_config:/home/mtrn/4231/ros_ur_driver/install/ur_bringup:/home/mtrn/4231/ros_ur_driver/install/ur_controllers:/home/mtrn/4231/ros_ur_driver/install/ur_dashboard_msgs:/opt/ros/humble CMAKE_PREFIX_PATH=${CMAKE_PREFIX_PATH}:/home/mtrn/A2_project/A2_Project/Computer_Vision/packages/install/yolov8_ros:/home/mtrn/A2_project/A2_Project/Computer_Vision/packages/install/yolov8_node:/home/mtrn/A2_project/A2_Project/Computer_Vision/packages/install/image_warper:/home/mtrn/4231/ws_moveit2/install/moveit_configs_utils:/home/mtrn/4231/ws_moveit2/install/launch_param_builder:/opt/ros/humble /home/mtrn/.local/bin/cmake --build /home/mtrn/A2_project/A2_Project/Computer_Vision/packages/build/pizza_pos -- -j12 -l12
[42.577s] DEBUG:colcon.colcon_core.event_handler.log_command:Invoked command in '/home/mtrn/A2_project/A2_Project/Computer_Vision/packages/build/pizza_pos' returned '0': AMENT_PREFIX_PATH=/home/mtrn/A2_project/A2_Project/Computer_Vision/packages/install/yolov8_ros:/home/mtrn/A2_project/A2_Project/Computer_Vision/packages/install/yolov8_bringup:/home/mtrn/A2_project/A2_Project/Computer_Vision/packages/install/pizza_pos:/home/mtrn/A2_project/A2_Project/Computer_Vision/packages/install/yolov8_node:/home/mtrn/A2_project/A2_Project/Computer_Vision/packages/install/yolov8_msgs:/home/mtrn/A2_project/A2_Project/Computer_Vision/packages/install/image_warper:/home/mtrn/4231/ws_moveit2/install/pilz_industrial_motion_planner_testutils:/home/mtrn/4231/ws_moveit2/install/moveit_runtime:/home/mtrn/4231/ws_moveit2/install/moveit2_tutorials:/home/mtrn/4231/ws_moveit2/install/moveit:/home/mtrn/4231/ws_moveit2/install/moveit_planners:/home/mtrn/4231/ws_moveit2/install/pilz_industrial_motion_planner:/home/mtrn/4231/ws_moveit2/install/moveit_visual_tools:/home/mtrn/4231/ws_moveit2/install/moveit_task_constructor_visualization:/home/mtrn/4231/ws_moveit2/install/moveit_task_constructor_demo:/home/mtrn/4231/ws_moveit2/install/moveit_task_constructor_capabilities:/home/mtrn/4231/ws_moveit2/install/moveit_task_constructor_core:/home/mtrn/4231/ws_moveit2/install/moveit_ros_control_interface:/home/mtrn/4231/ws_moveit2/install/moveit_plugins:/home/mtrn/4231/ws_moveit2/install/moveit_simple_controller_manager:/home/mtrn/4231/ws_moveit2/install/moveit_setup_assistant:/home/mtrn/4231/ws_moveit2/install/moveit_setup_srdf_plugins:/home/mtrn/4231/ws_moveit2/install/moveit_setup_core_plugins:/home/mtrn/4231/ws_moveit2/install/moveit_setup_controllers:/home/mtrn/4231/ws_moveit2/install/moveit_setup_app_plugins:/home/mtrn/4231/ws_moveit2/install/moveit_setup_framework:/home/mtrn/4231/ws_moveit2/install/moveit_servo:/home/mtrn/4231/ws_moveit2/install/moveit_ros:/home/mtrn/4231/ws_moveit2/install/moveit_ros_visualization:/home/mtrn/4231/ws_moveit2/install/moveit_hybrid_planning:/home/mtrn/4231/ws_moveit2/install/moveit_ros_planning_interface:/home/mtrn/4231/ws_moveit2/install/moveit_ros_benchmarks:/home/mtrn/4231/ws_moveit2/install/moveit_ros_warehouse:/home/mtrn/4231/ws_moveit2/install/moveit_ros_robot_interaction:/home/mtrn/4231/ws_moveit2/install/moveit_ros_perception:/home/mtrn/4231/ws_moveit2/install/moveit_resources_prbt_pg70_support:/home/mtrn/4231/ws_moveit2/install/moveit_resources_prbt_moveit_config:/home/mtrn/4231/ws_moveit2/install/moveit_ros_move_group:/home/mtrn/4231/ws_moveit2/install/moveit_planners_ompl:/home/mtrn/4231/ws_moveit2/install/moveit_ros_planning:/home/mtrn/4231/ws_moveit2/install/moveit_ros_occupancy_map_monitor:/home/mtrn/4231/ws_moveit2/install/moveit_resources_prbt_ikfast_manipulator_plugin:/home/mtrn/4231/ws_moveit2/install/moveit_planners_chomp:/home/mtrn/4231/ws_moveit2/install/moveit_kinematics:/home/mtrn/4231/ws_moveit2/install/moveit_chomp_optimizer_adapter:/home/mtrn/4231/ws_moveit2/install/chomp_motion_planner:/home/mtrn/4231/ws_moveit2/install/moveit_core:/home/mtrn/4231/ws_moveit2/install/moveit_configs_utils:/home/mtrn/4231/ws_moveit2/install/srdfdom:/home/mtrn/4231/ws_moveit2/install/rviz_marker_tools:/home/mtrn/4231/ws_moveit2/install/rosparam_shortcuts:/home/mtrn/4231/ws_moveit2/install/moveit_task_constructor_msgs:/home/mtrn/4231/ws_moveit2/install/moveit_resources_prbt_support:/home/mtrn/4231/ws_moveit2/install/moveit_resources:/home/mtrn/4231/ws_moveit2/install/moveit_resources_pr2_description:/home/mtrn/4231/ws_moveit2/install/moveit_resources_panda_moveit_config:/home/mtrn/4231/ws_moveit2/install/moveit_resources_panda_description:/home/mtrn/4231/ws_moveit2/install/moveit_resources_fanuc_moveit_config:/home/mtrn/4231/ws_moveit2/install/moveit_resources_fanuc_description:/home/mtrn/4231/ws_moveit2/install/moveit_common:/home/mtrn/4231/ws_moveit2/install/launch_param_builder:/home/mtrn/4231/ros_ur_driver/install/ur:/home/mtrn/4231/ros_ur_driver/install/ur_calibration:/home/mtrn/4231/ros_ur_driver/install/ur_robot_driver:/home/mtrn/4231/ros_ur_driver/install/ur_moveit_config:/home/mtrn/4231/ros_ur_driver/install/ur_bringup:/home/mtrn/4231/ros_ur_driver/install/ur_controllers:/home/mtrn/4231/ros_ur_driver/install/ur_dashboard_msgs:/opt/ros/humble CMAKE_PREFIX_PATH=${CMAKE_PREFIX_PATH}:/home/mtrn/A2_project/A2_Project/Computer_Vision/packages/install/yolov8_ros:/home/mtrn/A2_project/A2_Project/Computer_Vision/packages/install/yolov8_node:/home/mtrn/A2_project/A2_Project/Computer_Vision/packages/install/image_warper:/home/mtrn/4231/ws_moveit2/install/moveit_configs_utils:/home/mtrn/4231/ws_moveit2/install/launch_param_builder:/opt/ros/humble /home/mtrn/.local/bin/cmake --build /home/mtrn/A2_project/A2_Project/Computer_Vision/packages/build/pizza_pos -- -j12 -l12
[42.885s] DEBUG:colcon.colcon_core.event_handler.log_command:Invoking command in '/home/mtrn/A2_project/A2_Project/Computer_Vision/packages/build/pizza_pos': AMENT_PREFIX_PATH=/home/mtrn/A2_project/A2_Project/Computer_Vision/packages/install/yolov8_ros:/home/mtrn/A2_project/A2_Project/Computer_Vision/packages/install/yolov8_bringup:/home/mtrn/A2_project/A2_Project/Computer_Vision/packages/install/pizza_pos:/home/mtrn/A2_project/A2_Project/Computer_Vision/packages/install/yolov8_node:/home/mtrn/A2_project/A2_Project/Computer_Vision/packages/install/yolov8_msgs:/home/mtrn/A2_project/A2_Project/Computer_Vision/packages/install/image_warper:/home/mtrn/4231/ws_moveit2/install/pilz_industrial_motion_planner_testutils:/home/mtrn/4231/ws_moveit2/install/moveit_runtime:/home/mtrn/4231/ws_moveit2/install/moveit2_tutorials:/home/mtrn/4231/ws_moveit2/install/moveit:/home/mtrn/4231/ws_moveit2/install/moveit_planners:/home/mtrn/4231/ws_moveit2/install/pilz_industrial_motion_planner:/home/mtrn/4231/ws_moveit2/install/moveit_visual_tools:/home/mtrn/4231/ws_moveit2/install/moveit_task_constructor_visualization:/home/mtrn/4231/ws_moveit2/install/moveit_task_constructor_demo:/home/mtrn/4231/ws_moveit2/install/moveit_task_constructor_capabilities:/home/mtrn/4231/ws_moveit2/install/moveit_task_constructor_core:/home/mtrn/4231/ws_moveit2/install/moveit_ros_control_interface:/home/mtrn/4231/ws_moveit2/install/moveit_plugins:/home/mtrn/4231/ws_moveit2/install/moveit_simple_controller_manager:/home/mtrn/4231/ws_moveit2/install/moveit_setup_assistant:/home/mtrn/4231/ws_moveit2/install/moveit_setup_srdf_plugins:/home/mtrn/4231/ws_moveit2/install/moveit_setup_core_plugins:/home/mtrn/4231/ws_moveit2/install/moveit_setup_controllers:/home/mtrn/4231/ws_moveit2/install/moveit_setup_app_plugins:/home/mtrn/4231/ws_moveit2/install/moveit_setup_framework:/home/mtrn/4231/ws_moveit2/install/moveit_servo:/home/mtrn/4231/ws_moveit2/install/moveit_ros:/home/mtrn/4231/ws_moveit2/install/moveit_ros_visualization:/home/mtrn/4231/ws_moveit2/install/moveit_hybrid_planning:/home/mtrn/4231/ws_moveit2/install/moveit_ros_planning_interface:/home/mtrn/4231/ws_moveit2/install/moveit_ros_benchmarks:/home/mtrn/4231/ws_moveit2/install/moveit_ros_warehouse:/home/mtrn/4231/ws_moveit2/install/moveit_ros_robot_interaction:/home/mtrn/4231/ws_moveit2/install/moveit_ros_perception:/home/mtrn/4231/ws_moveit2/install/moveit_resources_prbt_pg70_support:/home/mtrn/4231/ws_moveit2/install/moveit_resources_prbt_moveit_config:/home/mtrn/4231/ws_moveit2/install/moveit_ros_move_group:/home/mtrn/4231/ws_moveit2/install/moveit_planners_ompl:/home/mtrn/4231/ws_moveit2/install/moveit_ros_planning:/home/mtrn/4231/ws_moveit2/install/moveit_ros_occupancy_map_monitor:/home/mtrn/4231/ws_moveit2/install/moveit_resources_prbt_ikfast_manipulator_plugin:/home/mtrn/4231/ws_moveit2/install/moveit_planners_chomp:/home/mtrn/4231/ws_moveit2/install/moveit_kinematics:/home/mtrn/4231/ws_moveit2/install/moveit_chomp_optimizer_adapter:/home/mtrn/4231/ws_moveit2/install/chomp_motion_planner:/home/mtrn/4231/ws_moveit2/install/moveit_core:/home/mtrn/4231/ws_moveit2/install/moveit_configs_utils:/home/mtrn/4231/ws_moveit2/install/srdfdom:/home/mtrn/4231/ws_moveit2/install/rviz_marker_tools:/home/mtrn/4231/ws_moveit2/install/rosparam_shortcuts:/home/mtrn/4231/ws_moveit2/install/moveit_task_constructor_msgs:/home/mtrn/4231/ws_moveit2/install/moveit_resources_prbt_support:/home/mtrn/4231/ws_moveit2/install/moveit_resources:/home/mtrn/4231/ws_moveit2/install/moveit_resources_pr2_description:/home/mtrn/4231/ws_moveit2/install/moveit_resources_panda_moveit_config:/home/mtrn/4231/ws_moveit2/install/moveit_resources_panda_description:/home/mtrn/4231/ws_moveit2/install/moveit_resources_fanuc_moveit_config:/home/mtrn/4231/ws_moveit2/install/moveit_resources_fanuc_description:/home/mtrn/4231/ws_moveit2/install/moveit_common:/home/mtrn/4231/ws_moveit2/install/launch_param_builder:/home/mtrn/4231/ros_ur_driver/install/ur:/home/mtrn/4231/ros_ur_driver/install/ur_calibration:/home/mtrn/4231/ros_ur_driver/install/ur_robot_driver:/home/mtrn/4231/ros_ur_driver/install/ur_moveit_config:/home/mtrn/4231/ros_ur_driver/install/ur_bringup:/home/mtrn/4231/ros_ur_driver/install/ur_controllers:/home/mtrn/4231/ros_ur_driver/install/ur_dashboard_msgs:/opt/ros/humble CMAKE_PREFIX_PATH=${CMAKE_PREFIX_PATH}:/home/mtrn/A2_project/A2_Project/Computer_Vision/packages/install/yolov8_ros:/home/mtrn/A2_project/A2_Project/Computer_Vision/packages/install/yolov8_node:/home/mtrn/A2_project/A2_Project/Computer_Vision/packages/install/image_warper:/home/mtrn/4231/ws_moveit2/install/moveit_configs_utils:/home/mtrn/4231/ws_moveit2/install/launch_param_builder:/opt/ros/humble /home/mtrn/.local/bin/cmake --install /home/mtrn/A2_project/A2_Project/Computer_Vision/packages/build/pizza_pos
[43.019s] Level 1:colcon.colcon_core.environment:create_environment_scripts_only(pizza_pos)
[43.025s] Level 1:colcon.colcon_core.environment:checking '/home/mtrn/A2_project/A2_Project/Computer_Vision/packages/install/pizza_pos' for CMake module files
[43.025s] Level 1:colcon.colcon_core.environment:checking '/home/mtrn/A2_project/A2_Project/Computer_Vision/packages/install/pizza_pos' for CMake config files
[43.026s] DEBUG:colcon.colcon_core.event_handler.log_command:Invoked command in '/home/mtrn/A2_project/A2_Project/Computer_Vision/packages/build/pizza_pos' returned '0': AMENT_PREFIX_PATH=/home/mtrn/A2_project/A2_Project/Computer_Vision/packages/install/yolov8_ros:/home/mtrn/A2_project/A2_Project/Computer_Vision/packages/install/yolov8_bringup:/home/mtrn/A2_project/A2_Project/Computer_Vision/packages/install/pizza_pos:/home/mtrn/A2_project/A2_Project/Computer_Vision/packages/install/yolov8_node:/home/mtrn/A2_project/A2_Project/Computer_Vision/packages/install/yolov8_msgs:/home/mtrn/A2_project/A2_Project/Computer_Vision/packages/install/image_warper:/home/mtrn/4231/ws_moveit2/install/pilz_industrial_motion_planner_testutils:/home/mtrn/4231/ws_moveit2/install/moveit_runtime:/home/mtrn/4231/ws_moveit2/install/moveit2_tutorials:/home/mtrn/4231/ws_moveit2/install/moveit:/home/mtrn/4231/ws_moveit2/install/moveit_planners:/home/mtrn/4231/ws_moveit2/install/pilz_industrial_motion_planner:/home/mtrn/4231/ws_moveit2/install/moveit_visual_tools:/home/mtrn/4231/ws_moveit2/install/moveit_task_constructor_visualization:/home/mtrn/4231/ws_moveit2/install/moveit_task_constructor_demo:/home/mtrn/4231/ws_moveit2/install/moveit_task_constructor_capabilities:/home/mtrn/4231/ws_moveit2/install/moveit_task_constructor_core:/home/mtrn/4231/ws_moveit2/install/moveit_ros_control_interface:/home/mtrn/4231/ws_moveit2/install/moveit_plugins:/home/mtrn/4231/ws_moveit2/install/moveit_simple_controller_manager:/home/mtrn/4231/ws_moveit2/install/moveit_setup_assistant:/home/mtrn/4231/ws_moveit2/install/moveit_setup_srdf_plugins:/home/mtrn/4231/ws_moveit2/install/moveit_setup_core_plugins:/home/mtrn/4231/ws_moveit2/install/moveit_setup_controllers:/home/mtrn/4231/ws_moveit2/install/moveit_setup_app_plugins:/home/mtrn/4231/ws_moveit2/install/moveit_setup_framework:/home/mtrn/4231/ws_moveit2/install/moveit_servo:/home/mtrn/4231/ws_moveit2/install/moveit_ros:/home/mtrn/4231/ws_moveit2/install/moveit_ros_visualization:/home/mtrn/4231/ws_moveit2/install/moveit_hybrid_planning:/home/mtrn/4231/ws_moveit2/install/moveit_ros_planning_interface:/home/mtrn/4231/ws_moveit2/install/moveit_ros_benchmarks:/home/mtrn/4231/ws_moveit2/install/moveit_ros_warehouse:/home/mtrn/4231/ws_moveit2/install/moveit_ros_robot_interaction:/home/mtrn/4231/ws_moveit2/install/moveit_ros_perception:/home/mtrn/4231/ws_moveit2/install/moveit_resources_prbt_pg70_support:/home/mtrn/4231/ws_moveit2/install/moveit_resources_prbt_moveit_config:/home/mtrn/4231/ws_moveit2/install/moveit_ros_move_group:/home/mtrn/4231/ws_moveit2/install/moveit_planners_ompl:/home/mtrn/4231/ws_moveit2/install/moveit_ros_planning:/home/mtrn/4231/ws_moveit2/install/moveit_ros_occupancy_map_monitor:/home/mtrn/4231/ws_moveit2/install/moveit_resources_prbt_ikfast_manipulator_plugin:/home/mtrn/4231/ws_moveit2/install/moveit_planners_chomp:/home/mtrn/4231/ws_moveit2/install/moveit_kinematics:/home/mtrn/4231/ws_moveit2/install/moveit_chomp_optimizer_adapter:/home/mtrn/4231/ws_moveit2/install/chomp_motion_planner:/home/mtrn/4231/ws_moveit2/install/moveit_core:/home/mtrn/4231/ws_moveit2/install/moveit_configs_utils:/home/mtrn/4231/ws_moveit2/install/srdfdom:/home/mtrn/4231/ws_moveit2/install/rviz_marker_tools:/home/mtrn/4231/ws_moveit2/install/rosparam_shortcuts:/home/mtrn/4231/ws_moveit2/install/moveit_task_constructor_msgs:/home/mtrn/4231/ws_moveit2/install/moveit_resources_prbt_support:/home/mtrn/4231/ws_moveit2/install/moveit_resources:/home/mtrn/4231/ws_moveit2/install/moveit_resources_pr2_description:/home/mtrn/4231/ws_moveit2/install/moveit_resources_panda_moveit_config:/home/mtrn/4231/ws_moveit2/install/moveit_resources_panda_description:/home/mtrn/4231/ws_moveit2/install/moveit_resources_fanuc_moveit_config:/home/mtrn/4231/ws_moveit2/install/moveit_resources_fanuc_description:/home/mtrn/4231/ws_moveit2/install/moveit_common:/home/mtrn/4231/ws_moveit2/install/launch_param_builder:/home/mtrn/4231/ros_ur_driver/install/ur:/home/mtrn/4231/ros_ur_driver/install/ur_calibration:/home/mtrn/4231/ros_ur_driver/install/ur_robot_driver:/home/mtrn/4231/ros_ur_driver/install/ur_moveit_config:/home/mtrn/4231/ros_ur_driver/install/ur_bringup:/home/mtrn/4231/ros_ur_driver/install/ur_controllers:/home/mtrn/4231/ros_ur_driver/install/ur_dashboard_msgs:/opt/ros/humble CMAKE_PREFIX_PATH=${CMAKE_PREFIX_PATH}:/home/mtrn/A2_project/A2_Project/Computer_Vision/packages/install/yolov8_ros:/home/mtrn/A2_project/A2_Project/Computer_Vision/packages/install/yolov8_node:/home/mtrn/A2_project/A2_Project/Computer_Vision/packages/install/image_warper:/home/mtrn/4231/ws_moveit2/install/moveit_configs_utils:/home/mtrn/4231/ws_moveit2/install/launch_param_builder:/opt/ros/humble /home/mtrn/.local/bin/cmake --install /home/mtrn/A2_project/A2_Project/Computer_Vision/packages/build/pizza_pos
[43.027s] Level 1:colcon.colcon_core.shell:create_environment_hook('pizza_pos', 'cmake_prefix_path')
[43.056s] INFO:colcon.colcon_core.shell:Creating environment hook '/home/mtrn/A2_project/A2_Project/Computer_Vision/packages/install/pizza_pos/share/pizza_pos/hook/cmake_prefix_path.ps1'
[43.058s] INFO:colcon.colcon_core.shell:Creating environment descriptor '/home/mtrn/A2_project/A2_Project/Computer_Vision/packages/install/pizza_pos/share/pizza_pos/hook/cmake_prefix_path.dsv'
[43.058s] INFO:colcon.colcon_core.shell:Creating environment hook '/home/mtrn/A2_project/A2_Project/Computer_Vision/packages/install/pizza_pos/share/pizza_pos/hook/cmake_prefix_path.sh'
[43.060s] Level 1:colcon.colcon_core.environment:checking '/home/mtrn/A2_project/A2_Project/Computer_Vision/packages/install/pizza_pos/lib'
[43.061s] Level 1:colcon.colcon_core.environment:checking '/home/mtrn/A2_project/A2_Project/Computer_Vision/packages/install/pizza_pos/bin'
[43.061s] Level 1:colcon.colcon_core.environment:checking '/home/mtrn/A2_project/A2_Project/Computer_Vision/packages/install/pizza_pos/lib/pkgconfig/pizza_pos.pc'
[43.062s] Level 1:colcon.colcon_core.environment:checking '/home/mtrn/A2_project/A2_Project/Computer_Vision/packages/install/pizza_pos/lib/python3.10/site-packages'
[43.063s] Level 1:colcon.colcon_core.environment:checking '/home/mtrn/A2_project/A2_Project/Computer_Vision/packages/install/pizza_pos/bin'
[43.065s] INFO:colcon.colcon_core.shell:Creating package script '/home/mtrn/A2_project/A2_Project/Computer_Vision/packages/install/pizza_pos/share/pizza_pos/package.ps1'
[43.072s] INFO:colcon.colcon_core.shell:Creating package descriptor '/home/mtrn/A2_project/A2_Project/Computer_Vision/packages/install/pizza_pos/share/pizza_pos/package.dsv'
[43.073s] INFO:colcon.colcon_core.shell:Creating package script '/home/mtrn/A2_project/A2_Project/Computer_Vision/packages/install/pizza_pos/share/pizza_pos/package.sh'
[43.075s] INFO:colcon.colcon_core.shell:Creating package script '/home/mtrn/A2_project/A2_Project/Computer_Vision/packages/install/pizza_pos/share/pizza_pos/package.bash'
[43.081s] INFO:colcon.colcon_core.shell:Creating package script '/home/mtrn/A2_project/A2_Project/Computer_Vision/packages/install/pizza_pos/share/pizza_pos/package.zsh'
[43.084s] Level 1:colcon.colcon_core.environment:create_file_with_runtime_dependencies(/home/mtrn/A2_project/A2_Project/Computer_Vision/packages/install/pizza_pos/share/colcon-core/packages/pizza_pos)
[43.368s] Level 1:colcon.colcon_core.environment:create_environment_scripts_only(pizza_pos)
[43.373s] Level 1:colcon.colcon_core.environment:checking '/home/mtrn/A2_project/A2_Project/Computer_Vision/packages/install/pizza_pos' for CMake module files
[43.374s] Level 1:colcon.colcon_core.environment:checking '/home/mtrn/A2_project/A2_Project/Computer_Vision/packages/install/pizza_pos' for CMake config files
[43.375s] Level 1:colcon.colcon_core.shell:create_environment_hook('pizza_pos', 'cmake_prefix_path')
[43.379s] INFO:colcon.colcon_core.shell:Creating environment hook '/home/mtrn/A2_project/A2_Project/Computer_Vision/packages/install/pizza_pos/share/pizza_pos/hook/cmake_prefix_path.ps1'
[43.381s] INFO:colcon.colcon_core.shell:Creating environment descriptor '/home/mtrn/A2_project/A2_Project/Computer_Vision/packages/install/pizza_pos/share/pizza_pos/hook/cmake_prefix_path.dsv'
[43.383s] INFO:colcon.colcon_core.shell:Creating environment hook '/home/mtrn/A2_project/A2_Project/Computer_Vision/packages/install/pizza_pos/share/pizza_pos/hook/cmake_prefix_path.sh'
[43.386s] Level 1:colcon.colcon_core.environment:checking '/home/mtrn/A2_project/A2_Project/Computer_Vision/packages/install/pizza_pos/lib'
[43.387s] Level 1:colcon.colcon_core.environment:checking '/home/mtrn/A2_project/A2_Project/Computer_Vision/packages/install/pizza_pos/bin'
[43.388s] Level 1:colcon.colcon_core.environment:checking '/home/mtrn/A2_project/A2_Project/Computer_Vision/packages/install/pizza_pos/lib/pkgconfig/pizza_pos.pc'
[43.389s] Level 1:colcon.colcon_core.environment:checking '/home/mtrn/A2_project/A2_Project/Computer_Vision/packages/install/pizza_pos/lib/python3.10/site-packages'
[43.390s] Level 1:colcon.colcon_core.environment:checking '/home/mtrn/A2_project/A2_Project/Computer_Vision/packages/install/pizza_pos/bin'
[43.394s] INFO:colcon.colcon_core.shell:Creating package script '/home/mtrn/A2_project/A2_Project/Computer_Vision/packages/install/pizza_pos/share/pizza_pos/package.ps1'
[43.395s] INFO:colcon.colcon_core.shell:Creating package descriptor '/home/mtrn/A2_project/A2_Project/Computer_Vision/packages/install/pizza_pos/share/pizza_pos/package.dsv'
[43.396s] INFO:colcon.colcon_core.shell:Creating package script '/home/mtrn/A2_project/A2_Project/Computer_Vision/packages/install/pizza_pos/share/pizza_pos/package.sh'
[43.397s] INFO:colcon.colcon_core.shell:Creating package script '/home/mtrn/A2_project/A2_Project/Computer_Vision/packages/install/pizza_pos/share/pizza_pos/package.bash'
[43.398s] INFO:colcon.colcon_core.shell:Creating package script '/home/mtrn/A2_project/A2_Project/Computer_Vision/packages/install/pizza_pos/share/pizza_pos/package.zsh'
[43.398s] Level 1:colcon.colcon_core.environment:create_file_with_runtime_dependencies(/home/mtrn/A2_project/A2_Project/Computer_Vision/packages/install/pizza_pos/share/colcon-core/packages/pizza_pos)
[43.400s] DEBUG:colcon.colcon_parallel_executor.executor.parallel:closing loop
[43.400s] DEBUG:colcon.colcon_parallel_executor.executor.parallel:loop closed
[43.400s] DEBUG:colcon.colcon_parallel_executor.executor.parallel:run_until_complete finished with '0'
[43.400s] DEBUG:colcon.colcon_core.event_reactor:joining thread
[43.407s] INFO:colcon.colcon_core.plugin_system:Skipping extension 'colcon_notification.desktop_notification.terminal_notifier': Not used on non-Darwin systems
[43.407s] INFO:colcon.colcon_core.plugin_system:Skipping extension 'colcon_notification.desktop_notification.win32': Not used on non-Windows systems
[43.407s] INFO:colcon.colcon_notification.desktop_notification:Sending desktop notification using 'notify2'
[43.444s] DEBUG:colcon.colcon_core.event_reactor:joined thread
[43.448s] INFO:colcon.colcon_core.shell:Creating prefix script '/home/mtrn/A2_project/A2_Project/Computer_Vision/packages/install/local_setup.ps1'
[43.460s] INFO:colcon.colcon_core.shell:Creating prefix util module '/home/mtrn/A2_project/A2_Project/Computer_Vision/packages/install/_local_setup_util_ps1.py'
[43.463s] INFO:colcon.colcon_core.shell:Creating prefix chain script '/home/mtrn/A2_project/A2_Project/Computer_Vision/packages/install/setup.ps1'
[43.475s] INFO:colcon.colcon_core.shell:Creating prefix script '/home/mtrn/A2_project/A2_Project/Computer_Vision/packages/install/local_setup.sh'
[43.481s] INFO:colcon.colcon_core.shell:Creating prefix util module '/home/mtrn/A2_project/A2_Project/Computer_Vision/packages/install/_local_setup_util_sh.py'
[43.484s] INFO:colcon.colcon_core.shell:Creating prefix chain script '/home/mtrn/A2_project/A2_Project/Computer_Vision/packages/install/setup.sh'
[43.507s] INFO:colcon.colcon_core.shell:Creating prefix script '/home/mtrn/A2_project/A2_Project/Computer_Vision/packages/install/local_setup.bash'
[43.531s] INFO:colcon.colcon_core.shell:Creating prefix chain script '/home/mtrn/A2_project/A2_Project/Computer_Vision/packages/install/setup.bash'
[43.538s] INFO:colcon.colcon_core.shell:Creating prefix script '/home/mtrn/A2_project/A2_Project/Computer_Vision/packages/install/local_setup.zsh'
[43.540s] INFO:colcon.colcon_core.shell:Creating prefix chain script '/home/mtrn/A2_project/A2_Project/Computer_Vision/packages/install/setup.zsh'
