running egg_info
writing ../../build/yolov8_node/yolov8_node.egg-info/PKG-INFO
writing dependency_links to ../../build/yolov8_node/yolov8_node.egg-info/dependency_links.txt
writing entry points to ../../build/yolov8_node/yolov8_node.egg-info/entry_points.txt
writing requirements to ../../build/yolov8_node/yolov8_node.egg-info/requires.txt
writing top-level names to ../../build/yolov8_node/yolov8_node.egg-info/top_level.txt
reading manifest file '../../build/yolov8_node/yolov8_node.egg-info/SOURCES.txt'
writing manifest file '../../build/yolov8_node/yolov8_node.egg-info/SOURCES.txt'
running build
running build_py
copying yolov8_node/yolov8_object_detection.py -> /home/mtrn/4231/A2_Project/Computer_Vision/packages/build/yolov8_node/build/lib/yolov8_node
running install
/usr/lib/python3/dist-packages/setuptools/command/install.py:34: SetuptoolsDeprecationWarning: setup.py install is deprecated. Use build and pip and other standards-based tools.
  warnings.warn(
running install_lib
copying /home/mtrn/4231/A2_Project/Computer_Vision/packages/build/yolov8_node/build/lib/yolov8_node/yolov8_object_detection.py -> /home/mtrn/4231/A2_Project/Computer_Vision/packages/install/yolov8_node/lib/python3.10/site-packages/yolov8_node
byte-compiling /home/mtrn/4231/A2_Project/Computer_Vision/packages/install/yolov8_node/lib/python3.10/site-packages/yolov8_node/yolov8_object_detection.py to yolov8_object_detection.cpython-310.pyc
running install_data
running install_egg_info
removing '/home/mtrn/4231/A2_Project/Computer_Vision/packages/install/yolov8_node/lib/python3.10/site-packages/yolov8_node-0.0.0-py3.10.egg-info' (and everything under it)
Copying ../../build/yolov8_node/yolov8_node.egg-info to /home/mtrn/4231/A2_Project/Computer_Vision/packages/install/yolov8_node/lib/python3.10/site-packages/yolov8_node-0.0.0-py3.10.egg-info
running install_scripts
Installing yolo_node script to /home/mtrn/4231/A2_Project/Computer_Vision/packages/install/yolov8_node/lib/yolov8_node
writing list of installed files to '/home/mtrn/4231/A2_Project/Computer_Vision/packages/build/yolov8_node/install.log'
