[0.000000] (-) TimerEvent: {}
[0.000621] (image_warper) JobQueued: {'identifier': 'image_warper', 'dependencies': OrderedDict()}
[0.002431] (yolov8_msgs) JobQueued: {'identifier': 'yolov8_msgs', 'dependencies': OrderedDict()}
[0.003368] (yolov8_ros) JobQueued: {'identifier': 'yolov8_ros', 'dependencies': OrderedDict()}
[0.003504] (yolov8_bringup) JobQueued: {'identifier': 'yolov8_bringup', 'dependencies': OrderedDict([('yolov8_ros', '/home/mtrn/4231/A2_Project/Computer_Vision/packages/install/yolov8_ros')])}
[0.003552] (yolov8_ros) JobStarted: {'identifier': 'yolov8_ros'}
[0.036816] (image_warper) JobStarted: {'identifier': 'image_warper'}
[0.074705] (yolov8_msgs) JobStarted: {'identifier': 'yolov8_msgs'}
[0.100693] (-) TimerEvent: {}
[0.201294] (-) TimerEvent: {}
[0.301831] (-) TimerEvent: {}
[0.402674] (-) TimerEvent: {}
[0.503433] (-) TimerEvent: {}
[0.545723] (yolov8_ros) StderrLine: {'line': b'Traceback (most recent call last):\n  File "/usr/lib/python3/dist-packages/colcon_core/executor/__init__.py", line 91, in __call__\n    rc = await self.task(*args, **kwargs)\n  File "/usr/lib/python3/dist-packages/colcon_core/task/__init__.py", line 93, in __call__\n    return await task_method(*args, **kwargs)\n  File "/usr/lib/python3/dist-packages/colcon_ros/task/ament_python/build.py", line 51, in build\n    setup_py_data = get_setup_data(self.context.pkg, env)\n  File "/usr/lib/python3/dist-packages/colcon_core/task/python/__init__.py", line 20, in get_setup_data\n    return dict(pkg.metadata[key](env))\n  File "/usr/lib/python3/dist-packages/colcon_ros/package_augmentation/ros_ament_python.py", line 57, in getter\n    return get_setup_information(\n  File "/usr/lib/python3/dist-packages/colcon_python_setup_py/package_identification/python_setup_py.py", line 241, in get_setup_information\n    _setup_information_cache[hashable_env] = _get_setup_information(\n  File "/usr/lib/python3/dist-packages/colcon_python_setup_py/package_identification/python_setup_py.py", line 288, in _get_setup_information\n    result = subprocess.run(\n  File "/usr/lib/python3.10/subprocess.py", line 526, in run\n    raise CalledProcessError(retcode, process.args,\nsubprocess.CalledProcessError: Command \'[\'/usr/bin/python3\', \'-c\', \'import sys;from contextlib import suppress;exec("with suppress(ImportError):    from setuptools.extern.packaging.specifiers    import SpecifierSet");exec("with suppress(ImportError):    from packaging.specifiers import SpecifierSet");from distutils.core import run_setup;dist = run_setup(    \\\'setup.py\\\', script_args=(\\\'--dry-run\\\',), stop_after=\\\'config\\\');skip_keys = (\\\'cmdclass\\\', \\\'distclass\\\', \\\'ext_modules\\\', \\\'metadata\\\');data = {    key: value for key, value in dist.__dict__.items()     if (        not key.startswith(\\\'_\\\') and         not callable(value) and         key not in skip_keys and         key not in dist.display_option_names    )};data[\\\'metadata\\\'] = {    k: v for k, v in dist.metadata.__dict__.items()     if k not in (\\\'license_files\\\', \\\'provides_extras\\\')};sys.stdout.buffer.write(repr(data).encode(\\\'utf-8\\\'))\']\' returned non-zero exit status 1.\n'}
[0.547694] (yolov8_ros) JobEnded: {'identifier': 'yolov8_ros', 'rc': 1}
[0.603921] (-) TimerEvent: {}
[0.705102] (-) TimerEvent: {}
[0.810895] (-) TimerEvent: {}
[0.911716] (-) TimerEvent: {}
[0.937881] (image_warper) JobEnded: {'identifier': 'image_warper', 'rc': 'SIGINT'}
[0.938440] (yolov8_msgs) JobEnded: {'identifier': 'yolov8_msgs', 'rc': 'SIGINT'}
[0.951476] (yolov8_bringup) JobSkipped: {'identifier': 'yolov8_bringup'}
[0.951620] (-) EventReactorShutdown: {}
