[1.358s] Invoking command in '/home/mtrn/A2_project/A2_Project/Computer_Vision/packages/src/image_warper': PYTHONPATH=/home/mtrn/A2_project/A2_Project/Computer_Vision/packages/build/image_warper/prefix_override:/home/mtrn/A2_project/A2_Project/Computer_Vision/packages/install/image_warper/lib/python3.10/site-packages:${PYTHONPATH} /usr/bin/python3 setup.py egg_info --egg-base ../../build/image_warper build --build-base /home/mtrn/A2_project/A2_Project/Computer_Vision/packages/build/image_warper/build install --record /home/mtrn/A2_project/A2_Project/Computer_Vision/packages/build/image_warper/install.log --single-version-externally-managed
[1.687s] running egg_info
[1.689s] creating ../../build/image_warper/image_warper.egg-info
[1.689s] writing ../../build/image_warper/image_warper.egg-info/PKG-INFO
[1.690s] writing dependency_links to ../../build/image_warper/image_warper.egg-info/dependency_links.txt
[1.690s] writing entry points to ../../build/image_warper/image_warper.egg-info/entry_points.txt
[1.690s] writing requirements to ../../build/image_warper/image_warper.egg-info/requires.txt
[1.690s] writing top-level names to ../../build/image_warper/image_warper.egg-info/top_level.txt
[1.690s] writing manifest file '../../build/image_warper/image_warper.egg-info/SOURCES.txt'
[1.693s] reading manifest file '../../build/image_warper/image_warper.egg-info/SOURCES.txt'
[1.695s] writing manifest file '../../build/image_warper/image_warper.egg-info/SOURCES.txt'
[1.695s] running build
[1.695s] running build_py
[1.696s] creating /home/mtrn/A2_project/A2_Project/Computer_Vision/packages/build/image_warper/build
[1.696s] creating /home/mtrn/A2_project/A2_Project/Computer_Vision/packages/build/image_warper/build/lib
[1.696s] creating /home/mtrn/A2_project/A2_Project/Computer_Vision/packages/build/image_warper/build/lib/image_warper
[1.696s] copying image_warper/__init__.py -> /home/mtrn/A2_project/A2_Project/Computer_Vision/packages/build/image_warper/build/lib/image_warper
[1.696s] copying image_warper/ImagePublisher.py -> /home/mtrn/A2_project/A2_Project/Computer_Vision/packages/build/image_warper/build/lib/image_warper
[1.696s] copying image_warper/image_warper.py -> /home/mtrn/A2_project/A2_Project/Computer_Vision/packages/build/image_warper/build/lib/image_warper
[1.696s] running install
[1.697s] /usr/lib/python3/dist-packages/setuptools/command/install.py:34: SetuptoolsDeprecationWarning: setup.py install is deprecated. Use build and pip and other standards-based tools.
[1.697s]   warnings.warn(
[1.697s] running install_lib
[1.698s] creating /home/mtrn/A2_project/A2_Project/Computer_Vision/packages/install/image_warper/lib/python3.10/site-packages/image_warper
[1.698s] copying /home/mtrn/A2_project/A2_Project/Computer_Vision/packages/build/image_warper/build/lib/image_warper/__init__.py -> /home/mtrn/A2_project/A2_Project/Computer_Vision/packages/install/image_warper/lib/python3.10/site-packages/image_warper
[1.698s] copying /home/mtrn/A2_project/A2_Project/Computer_Vision/packages/build/image_warper/build/lib/image_warper/ImagePublisher.py -> /home/mtrn/A2_project/A2_Project/Computer_Vision/packages/install/image_warper/lib/python3.10/site-packages/image_warper
[1.698s] copying /home/mtrn/A2_project/A2_Project/Computer_Vision/packages/build/image_warper/build/lib/image_warper/image_warper.py -> /home/mtrn/A2_project/A2_Project/Computer_Vision/packages/install/image_warper/lib/python3.10/site-packages/image_warper
[1.699s] byte-compiling /home/mtrn/A2_project/A2_Project/Computer_Vision/packages/install/image_warper/lib/python3.10/site-packages/image_warper/__init__.py to __init__.cpython-310.pyc
[1.699s] byte-compiling /home/mtrn/A2_project/A2_Project/Computer_Vision/packages/install/image_warper/lib/python3.10/site-packages/image_warper/ImagePublisher.py to ImagePublisher.cpython-310.pyc
[1.700s] byte-compiling /home/mtrn/A2_project/A2_Project/Computer_Vision/packages/install/image_warper/lib/python3.10/site-packages/image_warper/image_warper.py to image_warper.cpython-310.pyc
[1.701s] running install_data
[1.703s] creating /home/mtrn/A2_project/A2_Project/Computer_Vision/packages/install/image_warper/share/ament_index
[1.703s] creating /home/mtrn/A2_project/A2_Project/Computer_Vision/packages/install/image_warper/share/ament_index/resource_index
[1.704s] creating /home/mtrn/A2_project/A2_Project/Computer_Vision/packages/install/image_warper/share/ament_index/resource_index/packages
[1.704s] copying resource/image_warper -> /home/mtrn/A2_project/A2_Project/Computer_Vision/packages/install/image_warper/share/ament_index/resource_index/packages
[1.704s] copying package.xml -> /home/mtrn/A2_project/A2_Project/Computer_Vision/packages/install/image_warper/share/image_warper
[1.704s] running install_egg_info
[1.707s] Copying ../../build/image_warper/image_warper.egg-info to /home/mtrn/A2_project/A2_Project/Computer_Vision/packages/install/image_warper/lib/python3.10/site-packages/image_warper-0.0.0-py3.10.egg-info
[1.707s] running install_scripts
[1.742s] Installing ImagePublisher script to /home/mtrn/A2_project/A2_Project/Computer_Vision/packages/install/image_warper/lib/image_warper
[1.742s] Installing image_warper script to /home/mtrn/A2_project/A2_Project/Computer_Vision/packages/install/image_warper/lib/image_warper
[1.742s] writing list of installed files to '/home/mtrn/A2_project/A2_Project/Computer_Vision/packages/build/image_warper/install.log'
[1.799s] Invoked command in '/home/mtrn/A2_project/A2_Project/Computer_Vision/packages/src/image_warper' returned '0': PYTHONPATH=/home/mtrn/A2_project/A2_Project/Computer_Vision/packages/build/image_warper/prefix_override:/home/mtrn/A2_project/A2_Project/Computer_Vision/packages/install/image_warper/lib/python3.10/site-packages:${PYTHONPATH} /usr/bin/python3 setup.py egg_info --egg-base ../../build/image_warper build --build-base /home/mtrn/A2_project/A2_Project/Computer_Vision/packages/build/image_warper/build install --record /home/mtrn/A2_project/A2_Project/Computer_Vision/packages/build/image_warper/install.log --single-version-externally-managed
