[1.701s] Invoking command in '/home/mtrn/4231/A2_Project/Computer_Vision/packages/src/yolov8_node': PYTHONPATH=/home/mtrn/4231/A2_Project/Computer_Vision/packages/build/yolov8_node/prefix_override:/home/mtrn/4231/A2_Project/Computer_Vision/packages/install/yolov8_node/lib/python3.10/site-packages:${PYTHONPATH} /usr/bin/python3 setup.py egg_info --egg-base ../../build/yolov8_node build --build-base /home/mtrn/4231/A2_Project/Computer_Vision/packages/build/yolov8_node/build install --record /home/mtrn/4231/A2_Project/Computer_Vision/packages/build/yolov8_node/install.log --single-version-externally-managed
[2.169s] running egg_info
[2.171s] writing ../../build/yolov8_node/yolov8_node.egg-info/PKG-INFO
[2.171s] writing dependency_links to ../../build/yolov8_node/yolov8_node.egg-info/dependency_links.txt
[2.171s] writing entry points to ../../build/yolov8_node/yolov8_node.egg-info/entry_points.txt
[2.172s] writing requirements to ../../build/yolov8_node/yolov8_node.egg-info/requires.txt
[2.172s] writing top-level names to ../../build/yolov8_node/yolov8_node.egg-info/top_level.txt
[2.174s] reading manifest file '../../build/yolov8_node/yolov8_node.egg-info/SOURCES.txt'
[2.176s] writing manifest file '../../build/yolov8_node/yolov8_node.egg-info/SOURCES.txt'
[2.177s] running build
[2.177s] running build_py
[2.177s] copying yolov8_node/yolov8_object_detection.py -> /home/mtrn/4231/A2_Project/Computer_Vision/packages/build/yolov8_node/build/lib/yolov8_node
[2.177s] running install
[2.177s] /usr/lib/python3/dist-packages/setuptools/command/install.py:34: SetuptoolsDeprecationWarning: setup.py install is deprecated. Use build and pip and other standards-based tools.
[2.177s]   warnings.warn(
[2.178s] running install_lib
[2.178s] copying /home/mtrn/4231/A2_Project/Computer_Vision/packages/build/yolov8_node/build/lib/yolov8_node/yolov8_object_detection.py -> /home/mtrn/4231/A2_Project/Computer_Vision/packages/install/yolov8_node/lib/python3.10/site-packages/yolov8_node
[2.179s] byte-compiling /home/mtrn/4231/A2_Project/Computer_Vision/packages/install/yolov8_node/lib/python3.10/site-packages/yolov8_node/yolov8_object_detection.py to yolov8_object_detection.cpython-310.pyc
[2.180s] running install_data
[2.181s] copying package.xml -> /home/mtrn/4231/A2_Project/Computer_Vision/packages/install/yolov8_node/share/yolov8_node
[2.181s] running install_egg_info
[2.184s] removing '/home/mtrn/4231/A2_Project/Computer_Vision/packages/install/yolov8_node/lib/python3.10/site-packages/yolov8_node-0.0.0-py3.10.egg-info' (and everything under it)
[2.184s] Copying ../../build/yolov8_node/yolov8_node.egg-info to /home/mtrn/4231/A2_Project/Computer_Vision/packages/install/yolov8_node/lib/python3.10/site-packages/yolov8_node-0.0.0-py3.10.egg-info
[2.186s] running install_scripts
[2.218s] Installing yolo_node script to /home/mtrn/4231/A2_Project/Computer_Vision/packages/install/yolov8_node/lib/yolov8_node
[2.219s] writing list of installed files to '/home/mtrn/4231/A2_Project/Computer_Vision/packages/build/yolov8_node/install.log'
[2.267s] Invoked command in '/home/mtrn/4231/A2_Project/Computer_Vision/packages/src/yolov8_node' returned '0': PYTHONPATH=/home/mtrn/4231/A2_Project/Computer_Vision/packages/build/yolov8_node/prefix_override:/home/mtrn/4231/A2_Project/Computer_Vision/packages/install/yolov8_node/lib/python3.10/site-packages:${PYTHONPATH} /usr/bin/python3 setup.py egg_info --egg-base ../../build/yolov8_node build --build-base /home/mtrn/4231/A2_Project/Computer_Vision/packages/build/yolov8_node/build install --record /home/mtrn/4231/A2_Project/Computer_Vision/packages/build/yolov8_node/install.log --single-version-externally-managed
