[1.428s] Invoking command in '/home/mtrn/A2_project/A2_Project/Computer_Vision/packages/build/yolov8_msgs': CMAKE_PREFIX_PATH=${CMAKE_PREFIX_PATH}:/home/mtrn/A2_project/A2_Project/Computer_Vision/packages/install/yolov8_ros:/home/mtrn/A2_project/A2_Project/Computer_Vision/packages/install/image_warper:/home/mtrn/4231/ws_moveit2/install/moveit_configs_utils:/home/mtrn/4231/ws_moveit2/install/launch_param_builder:/opt/ros/humble /home/mtrn/.local/bin/cmake --build /home/mtrn/A2_project/A2_Project/Computer_Vision/packages/build/yolov8_msgs -- -j12 -l12
[1.658s] [  0%] Built target yolov8_msgs__cpp
[1.738s] [  0%] Built target ament_cmake_python_copy_yolov8_msgs
[1.823s] [ 12%] Built target yolov8_msgs__rosidl_typesupport_introspection_cpp
[2.556s] running egg_info
[2.557s] writing yolov8_msgs.egg-info/PKG-INFO
[2.558s] writing dependency_links to yolov8_msgs.egg-info/dependency_links.txt
[2.558s] writing top-level names to yolov8_msgs.egg-info/top_level.txt
[2.561s] reading manifest file 'yolov8_msgs.egg-info/SOURCES.txt'
[2.562s] writing manifest file 'yolov8_msgs.egg-info/SOURCES.txt'
[2.660s] [ 12%] Built target ament_cmake_python_build_yolov8_msgs_egg
[2.720s] [ 23%] Built target yolov8_msgs__rosidl_typesupport_fastrtps_cpp
[2.786s] [ 35%] Built target yolov8_msgs__rosidl_typesupport_cpp
[2.851s] [ 47%] Built target yolov8_msgs__rosidl_generator_c
[2.944s] [ 59%] Built target yolov8_msgs__rosidl_typesupport_fastrtps_c
[3.087s] [ 71%] Built target yolov8_msgs__rosidl_typesupport_c
[3.172s] [ 83%] Built target yolov8_msgs__rosidl_typesupport_introspection_c
[3.242s] [ 83%] Built target yolov8_msgs
[3.292s] [ 84%] Built target yolov8_msgs__py
[3.437s] [ 95%] Built target yolov8_msgs__rosidl_generator_py
[3.593s] [ 97%] Built target yolov8_msgs__rosidl_typesupport_fastrtps_c__pyext
[3.716s] [ 98%] Built target yolov8_msgs__rosidl_typesupport_c__pyext
[3.767s] [100%] Built target yolov8_msgs__rosidl_typesupport_introspection_c__pyext
[3.814s] Invoked command in '/home/mtrn/A2_project/A2_Project/Computer_Vision/packages/build/yolov8_msgs' returned '0': CMAKE_PREFIX_PATH=${CMAKE_PREFIX_PATH}:/home/mtrn/A2_project/A2_Project/Computer_Vision/packages/install/yolov8_ros:/home/mtrn/A2_project/A2_Project/Computer_Vision/packages/install/image_warper:/home/mtrn/4231/ws_moveit2/install/moveit_configs_utils:/home/mtrn/4231/ws_moveit2/install/launch_param_builder:/opt/ros/humble /home/mtrn/.local/bin/cmake --build /home/mtrn/A2_project/A2_Project/Computer_Vision/packages/build/yolov8_msgs -- -j12 -l12
[6.770s] Invoking command in '/home/mtrn/A2_project/A2_Project/Computer_Vision/packages/build/yolov8_msgs': CMAKE_PREFIX_PATH=${CMAKE_PREFIX_PATH}:/home/mtrn/A2_project/A2_Project/Computer_Vision/packages/install/yolov8_ros:/home/mtrn/A2_project/A2_Project/Computer_Vision/packages/install/image_warper:/home/mtrn/4231/ws_moveit2/install/moveit_configs_utils:/home/mtrn/4231/ws_moveit2/install/launch_param_builder:/opt/ros/humble /home/mtrn/.local/bin/cmake --install /home/mtrn/A2_project/A2_Project/Computer_Vision/packages/build/yolov8_msgs
[6.893s] -- Install configuration: ""
[6.894s] -- Up-to-date: /home/mtrn/A2_project/A2_Project/Computer_Vision/packages/install/yolov8_msgs/share/ament_index/resource_index/rosidl_interfaces/yolov8_msgs
[6.895s] -- Up-to-date: /home/mtrn/A2_project/A2_Project/Computer_Vision/packages/install/yolov8_msgs/include/yolov8_msgs/yolov8_msgs
[6.895s] -- Up-to-date: /home/mtrn/A2_project/A2_Project/Computer_Vision/packages/install/yolov8_msgs/include/yolov8_msgs/yolov8_msgs/msg
[6.895s] -- Up-to-date: /home/mtrn/A2_project/A2_Project/Computer_Vision/packages/install/yolov8_msgs/include/yolov8_msgs/yolov8_msgs/msg/pose2_d.h
[6.895s] -- Up-to-date: /home/mtrn/A2_project/A2_Project/Computer_Vision/packages/install/yolov8_msgs/include/yolov8_msgs/yolov8_msgs/msg/key_point2_d.h
[6.899s] -- Up-to-date: /home/mtrn/A2_project/A2_Project/Computer_Vision/packages/install/yolov8_msgs/include/yolov8_msgs/yolov8_msgs/msg/detection_array.h
[6.899s] -- Up-to-date: /home/mtrn/A2_project/A2_Project/Computer_Vision/packages/install/yolov8_msgs/include/yolov8_msgs/yolov8_msgs/msg/point2_d.h
[6.899s] -- Up-to-date: /home/mtrn/A2_project/A2_Project/Computer_Vision/packages/install/yolov8_msgs/include/yolov8_msgs/yolov8_msgs/msg/key_point3_d.h
[6.900s] -- Up-to-date: /home/mtrn/A2_project/A2_Project/Computer_Vision/packages/install/yolov8_msgs/include/yolov8_msgs/yolov8_msgs/msg/bounding_box3_d.h
[6.900s] -- Up-to-date: /home/mtrn/A2_project/A2_Project/Computer_Vision/packages/install/yolov8_msgs/include/yolov8_msgs/yolov8_msgs/msg/detail
[6.900s] -- Up-to-date: /home/mtrn/A2_project/A2_Project/Computer_Vision/packages/install/yolov8_msgs/include/yolov8_msgs/yolov8_msgs/msg/detail/bounding_box3_d__functions.h
[6.900s] -- Up-to-date: /home/mtrn/A2_project/A2_Project/Computer_Vision/packages/install/yolov8_msgs/include/yolov8_msgs/yolov8_msgs/msg/detail/key_point2_d_array__functions.h
[6.900s] -- Up-to-date: /home/mtrn/A2_project/A2_Project/Computer_Vision/packages/install/yolov8_msgs/include/yolov8_msgs/yolov8_msgs/msg/detail/detection_array__functions.h
[6.900s] -- Up-to-date: /home/mtrn/A2_project/A2_Project/Computer_Vision/packages/install/yolov8_msgs/include/yolov8_msgs/yolov8_msgs/msg/detail/mask__functions.h
[6.900s] -- Up-to-date: /home/mtrn/A2_project/A2_Project/Computer_Vision/packages/install/yolov8_msgs/include/yolov8_msgs/yolov8_msgs/msg/detail/detection__type_support.h
[6.901s] -- Up-to-date: /home/mtrn/A2_project/A2_Project/Computer_Vision/packages/install/yolov8_msgs/include/yolov8_msgs/yolov8_msgs/msg/detail/bounding_box3_d__struct.h
[6.901s] -- Up-to-date: /home/mtrn/A2_project/A2_Project/Computer_Vision/packages/install/yolov8_msgs/include/yolov8_msgs/yolov8_msgs/msg/detail/mask__functions.c
[6.901s] -- Up-to-date: /home/mtrn/A2_project/A2_Project/Computer_Vision/packages/install/yolov8_msgs/include/yolov8_msgs/yolov8_msgs/msg/detail/pose2_d__functions.c
[6.901s] -- Up-to-date: /home/mtrn/A2_project/A2_Project/Computer_Vision/packages/install/yolov8_msgs/include/yolov8_msgs/yolov8_msgs/msg/detail/mask__type_support.h
[6.901s] -- Up-to-date: /home/mtrn/A2_project/A2_Project/Computer_Vision/packages/install/yolov8_msgs/include/yolov8_msgs/yolov8_msgs/msg/detail/key_point2_d_array__type_support.h
[6.901s] -- Up-to-date: /home/mtrn/A2_project/A2_Project/Computer_Vision/packages/install/yolov8_msgs/include/yolov8_msgs/yolov8_msgs/msg/detail/detection_array__type_support.h
[6.901s] -- Up-to-date: /home/mtrn/A2_project/A2_Project/Computer_Vision/packages/install/yolov8_msgs/include/yolov8_msgs/yolov8_msgs/msg/detail/key_point3_d_array__functions.h
[6.901s] -- Up-to-date: /home/mtrn/A2_project/A2_Project/Computer_Vision/packages/install/yolov8_msgs/include/yolov8_msgs/yolov8_msgs/msg/detail/key_point3_d__functions.c
[6.901s] -- Up-to-date: /home/mtrn/A2_project/A2_Project/Computer_Vision/packages/install/yolov8_msgs/include/yolov8_msgs/yolov8_msgs/msg/detail/key_point2_d__type_support.h
[6.901s] -- Up-to-date: /home/mtrn/A2_project/A2_Project/Computer_Vision/packages/install/yolov8_msgs/include/yolov8_msgs/yolov8_msgs/msg/detail/pose2_d__functions.h
[6.902s] -- Up-to-date: /home/mtrn/A2_project/A2_Project/Computer_Vision/packages/install/yolov8_msgs/include/yolov8_msgs/yolov8_msgs/msg/detail/key_point3_d_array__type_support.h
[6.902s] -- Up-to-date: /home/mtrn/A2_project/A2_Project/Computer_Vision/packages/install/yolov8_msgs/include/yolov8_msgs/yolov8_msgs/msg/detail/key_point2_d_array__struct.h
[6.902s] -- Up-to-date: /home/mtrn/A2_project/A2_Project/Computer_Vision/packages/install/yolov8_msgs/include/yolov8_msgs/yolov8_msgs/msg/detail/bounding_box2_d__type_support.h
[6.902s] -- Up-to-date: /home/mtrn/A2_project/A2_Project/Computer_Vision/packages/install/yolov8_msgs/include/yolov8_msgs/yolov8_msgs/msg/detail/point2_d__functions.h
[6.902s] -- Up-to-date: /home/mtrn/A2_project/A2_Project/Computer_Vision/packages/install/yolov8_msgs/include/yolov8_msgs/yolov8_msgs/msg/detail/detection__functions.c
[6.902s] -- Up-to-date: /home/mtrn/A2_project/A2_Project/Computer_Vision/packages/install/yolov8_msgs/include/yolov8_msgs/yolov8_msgs/msg/detail/key_point3_d__type_support.h
[6.902s] -- Up-to-date: /home/mtrn/A2_project/A2_Project/Computer_Vision/packages/install/yolov8_msgs/include/yolov8_msgs/yolov8_msgs/msg/detail/vector2__functions.h
[6.902s] -- Up-to-date: /home/mtrn/A2_project/A2_Project/Computer_Vision/packages/install/yolov8_msgs/include/yolov8_msgs/yolov8_msgs/msg/detail/point2_d__functions.c
[6.902s] -- Up-to-date: /home/mtrn/A2_project/A2_Project/Computer_Vision/packages/install/yolov8_msgs/include/yolov8_msgs/yolov8_msgs/msg/detail/key_point3_d__functions.h
[6.902s] -- Up-to-date: /home/mtrn/A2_project/A2_Project/Computer_Vision/packages/install/yolov8_msgs/include/yolov8_msgs/yolov8_msgs/msg/detail/pose2_d__type_support.h
[6.902s] -- Up-to-date: /home/mtrn/A2_project/A2_Project/Computer_Vision/packages/install/yolov8_msgs/include/yolov8_msgs/yolov8_msgs/msg/detail/key_point3_d_array__struct.h
[6.903s] -- Up-to-date: /home/mtrn/A2_project/A2_Project/Computer_Vision/packages/install/yolov8_msgs/include/yolov8_msgs/yolov8_msgs/msg/detail/bounding_box3_d__type_support.h
[6.903s] -- Up-to-date: /home/mtrn/A2_project/A2_Project/Computer_Vision/packages/install/yolov8_msgs/include/yolov8_msgs/yolov8_msgs/msg/detail/key_point2_d__struct.h
[6.903s] -- Up-to-date: /home/mtrn/A2_project/A2_Project/Computer_Vision/packages/install/yolov8_msgs/include/yolov8_msgs/yolov8_msgs/msg/detail/point2_d__type_support.h
[6.903s] -- Up-to-date: /home/mtrn/A2_project/A2_Project/Computer_Vision/packages/install/yolov8_msgs/include/yolov8_msgs/yolov8_msgs/msg/detail/bounding_box2_d__struct.h
[6.903s] -- Up-to-date: /home/mtrn/A2_project/A2_Project/Computer_Vision/packages/install/yolov8_msgs/include/yolov8_msgs/yolov8_msgs/msg/detail/key_point3_d_array__functions.c
[6.903s] -- Up-to-date: /home/mtrn/A2_project/A2_Project/Computer_Vision/packages/install/yolov8_msgs/include/yolov8_msgs/yolov8_msgs/msg/detail/pose2_d__struct.h
[6.903s] -- Up-to-date: /home/mtrn/A2_project/A2_Project/Computer_Vision/packages/install/yolov8_msgs/include/yolov8_msgs/yolov8_msgs/msg/detail/mask__struct.h
[6.904s] -- Up-to-date: /home/mtrn/A2_project/A2_Project/Computer_Vision/packages/install/yolov8_msgs/include/yolov8_msgs/yolov8_msgs/msg/detail/key_point2_d__functions.c
[6.904s] -- Up-to-date: /home/mtrn/A2_project/A2_Project/Computer_Vision/packages/install/yolov8_msgs/include/yolov8_msgs/yolov8_msgs/msg/detail/point2_d__struct.h
[6.904s] -- Up-to-date: /home/mtrn/A2_project/A2_Project/Computer_Vision/packages/install/yolov8_msgs/include/yolov8_msgs/yolov8_msgs/msg/detail/key_point2_d_array__functions.c
[6.904s] -- Up-to-date: /home/mtrn/A2_project/A2_Project/Computer_Vision/packages/install/yolov8_msgs/include/yolov8_msgs/yolov8_msgs/msg/detail/key_point2_d__functions.h
[6.904s] -- Up-to-date: /home/mtrn/A2_project/A2_Project/Computer_Vision/packages/install/yolov8_msgs/include/yolov8_msgs/yolov8_msgs/msg/detail/detection_array__struct.h
[6.909s] -- Up-to-date: /home/mtrn/A2_project/A2_Project/Computer_Vision/packages/install/yolov8_msgs/include/yolov8_msgs/yolov8_msgs/msg/detail/bounding_box2_d__functions.h
[6.910s] -- Up-to-date: /home/mtrn/A2_project/A2_Project/Computer_Vision/packages/install/yolov8_msgs/include/yolov8_msgs/yolov8_msgs/msg/detail/detection__functions.h
[6.910s] -- Up-to-date: /home/mtrn/A2_project/A2_Project/Computer_Vision/packages/install/yolov8_msgs/include/yolov8_msgs/yolov8_msgs/msg/detail/detection__struct.h
[6.910s] -- Up-to-date: /home/mtrn/A2_project/A2_Project/Computer_Vision/packages/install/yolov8_msgs/include/yolov8_msgs/yolov8_msgs/msg/detail/bounding_box3_d__functions.c
[6.910s] -- Up-to-date: /home/mtrn/A2_project/A2_Project/Computer_Vision/packages/install/yolov8_msgs/include/yolov8_msgs/yolov8_msgs/msg/detail/detection_array__functions.c
[6.910s] -- Up-to-date: /home/mtrn/A2_project/A2_Project/Computer_Vision/packages/install/yolov8_msgs/include/yolov8_msgs/yolov8_msgs/msg/detail/key_point3_d__struct.h
[6.910s] -- Up-to-date: /home/mtrn/A2_project/A2_Project/Computer_Vision/packages/install/yolov8_msgs/include/yolov8_msgs/yolov8_msgs/msg/detail/vector2__type_support.h
[6.910s] -- Up-to-date: /home/mtrn/A2_project/A2_Project/Computer_Vision/packages/install/yolov8_msgs/include/yolov8_msgs/yolov8_msgs/msg/detail/vector2__functions.c
[6.910s] -- Up-to-date: /home/mtrn/A2_project/A2_Project/Computer_Vision/packages/install/yolov8_msgs/include/yolov8_msgs/yolov8_msgs/msg/detail/bounding_box2_d__functions.c
[6.910s] -- Up-to-date: /home/mtrn/A2_project/A2_Project/Computer_Vision/packages/install/yolov8_msgs/include/yolov8_msgs/yolov8_msgs/msg/detail/vector2__struct.h
[6.910s] -- Up-to-date: /home/mtrn/A2_project/A2_Project/Computer_Vision/packages/install/yolov8_msgs/include/yolov8_msgs/yolov8_msgs/msg/bounding_box2_d.h
[6.911s] -- Up-to-date: /home/mtrn/A2_project/A2_Project/Computer_Vision/packages/install/yolov8_msgs/include/yolov8_msgs/yolov8_msgs/msg/detection.h
[6.911s] -- Up-to-date: /home/mtrn/A2_project/A2_Project/Computer_Vision/packages/install/yolov8_msgs/include/yolov8_msgs/yolov8_msgs/msg/key_point2_d_array.h
[6.911s] -- Up-to-date: /home/mtrn/A2_project/A2_Project/Computer_Vision/packages/install/yolov8_msgs/include/yolov8_msgs/yolov8_msgs/msg/key_point3_d_array.h
[6.912s] -- Up-to-date: /home/mtrn/A2_project/A2_Project/Computer_Vision/packages/install/yolov8_msgs/include/yolov8_msgs/yolov8_msgs/msg/mask.h
[6.912s] -- Up-to-date: /home/mtrn/A2_project/A2_Project/Computer_Vision/packages/install/yolov8_msgs/include/yolov8_msgs/yolov8_msgs/msg/vector2.h
[6.912s] -- Up-to-date: /home/mtrn/A2_project/A2_Project/Computer_Vision/packages/install/yolov8_msgs/include/yolov8_msgs/yolov8_msgs/msg/rosidl_generator_c__visibility_control.h
[6.912s] -- Up-to-date: /home/mtrn/A2_project/A2_Project/Computer_Vision/packages/install/yolov8_msgs/share/yolov8_msgs/environment/library_path.sh
[6.912s] -- Up-to-date: /home/mtrn/A2_project/A2_Project/Computer_Vision/packages/install/yolov8_msgs/share/yolov8_msgs/environment/library_path.dsv
[6.912s] -- Up-to-date: /home/mtrn/A2_project/A2_Project/Computer_Vision/packages/install/yolov8_msgs/lib/libyolov8_msgs__rosidl_generator_c.so
[6.912s] -- Up-to-date: /home/mtrn/A2_project/A2_Project/Computer_Vision/packages/install/yolov8_msgs/include/yolov8_msgs/yolov8_msgs
[6.913s] -- Up-to-date: /home/mtrn/A2_project/A2_Project/Computer_Vision/packages/install/yolov8_msgs/include/yolov8_msgs/yolov8_msgs/msg
[6.913s] -- Up-to-date: /home/mtrn/A2_project/A2_Project/Computer_Vision/packages/install/yolov8_msgs/include/yolov8_msgs/yolov8_msgs/msg/rosidl_typesupport_fastrtps_c__visibility_control.h
[6.913s] -- Up-to-date: /home/mtrn/A2_project/A2_Project/Computer_Vision/packages/install/yolov8_msgs/include/yolov8_msgs/yolov8_msgs/msg/detail
[6.913s] -- Up-to-date: /home/mtrn/A2_project/A2_Project/Computer_Vision/packages/install/yolov8_msgs/include/yolov8_msgs/yolov8_msgs/msg/detail/bounding_box2_d__rosidl_typesupport_fastrtps_c.h
[6.913s] -- Up-to-date: /home/mtrn/A2_project/A2_Project/Computer_Vision/packages/install/yolov8_msgs/include/yolov8_msgs/yolov8_msgs/msg/detail/point2_d__rosidl_typesupport_fastrtps_c.h
[6.913s] -- Up-to-date: /home/mtrn/A2_project/A2_Project/Computer_Vision/packages/install/yolov8_msgs/include/yolov8_msgs/yolov8_msgs/msg/detail/key_point2_d__rosidl_typesupport_fastrtps_c.h
[6.913s] -- Up-to-date: /home/mtrn/A2_project/A2_Project/Computer_Vision/packages/install/yolov8_msgs/include/yolov8_msgs/yolov8_msgs/msg/detail/pose2_d__rosidl_typesupport_fastrtps_c.h
[6.913s] -- Up-to-date: /home/mtrn/A2_project/A2_Project/Computer_Vision/packages/install/yolov8_msgs/include/yolov8_msgs/yolov8_msgs/msg/detail/bounding_box3_d__rosidl_typesupport_fastrtps_c.h
[6.914s] -- Up-to-date: /home/mtrn/A2_project/A2_Project/Computer_Vision/packages/install/yolov8_msgs/include/yolov8_msgs/yolov8_msgs/msg/detail/key_point3_d__rosidl_typesupport_fastrtps_c.h
[6.914s] -- Up-to-date: /home/mtrn/A2_project/A2_Project/Computer_Vision/packages/install/yolov8_msgs/include/yolov8_msgs/yolov8_msgs/msg/detail/mask__rosidl_typesupport_fastrtps_c.h
[6.914s] -- Up-to-date: /home/mtrn/A2_project/A2_Project/Computer_Vision/packages/install/yolov8_msgs/include/yolov8_msgs/yolov8_msgs/msg/detail/key_point2_d_array__rosidl_typesupport_fastrtps_c.h
[6.914s] -- Up-to-date: /home/mtrn/A2_project/A2_Project/Computer_Vision/packages/install/yolov8_msgs/include/yolov8_msgs/yolov8_msgs/msg/detail/detection__rosidl_typesupport_fastrtps_c.h
[6.914s] -- Up-to-date: /home/mtrn/A2_project/A2_Project/Computer_Vision/packages/install/yolov8_msgs/include/yolov8_msgs/yolov8_msgs/msg/detail/detection_array__rosidl_typesupport_fastrtps_c.h
[6.914s] -- Up-to-date: /home/mtrn/A2_project/A2_Project/Computer_Vision/packages/install/yolov8_msgs/include/yolov8_msgs/yolov8_msgs/msg/detail/key_point3_d_array__rosidl_typesupport_fastrtps_c.h
[6.914s] -- Up-to-date: /home/mtrn/A2_project/A2_Project/Computer_Vision/packages/install/yolov8_msgs/include/yolov8_msgs/yolov8_msgs/msg/detail/vector2__rosidl_typesupport_fastrtps_c.h
[6.914s] -- Up-to-date: /home/mtrn/A2_project/A2_Project/Computer_Vision/packages/install/yolov8_msgs/lib/libyolov8_msgs__rosidl_typesupport_fastrtps_c.so
[6.915s] -- Up-to-date: /home/mtrn/A2_project/A2_Project/Computer_Vision/packages/install/yolov8_msgs/include/yolov8_msgs/yolov8_msgs
[6.915s] -- Up-to-date: /home/mtrn/A2_project/A2_Project/Computer_Vision/packages/install/yolov8_msgs/include/yolov8_msgs/yolov8_msgs/msg
[6.915s] -- Up-to-date: /home/mtrn/A2_project/A2_Project/Computer_Vision/packages/install/yolov8_msgs/include/yolov8_msgs/yolov8_msgs/msg/rosidl_typesupport_introspection_c__visibility_control.h
[6.915s] -- Up-to-date: /home/mtrn/A2_project/A2_Project/Computer_Vision/packages/install/yolov8_msgs/include/yolov8_msgs/yolov8_msgs/msg/detail
[6.915s] -- Up-to-date: /home/mtrn/A2_project/A2_Project/Computer_Vision/packages/install/yolov8_msgs/include/yolov8_msgs/yolov8_msgs/msg/detail/key_point3_d_array__rosidl_typesupport_introspection_c.h
[6.915s] -- Up-to-date: /home/mtrn/A2_project/A2_Project/Computer_Vision/packages/install/yolov8_msgs/include/yolov8_msgs/yolov8_msgs/msg/detail/key_point3_d__rosidl_typesupport_introspection_c.h
[6.915s] -- Up-to-date: /home/mtrn/A2_project/A2_Project/Computer_Vision/packages/install/yolov8_msgs/include/yolov8_msgs/yolov8_msgs/msg/detail/key_point2_d__rosidl_typesupport_introspection_c.h
[6.915s] -- Up-to-date: /home/mtrn/A2_project/A2_Project/Computer_Vision/packages/install/yolov8_msgs/include/yolov8_msgs/yolov8_msgs/msg/detail/key_point2_d__type_support.c
[6.915s] -- Up-to-date: /home/mtrn/A2_project/A2_Project/Computer_Vision/packages/install/yolov8_msgs/include/yolov8_msgs/yolov8_msgs/msg/detail/bounding_box2_d__rosidl_typesupport_introspection_c.h
[6.916s] -- Up-to-date: /home/mtrn/A2_project/A2_Project/Computer_Vision/packages/install/yolov8_msgs/include/yolov8_msgs/yolov8_msgs/msg/detail/detection__rosidl_typesupport_introspection_c.h
[6.916s] -- Up-to-date: /home/mtrn/A2_project/A2_Project/Computer_Vision/packages/install/yolov8_msgs/include/yolov8_msgs/yolov8_msgs/msg/detail/key_point3_d_array__type_support.c
[6.916s] -- Up-to-date: /home/mtrn/A2_project/A2_Project/Computer_Vision/packages/install/yolov8_msgs/include/yolov8_msgs/yolov8_msgs/msg/detail/mask__type_support.c
[6.916s] -- Up-to-date: /home/mtrn/A2_project/A2_Project/Computer_Vision/packages/install/yolov8_msgs/include/yolov8_msgs/yolov8_msgs/msg/detail/pose2_d__rosidl_typesupport_introspection_c.h
[6.916s] -- Up-to-date: /home/mtrn/A2_project/A2_Project/Computer_Vision/packages/install/yolov8_msgs/include/yolov8_msgs/yolov8_msgs/msg/detail/point2_d__type_support.c
[6.916s] -- Up-to-date: /home/mtrn/A2_project/A2_Project/Computer_Vision/packages/install/yolov8_msgs/include/yolov8_msgs/yolov8_msgs/msg/detail/pose2_d__type_support.c
[6.916s] -- Up-to-date: /home/mtrn/A2_project/A2_Project/Computer_Vision/packages/install/yolov8_msgs/include/yolov8_msgs/yolov8_msgs/msg/detail/detection__type_support.c
[6.916s] -- Up-to-date: /home/mtrn/A2_project/A2_Project/Computer_Vision/packages/install/yolov8_msgs/include/yolov8_msgs/yolov8_msgs/msg/detail/detection_array__rosidl_typesupport_introspection_c.h
[6.917s] -- Up-to-date: /home/mtrn/A2_project/A2_Project/Computer_Vision/packages/install/yolov8_msgs/include/yolov8_msgs/yolov8_msgs/msg/detail/key_point2_d_array__rosidl_typesupport_introspection_c.h
[6.917s] -- Up-to-date: /home/mtrn/A2_project/A2_Project/Computer_Vision/packages/install/yolov8_msgs/include/yolov8_msgs/yolov8_msgs/msg/detail/key_point2_d_array__type_support.c
[6.917s] -- Up-to-date: /home/mtrn/A2_project/A2_Project/Computer_Vision/packages/install/yolov8_msgs/include/yolov8_msgs/yolov8_msgs/msg/detail/bounding_box3_d__rosidl_typesupport_introspection_c.h
[6.917s] -- Up-to-date: /home/mtrn/A2_project/A2_Project/Computer_Vision/packages/install/yolov8_msgs/include/yolov8_msgs/yolov8_msgs/msg/detail/bounding_box2_d__type_support.c
[6.917s] -- Up-to-date: /home/mtrn/A2_project/A2_Project/Computer_Vision/packages/install/yolov8_msgs/include/yolov8_msgs/yolov8_msgs/msg/detail/bounding_box3_d__type_support.c
[6.917s] -- Up-to-date: /home/mtrn/A2_project/A2_Project/Computer_Vision/packages/install/yolov8_msgs/include/yolov8_msgs/yolov8_msgs/msg/detail/point2_d__rosidl_typesupport_introspection_c.h
[6.917s] -- Up-to-date: /home/mtrn/A2_project/A2_Project/Computer_Vision/packages/install/yolov8_msgs/include/yolov8_msgs/yolov8_msgs/msg/detail/vector2__rosidl_typesupport_introspection_c.h
[6.917s] -- Up-to-date: /home/mtrn/A2_project/A2_Project/Computer_Vision/packages/install/yolov8_msgs/include/yolov8_msgs/yolov8_msgs/msg/detail/vector2__type_support.c
[6.918s] -- Up-to-date: /home/mtrn/A2_project/A2_Project/Computer_Vision/packages/install/yolov8_msgs/include/yolov8_msgs/yolov8_msgs/msg/detail/detection_array__type_support.c
[6.918s] -- Up-to-date: /home/mtrn/A2_project/A2_Project/Computer_Vision/packages/install/yolov8_msgs/include/yolov8_msgs/yolov8_msgs/msg/detail/mask__rosidl_typesupport_introspection_c.h
[6.918s] -- Up-to-date: /home/mtrn/A2_project/A2_Project/Computer_Vision/packages/install/yolov8_msgs/include/yolov8_msgs/yolov8_msgs/msg/detail/key_point3_d__type_support.c
[6.918s] -- Up-to-date: /home/mtrn/A2_project/A2_Project/Computer_Vision/packages/install/yolov8_msgs/lib/libyolov8_msgs__rosidl_typesupport_introspection_c.so
[6.918s] -- Up-to-date: /home/mtrn/A2_project/A2_Project/Computer_Vision/packages/install/yolov8_msgs/lib/libyolov8_msgs__rosidl_typesupport_c.so
[6.918s] -- Up-to-date: /home/mtrn/A2_project/A2_Project/Computer_Vision/packages/install/yolov8_msgs/include/yolov8_msgs/yolov8_msgs
[6.918s] -- Up-to-date: /home/mtrn/A2_project/A2_Project/Computer_Vision/packages/install/yolov8_msgs/include/yolov8_msgs/yolov8_msgs/msg
[6.918s] -- Up-to-date: /home/mtrn/A2_project/A2_Project/Computer_Vision/packages/install/yolov8_msgs/include/yolov8_msgs/yolov8_msgs/msg/mask.hpp
[6.919s] -- Up-to-date: /home/mtrn/A2_project/A2_Project/Computer_Vision/packages/install/yolov8_msgs/include/yolov8_msgs/yolov8_msgs/msg/key_point2_d_array.hpp
[6.919s] -- Up-to-date: /home/mtrn/A2_project/A2_Project/Computer_Vision/packages/install/yolov8_msgs/include/yolov8_msgs/yolov8_msgs/msg/key_point3_d.hpp
[6.919s] -- Up-to-date: /home/mtrn/A2_project/A2_Project/Computer_Vision/packages/install/yolov8_msgs/include/yolov8_msgs/yolov8_msgs/msg/detection_array.hpp
[6.919s] -- Up-to-date: /home/mtrn/A2_project/A2_Project/Computer_Vision/packages/install/yolov8_msgs/include/yolov8_msgs/yolov8_msgs/msg/bounding_box3_d.hpp
[6.919s] -- Up-to-date: /home/mtrn/A2_project/A2_Project/Computer_Vision/packages/install/yolov8_msgs/include/yolov8_msgs/yolov8_msgs/msg/point2_d.hpp
[6.919s] -- Up-to-date: /home/mtrn/A2_project/A2_Project/Computer_Vision/packages/install/yolov8_msgs/include/yolov8_msgs/yolov8_msgs/msg/key_point3_d_array.hpp
[6.920s] -- Up-to-date: /home/mtrn/A2_project/A2_Project/Computer_Vision/packages/install/yolov8_msgs/include/yolov8_msgs/yolov8_msgs/msg/bounding_box2_d.hpp
[6.920s] -- Up-to-date: /home/mtrn/A2_project/A2_Project/Computer_Vision/packages/install/yolov8_msgs/include/yolov8_msgs/yolov8_msgs/msg/vector2.hpp
[6.920s] -- Up-to-date: /home/mtrn/A2_project/A2_Project/Computer_Vision/packages/install/yolov8_msgs/include/yolov8_msgs/yolov8_msgs/msg/detection.hpp
[6.920s] -- Up-to-date: /home/mtrn/A2_project/A2_Project/Computer_Vision/packages/install/yolov8_msgs/include/yolov8_msgs/yolov8_msgs/msg/detail
[6.920s] -- Up-to-date: /home/mtrn/A2_project/A2_Project/Computer_Vision/packages/install/yolov8_msgs/include/yolov8_msgs/yolov8_msgs/msg/detail/detection_array__builder.hpp
[6.920s] -- Up-to-date: /home/mtrn/A2_project/A2_Project/Computer_Vision/packages/install/yolov8_msgs/include/yolov8_msgs/yolov8_msgs/msg/detail/key_point3_d__struct.hpp
[6.920s] -- Up-to-date: /home/mtrn/A2_project/A2_Project/Computer_Vision/packages/install/yolov8_msgs/include/yolov8_msgs/yolov8_msgs/msg/detail/detection__traits.hpp
[6.920s] -- Up-to-date: /home/mtrn/A2_project/A2_Project/Computer_Vision/packages/install/yolov8_msgs/include/yolov8_msgs/yolov8_msgs/msg/detail/bounding_box3_d__builder.hpp
[6.921s] -- Up-to-date: /home/mtrn/A2_project/A2_Project/Computer_Vision/packages/install/yolov8_msgs/include/yolov8_msgs/yolov8_msgs/msg/detail/detection_array__struct.hpp
[6.921s] -- Up-to-date: /home/mtrn/A2_project/A2_Project/Computer_Vision/packages/install/yolov8_msgs/include/yolov8_msgs/yolov8_msgs/msg/detail/mask__struct.hpp
[6.921s] -- Up-to-date: /home/mtrn/A2_project/A2_Project/Computer_Vision/packages/install/yolov8_msgs/include/yolov8_msgs/yolov8_msgs/msg/detail/mask__traits.hpp
[6.921s] -- Up-to-date: /home/mtrn/A2_project/A2_Project/Computer_Vision/packages/install/yolov8_msgs/include/yolov8_msgs/yolov8_msgs/msg/detail/bounding_box2_d__traits.hpp
[6.921s] -- Up-to-date: /home/mtrn/A2_project/A2_Project/Computer_Vision/packages/install/yolov8_msgs/include/yolov8_msgs/yolov8_msgs/msg/detail/bounding_box3_d__traits.hpp
[6.921s] -- Up-to-date: /home/mtrn/A2_project/A2_Project/Computer_Vision/packages/install/yolov8_msgs/include/yolov8_msgs/yolov8_msgs/msg/detail/key_point2_d__struct.hpp
[6.921s] -- Up-to-date: /home/mtrn/A2_project/A2_Project/Computer_Vision/packages/install/yolov8_msgs/include/yolov8_msgs/yolov8_msgs/msg/detail/key_point3_d_array__struct.hpp
[6.921s] -- Up-to-date: /home/mtrn/A2_project/A2_Project/Computer_Vision/packages/install/yolov8_msgs/include/yolov8_msgs/yolov8_msgs/msg/detail/key_point2_d__traits.hpp
[6.922s] -- Up-to-date: /home/mtrn/A2_project/A2_Project/Computer_Vision/packages/install/yolov8_msgs/include/yolov8_msgs/yolov8_msgs/msg/detail/vector2__struct.hpp
[6.922s] -- Up-to-date: /home/mtrn/A2_project/A2_Project/Computer_Vision/packages/install/yolov8_msgs/include/yolov8_msgs/yolov8_msgs/msg/detail/point2_d__traits.hpp
[6.922s] -- Up-to-date: /home/mtrn/A2_project/A2_Project/Computer_Vision/packages/install/yolov8_msgs/include/yolov8_msgs/yolov8_msgs/msg/detail/point2_d__struct.hpp
[6.922s] -- Up-to-date: /home/mtrn/A2_project/A2_Project/Computer_Vision/packages/install/yolov8_msgs/include/yolov8_msgs/yolov8_msgs/msg/detail/pose2_d__struct.hpp
[6.922s] -- Up-to-date: /home/mtrn/A2_project/A2_Project/Computer_Vision/packages/install/yolov8_msgs/include/yolov8_msgs/yolov8_msgs/msg/detail/bounding_box2_d__builder.hpp
[6.922s] -- Up-to-date: /home/mtrn/A2_project/A2_Project/Computer_Vision/packages/install/yolov8_msgs/include/yolov8_msgs/yolov8_msgs/msg/detail/mask__builder.hpp
[6.922s] -- Up-to-date: /home/mtrn/A2_project/A2_Project/Computer_Vision/packages/install/yolov8_msgs/include/yolov8_msgs/yolov8_msgs/msg/detail/pose2_d__builder.hpp
[6.922s] -- Up-to-date: /home/mtrn/A2_project/A2_Project/Computer_Vision/packages/install/yolov8_msgs/include/yolov8_msgs/yolov8_msgs/msg/detail/key_point3_d_array__traits.hpp
[6.922s] -- Up-to-date: /home/mtrn/A2_project/A2_Project/Computer_Vision/packages/install/yolov8_msgs/include/yolov8_msgs/yolov8_msgs/msg/detail/key_point2_d_array__traits.hpp
[6.923s] -- Up-to-date: /home/mtrn/A2_project/A2_Project/Computer_Vision/packages/install/yolov8_msgs/include/yolov8_msgs/yolov8_msgs/msg/detail/detection_array__traits.hpp
[6.923s] -- Up-to-date: /home/mtrn/A2_project/A2_Project/Computer_Vision/packages/install/yolov8_msgs/include/yolov8_msgs/yolov8_msgs/msg/detail/key_point3_d__traits.hpp
[6.923s] -- Up-to-date: /home/mtrn/A2_project/A2_Project/Computer_Vision/packages/install/yolov8_msgs/include/yolov8_msgs/yolov8_msgs/msg/detail/pose2_d__traits.hpp
[6.923s] -- Up-to-date: /home/mtrn/A2_project/A2_Project/Computer_Vision/packages/install/yolov8_msgs/include/yolov8_msgs/yolov8_msgs/msg/detail/point2_d__builder.hpp
[6.923s] -- Up-to-date: /home/mtrn/A2_project/A2_Project/Computer_Vision/packages/install/yolov8_msgs/include/yolov8_msgs/yolov8_msgs/msg/detail/detection__struct.hpp
[6.923s] -- Up-to-date: /home/mtrn/A2_project/A2_Project/Computer_Vision/packages/install/yolov8_msgs/include/yolov8_msgs/yolov8_msgs/msg/detail/key_point2_d__builder.hpp
[6.923s] -- Up-to-date: /home/mtrn/A2_project/A2_Project/Computer_Vision/packages/install/yolov8_msgs/include/yolov8_msgs/yolov8_msgs/msg/detail/bounding_box3_d__struct.hpp
[6.923s] -- Up-to-date: /home/mtrn/A2_project/A2_Project/Computer_Vision/packages/install/yolov8_msgs/include/yolov8_msgs/yolov8_msgs/msg/detail/key_point2_d_array__struct.hpp
[6.924s] -- Up-to-date: /home/mtrn/A2_project/A2_Project/Computer_Vision/packages/install/yolov8_msgs/include/yolov8_msgs/yolov8_msgs/msg/detail/key_point3_d__builder.hpp
[6.924s] -- Up-to-date: /home/mtrn/A2_project/A2_Project/Computer_Vision/packages/install/yolov8_msgs/include/yolov8_msgs/yolov8_msgs/msg/detail/key_point3_d_array__builder.hpp
[6.924s] -- Up-to-date: /home/mtrn/A2_project/A2_Project/Computer_Vision/packages/install/yolov8_msgs/include/yolov8_msgs/yolov8_msgs/msg/detail/vector2__builder.hpp
[6.924s] -- Up-to-date: /home/mtrn/A2_project/A2_Project/Computer_Vision/packages/install/yolov8_msgs/include/yolov8_msgs/yolov8_msgs/msg/detail/vector2__traits.hpp
[6.924s] -- Up-to-date: /home/mtrn/A2_project/A2_Project/Computer_Vision/packages/install/yolov8_msgs/include/yolov8_msgs/yolov8_msgs/msg/detail/bounding_box2_d__struct.hpp
[6.924s] -- Up-to-date: /home/mtrn/A2_project/A2_Project/Computer_Vision/packages/install/yolov8_msgs/include/yolov8_msgs/yolov8_msgs/msg/detail/detection__builder.hpp
[6.924s] -- Up-to-date: /home/mtrn/A2_project/A2_Project/Computer_Vision/packages/install/yolov8_msgs/include/yolov8_msgs/yolov8_msgs/msg/detail/key_point2_d_array__builder.hpp
[6.924s] -- Up-to-date: /home/mtrn/A2_project/A2_Project/Computer_Vision/packages/install/yolov8_msgs/include/yolov8_msgs/yolov8_msgs/msg/pose2_d.hpp
[6.925s] -- Up-to-date: /home/mtrn/A2_project/A2_Project/Computer_Vision/packages/install/yolov8_msgs/include/yolov8_msgs/yolov8_msgs/msg/key_point2_d.hpp
[6.925s] -- Up-to-date: /home/mtrn/A2_project/A2_Project/Computer_Vision/packages/install/yolov8_msgs/include/yolov8_msgs/yolov8_msgs
[6.925s] -- Up-to-date: /home/mtrn/A2_project/A2_Project/Computer_Vision/packages/install/yolov8_msgs/include/yolov8_msgs/yolov8_msgs/msg
[6.925s] -- Up-to-date: /home/mtrn/A2_project/A2_Project/Computer_Vision/packages/install/yolov8_msgs/include/yolov8_msgs/yolov8_msgs/msg/rosidl_typesupport_fastrtps_cpp__visibility_control.h
[6.925s] -- Up-to-date: /home/mtrn/A2_project/A2_Project/Computer_Vision/packages/install/yolov8_msgs/include/yolov8_msgs/yolov8_msgs/msg/detail
[6.925s] -- Up-to-date: /home/mtrn/A2_project/A2_Project/Computer_Vision/packages/install/yolov8_msgs/include/yolov8_msgs/yolov8_msgs/msg/detail/bounding_box2_d__rosidl_typesupport_fastrtps_cpp.hpp
[6.925s] -- Up-to-date: /home/mtrn/A2_project/A2_Project/Computer_Vision/packages/install/yolov8_msgs/include/yolov8_msgs/yolov8_msgs/msg/detail/bounding_box3_d__rosidl_typesupport_fastrtps_cpp.hpp
[6.925s] -- Up-to-date: /home/mtrn/A2_project/A2_Project/Computer_Vision/packages/install/yolov8_msgs/include/yolov8_msgs/yolov8_msgs/msg/detail/point2_d__rosidl_typesupport_fastrtps_cpp.hpp
[6.925s] -- Up-to-date: /home/mtrn/A2_project/A2_Project/Computer_Vision/packages/install/yolov8_msgs/include/yolov8_msgs/yolov8_msgs/msg/detail/key_point2_d__rosidl_typesupport_fastrtps_cpp.hpp
[6.926s] -- Up-to-date: /home/mtrn/A2_project/A2_Project/Computer_Vision/packages/install/yolov8_msgs/include/yolov8_msgs/yolov8_msgs/msg/detail/key_point2_d_array__rosidl_typesupport_fastrtps_cpp.hpp
[6.926s] -- Up-to-date: /home/mtrn/A2_project/A2_Project/Computer_Vision/packages/install/yolov8_msgs/include/yolov8_msgs/yolov8_msgs/msg/detail/key_point3_d_array__rosidl_typesupport_fastrtps_cpp.hpp
[6.926s] -- Up-to-date: /home/mtrn/A2_project/A2_Project/Computer_Vision/packages/install/yolov8_msgs/include/yolov8_msgs/yolov8_msgs/msg/detail/dds_fastrtps
[6.926s] -- Up-to-date: /home/mtrn/A2_project/A2_Project/Computer_Vision/packages/install/yolov8_msgs/include/yolov8_msgs/yolov8_msgs/msg/detail/detection__rosidl_typesupport_fastrtps_cpp.hpp
[6.926s] -- Up-to-date: /home/mtrn/A2_project/A2_Project/Computer_Vision/packages/install/yolov8_msgs/include/yolov8_msgs/yolov8_msgs/msg/detail/key_point3_d__rosidl_typesupport_fastrtps_cpp.hpp
[6.926s] -- Up-to-date: /home/mtrn/A2_project/A2_Project/Computer_Vision/packages/install/yolov8_msgs/include/yolov8_msgs/yolov8_msgs/msg/detail/detection_array__rosidl_typesupport_fastrtps_cpp.hpp
[6.926s] -- Up-to-date: /home/mtrn/A2_project/A2_Project/Computer_Vision/packages/install/yolov8_msgs/include/yolov8_msgs/yolov8_msgs/msg/detail/vector2__rosidl_typesupport_fastrtps_cpp.hpp
[6.926s] -- Up-to-date: /home/mtrn/A2_project/A2_Project/Computer_Vision/packages/install/yolov8_msgs/include/yolov8_msgs/yolov8_msgs/msg/detail/mask__rosidl_typesupport_fastrtps_cpp.hpp
[6.927s] -- Up-to-date: /home/mtrn/A2_project/A2_Project/Computer_Vision/packages/install/yolov8_msgs/include/yolov8_msgs/yolov8_msgs/msg/detail/pose2_d__rosidl_typesupport_fastrtps_cpp.hpp
[6.927s] -- Up-to-date: /home/mtrn/A2_project/A2_Project/Computer_Vision/packages/install/yolov8_msgs/lib/libyolov8_msgs__rosidl_typesupport_fastrtps_cpp.so
[6.927s] -- Up-to-date: /home/mtrn/A2_project/A2_Project/Computer_Vision/packages/install/yolov8_msgs/include/yolov8_msgs/yolov8_msgs
[6.927s] -- Up-to-date: /home/mtrn/A2_project/A2_Project/Computer_Vision/packages/install/yolov8_msgs/include/yolov8_msgs/yolov8_msgs/msg
[6.927s] -- Up-to-date: /home/mtrn/A2_project/A2_Project/Computer_Vision/packages/install/yolov8_msgs/include/yolov8_msgs/yolov8_msgs/msg/detail
[6.927s] -- Up-to-date: /home/mtrn/A2_project/A2_Project/Computer_Vision/packages/install/yolov8_msgs/include/yolov8_msgs/yolov8_msgs/msg/detail/mask__type_support.cpp
[6.927s] -- Up-to-date: /home/mtrn/A2_project/A2_Project/Computer_Vision/packages/install/yolov8_msgs/include/yolov8_msgs/yolov8_msgs/msg/detail/pose2_d__type_support.cpp
[6.927s] -- Up-to-date: /home/mtrn/A2_project/A2_Project/Computer_Vision/packages/install/yolov8_msgs/include/yolov8_msgs/yolov8_msgs/msg/detail/key_point2_d__rosidl_typesupport_introspection_cpp.hpp
[6.927s] -- Up-to-date: /home/mtrn/A2_project/A2_Project/Computer_Vision/packages/install/yolov8_msgs/include/yolov8_msgs/yolov8_msgs/msg/detail/vector2__rosidl_typesupport_introspection_cpp.hpp
[6.928s] -- Up-to-date: /home/mtrn/A2_project/A2_Project/Computer_Vision/packages/install/yolov8_msgs/include/yolov8_msgs/yolov8_msgs/msg/detail/vector2__type_support.cpp
[6.928s] -- Up-to-date: /home/mtrn/A2_project/A2_Project/Computer_Vision/packages/install/yolov8_msgs/include/yolov8_msgs/yolov8_msgs/msg/detail/detection__type_support.cpp
[6.928s] -- Up-to-date: /home/mtrn/A2_project/A2_Project/Computer_Vision/packages/install/yolov8_msgs/include/yolov8_msgs/yolov8_msgs/msg/detail/detection_array__rosidl_typesupport_introspection_cpp.hpp
[6.928s] -- Up-to-date: /home/mtrn/A2_project/A2_Project/Computer_Vision/packages/install/yolov8_msgs/include/yolov8_msgs/yolov8_msgs/msg/detail/bounding_box2_d__type_support.cpp
[6.928s] -- Up-to-date: /home/mtrn/A2_project/A2_Project/Computer_Vision/packages/install/yolov8_msgs/include/yolov8_msgs/yolov8_msgs/msg/detail/key_point2_d_array__type_support.cpp
[6.928s] -- Up-to-date: /home/mtrn/A2_project/A2_Project/Computer_Vision/packages/install/yolov8_msgs/include/yolov8_msgs/yolov8_msgs/msg/detail/bounding_box3_d__type_support.cpp
[6.928s] -- Up-to-date: /home/mtrn/A2_project/A2_Project/Computer_Vision/packages/install/yolov8_msgs/include/yolov8_msgs/yolov8_msgs/msg/detail/point2_d__type_support.cpp
[6.928s] -- Up-to-date: /home/mtrn/A2_project/A2_Project/Computer_Vision/packages/install/yolov8_msgs/include/yolov8_msgs/yolov8_msgs/msg/detail/key_point2_d__type_support.cpp
[6.929s] -- Up-to-date: /home/mtrn/A2_project/A2_Project/Computer_Vision/packages/install/yolov8_msgs/include/yolov8_msgs/yolov8_msgs/msg/detail/mask__rosidl_typesupport_introspection_cpp.hpp
[6.929s] -- Up-to-date: /home/mtrn/A2_project/A2_Project/Computer_Vision/packages/install/yolov8_msgs/include/yolov8_msgs/yolov8_msgs/msg/detail/point2_d__rosidl_typesupport_introspection_cpp.hpp
[6.929s] -- Up-to-date: /home/mtrn/A2_project/A2_Project/Computer_Vision/packages/install/yolov8_msgs/include/yolov8_msgs/yolov8_msgs/msg/detail/key_point3_d__rosidl_typesupport_introspection_cpp.hpp
[6.929s] -- Up-to-date: /home/mtrn/A2_project/A2_Project/Computer_Vision/packages/install/yolov8_msgs/include/yolov8_msgs/yolov8_msgs/msg/detail/pose2_d__rosidl_typesupport_introspection_cpp.hpp
[6.929s] -- Up-to-date: /home/mtrn/A2_project/A2_Project/Computer_Vision/packages/install/yolov8_msgs/include/yolov8_msgs/yolov8_msgs/msg/detail/bounding_box2_d__rosidl_typesupport_introspection_cpp.hpp
[6.930s] -- Up-to-date: /home/mtrn/A2_project/A2_Project/Computer_Vision/packages/install/yolov8_msgs/include/yolov8_msgs/yolov8_msgs/msg/detail/detection__rosidl_typesupport_introspection_cpp.hpp
[6.930s] -- Up-to-date: /home/mtrn/A2_project/A2_Project/Computer_Vision/packages/install/yolov8_msgs/include/yolov8_msgs/yolov8_msgs/msg/detail/key_point2_d_array__rosidl_typesupport_introspection_cpp.hpp
[6.930s] -- Up-to-date: /home/mtrn/A2_project/A2_Project/Computer_Vision/packages/install/yolov8_msgs/include/yolov8_msgs/yolov8_msgs/msg/detail/key_point3_d_array__rosidl_typesupport_introspection_cpp.hpp
[6.930s] -- Up-to-date: /home/mtrn/A2_project/A2_Project/Computer_Vision/packages/install/yolov8_msgs/include/yolov8_msgs/yolov8_msgs/msg/detail/key_point3_d__type_support.cpp
[6.930s] -- Up-to-date: /home/mtrn/A2_project/A2_Project/Computer_Vision/packages/install/yolov8_msgs/include/yolov8_msgs/yolov8_msgs/msg/detail/bounding_box3_d__rosidl_typesupport_introspection_cpp.hpp
[6.930s] -- Up-to-date: /home/mtrn/A2_project/A2_Project/Computer_Vision/packages/install/yolov8_msgs/include/yolov8_msgs/yolov8_msgs/msg/detail/detection_array__type_support.cpp
[6.930s] -- Up-to-date: /home/mtrn/A2_project/A2_Project/Computer_Vision/packages/install/yolov8_msgs/include/yolov8_msgs/yolov8_msgs/msg/detail/key_point3_d_array__type_support.cpp
[6.930s] -- Up-to-date: /home/mtrn/A2_project/A2_Project/Computer_Vision/packages/install/yolov8_msgs/lib/libyolov8_msgs__rosidl_typesupport_introspection_cpp.so
[6.930s] -- Up-to-date: /home/mtrn/A2_project/A2_Project/Computer_Vision/packages/install/yolov8_msgs/lib/libyolov8_msgs__rosidl_typesupport_cpp.so
[6.930s] -- Up-to-date: /home/mtrn/A2_project/A2_Project/Computer_Vision/packages/install/yolov8_msgs/share/yolov8_msgs/environment/pythonpath.sh
[6.931s] -- Up-to-date: /home/mtrn/A2_project/A2_Project/Computer_Vision/packages/install/yolov8_msgs/share/yolov8_msgs/environment/pythonpath.dsv
[6.931s] -- Up-to-date: /home/mtrn/A2_project/A2_Project/Computer_Vision/packages/install/yolov8_msgs/local/lib/python3.10/dist-packages/yolov8_msgs-0.0.0-py3.10.egg-info
[6.931s] -- Installing: /home/mtrn/A2_project/A2_Project/Computer_Vision/packages/install/yolov8_msgs/local/lib/python3.10/dist-packages/yolov8_msgs-0.0.0-py3.10.egg-info/PKG-INFO
[6.931s] -- Installing: /home/mtrn/A2_project/A2_Project/Computer_Vision/packages/install/yolov8_msgs/local/lib/python3.10/dist-packages/yolov8_msgs-0.0.0-py3.10.egg-info/SOURCES.txt
[6.931s] -- Installing: /home/mtrn/A2_project/A2_Project/Computer_Vision/packages/install/yolov8_msgs/local/lib/python3.10/dist-packages/yolov8_msgs-0.0.0-py3.10.egg-info/dependency_links.txt
[6.931s] -- Installing: /home/mtrn/A2_project/A2_Project/Computer_Vision/packages/install/yolov8_msgs/local/lib/python3.10/dist-packages/yolov8_msgs-0.0.0-py3.10.egg-info/top_level.txt
[6.931s] -- Up-to-date: /home/mtrn/A2_project/A2_Project/Computer_Vision/packages/install/yolov8_msgs/local/lib/python3.10/dist-packages/yolov8_msgs
[6.932s] -- Up-to-date: /home/mtrn/A2_project/A2_Project/Computer_Vision/packages/install/yolov8_msgs/local/lib/python3.10/dist-packages/yolov8_msgs/__init__.py
[6.932s] -- Up-to-date: /home/mtrn/A2_project/A2_Project/Computer_Vision/packages/install/yolov8_msgs/local/lib/python3.10/dist-packages/yolov8_msgs/libyolov8_msgs__rosidl_generator_py.so
[6.932s] -- Up-to-date: /home/mtrn/A2_project/A2_Project/Computer_Vision/packages/install/yolov8_msgs/local/lib/python3.10/dist-packages/yolov8_msgs/msg
[6.932s] -- Up-to-date: /home/mtrn/A2_project/A2_Project/Computer_Vision/packages/install/yolov8_msgs/local/lib/python3.10/dist-packages/yolov8_msgs/msg/_key_point2_d_array_s.c
[6.932s] -- Up-to-date: /home/mtrn/A2_project/A2_Project/Computer_Vision/packages/install/yolov8_msgs/local/lib/python3.10/dist-packages/yolov8_msgs/msg/_key_point2_d_s.c
[6.932s] -- Up-to-date: /home/mtrn/A2_project/A2_Project/Computer_Vision/packages/install/yolov8_msgs/local/lib/python3.10/dist-packages/yolov8_msgs/msg/_detection_s.c
[6.932s] -- Up-to-date: /home/mtrn/A2_project/A2_Project/Computer_Vision/packages/install/yolov8_msgs/local/lib/python3.10/dist-packages/yolov8_msgs/msg/__init__.py
[6.932s] -- Up-to-date: /home/mtrn/A2_project/A2_Project/Computer_Vision/packages/install/yolov8_msgs/local/lib/python3.10/dist-packages/yolov8_msgs/msg/_key_point3_d.py
[6.932s] -- Up-to-date: /home/mtrn/A2_project/A2_Project/Computer_Vision/packages/install/yolov8_msgs/local/lib/python3.10/dist-packages/yolov8_msgs/msg/_key_point3_d_s.c
[6.933s] -- Up-to-date: /home/mtrn/A2_project/A2_Project/Computer_Vision/packages/install/yolov8_msgs/local/lib/python3.10/dist-packages/yolov8_msgs/msg/_key_point2_d.py
[6.933s] -- Up-to-date: /home/mtrn/A2_project/A2_Project/Computer_Vision/packages/install/yolov8_msgs/local/lib/python3.10/dist-packages/yolov8_msgs/msg/_vector2.py
[6.933s] -- Up-to-date: /home/mtrn/A2_project/A2_Project/Computer_Vision/packages/install/yolov8_msgs/local/lib/python3.10/dist-packages/yolov8_msgs/msg/_bounding_box3_d_s.c
[6.933s] -- Up-to-date: /home/mtrn/A2_project/A2_Project/Computer_Vision/packages/install/yolov8_msgs/local/lib/python3.10/dist-packages/yolov8_msgs/msg/_detection_array.py
[6.933s] -- Up-to-date: /home/mtrn/A2_project/A2_Project/Computer_Vision/packages/install/yolov8_msgs/local/lib/python3.10/dist-packages/yolov8_msgs/msg/_vector2_s.c
[6.933s] -- Up-to-date: /home/mtrn/A2_project/A2_Project/Computer_Vision/packages/install/yolov8_msgs/local/lib/python3.10/dist-packages/yolov8_msgs/msg/_point2_d.py
[6.933s] -- Up-to-date: /home/mtrn/A2_project/A2_Project/Computer_Vision/packages/install/yolov8_msgs/local/lib/python3.10/dist-packages/yolov8_msgs/msg/_point2_d_s.c
[6.933s] -- Up-to-date: /home/mtrn/A2_project/A2_Project/Computer_Vision/packages/install/yolov8_msgs/local/lib/python3.10/dist-packages/yolov8_msgs/msg/_detection.py
[6.933s] -- Up-to-date: /home/mtrn/A2_project/A2_Project/Computer_Vision/packages/install/yolov8_msgs/local/lib/python3.10/dist-packages/yolov8_msgs/msg/_mask_s.c
[6.934s] -- Up-to-date: /home/mtrn/A2_project/A2_Project/Computer_Vision/packages/install/yolov8_msgs/local/lib/python3.10/dist-packages/yolov8_msgs/msg/_key_point3_d_array.py
[6.934s] -- Up-to-date: /home/mtrn/A2_project/A2_Project/Computer_Vision/packages/install/yolov8_msgs/local/lib/python3.10/dist-packages/yolov8_msgs/msg/_mask.py
[6.934s] -- Up-to-date: /home/mtrn/A2_project/A2_Project/Computer_Vision/packages/install/yolov8_msgs/local/lib/python3.10/dist-packages/yolov8_msgs/msg/_bounding_box2_d.py
[6.934s] -- Up-to-date: /home/mtrn/A2_project/A2_Project/Computer_Vision/packages/install/yolov8_msgs/local/lib/python3.10/dist-packages/yolov8_msgs/msg/_pose2_d_s.c
[6.934s] -- Up-to-date: /home/mtrn/A2_project/A2_Project/Computer_Vision/packages/install/yolov8_msgs/local/lib/python3.10/dist-packages/yolov8_msgs/msg/_bounding_box3_d.py
[6.934s] -- Up-to-date: /home/mtrn/A2_project/A2_Project/Computer_Vision/packages/install/yolov8_msgs/local/lib/python3.10/dist-packages/yolov8_msgs/msg/_pose2_d.py
[6.934s] -- Up-to-date: /home/mtrn/A2_project/A2_Project/Computer_Vision/packages/install/yolov8_msgs/local/lib/python3.10/dist-packages/yolov8_msgs/msg/_detection_array_s.c
[6.935s] -- Up-to-date: /home/mtrn/A2_project/A2_Project/Computer_Vision/packages/install/yolov8_msgs/local/lib/python3.10/dist-packages/yolov8_msgs/msg/_bounding_box2_d_s.c
[6.935s] -- Up-to-date: /home/mtrn/A2_project/A2_Project/Computer_Vision/packages/install/yolov8_msgs/local/lib/python3.10/dist-packages/yolov8_msgs/msg/_key_point2_d_array.py
[6.935s] -- Up-to-date: /home/mtrn/A2_project/A2_Project/Computer_Vision/packages/install/yolov8_msgs/local/lib/python3.10/dist-packages/yolov8_msgs/msg/_key_point3_d_array_s.c
[6.935s] -- Up-to-date: /home/mtrn/A2_project/A2_Project/Computer_Vision/packages/install/yolov8_msgs/local/lib/python3.10/dist-packages/yolov8_msgs/yolov8_msgs_s__rosidl_typesupport_introspection_c.cpython-310-x86_64-linux-gnu.so
[6.935s] -- Up-to-date: /home/mtrn/A2_project/A2_Project/Computer_Vision/packages/install/yolov8_msgs/local/lib/python3.10/dist-packages/yolov8_msgs/yolov8_msgs_s__rosidl_typesupport_c.cpython-310-x86_64-linux-gnu.so
[6.935s] -- Up-to-date: /home/mtrn/A2_project/A2_Project/Computer_Vision/packages/install/yolov8_msgs/local/lib/python3.10/dist-packages/yolov8_msgs/_yolov8_msgs_s.ep.rosidl_typesupport_fastrtps_c.c
[6.935s] -- Up-to-date: /home/mtrn/A2_project/A2_Project/Computer_Vision/packages/install/yolov8_msgs/local/lib/python3.10/dist-packages/yolov8_msgs/_yolov8_msgs_s.ep.rosidl_typesupport_c.c
[6.935s] -- Up-to-date: /home/mtrn/A2_project/A2_Project/Computer_Vision/packages/install/yolov8_msgs/local/lib/python3.10/dist-packages/yolov8_msgs/_yolov8_msgs_s.ep.rosidl_typesupport_introspection_c.c
[6.935s] -- Up-to-date: /home/mtrn/A2_project/A2_Project/Computer_Vision/packages/install/yolov8_msgs/local/lib/python3.10/dist-packages/yolov8_msgs/yolov8_msgs_s__rosidl_typesupport_fastrtps_c.cpython-310-x86_64-linux-gnu.so
[6.999s] Listing '/home/mtrn/A2_project/A2_Project/Computer_Vision/packages/install/yolov8_msgs/local/lib/python3.10/dist-packages/yolov8_msgs'...
[6.999s] Listing '/home/mtrn/A2_project/A2_Project/Computer_Vision/packages/install/yolov8_msgs/local/lib/python3.10/dist-packages/yolov8_msgs/msg'...
[7.017s] -- Up-to-date: /home/mtrn/A2_project/A2_Project/Computer_Vision/packages/install/yolov8_msgs/local/lib/python3.10/dist-packages/yolov8_msgs/yolov8_msgs_s__rosidl_typesupport_fastrtps_c.cpython-310-x86_64-linux-gnu.so
[7.018s] -- Up-to-date: /home/mtrn/A2_project/A2_Project/Computer_Vision/packages/install/yolov8_msgs/local/lib/python3.10/dist-packages/yolov8_msgs/yolov8_msgs_s__rosidl_typesupport_introspection_c.cpython-310-x86_64-linux-gnu.so
[7.018s] -- Up-to-date: /home/mtrn/A2_project/A2_Project/Computer_Vision/packages/install/yolov8_msgs/local/lib/python3.10/dist-packages/yolov8_msgs/yolov8_msgs_s__rosidl_typesupport_c.cpython-310-x86_64-linux-gnu.so
[7.019s] -- Up-to-date: /home/mtrn/A2_project/A2_Project/Computer_Vision/packages/install/yolov8_msgs/lib/libyolov8_msgs__rosidl_generator_py.so
[7.020s] -- Up-to-date: /home/mtrn/A2_project/A2_Project/Computer_Vision/packages/install/yolov8_msgs/share/yolov8_msgs/msg/Point2D.idl
[7.020s] -- Up-to-date: /home/mtrn/A2_project/A2_Project/Computer_Vision/packages/install/yolov8_msgs/share/yolov8_msgs/msg/Vector2.idl
[7.020s] -- Up-to-date: /home/mtrn/A2_project/A2_Project/Computer_Vision/packages/install/yolov8_msgs/share/yolov8_msgs/msg/Pose2D.idl
[7.020s] -- Up-to-date: /home/mtrn/A2_project/A2_Project/Computer_Vision/packages/install/yolov8_msgs/share/yolov8_msgs/msg/BoundingBox2D.idl
[7.020s] -- Up-to-date: /home/mtrn/A2_project/A2_Project/Computer_Vision/packages/install/yolov8_msgs/share/yolov8_msgs/msg/BoundingBox3D.idl
[7.020s] -- Up-to-date: /home/mtrn/A2_project/A2_Project/Computer_Vision/packages/install/yolov8_msgs/share/yolov8_msgs/msg/Mask.idl
[7.021s] -- Up-to-date: /home/mtrn/A2_project/A2_Project/Computer_Vision/packages/install/yolov8_msgs/share/yolov8_msgs/msg/KeyPoint2D.idl
[7.021s] -- Up-to-date: /home/mtrn/A2_project/A2_Project/Computer_Vision/packages/install/yolov8_msgs/share/yolov8_msgs/msg/KeyPoint2DArray.idl
[7.021s] -- Up-to-date: /home/mtrn/A2_project/A2_Project/Computer_Vision/packages/install/yolov8_msgs/share/yolov8_msgs/msg/KeyPoint3D.idl
[7.021s] -- Up-to-date: /home/mtrn/A2_project/A2_Project/Computer_Vision/packages/install/yolov8_msgs/share/yolov8_msgs/msg/KeyPoint3DArray.idl
[7.021s] -- Up-to-date: /home/mtrn/A2_project/A2_Project/Computer_Vision/packages/install/yolov8_msgs/share/yolov8_msgs/msg/Detection.idl
[7.021s] -- Up-to-date: /home/mtrn/A2_project/A2_Project/Computer_Vision/packages/install/yolov8_msgs/share/yolov8_msgs/msg/DetectionArray.idl
[7.021s] -- Up-to-date: /home/mtrn/A2_project/A2_Project/Computer_Vision/packages/install/yolov8_msgs/share/yolov8_msgs/msg/Point2D.msg
[7.021s] -- Up-to-date: /home/mtrn/A2_project/A2_Project/Computer_Vision/packages/install/yolov8_msgs/share/yolov8_msgs/msg/Vector2.msg
[7.022s] -- Up-to-date: /home/mtrn/A2_project/A2_Project/Computer_Vision/packages/install/yolov8_msgs/share/yolov8_msgs/msg/Pose2D.msg
[7.022s] -- Up-to-date: /home/mtrn/A2_project/A2_Project/Computer_Vision/packages/install/yolov8_msgs/share/yolov8_msgs/msg/BoundingBox2D.msg
[7.022s] -- Up-to-date: /home/mtrn/A2_project/A2_Project/Computer_Vision/packages/install/yolov8_msgs/share/yolov8_msgs/msg/BoundingBox3D.msg
[7.022s] -- Up-to-date: /home/mtrn/A2_project/A2_Project/Computer_Vision/packages/install/yolov8_msgs/share/yolov8_msgs/msg/Mask.msg
[7.022s] -- Up-to-date: /home/mtrn/A2_project/A2_Project/Computer_Vision/packages/install/yolov8_msgs/share/yolov8_msgs/msg/KeyPoint2D.msg
[7.022s] -- Up-to-date: /home/mtrn/A2_project/A2_Project/Computer_Vision/packages/install/yolov8_msgs/share/yolov8_msgs/msg/KeyPoint2DArray.msg
[7.022s] -- Up-to-date: /home/mtrn/A2_project/A2_Project/Computer_Vision/packages/install/yolov8_msgs/share/yolov8_msgs/msg/KeyPoint3D.msg
[7.023s] -- Up-to-date: /home/mtrn/A2_project/A2_Project/Computer_Vision/packages/install/yolov8_msgs/share/yolov8_msgs/msg/KeyPoint3DArray.msg
[7.023s] -- Up-to-date: /home/mtrn/A2_project/A2_Project/Computer_Vision/packages/install/yolov8_msgs/share/yolov8_msgs/msg/Detection.msg
[7.023s] -- Up-to-date: /home/mtrn/A2_project/A2_Project/Computer_Vision/packages/install/yolov8_msgs/share/yolov8_msgs/msg/DetectionArray.msg
[7.023s] -- Up-to-date: /home/mtrn/A2_project/A2_Project/Computer_Vision/packages/install/yolov8_msgs/share/ament_index/resource_index/package_run_dependencies/yolov8_msgs
[7.023s] -- Up-to-date: /home/mtrn/A2_project/A2_Project/Computer_Vision/packages/install/yolov8_msgs/share/ament_index/resource_index/parent_prefix_path/yolov8_msgs
[7.023s] -- Up-to-date: /home/mtrn/A2_project/A2_Project/Computer_Vision/packages/install/yolov8_msgs/share/yolov8_msgs/environment/ament_prefix_path.sh
[7.023s] -- Up-to-date: /home/mtrn/A2_project/A2_Project/Computer_Vision/packages/install/yolov8_msgs/share/yolov8_msgs/environment/ament_prefix_path.dsv
[7.023s] -- Up-to-date: /home/mtrn/A2_project/A2_Project/Computer_Vision/packages/install/yolov8_msgs/share/yolov8_msgs/environment/path.sh
[7.023s] -- Up-to-date: /home/mtrn/A2_project/A2_Project/Computer_Vision/packages/install/yolov8_msgs/share/yolov8_msgs/environment/path.dsv
[7.023s] -- Up-to-date: /home/mtrn/A2_project/A2_Project/Computer_Vision/packages/install/yolov8_msgs/share/yolov8_msgs/local_setup.bash
[7.024s] -- Up-to-date: /home/mtrn/A2_project/A2_Project/Computer_Vision/packages/install/yolov8_msgs/share/yolov8_msgs/local_setup.sh
[7.024s] -- Up-to-date: /home/mtrn/A2_project/A2_Project/Computer_Vision/packages/install/yolov8_msgs/share/yolov8_msgs/local_setup.zsh
[7.024s] -- Up-to-date: /home/mtrn/A2_project/A2_Project/Computer_Vision/packages/install/yolov8_msgs/share/yolov8_msgs/local_setup.dsv
[7.024s] -- Installing: /home/mtrn/A2_project/A2_Project/Computer_Vision/packages/install/yolov8_msgs/share/yolov8_msgs/package.dsv
[7.024s] -- Up-to-date: /home/mtrn/A2_project/A2_Project/Computer_Vision/packages/install/yolov8_msgs/share/ament_index/resource_index/packages/yolov8_msgs
[7.025s] -- Up-to-date: /home/mtrn/A2_project/A2_Project/Computer_Vision/packages/install/yolov8_msgs/share/yolov8_msgs/cmake/export_yolov8_msgs__rosidl_generator_cExport.cmake
[7.025s] -- Up-to-date: /home/mtrn/A2_project/A2_Project/Computer_Vision/packages/install/yolov8_msgs/share/yolov8_msgs/cmake/export_yolov8_msgs__rosidl_generator_cExport-noconfig.cmake
[7.025s] -- Up-to-date: /home/mtrn/A2_project/A2_Project/Computer_Vision/packages/install/yolov8_msgs/share/yolov8_msgs/cmake/export_yolov8_msgs__rosidl_typesupport_fastrtps_cExport.cmake
[7.025s] -- Up-to-date: /home/mtrn/A2_project/A2_Project/Computer_Vision/packages/install/yolov8_msgs/share/yolov8_msgs/cmake/export_yolov8_msgs__rosidl_typesupport_fastrtps_cExport-noconfig.cmake
[7.025s] -- Up-to-date: /home/mtrn/A2_project/A2_Project/Computer_Vision/packages/install/yolov8_msgs/share/yolov8_msgs/cmake/yolov8_msgs__rosidl_typesupport_introspection_cExport.cmake
[7.025s] -- Up-to-date: /home/mtrn/A2_project/A2_Project/Computer_Vision/packages/install/yolov8_msgs/share/yolov8_msgs/cmake/yolov8_msgs__rosidl_typesupport_introspection_cExport-noconfig.cmake
[7.025s] -- Up-to-date: /home/mtrn/A2_project/A2_Project/Computer_Vision/packages/install/yolov8_msgs/share/yolov8_msgs/cmake/yolov8_msgs__rosidl_typesupport_cExport.cmake
[7.026s] -- Up-to-date: /home/mtrn/A2_project/A2_Project/Computer_Vision/packages/install/yolov8_msgs/share/yolov8_msgs/cmake/yolov8_msgs__rosidl_typesupport_cExport-noconfig.cmake
[7.026s] -- Up-to-date: /home/mtrn/A2_project/A2_Project/Computer_Vision/packages/install/yolov8_msgs/share/yolov8_msgs/cmake/export_yolov8_msgs__rosidl_generator_cppExport.cmake
[7.026s] -- Up-to-date: /home/mtrn/A2_project/A2_Project/Computer_Vision/packages/install/yolov8_msgs/share/yolov8_msgs/cmake/export_yolov8_msgs__rosidl_typesupport_fastrtps_cppExport.cmake
[7.026s] -- Up-to-date: /home/mtrn/A2_project/A2_Project/Computer_Vision/packages/install/yolov8_msgs/share/yolov8_msgs/cmake/export_yolov8_msgs__rosidl_typesupport_fastrtps_cppExport-noconfig.cmake
[7.026s] -- Up-to-date: /home/mtrn/A2_project/A2_Project/Computer_Vision/packages/install/yolov8_msgs/share/yolov8_msgs/cmake/yolov8_msgs__rosidl_typesupport_introspection_cppExport.cmake
[7.027s] -- Up-to-date: /home/mtrn/A2_project/A2_Project/Computer_Vision/packages/install/yolov8_msgs/share/yolov8_msgs/cmake/yolov8_msgs__rosidl_typesupport_introspection_cppExport-noconfig.cmake
[7.027s] -- Up-to-date: /home/mtrn/A2_project/A2_Project/Computer_Vision/packages/install/yolov8_msgs/share/yolov8_msgs/cmake/yolov8_msgs__rosidl_typesupport_cppExport.cmake
[7.027s] -- Up-to-date: /home/mtrn/A2_project/A2_Project/Computer_Vision/packages/install/yolov8_msgs/share/yolov8_msgs/cmake/yolov8_msgs__rosidl_typesupport_cppExport-noconfig.cmake
[7.027s] -- Up-to-date: /home/mtrn/A2_project/A2_Project/Computer_Vision/packages/install/yolov8_msgs/share/yolov8_msgs/cmake/export_yolov8_msgs__rosidl_generator_pyExport.cmake
[7.027s] -- Up-to-date: /home/mtrn/A2_project/A2_Project/Computer_Vision/packages/install/yolov8_msgs/share/yolov8_msgs/cmake/export_yolov8_msgs__rosidl_generator_pyExport-noconfig.cmake
[7.028s] -- Up-to-date: /home/mtrn/A2_project/A2_Project/Computer_Vision/packages/install/yolov8_msgs/share/yolov8_msgs/cmake/rosidl_cmake-extras.cmake
[7.028s] -- Up-to-date: /home/mtrn/A2_project/A2_Project/Computer_Vision/packages/install/yolov8_msgs/share/yolov8_msgs/cmake/ament_cmake_export_dependencies-extras.cmake
[7.028s] -- Up-to-date: /home/mtrn/A2_project/A2_Project/Computer_Vision/packages/install/yolov8_msgs/share/yolov8_msgs/cmake/ament_cmake_export_include_directories-extras.cmake
[7.028s] -- Up-to-date: /home/mtrn/A2_project/A2_Project/Computer_Vision/packages/install/yolov8_msgs/share/yolov8_msgs/cmake/ament_cmake_export_libraries-extras.cmake
[7.028s] -- Up-to-date: /home/mtrn/A2_project/A2_Project/Computer_Vision/packages/install/yolov8_msgs/share/yolov8_msgs/cmake/ament_cmake_export_targets-extras.cmake
[7.028s] -- Up-to-date: /home/mtrn/A2_project/A2_Project/Computer_Vision/packages/install/yolov8_msgs/share/yolov8_msgs/cmake/rosidl_cmake_export_typesupport_targets-extras.cmake
[7.028s] -- Up-to-date: /home/mtrn/A2_project/A2_Project/Computer_Vision/packages/install/yolov8_msgs/share/yolov8_msgs/cmake/rosidl_cmake_export_typesupport_libraries-extras.cmake
[7.029s] -- Up-to-date: /home/mtrn/A2_project/A2_Project/Computer_Vision/packages/install/yolov8_msgs/share/yolov8_msgs/cmake/yolov8_msgsConfig.cmake
[7.029s] -- Up-to-date: /home/mtrn/A2_project/A2_Project/Computer_Vision/packages/install/yolov8_msgs/share/yolov8_msgs/cmake/yolov8_msgsConfig-version.cmake
[7.029s] -- Up-to-date: /home/mtrn/A2_project/A2_Project/Computer_Vision/packages/install/yolov8_msgs/share/yolov8_msgs/package.xml
[7.048s] Invoked command in '/home/mtrn/A2_project/A2_Project/Computer_Vision/packages/build/yolov8_msgs' returned '0': CMAKE_PREFIX_PATH=${CMAKE_PREFIX_PATH}:/home/mtrn/A2_project/A2_Project/Computer_Vision/packages/install/yolov8_ros:/home/mtrn/A2_project/A2_Project/Computer_Vision/packages/install/image_warper:/home/mtrn/4231/ws_moveit2/install/moveit_configs_utils:/home/mtrn/4231/ws_moveit2/install/launch_param_builder:/opt/ros/humble /home/mtrn/.local/bin/cmake --install /home/mtrn/A2_project/A2_Project/Computer_Vision/packages/build/yolov8_msgs
