[0.052s] Invoking command in '/home/mtrn/A2_project/A2_Project/src/demo_moveit_ur/build/demo_moveit_ur': CMAKE_PREFIX_PATH=${CMAKE_PREFIX_PATH}:/home/mtrn/4231/ws_moveit2/install/moveit_configs_utils:/home/mtrn/4231/ws_moveit2/install/launch_param_builder:/opt/ros/humble /home/mtrn/.local/bin/cmake --build /home/mtrn/A2_project/A2_Project/src/demo_moveit_ur/build/demo_moveit_ur -- -j12 -l12
[0.308s] [ 50%] [32mBuilding CXX object CMakeFiles/moveit_trajectory.dir/src/moveit_trajectory.cpp.o[0m
[9.241s] [01m[K/home/mtrn/A2_project/A2_Project/src/demo_moveit_ur/src/moveit_trajectory.cpp:[m[K In member function ‘[01m[Kvoid moveit_trajectory::move_to_pose(geometry_msgs::msg::Pose)[m[K’:
[9.241s] [01m[K/home/mtrn/A2_project/A2_Project/src/demo_moveit_ur/src/moveit_trajectory.cpp:110:31:[m[K [01;31m[Kerror: [m[Kno matching function for call to ‘[01m[Kmoveit_visual_tools::MoveItVisualTools::publishSphere(geometry_msgs::msg::PoseStamped_<std::allocator<void> >&, rviz_visual_tools::Colors, double)[m[K’
[9.242s]   110 |   [01;31m[Kvisual_tools_->publishSphere(current_pose, rviz_visual_tools::BLUE, 0.05)[m[K;
[9.242s]       |   [01;31m[K~~~~~~~~~~~~~~~~~~~~~~~~~~~~^~~~~~~~~~~~~~~~~~~~~~~~~~~~~~~~~~~~~~~~~~~~~[m[K
[9.242s] In file included from [01m[K/home/mtrn/4231/ws_moveit2/install/moveit_visual_tools/include/moveit_visual_tools/moveit_visual_tools.h:38[m[K,
[9.242s]                  from [01m[K/home/mtrn/A2_project/A2_Project/src/demo_moveit_ur/include/moveit_trajectory.hpp:10[m[K,
[9.243s]                  from [01m[K/home/mtrn/A2_project/A2_Project/src/demo_moveit_ur/src/moveit_trajectory.cpp:6[m[K:
[9.243s] [01m[K/opt/ros/humble/include/rviz_visual_tools/rviz_visual_tools.hpp:580:8:[m[K [01;36m[Knote: [m[Kcandidate: ‘[01m[Kbool rviz_visual_tools::RvizVisualTools::publishSphere(const Isometry3d&, rviz_visual_tools::Colors, rviz_visual_tools::Scales, const string&, std::size_t)[m[K’
[9.244s]   580 |   bool [01;36m[KpublishSphere[m[K(const Eigen::Isometry3d& pose, Colors color = BLUE, Scales scale = MEDIUM,
[9.244s]       |        [01;36m[K^~~~~~~~~~~~~[m[K
[9.244s] [01m[K/opt/ros/humble/include/rviz_visual_tools/rviz_visual_tools.hpp:580:47:[m[K [01;36m[Knote: [m[K  no known conversion for argument 1 from ‘[01m[Kgeometry_msgs::msg::PoseStamped_<std::allocator<void> >[m[K’ to ‘[01m[Kconst Isometry3d&[m[K’ {aka ‘[01m[Kconst Eigen::Transform<double, 3, 1>&[m[K’}
[9.244s]   580 |   bool publishSphere([01;36m[Kconst Eigen::Isometry3d& pose[m[K, Colors color = BLUE, Scales scale = MEDIUM,
[9.244s]       |                      [01;36m[K~~~~~~~~~~~~~~~~~~~~~~~~~^~~~[m[K
[9.244s] [01m[K/opt/ros/humble/include/rviz_visual_tools/rviz_visual_tools.hpp:582:8:[m[K [01;36m[Knote: [m[Kcandidate: ‘[01m[Kbool rviz_visual_tools::RvizVisualTools::publishSphere(const Vector3d&, rviz_visual_tools::Colors, rviz_visual_tools::Scales, const string&, std::size_t)[m[K’
[9.245s]   582 |   bool [01;36m[KpublishSphere[m[K(const Eigen::Vector3d& point, Colors color = BLUE, Scales scale = MEDIUM,
[9.245s]       |        [01;36m[K^~~~~~~~~~~~~[m[K
[9.245s] [01m[K/opt/ros/humble/include/rviz_visual_tools/rviz_visual_tools.hpp:582:45:[m[K [01;36m[Knote: [m[K  no known conversion for argument 1 from ‘[01m[Kgeometry_msgs::msg::PoseStamped_<std::allocator<void> >[m[K’ to ‘[01m[Kconst Vector3d&[m[K’ {aka ‘[01m[Kconst Eigen::Matrix<double, 3, 1>&[m[K’}
[9.246s]   582 |   bool publishSphere([01;36m[Kconst Eigen::Vector3d& point[m[K, Colors color = BLUE, Scales scale = MEDIUM,
[9.246s]       |                      [01;36m[K~~~~~~~~~~~~~~~~~~~~~~~^~~~~[m[K
[9.246s] [01m[K/opt/ros/humble/include/rviz_visual_tools/rviz_visual_tools.hpp:584:8:[m[K [01;36m[Knote: [m[Kcandidate: ‘[01m[Kbool rviz_visual_tools::RvizVisualTools::publishSphere(const Vector3d&, rviz_visual_tools::Colors, double, const string&, std::size_t)[m[K’
[9.246s]   584 |   bool [01;36m[KpublishSphere[m[K(const Eigen::Vector3d& point, Colors color, double scale,
[9.247s]       |        [01;36m[K^~~~~~~~~~~~~[m[K
[9.247s] [01m[K/opt/ros/humble/include/rviz_visual_tools/rviz_visual_tools.hpp:584:45:[m[K [01;36m[Knote: [m[K  no known conversion for argument 1 from ‘[01m[Kgeometry_msgs::msg::PoseStamped_<std::allocator<void> >[m[K’ to ‘[01m[Kconst Vector3d&[m[K’ {aka ‘[01m[Kconst Eigen::Matrix<double, 3, 1>&[m[K’}
[9.247s]   584 |   bool publishSphere([01;36m[Kconst Eigen::Vector3d& point[m[K, Colors color, double scale,
[9.247s]       |                      [01;36m[K~~~~~~~~~~~~~~~~~~~~~~~^~~~~[m[K
[9.248s] [01m[K/opt/ros/humble/include/rviz_visual_tools/rviz_visual_tools.hpp:586:8:[m[K [01;36m[Knote: [m[Kcandidate: ‘[01m[Kbool rviz_visual_tools::RvizVisualTools::publishSphere(const Point&, rviz_visual_tools::Colors, rviz_visual_tools::Scales, const string&, std::size_t)[m[K’
[9.248s]   586 |   bool [01;36m[KpublishSphere[m[K(const geometry_msgs::msg::Point& point, Colors color = BLUE,
[9.248s]       |        [01;36m[K^~~~~~~~~~~~~[m[K
[9.248s] [01m[K/opt/ros/humble/include/rviz_visual_tools/rviz_visual_tools.hpp:586:55:[m[K [01;36m[Knote: [m[K  no known conversion for argument 1 from ‘[01m[Kgeometry_msgs::msg::PoseStamped_<std::allocator<void> >[m[K’ to ‘[01m[Kconst Point&[m[K’ {aka ‘[01m[Kconst geometry_msgs::msg::Point_<std::allocator<void> >&[m[K’}
[9.248s]   586 |   bool publishSphere([01;36m[Kconst geometry_msgs::msg::Point& point[m[K, Colors color = BLUE,
[9.249s]       |                      [01;36m[K~~~~~~~~~~~~~~~~~~~~~~~~~~~~~~~~~^~~~~[m[K
[9.249s] [01m[K/opt/ros/humble/include/rviz_visual_tools/rviz_visual_tools.hpp:588:8:[m[K [01;36m[Knote: [m[Kcandidate: ‘[01m[Kbool rviz_visual_tools::RvizVisualTools::publishSphere(const Pose&, rviz_visual_tools::Colors, rviz_visual_tools::Scales, const string&, std::size_t)[m[K’
[9.249s]   588 |   bool [01;36m[KpublishSphere[m[K(const geometry_msgs::msg::Pose& pose, Colors color = BLUE,
[9.249s]       |        [01;36m[K^~~~~~~~~~~~~[m[K
[9.249s] [01m[K/opt/ros/humble/include/rviz_visual_tools/rviz_visual_tools.hpp:588:54:[m[K [01;36m[Knote: [m[K  no known conversion for argument 1 from ‘[01m[Kgeometry_msgs::msg::PoseStamped_<std::allocator<void> >[m[K’ to ‘[01m[Kconst Pose&[m[K’ {aka ‘[01m[Kconst geometry_msgs::msg::Pose_<std::allocator<void> >&[m[K’}
[9.250s]   588 |   bool publishSphere([01;36m[Kconst geometry_msgs::msg::Pose& pose[m[K, Colors color = BLUE,
[9.250s]       |                      [01;36m[K~~~~~~~~~~~~~~~~~~~~~~~~~~~~~~~~^~~~[m[K
[9.250s] [01m[K/opt/ros/humble/include/rviz_visual_tools/rviz_visual_tools.hpp:590:8:[m[K [01;36m[Knote: [m[Kcandidate: ‘[01m[Kbool rviz_visual_tools::RvizVisualTools::publishSphere(const Pose&, rviz_visual_tools::Colors, double, const string&, std::size_t)[m[K’
[9.250s]   590 |   bool [01;36m[KpublishSphere[m[K(const geometry_msgs::msg::Pose& pose, Colors color, double scale,
[9.250s]       |        [01;36m[K^~~~~~~~~~~~~[m[K
[9.250s] [01m[K/opt/ros/humble/include/rviz_visual_tools/rviz_visual_tools.hpp:590:54:[m[K [01;36m[Knote: [m[K  no known conversion for argument 1 from ‘[01m[Kgeometry_msgs::msg::PoseStamped_<std::allocator<void> >[m[K’ to ‘[01m[Kconst Pose&[m[K’ {aka ‘[01m[Kconst geometry_msgs::msg::Pose_<std::allocator<void> >&[m[K’}
[9.250s]   590 |   bool publishSphere([01;36m[Kconst geometry_msgs::msg::Pose& pose[m[K, Colors color, double scale,
[9.251s]       |                      [01;36m[K~~~~~~~~~~~~~~~~~~~~~~~~~~~~~~~~^~~~[m[K
[9.251s] [01m[K/opt/ros/humble/include/rviz_visual_tools/rviz_visual_tools.hpp:592:8:[m[K [01;36m[Knote: [m[Kcandidate: ‘[01m[Kbool rviz_visual_tools::RvizVisualTools::publishSphere(const Pose&, rviz_visual_tools::Colors, geometry_msgs::msg::Vector3, const string&, std::size_t)[m[K’
[9.251s]   592 |   bool [01;36m[KpublishSphere[m[K(const geometry_msgs::msg::Pose& pose, Colors color,
[9.251s]       |        [01;36m[K^~~~~~~~~~~~~[m[K
[9.251s] [01m[K/opt/ros/humble/include/rviz_visual_tools/rviz_visual_tools.hpp:592:54:[m[K [01;36m[Knote: [m[K  no known conversion for argument 1 from ‘[01m[Kgeometry_msgs::msg::PoseStamped_<std::allocator<void> >[m[K’ to ‘[01m[Kconst Pose&[m[K’ {aka ‘[01m[Kconst geometry_msgs::msg::Pose_<std::allocator<void> >&[m[K’}
[9.251s]   592 |   bool publishSphere([01;36m[Kconst geometry_msgs::msg::Pose& pose[m[K, Colors color,
[9.252s]       |                      [01;36m[K~~~~~~~~~~~~~~~~~~~~~~~~~~~~~~~~^~~~[m[K
[9.252s] [01m[K/opt/ros/humble/include/rviz_visual_tools/rviz_visual_tools.hpp:595:8:[m[K [01;36m[Knote: [m[Kcandidate: ‘[01m[Kbool rviz_visual_tools::RvizVisualTools::publishSphere(const Pose&, const ColorRGBA&, geometry_msgs::msg::Vector3, const string&, std::size_t)[m[K’
[9.252s]   595 |   bool [01;36m[KpublishSphere[m[K(const geometry_msgs::msg::Pose& pose, const std_msgs::msg::ColorRGBA& color,
[9.252s]       |        [01;36m[K^~~~~~~~~~~~~[m[K
[9.252s] [01m[K/opt/ros/humble/include/rviz_visual_tools/rviz_visual_tools.hpp:595:54:[m[K [01;36m[Knote: [m[K  no known conversion for argument 1 from ‘[01m[Kgeometry_msgs::msg::PoseStamped_<std::allocator<void> >[m[K’ to ‘[01m[Kconst Pose&[m[K’ {aka ‘[01m[Kconst geometry_msgs::msg::Pose_<std::allocator<void> >&[m[K’}
[9.252s]   595 |   bool publishSphere([01;36m[Kconst geometry_msgs::msg::Pose& pose[m[K, const std_msgs::msg::ColorRGBA& color,
[9.253s]       |                      [01;36m[K~~~~~~~~~~~~~~~~~~~~~~~~~~~~~~~~^~~~[m[K
[9.253s] [01m[K/opt/ros/humble/include/rviz_visual_tools/rviz_visual_tools.hpp:598:8:[m[K [01;36m[Knote: [m[Kcandidate: ‘[01m[Kbool rviz_visual_tools::RvizVisualTools::publishSphere(const Isometry3d&, const ColorRGBA&, geometry_msgs::msg::Vector3, const string&, std::size_t)[m[K’
[9.253s]   598 |   bool [01;36m[KpublishSphere[m[K(const Eigen::Isometry3d& pose, const std_msgs::msg::ColorRGBA& color,
[9.253s]       |        [01;36m[K^~~~~~~~~~~~~[m[K
[9.253s] [01m[K/opt/ros/humble/include/rviz_visual_tools/rviz_visual_tools.hpp:598:47:[m[K [01;36m[Knote: [m[K  no known conversion for argument 1 from ‘[01m[Kgeometry_msgs::msg::PoseStamped_<std::allocator<void> >[m[K’ to ‘[01m[Kconst Isometry3d&[m[K’ {aka ‘[01m[Kconst Eigen::Transform<double, 3, 1>&[m[K’}
[9.254s]   598 |   bool publishSphere([01;36m[Kconst Eigen::Isometry3d& pose[m[K, const std_msgs::msg::ColorRGBA& color,
[9.254s]       |                      [01;36m[K~~~~~~~~~~~~~~~~~~~~~~~~~^~~~[m[K
[9.254s] [01m[K/opt/ros/humble/include/rviz_visual_tools/rviz_visual_tools.hpp:601:8:[m[K [01;36m[Knote: [m[Kcandidate: ‘[01m[Kbool rviz_visual_tools::RvizVisualTools::publishSphere(const Vector3d&, const ColorRGBA&, geometry_msgs::msg::Vector3, const string&, std::size_t)[m[K’
[9.254s]   601 |   bool [01;36m[KpublishSphere[m[K(const Eigen::Vector3d& point, const std_msgs::msg::ColorRGBA& color,
[9.254s]       |        [01;36m[K^~~~~~~~~~~~~[m[K
[9.254s] [01m[K/opt/ros/humble/include/rviz_visual_tools/rviz_visual_tools.hpp:601:45:[m[K [01;36m[Knote: [m[K  no known conversion for argument 1 from ‘[01m[Kgeometry_msgs::msg::PoseStamped_<std::allocator<void> >[m[K’ to ‘[01m[Kconst Vector3d&[m[K’ {aka ‘[01m[Kconst Eigen::Matrix<double, 3, 1>&[m[K’}
[9.254s]   601 |   bool publishSphere([01;36m[Kconst Eigen::Vector3d& point[m[K, const std_msgs::msg::ColorRGBA& color,
[9.255s]       |                      [01;36m[K~~~~~~~~~~~~~~~~~~~~~~~^~~~~[m[K
[9.255s] [01m[K/opt/ros/humble/include/rviz_visual_tools/rviz_visual_tools.hpp:604:8:[m[K [01;36m[Knote: [m[Kcandidate: ‘[01m[Kbool rviz_visual_tools::RvizVisualTools::publishSphere(const PoseStamped&, rviz_visual_tools::Colors, geometry_msgs::msg::Vector3, const string&, std::size_t)[m[K’
[9.255s]   604 |   bool [01;36m[KpublishSphere[m[K(const geometry_msgs::msg::PoseStamped& pose, Colors color,
[9.255s]       |        [01;36m[K^~~~~~~~~~~~~[m[K
[9.255s] [01m[K/opt/ros/humble/include/rviz_visual_tools/rviz_visual_tools.hpp:605:56:[m[K [01;36m[Knote: [m[K  no known conversion for argument 3 from ‘[01m[Kdouble[m[K’ to ‘[01m[Kgeometry_msgs::msg::Vector3[m[K’ {aka ‘[01m[Kgeometry_msgs::msg::Vector3_<std::allocator<void> >[m[K’}
[9.255s]   605 |                      [01;36m[Kconst geometry_msgs::msg::Vector3 scale[m[K, const std::string& ns = "Sphere",
[9.256s]       |                      [01;36m[K~~~~~~~~~~~~~~~~~~~~~~~~~~~~~~~~~~^~~~~[m[K
[9.256s] [01m[K/home/mtrn/A2_project/A2_Project/src/demo_moveit_ur/src/moveit_trajectory.cpp:[m[K In member function ‘[01m[Kvoid moveit_trajectory::set_orientation(geometry_msgs::msg::Quaternion)[m[K’:
[9.256s] [01m[K/home/mtrn/A2_project/A2_Project/src/demo_moveit_ur/src/moveit_trajectory.cpp:213:37:[m[K [01;31m[Kerror: [m[K‘[01m[Kstruct geometry_msgs::msg::PoseStamped_<std::allocator<void> >[m[K’ has no member named ‘[01m[Kposition[m[K’
[9.256s]   213 |   std::cout<<"Pose: "<<current_pose.[01;31m[Kposition[m[K.x<<'\t'<<current_pose.position.y<<'\t'<<current_pose.position.z<<'\t'<<std::endl;
[9.256s]       |                                     [01;31m[K^~~~~~~~[m[K
[9.256s] [01m[K/home/mtrn/A2_project/A2_Project/src/demo_moveit_ur/src/moveit_trajectory.cpp:213:68:[m[K [01;31m[Kerror: [m[K‘[01m[Kstruct geometry_msgs::msg::PoseStamped_<std::allocator<void> >[m[K’ has no member named ‘[01m[Kposition[m[K’
[9.257s]   213 |   std::cout<<"Pose: "<<current_pose.position.x<<'\t'<<current_pose.[01;31m[Kposition[m[K.y<<'\t'<<current_pose.position.z<<'\t'<<std::endl;
[9.257s]       |                                                                    [01;31m[K^~~~~~~~[m[K
[9.257s] [01m[K/home/mtrn/A2_project/A2_Project/src/demo_moveit_ur/src/moveit_trajectory.cpp:213:99:[m[K [01;31m[Kerror: [m[K‘[01m[Kstruct geometry_msgs::msg::PoseStamped_<std::allocator<void> >[m[K’ has no member named ‘[01m[Kposition[m[K’
[9.257s]   213 |   std::cout<<"Pose: "<<current_pose.position.x<<'\t'<<current_pose.position.y<<'\t'<<current_pose.[01;31m[Kposition[m[K.z<<'\t'<<std::endl;
[9.257s]       |                                                                                                   [01;31m[K^~~~~~~~[m[K
[9.257s] [01m[K/home/mtrn/A2_project/A2_Project/src/demo_moveit_ur/src/moveit_trajectory.cpp:216:39:[m[K [01;31m[Kerror: [m[K‘[01m[Kstruct geometry_msgs::msg::PoseStamped_<std::allocator<void> >[m[K’ has no member named ‘[01m[Kposition[m[K’
[9.257s]   216 |   target_pose.position = current_pose.[01;31m[Kposition[m[K;
[9.258s]       |                                       [01;31m[K^~~~~~~~[m[K
[9.258s] [01m[K/home/mtrn/A2_project/A2_Project/src/demo_moveit_ur/src/moveit_trajectory.cpp:[m[K In member function ‘[01m[Kvoid moveit_trajectory::move_callback(geometry_msgs::msg::Pose_<std::allocator<void> >::SharedPtr)[m[K’:
[9.258s] [01m[K/home/mtrn/A2_project/A2_Project/src/demo_moveit_ur/src/moveit_trajectory.cpp:271:81:[m[K [01;35m[Kwarning: [m[Kunused parameter ‘[01m[Kpose[m[K’ [[01;35m[K]8;;https://gcc.gnu.org/onlinedocs/gcc/Warning-Options.html#index-Wunused-parameter-Wunused-parameter]8;;[m[K]
[9.258s]   271 | void moveit_trajectory::move_callback([01;35m[Kconst geometry_msgs::msg::Pose::SharedPtr pose[m[K)
[9.258s]       |                                       [01;35m[K~~~~~~~~~~~~~~~~~~~~~~~~~~~~~~~~~~~~~~~~~~^~~~[m[K
[13.485s] gmake[2]: *** [CMakeFiles/moveit_trajectory.dir/build.make:76: CMakeFiles/moveit_trajectory.dir/src/moveit_trajectory.cpp.o] Error 1
[13.486s] gmake[1]: *** [CMakeFiles/Makefile2:137: CMakeFiles/moveit_trajectory.dir/all] Error 2
[13.487s] gmake: *** [Makefile:146: all] Error 2
[13.498s] Invoked command in '/home/mtrn/A2_project/A2_Project/src/demo_moveit_ur/build/demo_moveit_ur' returned '2': CMAKE_PREFIX_PATH=${CMAKE_PREFIX_PATH}:/home/mtrn/4231/ws_moveit2/install/moveit_configs_utils:/home/mtrn/4231/ws_moveit2/install/launch_param_builder:/opt/ros/humble /home/mtrn/.local/bin/cmake --build /home/mtrn/A2_project/A2_Project/src/demo_moveit_ur/build/demo_moveit_ur -- -j12 -l12
