[35m[1mConsolidate compiler generated dependencies of target subscriber_node[0m
[ 50%] [32mBuilding CXX object CMakeFiles/subscriber_node.dir/src/subscriber_node.cpp.o[0m
[01m[K/home/mtrn/4231/A2_Project/Computer_Vision/packages/src/pizza_pos/src/subscriber_node.cpp:[m[K In member function ‘[01m[Kvoid DetectionSubscriber::image_callback(sensor_msgs::msg::Image_<std::allocator<void> >::SharedPtr)[m[K’:
[01m[K/home/mtrn/4231/A2_Project/Computer_Vision/packages/src/pizza_pos/src/subscriber_node.cpp:48:27:[m[K [01;31m[Kerror: [m[Kambiguous overload for ‘[01m[Koperator/=[m[K’ (operand types are ‘[01m[Kcv::Point2f[m[K’ {aka ‘[01m[Kcv::Point_<float>[m[K’} and ‘[01m[Kstd::vector<yolov8_msgs::msg::Point2D_<std::allocator<void> >, std::allocator<yolov8_msgs::msg::Point2D_<std::allocator<void> > > >::size_type[m[K’ {aka ‘[01m[Klong unsigned int[m[K’})
   48 |             [01;31m[Kmask_centroid /= detection.mask.data.size()[m[K;
      |             [01;31m[K~~~~~~~~~~~~~~^~~~~~~~~~~~~~~~~~~~~~~~~~~~~[m[K
In file included from [01m[K/usr/include/opencv4/opencv2/core.hpp:57[m[K,
                 from [01m[K/usr/include/opencv4/opencv2/core/core.hpp:48[m[K,
                 from [01m[K/opt/ros/humble/include/cv_bridge/cv_bridge/cv_bridge.h:43[m[K,
                 from [01m[K/home/mtrn/4231/A2_Project/Computer_Vision/packages/src/pizza_pos/src/subscriber_node.cpp:4[m[K:
[01m[K/usr/include/opencv4/opencv2/core/types.hpp:1291:14:[m[K [01;36m[Knote: [m[Kcandidate: ‘[01m[Kcv::Point_<_Tp>& cv::operator/=(cv::Point_<_Tp>&, int) [with _Tp = float][m[K’
 1291 | Point_<_Tp>& [01;36m[Koperator[m[K /= (Point_<_Tp>& a, int b)
      |              [01;36m[K^~~~~~~~[m[K
[01m[K/usr/include/opencv4/opencv2/core/types.hpp:1299:14:[m[K [01;36m[Knote: [m[Kcandidate: ‘[01m[Kcv::Point_<_Tp>& cv::operator/=(cv::Point_<_Tp>&, float) [with _Tp = float][m[K’
 1299 | Point_<_Tp>& [01;36m[Koperator[m[K /= (Point_<_Tp>& a, float b)
      |              [01;36m[K^~~~~~~~[m[K
[01m[K/usr/include/opencv4/opencv2/core/types.hpp:1307:14:[m[K [01;36m[Knote: [m[Kcandidate: ‘[01m[Kcv::Point_<_Tp>& cv::operator/=(cv::Point_<_Tp>&, double) [with _Tp = float][m[K’
 1307 | Point_<_Tp>& [01;36m[Koperator[m[K /= (Point_<_Tp>& a, double b)
      |              [01;36m[K^~~~~~~~[m[K
In file included from [01m[K/opt/ros/humble/include/rclcpp/rclcpp/logging.hpp:24[m[K,
                 from [01m[K/opt/ros/humble/include/rclcpp/rclcpp/client.hpp:40[m[K,
                 from [01m[K/opt/ros/humble/include/rclcpp/rclcpp/callback_group.hpp:24[m[K,
                 from [01m[K/opt/ros/humble/include/rclcpp/rclcpp/any_executable.hpp:20[m[K,
                 from [01m[K/opt/ros/humble/include/rclcpp/rclcpp/memory_strategy.hpp:25[m[K,
                 from [01m[K/opt/ros/humble/include/rclcpp/rclcpp/memory_strategies.hpp:18[m[K,
                 from [01m[K/opt/ros/humble/include/rclcpp/rclcpp/executor_options.hpp:20[m[K,
                 from [01m[K/opt/ros/humble/include/rclcpp/rclcpp/executor.hpp:37[m[K,
                 from [01m[K/opt/ros/humble/include/rclcpp/rclcpp/executors/multi_threaded_executor.hpp:25[m[K,
                 from [01m[K/opt/ros/humble/include/rclcpp/rclcpp/executors.hpp:21[m[K,
                 from [01m[K/opt/ros/humble/include/rclcpp/rclcpp/rclcpp.hpp:155[m[K,
                 from [01m[K/home/mtrn/4231/A2_Project/Computer_Vision/packages/src/pizza_pos/src/subscriber_node.cpp:1[m[K:
[01m[K/home/mtrn/4231/A2_Project/Computer_Vision/packages/src/pizza_pos/src/subscriber_node.cpp:50:86:[m[K [01;31m[Kerror: [m[K‘[01m[Kcv::Point2f[m[K’ {aka ‘[01m[Kclass cv::Point_<float>[m[K’} has no member named ‘[01m[Kfirst[m[K’
   50 |             RCLCPP_INFO(this->get_logger(), "Mask Centroid: (%f, %f)", mask_centroid.[01;31m[Kfirst[m[K, mask_centroid.second);
      |                                                                                      [01;31m[K^~~~~[m[K
[01m[K/home/mtrn/4231/A2_Project/Computer_Vision/packages/src/pizza_pos/src/subscriber_node.cpp:50:107:[m[K [01;31m[Kerror: [m[K‘[01m[Kcv::Point2f[m[K’ {aka ‘[01m[Kclass cv::Point_<float>[m[K’} has no member named ‘[01m[Ksecond[m[K’
   50 |             RCLCPP_INFO(this->get_logger(), "Mask Centroid: (%f, %f)", mask_centroid.first, mask_centroid.[01;31m[Ksecond[m[K);
      |                                                                                                           [01;31m[K^~~~~~[m[K
gmake[2]: *** [CMakeFiles/subscriber_node.dir/build.make:76: CMakeFiles/subscriber_node.dir/src/subscriber_node.cpp.o] Error 1
gmake[1]: *** [CMakeFiles/Makefile2:137: CMakeFiles/subscriber_node.dir/all] Error 2
gmake: *** [Makefile:146: all] Error 2
